[17:08:34 DBG] HttpClient.Send: PUT https://dev-fusion-iam.caa.group.gca/api/Job/JobInstance/Progression/673?api-version=3.0&jobGroupId=37001&current=0&totalTask=0&state=InProgress&resourceId=-1&cancelRequest=False&retry=False
[17:08:34 VRB] Refreshed token: token expiration date=01/26/2025 17:05:33
[17:08:34 VRB] HandleQuery SelectConsolidateJobQuery
[17:08:34 DBG] HttpClient.Send: GET https://dev-fusion-iam.caa.group.gca/api/Job/Job/RunStateMachineJob?api-version=4.0&path=/Jobs/Job/Query&jobIdentifier=37001&repair=False&beginJobStep=-1&endJobStep=-1&forceSynchronizationProvisioning=False&retry=False&launchTaskType=0&taskIdentifier=&taskIdentifierContains=&beginTaskExcluded=&endTaskExcluded=&jobInstanceId=673&jobId=37001
[17:08:35 VRB] HandleCommand ReserveTaskInstanceIdCommand
[17:08:35 VRB] Reserve 1 next TaskInstanceId
[17:08:35 DBG] HttpClient.Send: PUT https://dev-fusion-iam.caa.group.gca/api/Job/TaskInstance/GetTaskInstanceId/1?api-version=1.0
[17:08:35 VRB] Check the JobInstance state for JobInstance 673.
[17:08:35 VRB] HandleQuery SelectJobInstanceByIdQuery
[17:08:35 DBG] HttpClient.Send: GET https://dev-fusion-iam.caa.group.gca/api/Job/JobInstance/673?api-version=2.0&squery=select%20State&path=/Jobs/JobInstance/Query&QueryRootEntityType=JobInstance
[17:08:35 INF] ComputeCorrelationKeysTask: Administration_ComputeCorrelationKeys_CAA (Level: 0, LaunchOrder: 0)
    All Entities: True

[17:08:35 VRB] Check the instance state for Task Administration_ComputeCorrelationKeys_CAA
[17:08:35 VRB] HandleCommand TaskInstanceProgressCommand
[17:08:35 DBG] HttpClient.Send: PUT https://dev-fusion-iam.caa.group.gca/api/Job/TaskInstance/Progress?api-version=2.0
[17:08:35 INF] Launch task: ComputeCorrelationKeysTask: Administration_ComputeCorrelationKeys_CAA, Task 1/1
[17:08:35 VRB] HandleCommand RunTaskCommand
[17:08:35 DBG] HttpClient.Send: POST https://dev-fusion-iam.caa.group.gca/api/Job/Task/RunTask/60001?api-version=4.0&jobInstanceId=673&jobLogLevel=Trace
[17:09:03 VRB] HandleQuery SelectTaskInstanceInvokeJobQuery
[17:09:03 DBG] HttpClient.Send: GET https://dev-fusion-iam.caa.group.gca/api/Job/TaskInstance/GetTaskInstanceInvokeJob/3363?api-version=2.0&jobInstanceId=673&taskId=60001&jobId=37001
[17:09:03 INF] Task: Administration_ComputeCorrelationKeys_CAA Completed with state Completed
[17:09:03 DBG] HttpClient.Send: PUT https://dev-fusion-iam.caa.group.gca/api/Job/JobInstance/Progression/673?api-version=3.0&jobGroupId=37001&current=1&totalTask=1&state=InProgress&resourceId=-1&cancelRequest=False&retry=False
[17:09:03 DBG] HttpClient.Send: PUT https://dev-fusion-iam.caa.group.gca/api/Job/JobInstance/Progression/673?api-version=3.0&jobGroupId=37001&current=1&totalTask=1&state=Completed&resourceId=-1&cancelRequest=False&retry=False
