[14:23:51 VRB] Getting the previously tracked accounts from '../Work\PasswordReset\tracked-accounts-ADPacificaExportFulfillment.csv'...
[14:23:51 VRB] 0 tracked accounts found
[14:23:51 VRB] HandleQuery SelectProvisionerResourceTypeMappingByQueryQuery
[14:23:51 DBG] HttpClient.Send: GET https://dev-fusion-iam.caa.group.gca/api/Connectors/Mapping/ResourceTypeMapping/ProvisionerResourceTypeMapping?api-version=2.0&Path=%2FConnectors%2FResourceTypeMapping%2FQuery&resourcetypes=2
[14:23:51 VRB] Refreshed token: token expiration date=02/07/2025 14:20:50
[14:23:52 VRB] HandleCommand FulfillLdapCommand
[14:23:52 INF] Fulfill-Ldap started ResourceTypes=2 TaskInstanceId=5878
[14:23:52 DBG] HttpClient.Send: PUT https://dev-fusion-iam.caa.group.gca/api/Job/TaskInstance/Progression/5878?api-version=1.0
[14:23:52 DBG] Fetching provisioning orders api/ResourceTypeProvisioner/ResourceTypeProvisioningData?api-version=2.0&ResourceTypes=2
[14:23:52 DBG] HttpClient.Send: GET https://dev-fusion-iam.caa.group.gca/api/ResourceTypeProvisioner/ResourceTypeProvisioningData?api-version=2.0&ResourceTypes=2
[14:23:52 DBG] Fetching provisioning orders api/ResourceTypeProvisioner/ResourceTypeProvisioningData?api-version=2.0&ResourceTypes=2
[14:23:52 DBG] HttpClient.Send: GET https://dev-fusion-iam.caa.group.gca/api/ResourceTypeProvisioner/ResourceTypeProvisioningData?api-version=2.0&ResourceTypes=2
[14:23:52 VRB] DeleteRequest
[14:23:52 ERR] DirectoryOperationException 00000005: SecErr: DSID-03152C8C, problem 4003 (INSUFF_ACCESS_RIGHTS), data 0
 DeleteRequest
System.DirectoryServices.Protocols.DirectoryOperationException: The user has insufficient access rights. 00000005: SecErr: DSID-03152C8C, problem 4003 (INSUFF_ACCESS_RIGHTS), data 0

   at System.DirectoryServices.Protocols.LdapConnection.ConstructResponseAsync(Int32 messageId, LdapOperation operation, ResultAll resultType, TimeSpan requestTimeOut, Boolean exceptionOnTimeOut, Boolean sync)
   at System.DirectoryServices.Protocols.LdapConnection.SendRequest(DirectoryRequest request, TimeSpan requestTimeout)
   at System.DirectoryServices.Protocols.LdapConnection.SendRequest(DirectoryRequest request)
   at Usercube.Fulfill.Ldap.Impl.ResourceProvisioningActor.TrySendRequest(LdapConnection connection, DirectoryRequest request, AssignedResourceTypeRef assignedResourceTypeId, EntityTypeRef ownerType, ResourceRef ownerId, ProvisioningResult& result)
[14:23:52 DBG] HttpClient.Send: PUT https://dev-fusion-iam.caa.group.gca/api/Connectors/Provisioning/ProvisioningResults?api-version=1.0
[14:23:52 DBG] Saved tracked password reset accounts
[14:23:52 INF] Fulfillment process completed. Executed orders: 1/1 - Inserted: 0 | Updated: 0 | Deleted: 1 | Errors: 1
[14:23:52 DBG] HttpClient.Send: PUT https://dev-fusion-iam.caa.group.gca/api/Job/TaskInstance/Progression/5878?api-version=1.0
[14:23:52 INF] Fulfill-Ldap completed TaskInstanceId=5878
