[14:06:28 DBG] HttpClient.Send: PUT https://dev-fusion-iam.caa.group.gca/api/Job/JobInstance/Progression/841?api-version=3.0&jobGroupId=40002&current=0&totalTask=0&state=InProgress&resourceId=-1&cancelRequest=False&retry=False
[14:06:29 VRB] Refreshed token: token expiration date=01/30/2025 14:03:29
[14:06:29 VRB] HandleQuery SelectConsolidateJobQuery
[14:06:29 DBG] HttpClient.Send: GET https://dev-fusion-iam.caa.group.gca/api/Job/Job/RunStateMachineJob?api-version=4.0&path=/Jobs/Job/Query&jobIdentifier=40002&repair=False&beginJobStep=-1&endJobStep=-1&forceSynchronizationProvisioning=False&retry=False&launchTaskType=0&taskIdentifier=&taskIdentifierContains=&beginTaskExcluded=&endTaskExcluded=&jobInstanceId=841&jobId=40002
[14:06:29 VRB] HandleCommand ReserveTaskInstanceIdCommand
[14:06:29 VRB] Reserve 13 next TaskInstanceId
[14:06:29 DBG] HttpClient.Send: PUT https://dev-fusion-iam.caa.group.gca/api/Job/TaskInstance/GetTaskInstanceId/13?api-version=1.0
[14:06:29 VRB] Check the JobInstance state for JobInstance 841.
[14:06:29 VRB] HandleQuery SelectJobInstanceByIdQuery
[14:06:29 DBG] HttpClient.Send: GET https://dev-fusion-iam.caa.group.gca/api/Job/JobInstance/841?api-version=2.0&squery=select%20State&path=/Jobs/JobInstance/Query&QueryRootEntityType=JobInstance
[14:06:29 INF] ExportTask: AHMA_LDAP_Synchronize_Complete_Scaffolding_Export_AHMA_LDAP_Complete_AhmaLDAPExportFulfillment (Level: 0, LaunchOrder: 0)
    Connector: AHMA_LDAP
    Mode: Complete
    ConnectionIdentifier: AhmaLDAPExportFulfillment
    ExportType: ExportLdap
    ContinueOnError:  True

[14:06:29 VRB] Check the instance state for Task AHMA_LDAP_Synchronize_Complete_Scaffolding_Export_AHMA_LDAP_Complete_AhmaLDAPExportFulfillment
[14:06:29 VRB] HandleCommand TaskInstanceProgressCommand
[14:06:29 DBG] HttpClient.Send: PUT https://dev-fusion-iam.caa.group.gca/api/Job/TaskInstance/Progress?api-version=2.0
[14:06:29 INF] Launch task: ExportTask: AHMA_LDAP_Synchronize_Complete_Scaffolding_Export_AHMA_LDAP_Complete_AhmaLDAPExportFulfillment, Task 1/13
[14:06:29 VRB] HandleCommand RunTaskCommand
[14:06:29 INF] Launch ExportTask : AHMA_LDAP_Synchronize_Complete_Scaffolding_Export_AHMA_LDAP_Complete_AhmaLDAPExportFulfillment
[14:06:29 DBG] Start Process dotnet Usercube-Export-Ldap.dll --progress-task-instance-id 4793 --api-url "https://dev-fusion-iam.caa.group.gca/" --api-client-id "Job" --log-level 0 --output-path "../Temp\ExportOutput" --connection-identifier "AhmaLDAPExportFulfillment" --server "10.108.202.54:389" --auth-type "Basic" --enable-ssl "False" --no-signing "False" --controls "PagedResult" --tables "entries" "member" "manager" --sync-dn "DC=AHMA,DC=HAB,DC=CAAS" "DC=AHMA,DC=HAB,DC=CAAS" "DC=AHMA,DC=HAB,DC=CAAS" --sync-filter "(objectclass=*)" "(&(member=*)(objectclass=*))" "(&(manager=*)(objectclass=*))" --sync-scope "Subtree" "Subtree" "Subtree" --timeout 30 --sizeLimit 5000 --timeLimit 5 --stdin null
[14:06:30 INF] Start process=True PID=8592 dotnet Usercube-Export-Ldap.dll --progress-task-instance-id 4793 --api-url "https://dev-fusion-iam.caa.group.gca/" --api-client-id "Job" --log-level 0 --output-path "../Temp\ExportOutput" --connection-identifier "AhmaLDAPExportFulfillment" --server "10.108.202.54:389" --auth-type "Basic" --enable-ssl "False" --no-signing "False" --controls "PagedResult" --tables "entries" "member" "manager" --sync-dn "DC=AHMA,DC=HAB,DC=CAAS" "DC=AHMA,DC=HAB,DC=CAAS" "DC=AHMA,DC=HAB,DC=CAAS" --sync-filter "(objectclass=*)" "(&(member=*)(objectclass=*))" "(&(manager=*)(objectclass=*))" --sync-scope "Subtree" "Subtree" "Subtree" --timeout 30 --sizeLimit 5000 --timeLimit 5 --stdin
[14:06:31 DBG] HttpClient.Send: GET https://dev-fusion-iam.caa.group.gca/api/Job/TaskInstance/4793?api-version=1.0&squery=join%20Task%20t%20select%20t.ContinueOnError%2C%20State&path=/Jobs/TaskInstance/Query&QueryRootEntityType=TaskInstance
[14:06:31 VRB] HandleQuery SelectTaskInstanceInvokeJobQuery
[14:06:31 DBG] HttpClient.Send: GET https://dev-fusion-iam.caa.group.gca/api/Job/TaskInstance/GetTaskInstanceInvokeJob/4793?api-version=2.0&jobInstanceId=841&taskId=63015&jobId=40002
[14:06:31 INF] Task: AHMA_LDAP_Synchronize_Complete_Scaffolding_Export_AHMA_LDAP_Complete_AhmaLDAPExportFulfillment Completed with state Completed
[14:06:31 INF] PrepareSynchronizationTask: AHMA_LDAP_Synchronize_Complete_Scaffolding_PrepareSynchronization_AHMA_LDAP_Complete (Level: 1, LaunchOrder: 1)
    Synchronization Mode: Complete
    Connector: AHMA_LDAP
    Parent: AHMA_LDAP_Synchronize_Complete_Scaffolding_Export_AHMA_LDAP_Complete_AhmaLDAPExportFulfillment

[14:06:31 VRB] Check the instance state for Task AHMA_LDAP_Synchronize_Complete_Scaffolding_PrepareSynchronization_AHMA_LDAP_Complete
[14:06:31 VRB] HandleCommand TaskInstanceProgressCommand
[14:06:31 DBG] HttpClient.Send: PUT https://dev-fusion-iam.caa.group.gca/api/Job/TaskInstance/Progress?api-version=2.0
[14:06:31 INF] Launch task: PrepareSynchronizationTask: AHMA_LDAP_Synchronize_Complete_Scaffolding_PrepareSynchronization_AHMA_LDAP_Complete, Task 2/13
[14:06:31 VRB] HandleCommand RunTaskCommand
[14:06:31 INF] Launch PrepareSynchronizationTask : AHMA_LDAP_Synchronize_Complete_Scaffolding_PrepareSynchronization_AHMA_LDAP_Complete
[14:06:31 DBG] Start Process dotnet Usercube-Prepare-Synchronization.dll --progress-task-instance-id 4794 --api-url "https://dev-fusion-iam.caa.group.gca/" --api-client-id "Job" --log-level 0 --connector 32001 --working-directory "../Work\Collect" --sources-directory "../Temp\ExportOutput" --synchronization-mode "Complete" --stdin null
[14:06:31 INF] Start process=True PID=3416 dotnet Usercube-Prepare-Synchronization.dll --progress-task-instance-id 4794 --api-url "https://dev-fusion-iam.caa.group.gca/" --api-client-id "Job" --log-level 0 --connector 32001 --working-directory "../Work\Collect" --sources-directory "../Temp\ExportOutput" --synchronization-mode "Complete" --stdin
[14:06:33 DBG] HttpClient.Send: GET https://dev-fusion-iam.caa.group.gca/api/Job/TaskInstance/4794?api-version=1.0&squery=join%20Task%20t%20select%20t.ContinueOnError%2C%20State&path=/Jobs/TaskInstance/Query&QueryRootEntityType=TaskInstance
[14:06:33 VRB] HandleQuery SelectTaskInstanceInvokeJobQuery
[14:06:33 DBG] HttpClient.Send: GET https://dev-fusion-iam.caa.group.gca/api/Job/TaskInstance/GetTaskInstanceInvokeJob/4794?api-version=2.0&jobInstanceId=841&taskId=63019&jobId=40002
[14:06:33 INF] Task: AHMA_LDAP_Synchronize_Complete_Scaffolding_PrepareSynchronization_AHMA_LDAP_Complete Completed with state Completed
[14:06:33 VRB] Check the JobInstance state for JobInstance 841.
[14:06:33 VRB] HandleQuery SelectJobInstanceByIdQuery
[14:06:33 DBG] HttpClient.Send: GET https://dev-fusion-iam.caa.group.gca/api/Job/JobInstance/841?api-version=2.0&squery=select%20State&path=/Jobs/JobInstance/Query&QueryRootEntityType=JobInstance
[14:06:33 INF] SynchronizeTask: AHMA_LDAP_Synchronize_Complete_Scaffolding_Synchronize_AHMA_LDAP (Level: 2, LaunchOrder: 2)
    Connector: AHMA_LDAP
    Parent: AHMA_LDAP_Synchronize_Complete_Scaffolding_PrepareSynchronization_AHMA_LDAP_Complete

[14:06:33 VRB] Check the instance state for Task AHMA_LDAP_Synchronize_Complete_Scaffolding_Synchronize_AHMA_LDAP
[14:06:33 VRB] HandleCommand TaskInstanceProgressCommand
[14:06:33 DBG] HttpClient.Send: PUT https://dev-fusion-iam.caa.group.gca/api/Job/TaskInstance/Progress?api-version=2.0
[14:06:33 INF] Launch task: SynchronizeTask: AHMA_LDAP_Synchronize_Complete_Scaffolding_Synchronize_AHMA_LDAP, Task 3/13
[14:06:33 VRB] HandleCommand RunTaskCommand
[14:06:33 DBG] HttpClient.Send: POST https://dev-fusion-iam.caa.group.gca/api/Job/Task/RunTask/63021?api-version=4.0&jobInstanceId=841&jobLogLevel=Trace
[14:06:33 VRB] HandleQuery SelectTaskInstanceInvokeJobQuery
[14:06:33 DBG] HttpClient.Send: GET https://dev-fusion-iam.caa.group.gca/api/Job/TaskInstance/GetTaskInstanceInvokeJob/4795?api-version=2.0&jobInstanceId=841&taskId=63021&jobId=40002
[14:06:33 INF] Task: AHMA_LDAP_Synchronize_Complete_Scaffolding_Synchronize_AHMA_LDAP Completed with state Completed
[14:06:33 INF] UpdateEntityPropertyExpressionsTask: AHMA_LDAP_Synchronize_Complete_Scaffolding_UpdateEntityPropertyExpressions1 (Level: 3, LaunchOrder: 3)
    EntityType: AHMA_LDAP_Entry, Directory_User

[14:06:33 VRB] Check the instance state for Task AHMA_LDAP_Synchronize_Complete_Scaffolding_UpdateEntityPropertyExpressions1
[14:06:33 VRB] HandleCommand TaskInstanceProgressCommand
[14:06:33 DBG] HttpClient.Send: PUT https://dev-fusion-iam.caa.group.gca/api/Job/TaskInstance/Progress?api-version=2.0
[14:06:33 INF] Launch task: UpdateEntityPropertyExpressionsTask: AHMA_LDAP_Synchronize_Complete_Scaffolding_UpdateEntityPropertyExpressions1, Task 4/13
[14:06:33 VRB] HandleCommand RunTaskCommand
[14:06:33 DBG] HttpClient.Send: POST https://dev-fusion-iam.caa.group.gca/api/Job/Task/RunTask/63023?api-version=4.0&jobInstanceId=841&jobLogLevel=Trace
[14:06:34 VRB] HandleQuery SelectTaskInstanceInvokeJobQuery
[14:06:34 DBG] HttpClient.Send: GET https://dev-fusion-iam.caa.group.gca/api/Job/TaskInstance/GetTaskInstanceInvokeJob/4796?api-version=2.0&jobInstanceId=841&taskId=63023&jobId=40002
[14:06:34 INF] Task: AHMA_LDAP_Synchronize_Complete_Scaffolding_UpdateEntityPropertyExpressions1 Completed with state Completed
[14:06:34 DBG] HttpClient.Send: PUT https://dev-fusion-iam.caa.group.gca/api/Job/JobInstance/Progression/841?api-version=3.0&jobGroupId=40002&current=4&totalTask=13&state=InProgress&resourceId=-1&cancelRequest=False&retry=False
[14:06:34 INF] ComputeCorrelationKeysTask: AHMA_LDAP_Synchronize_Complete_Scaffolding_ComputeCorrelationKeys1_AllEntities (Level: 4, LaunchOrder: 4)
    EntityType: AHMA_LDAP_Entry, Directory_User

[14:06:34 VRB] Check the instance state for Task AHMA_LDAP_Synchronize_Complete_Scaffolding_ComputeCorrelationKeys1_AllEntities
[14:06:34 VRB] HandleCommand TaskInstanceProgressCommand
[14:06:34 DBG] HttpClient.Send: PUT https://dev-fusion-iam.caa.group.gca/api/Job/TaskInstance/Progress?api-version=2.0
[14:06:34 INF] Launch task: ComputeCorrelationKeysTask: AHMA_LDAP_Synchronize_Complete_Scaffolding_ComputeCorrelationKeys1_AllEntities, Task 5/13
[14:06:34 VRB] HandleCommand RunTaskCommand
[14:06:34 DBG] HttpClient.Send: POST https://dev-fusion-iam.caa.group.gca/api/Job/Task/RunTask/63012?api-version=4.0&jobInstanceId=841&jobLogLevel=Trace
[14:06:44 VRB] HandleQuery SelectTaskInstanceInvokeJobQuery
[14:06:44 DBG] HttpClient.Send: GET https://dev-fusion-iam.caa.group.gca/api/Job/TaskInstance/GetTaskInstanceInvokeJob/4797?api-version=2.0&jobInstanceId=841&taskId=63012&jobId=40002
[14:06:44 INF] Task: AHMA_LDAP_Synchronize_Complete_Scaffolding_ComputeCorrelationKeys1_AllEntities Completed with state Completed
[14:06:44 DBG] HttpClient.Send: PUT https://dev-fusion-iam.caa.group.gca/api/Job/JobInstance/Progression/841?api-version=3.0&jobGroupId=40002&current=5&totalTask=13&state=InProgress&resourceId=-1&cancelRequest=False&retry=False
[14:06:44 VRB] Check the JobInstance state for JobInstance 841.
[14:06:44 VRB] HandleQuery SelectJobInstanceByIdQuery
[14:06:44 DBG] HttpClient.Send: GET https://dev-fusion-iam.caa.group.gca/api/Job/JobInstance/841?api-version=2.0&squery=select%20State&path=/Jobs/JobInstance/Query&QueryRootEntityType=JobInstance
[14:06:44 INF] ComputeRoleModelTask: AHMA_LDAP_Synchronize_Complete_Scaffolding_ComputeRoleModel1 (Level: 5, LaunchOrder: 5)
    EntityType: Directory_User

[14:06:44 VRB] Check the instance state for Task AHMA_LDAP_Synchronize_Complete_Scaffolding_ComputeRoleModel1
[14:06:44 VRB] HandleCommand TaskInstanceProgressCommand
[14:06:44 DBG] HttpClient.Send: PUT https://dev-fusion-iam.caa.group.gca/api/Job/TaskInstance/Progress?api-version=2.0
[14:06:44 INF] Launch task: ComputeRoleModelTask: AHMA_LDAP_Synchronize_Complete_Scaffolding_ComputeRoleModel1, Task 6/13
[14:06:44 VRB] HandleCommand RunTaskCommand
[14:06:44 DBG] HttpClient.Send: POST https://dev-fusion-iam.caa.group.gca/api/Job/Task/RunTask/63014?api-version=4.0&jobInstanceId=841&jobLogLevel=Trace
[14:06:50 VRB] HandleQuery SelectTaskInstanceInvokeJobQuery
[14:06:50 DBG] HttpClient.Send: GET https://dev-fusion-iam.caa.group.gca/api/Job/TaskInstance/GetTaskInstanceInvokeJob/4798?api-version=2.0&jobInstanceId=841&taskId=63014&jobId=40002
[14:06:50 INF] Task: AHMA_LDAP_Synchronize_Complete_Scaffolding_ComputeRoleModel1 Completed with state Completed
[14:06:50 DBG] HttpClient.Send: PUT https://dev-fusion-iam.caa.group.gca/api/Job/JobInstance/Progression/841?api-version=3.0&jobGroupId=40002&current=6&totalTask=13&state=InProgress&resourceId=-1&cancelRequest=False&retry=False
[14:06:50 VRB] Check the JobInstance state for JobInstance 841.
[14:06:50 VRB] HandleQuery SelectJobInstanceByIdQuery
[14:06:50 DBG] HttpClient.Send: GET https://dev-fusion-iam.caa.group.gca/api/Job/JobInstance/841?api-version=2.0&squery=select%20State&path=/Jobs/JobInstance/Query&QueryRootEntityType=JobInstance
[14:06:50 INF] ComputeRiskScoresTask: AHMA_LDAP_Synchronize_Complete_Scaffolding_ComputeRiskScores1 (Level: 6, LaunchOrder: 6)
    EntityType: Directory_User

[14:06:50 VRB] Check the instance state for Task AHMA_LDAP_Synchronize_Complete_Scaffolding_ComputeRiskScores1
[14:06:50 VRB] HandleCommand TaskInstanceProgressCommand
[14:06:50 DBG] HttpClient.Send: PUT https://dev-fusion-iam.caa.group.gca/api/Job/TaskInstance/Progress?api-version=2.0
[14:06:50 INF] Launch task: ComputeRiskScoresTask: AHMA_LDAP_Synchronize_Complete_Scaffolding_ComputeRiskScores1, Task 7/13
[14:06:50 VRB] HandleCommand RunTaskCommand
[14:06:50 DBG] HttpClient.Send: POST https://dev-fusion-iam.caa.group.gca/api/Job/Task/RunTask/63013?api-version=4.0&jobInstanceId=841&jobLogLevel=Trace
[14:06:51 VRB] HandleQuery SelectTaskInstanceInvokeJobQuery
[14:06:51 DBG] HttpClient.Send: GET https://dev-fusion-iam.caa.group.gca/api/Job/TaskInstance/GetTaskInstanceInvokeJob/4799?api-version=2.0&jobInstanceId=841&taskId=63013&jobId=40002
[14:06:51 INF] Task: AHMA_LDAP_Synchronize_Complete_Scaffolding_ComputeRiskScores1 Completed with state Completed
[14:06:51 INF] GenerateProvisioningOrdersTask: AHMA_LDAP_Synchronize_Complete_Scaffolding_GenerateProvisioningOrders1 (Level: 7, LaunchOrder: 7)
    ResourceType: AHMA_LDAP_Entry_NominativeUser

[14:06:51 VRB] Check the instance state for Task AHMA_LDAP_Synchronize_Complete_Scaffolding_GenerateProvisioningOrders1
[14:06:51 VRB] HandleCommand TaskInstanceProgressCommand
[14:06:51 DBG] HttpClient.Send: PUT https://dev-fusion-iam.caa.group.gca/api/Job/TaskInstance/Progress?api-version=2.0
[14:06:51 INF] Launch task: GenerateProvisioningOrdersTask: AHMA_LDAP_Synchronize_Complete_Scaffolding_GenerateProvisioningOrders1, Task 8/13
[14:06:51 VRB] HandleCommand RunTaskCommand
[14:06:51 DBG] HttpClient.Send: POST https://dev-fusion-iam.caa.group.gca/api/Job/Task/RunTask/63017?api-version=4.0&jobInstanceId=841&jobLogLevel=Trace
[14:06:51 VRB] HandleQuery SelectTaskInstanceInvokeJobQuery
[14:06:51 DBG] HttpClient.Send: GET https://dev-fusion-iam.caa.group.gca/api/Job/TaskInstance/GetTaskInstanceInvokeJob/4800?api-version=2.0&jobInstanceId=841&taskId=63017&jobId=40002
[14:06:51 INF] Task: AHMA_LDAP_Synchronize_Complete_Scaffolding_GenerateProvisioningOrders1 Completed with state Completed
[14:06:51 INF] FulfillTask: AHMA_LDAP_Synchronize_Complete_Scaffolding_Fulfill1 (Level: 8, LaunchOrder: 8)
    ConnectionIdentifier: AhmaLDAPExportFulfillment
    FulfillmentType: FulfillLdap
    ContinueOnError: True
    Parent: AHMA_LDAP_Synchronize_Complete_Scaffolding_GenerateProvisioningOrders1
    ResourceType: AHMA_LDAP_Entry_NominativeUser

[14:06:51 VRB] Check the instance state for Task AHMA_LDAP_Synchronize_Complete_Scaffolding_Fulfill1
[14:06:51 VRB] HandleCommand TaskInstanceProgressCommand
[14:06:51 DBG] HttpClient.Send: PUT https://dev-fusion-iam.caa.group.gca/api/Job/TaskInstance/Progress?api-version=2.0
[14:06:51 INF] The Task: AHMA_LDAP_Synchronize_Complete_Scaffolding_Fulfill1 has not been launched because no treatment is required.
[14:06:51 INF] UpdateClassificationTask: AHMA_LDAP_Synchronize_Complete_Scaffolding_UpdateClassification (Level: 9, LaunchOrder: 9)
    EntityType: AHMA_LDAP_Entry

[14:06:51 VRB] Check the instance state for Task AHMA_LDAP_Synchronize_Complete_Scaffolding_UpdateClassification
[14:06:51 VRB] HandleCommand TaskInstanceProgressCommand
[14:06:51 DBG] HttpClient.Send: PUT https://dev-fusion-iam.caa.group.gca/api/Job/TaskInstance/Progress?api-version=2.0
[14:06:51 INF] Launch task: UpdateClassificationTask: AHMA_LDAP_Synchronize_Complete_Scaffolding_UpdateClassification, Task 10/13
[14:06:51 VRB] HandleCommand RunTaskCommand
[14:06:51 DBG] HttpClient.Send: POST https://dev-fusion-iam.caa.group.gca/api/Job/Task/RunTask/63022?api-version=4.0&jobInstanceId=841&jobLogLevel=Trace
[14:06:53 VRB] HandleQuery SelectTaskInstanceInvokeJobQuery
[14:06:53 DBG] HttpClient.Send: GET https://dev-fusion-iam.caa.group.gca/api/Job/TaskInstance/GetTaskInstanceInvokeJob/4802?api-version=2.0&jobInstanceId=841&taskId=63022&jobId=40002
[14:06:53 INF] Task: AHMA_LDAP_Synchronize_Complete_Scaffolding_UpdateClassification Completed with state Completed
[14:06:53 VRB] Check the JobInstance state for JobInstance 841.
[14:06:53 VRB] HandleQuery SelectJobInstanceByIdQuery
[14:06:53 DBG] HttpClient.Send: GET https://dev-fusion-iam.caa.group.gca/api/Job/JobInstance/841?api-version=2.0&squery=select%20State&path=/Jobs/JobInstance/Query&QueryRootEntityType=JobInstance
[14:06:53 INF] UpdateParametersContextDisplayNamesTask: AHMA_LDAP_Synchronize_Complete_Scaffolding_UpdateParametersContextDisplayNames (Level: 10, LaunchOrder: 10)

[14:06:53 VRB] Check the instance state for Task AHMA_LDAP_Synchronize_Complete_Scaffolding_UpdateParametersContextDisplayNames
[14:06:53 VRB] HandleCommand TaskInstanceProgressCommand
[14:06:53 DBG] HttpClient.Send: PUT https://dev-fusion-iam.caa.group.gca/api/Job/TaskInstance/Progress?api-version=2.0
[14:06:53 INF] Launch task: UpdateParametersContextDisplayNamesTask: AHMA_LDAP_Synchronize_Complete_Scaffolding_UpdateParametersContextDisplayNames, Task 11/13
[14:06:53 VRB] HandleCommand RunTaskCommand
[14:06:53 DBG] HttpClient.Send: POST https://dev-fusion-iam.caa.group.gca/api/Job/Task/RunTask/63024?api-version=4.0&jobInstanceId=841&jobLogLevel=Trace
[14:06:53 VRB] HandleQuery SelectTaskInstanceInvokeJobQuery
[14:06:53 DBG] HttpClient.Send: GET https://dev-fusion-iam.caa.group.gca/api/Job/TaskInstance/GetTaskInstanceInvokeJob/4803?api-version=2.0&jobInstanceId=841&taskId=63024&jobId=40002
[14:06:53 INF] Task: AHMA_LDAP_Synchronize_Complete_Scaffolding_UpdateParametersContextDisplayNames Completed with state Completed
[14:06:53 INF] SendRoleModelNotificationsTask: AHMA_LDAP_Synchronize_Complete_Scaffolding_SendRoleModelNotifications (Level: 11, LaunchOrder: 11)

[14:06:53 VRB] Check the instance state for Task AHMA_LDAP_Synchronize_Complete_Scaffolding_SendRoleModelNotifications
[14:06:53 VRB] HandleCommand TaskInstanceProgressCommand
[14:06:53 DBG] HttpClient.Send: PUT https://dev-fusion-iam.caa.group.gca/api/Job/TaskInstance/Progress?api-version=2.0
[14:06:53 INF] Launch task: SendRoleModelNotificationsTask: AHMA_LDAP_Synchronize_Complete_Scaffolding_SendRoleModelNotifications, Task 12/13
[14:06:53 VRB] HandleCommand RunTaskCommand
[14:06:53 DBG] HttpClient.Send: POST https://dev-fusion-iam.caa.group.gca/api/Job/Task/RunTask/63020?api-version=4.0&jobInstanceId=841&jobLogLevel=Trace
[14:06:55 VRB] HandleQuery SelectTaskInstanceInvokeJobQuery
[14:06:55 DBG] HttpClient.Send: GET https://dev-fusion-iam.caa.group.gca/api/Job/TaskInstance/GetTaskInstanceInvokeJob/4804?api-version=2.0&jobInstanceId=841&taskId=63020&jobId=40002
[14:06:55 INF] Task: AHMA_LDAP_Synchronize_Complete_Scaffolding_SendRoleModelNotifications Completed with state Completed
[14:06:55 DBG] HttpClient.Send: PUT https://dev-fusion-iam.caa.group.gca/api/Job/JobInstance/Progression/841?api-version=3.0&jobGroupId=40002&current=12&totalTask=13&state=InProgress&resourceId=-1&cancelRequest=False&retry=False
[14:06:55 VRB] Check the JobInstance state for JobInstance 841.
[14:06:55 VRB] HandleQuery SelectJobInstanceByIdQuery
[14:06:55 DBG] HttpClient.Send: GET https://dev-fusion-iam.caa.group.gca/api/Job/JobInstance/841?api-version=2.0&squery=select%20State&path=/Jobs/JobInstance/Query&QueryRootEntityType=JobInstance
[14:06:55 INF] MaintainIndexesTask: AHMA_LDAP_Synchronize_Complete_Scaffolding_MaintainIndexes (Level: 12, LaunchOrder: 12)
    Rebuild Threshold: 0
    Reorganize Threshold: 0
    Page Count: 0
    Update Statistics Threshold: 0

[14:06:55 VRB] Check the instance state for Task AHMA_LDAP_Synchronize_Complete_Scaffolding_MaintainIndexes
[14:06:55 VRB] HandleCommand TaskInstanceProgressCommand
[14:06:55 DBG] HttpClient.Send: PUT https://dev-fusion-iam.caa.group.gca/api/Job/TaskInstance/Progress?api-version=2.0
[14:06:55 INF] Launch task: MaintainIndexesTask: AHMA_LDAP_Synchronize_Complete_Scaffolding_MaintainIndexes, Task 13/13
[14:06:55 VRB] HandleCommand RunTaskCommand
[14:06:55 DBG] HttpClient.Send: POST https://dev-fusion-iam.caa.group.gca/api/Job/Task/RunTask/63018?api-version=4.0&jobInstanceId=841&jobLogLevel=Trace
[14:07:00 VRB] HandleQuery SelectTaskInstanceInvokeJobQuery
[14:07:00 DBG] HttpClient.Send: GET https://dev-fusion-iam.caa.group.gca/api/Job/TaskInstance/GetTaskInstanceInvokeJob/4805?api-version=2.0&jobInstanceId=841&taskId=63018&jobId=40002
[14:07:00 INF] Task: AHMA_LDAP_Synchronize_Complete_Scaffolding_MaintainIndexes Completed with state Completed
[14:07:00 DBG] HttpClient.Send: PUT https://dev-fusion-iam.caa.group.gca/api/Job/JobInstance/Progression/841?api-version=3.0&jobGroupId=40002&current=13&totalTask=13&state=Completed&resourceId=-1&cancelRequest=False&retry=False
