[13:35:46 DBG] HttpClient.Send: PUT https://dev-fusion-iam.caa.group.gca/api/Job/JobInstance/Progression/988?api-version=3.0&jobGroupId=2&current=0&totalTask=0&state=InProgress&resourceId=-1&cancelRequest=False&retry=False
[13:35:46 VRB] Refreshed token: token expiration date=02/05/2025 13:32:45
[13:35:46 VRB] HandleQuery SelectConsolidateJobQuery
[13:35:46 DBG] HttpClient.Send: GET https://dev-fusion-iam.caa.group.gca/api/Job/Job/RunStateMachineJob?api-version=4.0&path=/Jobs/Job/Query&jobIdentifier=2&repair=False&beginJobStep=-1&endJobStep=-1&forceSynchronizationProvisioning=False&retry=False&launchTaskType=0&taskIdentifier=&taskIdentifierContains=&beginTaskExcluded=&endTaskExcluded=&jobInstanceId=988&jobId=2
[13:35:47 VRB] HandleCommand ReserveTaskInstanceIdCommand
[13:35:47 VRB] Reserve 10 next TaskInstanceId
[13:35:47 DBG] HttpClient.Send: PUT https://dev-fusion-iam.caa.group.gca/api/Job/TaskInstance/GetTaskInstanceId/10?api-version=1.0
[13:35:47 VRB] Check the JobInstance state for JobInstance 988.
[13:35:47 VRB] HandleQuery SelectJobInstanceByIdQuery
[13:35:47 DBG] HttpClient.Send: GET https://dev-fusion-iam.caa.group.gca/api/Job/JobInstance/988?api-version=2.0&squery=select%20State&path=/Jobs/JobInstance/Query&QueryRootEntityType=JobInstance
[13:35:47 INF] ExportTask: Catalog_Synchro_Complete_Scaffolding_Export_ApplicationCatalogExport (Level: 0, LaunchOrder: 0)
    Connector: Catalog
    Mode: Complete
    ConnectionIdentifier: ApplicationCatalogExport
    ExportType: ExportCsv

[13:35:47 VRB] Check the instance state for Task Catalog_Synchro_Complete_Scaffolding_Export_ApplicationCatalogExport
[13:35:47 VRB] HandleCommand TaskInstanceProgressCommand
[13:35:47 DBG] HttpClient.Send: PUT https://dev-fusion-iam.caa.group.gca/api/Job/TaskInstance/Progress?api-version=2.0
[13:35:47 INF] Launch task: ExportTask: Catalog_Synchro_Complete_Scaffolding_Export_ApplicationCatalogExport, Task 1/10
[13:35:47 VRB] HandleCommand RunTaskCommand
[13:35:47 INF] Launch ExportTask : Catalog_Synchro_Complete_Scaffolding_Export_ApplicationCatalogExport
[13:35:47 DBG] Start Process dotnet Usercube-Export-Csv.dll --progress-task-instance-id 5800 --api-url "https://dev-fusion-iam.caa.group.gca/" --api-client-id "Job" --log-level 0 --output-path "../Temp\ExportOutput" --connection-identifier "ApplicationCatalogExport" --raw-files-path "D:\UsercubeCAA\Sources\Catalogue\Complete\Applications.csv" --separator ";" --lines-to-skip "0" --ignore-cookies --stdin null
[13:35:47 INF] Start process=True PID=5332 dotnet Usercube-Export-Csv.dll --progress-task-instance-id 5800 --api-url "https://dev-fusion-iam.caa.group.gca/" --api-client-id "Job" --log-level 0 --output-path "../Temp\ExportOutput" --connection-identifier "ApplicationCatalogExport" --raw-files-path "D:\UsercubeCAA\Sources\Catalogue\Complete\Applications.csv" --separator ";" --lines-to-skip "0" --ignore-cookies --stdin
[13:35:48 DBG] HttpClient.Send: GET https://dev-fusion-iam.caa.group.gca/api/Job/TaskInstance/5800?api-version=1.0&squery=join%20Task%20t%20select%20t.ContinueOnError%2C%20State&path=/Jobs/TaskInstance/Query&QueryRootEntityType=TaskInstance
[13:35:48 VRB] HandleQuery SelectTaskInstanceInvokeJobQuery
[13:35:48 DBG] HttpClient.Send: GET https://dev-fusion-iam.caa.group.gca/api/Job/TaskInstance/GetTaskInstanceInvokeJob/5800?api-version=2.0&jobInstanceId=988&taskId=219&jobId=2
[13:35:48 INF] Task: Catalog_Synchro_Complete_Scaffolding_Export_ApplicationCatalogExport Completed with state Completed
[13:35:48 INF] ExportTask: Catalog_Synchro_Complete_Scaffolding_Export_ProfileCatalogExport (Level: 1, LaunchOrder: 1)
    Connector: Catalog
    Mode: Complete
    ConnectionIdentifier: ProfileCatalogExport
    ExportType: ExportCsv

[13:35:48 VRB] Check the instance state for Task Catalog_Synchro_Complete_Scaffolding_Export_ProfileCatalogExport
[13:35:48 VRB] HandleCommand TaskInstanceProgressCommand
[13:35:48 DBG] HttpClient.Send: PUT https://dev-fusion-iam.caa.group.gca/api/Job/TaskInstance/Progress?api-version=2.0
[13:35:48 INF] Launch task: ExportTask: Catalog_Synchro_Complete_Scaffolding_Export_ProfileCatalogExport, Task 2/10
[13:35:48 VRB] HandleCommand RunTaskCommand
[13:35:48 INF] Launch ExportTask : Catalog_Synchro_Complete_Scaffolding_Export_ProfileCatalogExport
[13:35:48 DBG] Start Process dotnet Usercube-Export-Csv.dll --progress-task-instance-id 5801 --api-url "https://dev-fusion-iam.caa.group.gca/" --api-client-id "Job" --log-level 0 --output-path "../Temp\ExportOutput" --connection-identifier "ProfileCatalogExport" --raw-files-path "D:\UsercubeCAA\Sources\Catalogue\Complete\Profiles.csv" --separator ";" --lines-to-skip "0" --ignore-cookies --stdin null
[13:35:48 INF] Start process=True PID=9804 dotnet Usercube-Export-Csv.dll --progress-task-instance-id 5801 --api-url "https://dev-fusion-iam.caa.group.gca/" --api-client-id "Job" --log-level 0 --output-path "../Temp\ExportOutput" --connection-identifier "ProfileCatalogExport" --raw-files-path "D:\UsercubeCAA\Sources\Catalogue\Complete\Profiles.csv" --separator ";" --lines-to-skip "0" --ignore-cookies --stdin
[13:35:49 DBG] HttpClient.Send: GET https://dev-fusion-iam.caa.group.gca/api/Job/TaskInstance/5801?api-version=1.0&squery=join%20Task%20t%20select%20t.ContinueOnError%2C%20State&path=/Jobs/TaskInstance/Query&QueryRootEntityType=TaskInstance
[13:35:49 VRB] HandleQuery SelectTaskInstanceInvokeJobQuery
[13:35:49 DBG] HttpClient.Send: GET https://dev-fusion-iam.caa.group.gca/api/Job/TaskInstance/GetTaskInstanceInvokeJob/5801?api-version=2.0&jobInstanceId=988&taskId=220&jobId=2
[13:35:49 INF] Task: Catalog_Synchro_Complete_Scaffolding_Export_ProfileCatalogExport Completed with state Completed
[13:35:49 VRB] Check the JobInstance state for JobInstance 988.
[13:35:49 VRB] HandleQuery SelectJobInstanceByIdQuery
[13:35:49 DBG] HttpClient.Send: GET https://dev-fusion-iam.caa.group.gca/api/Job/JobInstance/988?api-version=2.0&squery=select%20State&path=/Jobs/JobInstance/Query&QueryRootEntityType=JobInstance
[13:35:49 INF] PrepareSynchronizationTask: Catalog_Synchro_Complete_Scaffolding_PrepareSynchronization_Catalog (Level: 2, LaunchOrder: 2)
    Synchronization Mode: Complete
    Connector: Catalog
    Parent: Catalog_Synchro_Complete_Scaffolding_Export_ApplicationCatalogExport, Catalog_Synchro_Complete_Scaffolding_Export_ProfileCatalogExport

[13:35:49 VRB] Check the instance state for Task Catalog_Synchro_Complete_Scaffolding_PrepareSynchronization_Catalog
[13:35:49 VRB] HandleCommand TaskInstanceProgressCommand
[13:35:49 DBG] HttpClient.Send: PUT https://dev-fusion-iam.caa.group.gca/api/Job/TaskInstance/Progress?api-version=2.0
[13:35:49 INF] Launch task: PrepareSynchronizationTask: Catalog_Synchro_Complete_Scaffolding_PrepareSynchronization_Catalog, Task 3/10
[13:35:49 VRB] HandleCommand RunTaskCommand
[13:35:49 INF] Launch PrepareSynchronizationTask : Catalog_Synchro_Complete_Scaffolding_PrepareSynchronization_Catalog
[13:35:49 DBG] Start Process dotnet Usercube-Prepare-Synchronization.dll --progress-task-instance-id 5802 --api-url "https://dev-fusion-iam.caa.group.gca/" --api-client-id "Job" --log-level 0 --connector 6 --working-directory "../Work\Collect" --sources-directory "../Temp\ExportOutput" --synchronization-mode "Complete" --stdin null
[13:35:49 INF] Start process=True PID=11572 dotnet Usercube-Prepare-Synchronization.dll --progress-task-instance-id 5802 --api-url "https://dev-fusion-iam.caa.group.gca/" --api-client-id "Job" --log-level 0 --connector 6 --working-directory "../Work\Collect" --sources-directory "../Temp\ExportOutput" --synchronization-mode "Complete" --stdin
[13:35:50 DBG] HttpClient.Send: GET https://dev-fusion-iam.caa.group.gca/api/Job/TaskInstance/5802?api-version=1.0&squery=join%20Task%20t%20select%20t.ContinueOnError%2C%20State&path=/Jobs/TaskInstance/Query&QueryRootEntityType=TaskInstance
[13:35:50 VRB] HandleQuery SelectTaskInstanceInvokeJobQuery
[13:35:50 DBG] HttpClient.Send: GET https://dev-fusion-iam.caa.group.gca/api/Job/TaskInstance/GetTaskInstanceInvokeJob/5802?api-version=2.0&jobInstanceId=988&taskId=221&jobId=2
[13:35:50 INF] Task: Catalog_Synchro_Complete_Scaffolding_PrepareSynchronization_Catalog Completed with state Completed
[13:35:50 INF] SynchronizeTask: Catalog_Synchro_Complete_Scaffolding_Synchronize_Catalog (Level: 3, LaunchOrder: 3)
    Connector: Catalog
    Parent: Catalog_Synchro_Complete_Scaffolding_PrepareSynchronization_Catalog

[13:35:50 VRB] Check the instance state for Task Catalog_Synchro_Complete_Scaffolding_Synchronize_Catalog
[13:35:50 VRB] HandleCommand TaskInstanceProgressCommand
[13:35:50 DBG] HttpClient.Send: PUT https://dev-fusion-iam.caa.group.gca/api/Job/TaskInstance/Progress?api-version=2.0
[13:35:50 INF] Launch task: SynchronizeTask: Catalog_Synchro_Complete_Scaffolding_Synchronize_Catalog, Task 4/10
[13:35:50 VRB] HandleCommand RunTaskCommand
[13:35:50 DBG] HttpClient.Send: POST https://dev-fusion-iam.caa.group.gca/api/Job/Task/RunTask/224?api-version=4.0&jobInstanceId=988&jobLogLevel=Trace
[13:35:50 VRB] HandleQuery SelectTaskInstanceInvokeJobQuery
[13:35:50 DBG] HttpClient.Send: GET https://dev-fusion-iam.caa.group.gca/api/Job/TaskInstance/GetTaskInstanceInvokeJob/5803?api-version=2.0&jobInstanceId=988&taskId=224&jobId=2
[13:35:50 INF] Task: Catalog_Synchro_Complete_Scaffolding_Synchronize_Catalog Completed with state Completed
[13:35:50 INF] UpdateEntityPropertyExpressionsTask: Catalog_Synchro_Complete_Scaffolding_ComputeProperties (Level: 4, LaunchOrder: 4)
    AllEntities: True

[13:35:50 VRB] Check the instance state for Task Catalog_Synchro_Complete_Scaffolding_ComputeProperties
[13:35:50 VRB] HandleCommand TaskInstanceProgressCommand
[13:35:50 DBG] HttpClient.Send: PUT https://dev-fusion-iam.caa.group.gca/api/Job/TaskInstance/Progress?api-version=2.0
[13:35:50 INF] Launch task: UpdateEntityPropertyExpressionsTask: Catalog_Synchro_Complete_Scaffolding_ComputeProperties, Task 5/10
[13:35:50 VRB] HandleCommand RunTaskCommand
[13:35:50 DBG] HttpClient.Send: POST https://dev-fusion-iam.caa.group.gca/api/Job/Task/RunTask/217?api-version=4.0&jobInstanceId=988&jobLogLevel=Trace
[13:35:51 VRB] HandleQuery SelectTaskInstanceInvokeJobQuery
[13:35:51 DBG] HttpClient.Send: GET https://dev-fusion-iam.caa.group.gca/api/Job/TaskInstance/GetTaskInstanceInvokeJob/5804?api-version=2.0&jobInstanceId=988&taskId=217&jobId=2
[13:35:51 INF] Task: Catalog_Synchro_Complete_Scaffolding_ComputeProperties Completed with state Completed
[13:35:51 DBG] HttpClient.Send: PUT https://dev-fusion-iam.caa.group.gca/api/Job/JobInstance/Progression/988?api-version=3.0&jobGroupId=2&current=5&totalTask=10&state=InProgress&resourceId=-1&cancelRequest=False&retry=False
[13:35:51 VRB] Check the JobInstance state for JobInstance 988.
[13:35:51 VRB] HandleQuery SelectJobInstanceByIdQuery
[13:35:51 DBG] HttpClient.Send: GET https://dev-fusion-iam.caa.group.gca/api/Job/JobInstance/988?api-version=2.0&squery=select%20State&path=/Jobs/JobInstance/Query&QueryRootEntityType=JobInstance
[13:35:51 INF] ComputeCorrelationKeysTask: Catalog_Synchro_Complete_Scaffolding_ComputeCorrelationKeys (Level: 5, LaunchOrder: 5)
    All Entities: True

[13:35:51 VRB] Check the instance state for Task Catalog_Synchro_Complete_Scaffolding_ComputeCorrelationKeys
[13:35:51 VRB] HandleCommand TaskInstanceProgressCommand
[13:35:51 DBG] HttpClient.Send: PUT https://dev-fusion-iam.caa.group.gca/api/Job/TaskInstance/Progress?api-version=2.0
[13:35:51 INF] Launch task: ComputeCorrelationKeysTask: Catalog_Synchro_Complete_Scaffolding_ComputeCorrelationKeys, Task 6/10
[13:35:51 VRB] HandleCommand RunTaskCommand
[13:35:51 DBG] HttpClient.Send: POST https://dev-fusion-iam.caa.group.gca/api/Job/Task/RunTask/216?api-version=4.0&jobInstanceId=988&jobLogLevel=Trace
[13:36:14 VRB] HandleQuery SelectTaskInstanceInvokeJobQuery
[13:36:14 DBG] HttpClient.Send: GET https://dev-fusion-iam.caa.group.gca/api/Job/TaskInstance/GetTaskInstanceInvokeJob/5805?api-version=2.0&jobInstanceId=988&taskId=216&jobId=2
[13:36:14 INF] Task: Catalog_Synchro_Complete_Scaffolding_ComputeCorrelationKeys Completed with state Completed
[13:36:14 DBG] HttpClient.Send: PUT https://dev-fusion-iam.caa.group.gca/api/Job/JobInstance/Progression/988?api-version=3.0&jobGroupId=2&current=6&totalTask=10&state=InProgress&resourceId=-1&cancelRequest=False&retry=False
[13:36:14 VRB] Check the JobInstance state for JobInstance 988.
[13:36:14 VRB] HandleQuery SelectJobInstanceByIdQuery
[13:36:14 DBG] HttpClient.Send: GET https://dev-fusion-iam.caa.group.gca/api/Job/JobInstance/988?api-version=2.0&squery=select%20State&path=/Jobs/JobInstance/Query&QueryRootEntityType=JobInstance
[13:36:14 INF] ComputeRoleModelTask: Catalog_Synchro_Complete_Scaffolding_ComputeProvisioningPolicy (Level: 6, LaunchOrder: 6)
    EntityType: Catalog_Application, Catalog_Profile

[13:36:14 VRB] Check the instance state for Task Catalog_Synchro_Complete_Scaffolding_ComputeProvisioningPolicy
[13:36:14 VRB] HandleCommand TaskInstanceProgressCommand
[13:36:14 DBG] HttpClient.Send: PUT https://dev-fusion-iam.caa.group.gca/api/Job/TaskInstance/Progress?api-version=2.0
[13:36:14 INF] Launch task: ComputeRoleModelTask: Catalog_Synchro_Complete_Scaffolding_ComputeProvisioningPolicy, Task 7/10
[13:36:14 VRB] HandleCommand RunTaskCommand
[13:36:14 DBG] HttpClient.Send: POST https://dev-fusion-iam.caa.group.gca/api/Job/Task/RunTask/218?api-version=4.0&jobInstanceId=988&jobLogLevel=Trace
[13:36:15 VRB] HandleQuery SelectTaskInstanceInvokeJobQuery
[13:36:15 DBG] HttpClient.Send: GET https://dev-fusion-iam.caa.group.gca/api/Job/TaskInstance/GetTaskInstanceInvokeJob/5806?api-version=2.0&jobInstanceId=988&taskId=218&jobId=2
[13:36:15 INF] Task: Catalog_Synchro_Complete_Scaffolding_ComputeProvisioningPolicy Completed with state Completed
[13:36:15 INF] GenerateProvisioningOrdersTask: Catalog_Synchro_Complete_Scaffolding_Provisioning (Level: 7, LaunchOrder: 7)
    Force Provisioning: True
    ResourceType: Catalog_Application, Catalog_Profile

[13:36:15 VRB] Check the instance state for Task Catalog_Synchro_Complete_Scaffolding_Provisioning
[13:36:15 VRB] HandleCommand TaskInstanceProgressCommand
[13:36:15 DBG] HttpClient.Send: PUT https://dev-fusion-iam.caa.group.gca/api/Job/TaskInstance/Progress?api-version=2.0
[13:36:15 INF] Launch task: GenerateProvisioningOrdersTask: Catalog_Synchro_Complete_Scaffolding_Provisioning, Task 8/10
[13:36:15 VRB] HandleCommand RunTaskCommand
[13:36:15 DBG] HttpClient.Send: POST https://dev-fusion-iam.caa.group.gca/api/Job/Task/RunTask/223?api-version=4.0&jobInstanceId=988&jobLogLevel=Trace
[13:36:15 VRB] HandleQuery SelectTaskInstanceInvokeJobQuery
[13:36:15 DBG] HttpClient.Send: GET https://dev-fusion-iam.caa.group.gca/api/Job/TaskInstance/GetTaskInstanceInvokeJob/5807?api-version=2.0&jobInstanceId=988&taskId=223&jobId=2
[13:36:15 INF] Task: Catalog_Synchro_Complete_Scaffolding_Provisioning Completed with state Completed
[13:36:15 INF] FulfillTask: Catalog_Synchro_Complete_Scaffolding_Provisioner_Database (Level: 8, LaunchOrder: 8)
    ConnectionIdentifier: HRDatabase
    FulfillmentType: FulfillInternalResource
    ResourceType: Catalog_Application, Catalog_Profile

[13:36:15 VRB] Check the instance state for Task Catalog_Synchro_Complete_Scaffolding_Provisioner_Database
[13:36:15 VRB] HandleCommand TaskInstanceProgressCommand
[13:36:15 DBG] HttpClient.Send: PUT https://dev-fusion-iam.caa.group.gca/api/Job/TaskInstance/Progress?api-version=2.0
[13:36:15 INF] Launch task: FulfillTask: Catalog_Synchro_Complete_Scaffolding_Provisioner_Database, Task 9/10
[13:36:15 VRB] HandleCommand RunTaskCommand
[13:36:15 DBG] HttpClient.Send: POST https://dev-fusion-iam.caa.group.gca/api/Job/Task/RunTask/222?api-version=4.0&jobInstanceId=988&jobLogLevel=Trace
[13:36:15 VRB] HandleQuery SelectTaskInstanceInvokeJobQuery
[13:36:15 DBG] HttpClient.Send: GET https://dev-fusion-iam.caa.group.gca/api/Job/TaskInstance/GetTaskInstanceInvokeJob/5808?api-version=2.0&jobInstanceId=988&taskId=222&jobId=2
[13:36:15 INF] Task: Catalog_Synchro_Complete_Scaffolding_Provisioner_Database Completed with state Completed
[13:36:15 INF] BuildRoleModelTask: Catalog_Synchro_Complete_Scaffolding_ApplyRoleMappings (Level: 9, LaunchOrder: 9)
    Connector: Catalog

[13:36:15 VRB] Check the instance state for Task Catalog_Synchro_Complete_Scaffolding_ApplyRoleMappings
[13:36:15 VRB] HandleCommand TaskInstanceProgressCommand
[13:36:15 DBG] HttpClient.Send: PUT https://dev-fusion-iam.caa.group.gca/api/Job/TaskInstance/Progress?api-version=2.0
[13:36:15 INF] Launch task: BuildRoleModelTask: Catalog_Synchro_Complete_Scaffolding_ApplyRoleMappings, Task 10/10
[13:36:15 VRB] HandleCommand RunTaskCommand
[13:36:15 DBG] HttpClient.Send: POST https://dev-fusion-iam.caa.group.gca/api/Job/Task/RunTask/215?api-version=4.0&jobInstanceId=988&jobLogLevel=Trace
[13:36:18 VRB] HandleQuery SelectTaskInstanceInvokeJobQuery
[13:36:18 DBG] HttpClient.Send: GET https://dev-fusion-iam.caa.group.gca/api/Job/TaskInstance/GetTaskInstanceInvokeJob/5809?api-version=2.0&jobInstanceId=988&taskId=215&jobId=2
[13:36:18 INF] Task: Catalog_Synchro_Complete_Scaffolding_ApplyRoleMappings Completed with state Completed
[13:36:18 DBG] HttpClient.Send: PUT https://dev-fusion-iam.caa.group.gca/api/Job/JobInstance/Progression/988?api-version=3.0&jobGroupId=2&current=10&totalTask=10&state=Completed&resourceId=-1&cancelRequest=False&retry=False
