[10:50:55 DBG] HttpClient.Send: PUT https://dev-fusion-iam.caa.group.gca/api/Job/JobInstance/Progression/1035?api-version=3.0&jobGroupId=19&current=0&totalTask=0&state=InProgress&resourceId=-1&cancelRequest=False&retry=False
[10:50:55 VRB] Refreshed token: token expiration date=02/11/2025 10:47:54
[10:50:55 VRB] HandleQuery SelectConsolidateJobQuery
[10:50:55 DBG] HttpClient.Send: GET https://dev-fusion-iam.caa.group.gca/api/Job/Job/RunStateMachineJob?api-version=4.0&path=/Jobs/Job/Query&jobIdentifier=19&repair=False&beginJobStep=-1&endJobStep=-1&forceSynchronizationProvisioning=False&retry=False&launchTaskType=0&taskIdentifier=&taskIdentifierContains=&beginTaskExcluded=&endTaskExcluded=&jobInstanceId=1035&jobId=19
[10:50:56 VRB] HandleCommand ReserveTaskInstanceIdCommand
[10:50:56 VRB] Reserve 15 next TaskInstanceId
[10:50:56 DBG] HttpClient.Send: PUT https://dev-fusion-iam.caa.group.gca/api/Job/TaskInstance/GetTaskInstanceId/15?api-version=1.0
[10:50:56 VRB] Check the JobInstance state for JobInstance 1035.
[10:50:56 VRB] HandleQuery SelectJobInstanceByIdQuery
[10:50:56 DBG] HttpClient.Send: GET https://dev-fusion-iam.caa.group.gca/api/Job/JobInstance/1035?api-version=2.0&squery=select%20State&path=/Jobs/JobInstance/Query&QueryRootEntityType=JobInstance
[10:50:56 INF] ExportTask: ADPacifica_Synchro_Complete_Scaffolding_Export_ADPacifica_Complete_ADPacificaExportFulfillment (Level: 0, LaunchOrder: 0)
    Connector: ADPacifica
    Mode: Complete
    ConnectionIdentifier: ADPacificaExportFulfillment
    ExportType: ExportActiveDirectory
    ContinueOnError:  True

[10:50:56 VRB] Check the instance state for Task ADPacifica_Synchro_Complete_Scaffolding_Export_ADPacifica_Complete_ADPacificaExportFulfillment
[10:50:56 VRB] HandleCommand TaskInstanceProgressCommand
[10:50:56 DBG] HttpClient.Send: PUT https://dev-fusion-iam.caa.group.gca/api/Job/TaskInstance/Progress?api-version=2.0
[10:50:56 INF] Launch task: ExportTask: ADPacifica_Synchro_Complete_Scaffolding_Export_ADPacifica_Complete_ADPacificaExportFulfillment, Task 1/15
[10:50:56 VRB] HandleCommand RunTaskCommand
[10:50:56 INF] Launch ExportTask : ADPacifica_Synchro_Complete_Scaffolding_Export_ADPacifica_Complete_ADPacificaExportFulfillment
[10:50:56 DBG] Start Process dotnet Usercube-Export-ActiveDirectory.dll --progress-task-instance-id 6514 --api-url "https://dev-fusion-iam.caa.group.gca/" --api-client-id "Job" --log-level 0 --output-path "../Temp\ExportOutput" --ignore-cookies --cookie-path "../Work\ExportCookies" --connection-identifier "ADPacificaExportFulfillment" --retry-delay 10 --server "10.110.242.67:636" --sync-dn "DC=ca-pacificadev,DC=fr" --sync-filter "(objectclass=*)" --auth-type "Basic" --enable-ssl --stdin null
[10:50:56 INF] Start process=True PID=16400 dotnet Usercube-Export-ActiveDirectory.dll --progress-task-instance-id 6514 --api-url "https://dev-fusion-iam.caa.group.gca/" --api-client-id "Job" --log-level 0 --output-path "../Temp\ExportOutput" --ignore-cookies --cookie-path "../Work\ExportCookies" --connection-identifier "ADPacificaExportFulfillment" --retry-delay 10 --server "10.110.242.67:636" --sync-dn "DC=ca-pacificadev,DC=fr" --sync-filter "(objectclass=*)" --auth-type "Basic" --enable-ssl --stdin
[10:51:01 DBG] HttpClient.Send: GET https://dev-fusion-iam.caa.group.gca/api/Job/TaskInstance/6514?api-version=1.0&squery=join%20Task%20t%20select%20t.ContinueOnError%2C%20State&path=/Jobs/TaskInstance/Query&QueryRootEntityType=TaskInstance
[10:51:01 VRB] HandleQuery SelectTaskInstanceInvokeJobQuery
[10:51:01 DBG] HttpClient.Send: GET https://dev-fusion-iam.caa.group.gca/api/Job/TaskInstance/GetTaskInstanceInvokeJob/6514?api-version=2.0&jobInstanceId=1035&taskId=138&jobId=19
[10:51:01 INF] Task: ADPacifica_Synchro_Complete_Scaffolding_Export_ADPacifica_Complete_ADPacificaExportFulfillment Completed with state Completed
[10:51:01 DBG] HttpClient.Send: PUT https://dev-fusion-iam.caa.group.gca/api/Job/JobInstance/Progression/1035?api-version=3.0&jobGroupId=19&current=1&totalTask=15&state=InProgress&resourceId=-1&cancelRequest=False&retry=False
[10:51:01 VRB] Check the JobInstance state for JobInstance 1035.
[10:51:01 VRB] HandleQuery SelectJobInstanceByIdQuery
[10:51:01 DBG] HttpClient.Send: GET https://dev-fusion-iam.caa.group.gca/api/Job/JobInstance/1035?api-version=2.0&squery=select%20State&path=/Jobs/JobInstance/Query&QueryRootEntityType=JobInstance
[10:51:01 INF] PrepareSynchronizationActiveDirectoryTask: ADPacifica_Synchro_Complete_Scaffolding_PrepareSynchronizationActiveDirectory_ADPacifica_Complete (Level: 1, LaunchOrder: 1)
    Synchronization Mode: Complete
    Connector: ADPacifica
    Parent: ADPacifica_Synchro_Complete_Scaffolding_Export_ADPacifica_Complete_ADPacificaExportFulfillment

[10:51:01 VRB] Check the instance state for Task ADPacifica_Synchro_Complete_Scaffolding_PrepareSynchronizationActiveDirectory_ADPacifica_Complete
[10:51:01 VRB] HandleCommand TaskInstanceProgressCommand
[10:51:01 DBG] HttpClient.Send: PUT https://dev-fusion-iam.caa.group.gca/api/Job/TaskInstance/Progress?api-version=2.0
[10:51:01 INF] Launch task: PrepareSynchronizationActiveDirectoryTask: ADPacifica_Synchro_Complete_Scaffolding_PrepareSynchronizationActiveDirectory_ADPacifica_Complete, Task 2/15
[10:51:01 VRB] HandleCommand RunTaskCommand
[10:51:01 INF] Launch PrepareSynchronizationActiveDirectoryTask : ADPacifica_Synchro_Complete_Scaffolding_PrepareSynchronizationActiveDirectory_ADPacifica_Complete
[10:51:01 DBG] Start Process dotnet Usercube-Prepare-SynchronizationActiveDirectory.dll --progress-task-instance-id 6515 --api-url "https://dev-fusion-iam.caa.group.gca/" --api-client-id "Job" --log-level 0 --connector 3 --working-directory "../Work\Collect" --sources-directory "../Temp\ExportOutput" --synchronization-mode "Complete" --stdin null
[10:51:01 INF] Start process=True PID=3040 dotnet Usercube-Prepare-SynchronizationActiveDirectory.dll --progress-task-instance-id 6515 --api-url "https://dev-fusion-iam.caa.group.gca/" --api-client-id "Job" --log-level 0 --connector 3 --working-directory "../Work\Collect" --sources-directory "../Temp\ExportOutput" --synchronization-mode "Complete" --stdin
[10:51:03 DBG] HttpClient.Send: GET https://dev-fusion-iam.caa.group.gca/api/Job/TaskInstance/6515?api-version=1.0&squery=join%20Task%20t%20select%20t.ContinueOnError%2C%20State&path=/Jobs/TaskInstance/Query&QueryRootEntityType=TaskInstance
[10:51:03 VRB] HandleQuery SelectTaskInstanceInvokeJobQuery
[10:51:03 DBG] HttpClient.Send: GET https://dev-fusion-iam.caa.group.gca/api/Job/TaskInstance/GetTaskInstanceInvokeJob/6515?api-version=2.0&jobInstanceId=1035&taskId=142&jobId=19
[10:51:03 INF] Task: ADPacifica_Synchro_Complete_Scaffolding_PrepareSynchronizationActiveDirectory_ADPacifica_Complete Completed with state Completed
[10:51:03 VRB] Check the JobInstance state for JobInstance 1035.
[10:51:03 VRB] HandleQuery SelectJobInstanceByIdQuery
[10:51:03 DBG] HttpClient.Send: GET https://dev-fusion-iam.caa.group.gca/api/Job/JobInstance/1035?api-version=2.0&squery=select%20State&path=/Jobs/JobInstance/Query&QueryRootEntityType=JobInstance
[10:51:03 INF] SynchronizeActiveDirectoryTask: ADPacifica_Synchro_Complete_Scaffolding_SynchronizeActiveDirectory_ADPacifica (Level: 2, LaunchOrder: 2)
    Connector: ADPacifica
    Parent: ADPacifica_Synchro_Complete_Scaffolding_PrepareSynchronizationActiveDirectory_ADPacifica_Complete

[10:51:03 VRB] Check the instance state for Task ADPacifica_Synchro_Complete_Scaffolding_SynchronizeActiveDirectory_ADPacifica
[10:51:03 VRB] HandleCommand TaskInstanceProgressCommand
[10:51:03 DBG] HttpClient.Send: PUT https://dev-fusion-iam.caa.group.gca/api/Job/TaskInstance/Progress?api-version=2.0
[10:51:03 INF] Launch task: SynchronizeActiveDirectoryTask: ADPacifica_Synchro_Complete_Scaffolding_SynchronizeActiveDirectory_ADPacifica, Task 3/15
[10:51:03 VRB] HandleCommand RunTaskCommand
[10:51:03 DBG] HttpClient.Send: POST https://dev-fusion-iam.caa.group.gca/api/Job/Task/RunTask/144?api-version=4.0&jobInstanceId=1035&jobLogLevel=Trace
[10:51:04 VRB] HandleQuery SelectTaskInstanceInvokeJobQuery
[10:51:04 DBG] HttpClient.Send: GET https://dev-fusion-iam.caa.group.gca/api/Job/TaskInstance/GetTaskInstanceInvokeJob/6516?api-version=2.0&jobInstanceId=1035&taskId=144&jobId=19
[10:51:04 INF] Task: ADPacifica_Synchro_Complete_Scaffolding_SynchronizeActiveDirectory_ADPacifica Completed with state Completed
[10:51:04 INF] UpdateEntityPropertyExpressionsTask: ADPacifica_Synchro_Complete_Scaffolding_UpdateEntityPropertyExpressions1 (Level: 3, LaunchOrder: 3)
    EntityType: ADPacifica_Entry, Directory_User

[10:51:04 VRB] Check the instance state for Task ADPacifica_Synchro_Complete_Scaffolding_UpdateEntityPropertyExpressions1
[10:51:04 VRB] HandleCommand TaskInstanceProgressCommand
[10:51:04 DBG] HttpClient.Send: PUT https://dev-fusion-iam.caa.group.gca/api/Job/TaskInstance/Progress?api-version=2.0
[10:51:04 INF] Launch task: UpdateEntityPropertyExpressionsTask: ADPacifica_Synchro_Complete_Scaffolding_UpdateEntityPropertyExpressions1, Task 4/15
[10:51:04 VRB] HandleCommand RunTaskCommand
[10:51:04 DBG] HttpClient.Send: POST https://dev-fusion-iam.caa.group.gca/api/Job/Task/RunTask/145?api-version=4.0&jobInstanceId=1035&jobLogLevel=Trace
[10:51:04 VRB] HandleQuery SelectTaskInstanceInvokeJobQuery
[10:51:04 DBG] HttpClient.Send: GET https://dev-fusion-iam.caa.group.gca/api/Job/TaskInstance/GetTaskInstanceInvokeJob/6517?api-version=2.0&jobInstanceId=1035&taskId=145&jobId=19
[10:51:04 INF] Task: ADPacifica_Synchro_Complete_Scaffolding_UpdateEntityPropertyExpressions1 Completed with state Completed
[10:51:04 INF] ComputeCorrelationKeysTask: ADPacifica_Synchro_Complete_Scaffolding_ComputeCorrelationKeys1_AllEntities (Level: 4, LaunchOrder: 4)
    EntityType: ADPacifica_Entry, Directory_User

[10:51:04 VRB] Check the instance state for Task ADPacifica_Synchro_Complete_Scaffolding_ComputeCorrelationKeys1_AllEntities
[10:51:04 VRB] HandleCommand TaskInstanceProgressCommand
[10:51:04 DBG] HttpClient.Send: PUT https://dev-fusion-iam.caa.group.gca/api/Job/TaskInstance/Progress?api-version=2.0
[10:51:04 INF] Launch task: ComputeCorrelationKeysTask: ADPacifica_Synchro_Complete_Scaffolding_ComputeCorrelationKeys1_AllEntities, Task 5/15
[10:51:04 VRB] HandleCommand RunTaskCommand
[10:51:04 DBG] HttpClient.Send: POST https://dev-fusion-iam.caa.group.gca/api/Job/Task/RunTask/135?api-version=4.0&jobInstanceId=1035&jobLogLevel=Trace
[10:51:13 VRB] HandleQuery SelectTaskInstanceInvokeJobQuery
[10:51:13 DBG] HttpClient.Send: GET https://dev-fusion-iam.caa.group.gca/api/Job/TaskInstance/GetTaskInstanceInvokeJob/6518?api-version=2.0&jobInstanceId=1035&taskId=135&jobId=19
[10:51:13 INF] Task: ADPacifica_Synchro_Complete_Scaffolding_ComputeCorrelationKeys1_AllEntities Completed with state Completed
[10:51:13 DBG] HttpClient.Send: PUT https://dev-fusion-iam.caa.group.gca/api/Job/JobInstance/Progression/1035?api-version=3.0&jobGroupId=19&current=5&totalTask=15&state=InProgress&resourceId=-1&cancelRequest=False&retry=False
[10:51:13 VRB] Check the JobInstance state for JobInstance 1035.
[10:51:13 VRB] HandleQuery SelectJobInstanceByIdQuery
[10:51:13 DBG] HttpClient.Send: GET https://dev-fusion-iam.caa.group.gca/api/Job/JobInstance/1035?api-version=2.0&squery=select%20State&path=/Jobs/JobInstance/Query&QueryRootEntityType=JobInstance
[10:51:13 INF] ComputeRoleModelTask: ADPacifica_Synchro_Complete_Scaffolding_ComputeRoleModel1 (Level: 5, LaunchOrder: 5)
    EntityType: Directory_User

[10:51:13 VRB] Check the instance state for Task ADPacifica_Synchro_Complete_Scaffolding_ComputeRoleModel1
[10:51:13 VRB] HandleCommand TaskInstanceProgressCommand
[10:51:13 DBG] HttpClient.Send: PUT https://dev-fusion-iam.caa.group.gca/api/Job/TaskInstance/Progress?api-version=2.0
[10:51:13 INF] Launch task: ComputeRoleModelTask: ADPacifica_Synchro_Complete_Scaffolding_ComputeRoleModel1, Task 6/15
[10:51:13 VRB] HandleCommand RunTaskCommand
[10:51:13 DBG] HttpClient.Send: POST https://dev-fusion-iam.caa.group.gca/api/Job/Task/RunTask/137?api-version=4.0&jobInstanceId=1035&jobLogLevel=Trace
[10:51:15 VRB] HandleQuery SelectTaskInstanceInvokeJobQuery
[10:51:15 DBG] HttpClient.Send: GET https://dev-fusion-iam.caa.group.gca/api/Job/TaskInstance/GetTaskInstanceInvokeJob/6519?api-version=2.0&jobInstanceId=1035&taskId=137&jobId=19
[10:51:15 INF] Task: ADPacifica_Synchro_Complete_Scaffolding_ComputeRoleModel1 Completed with state Completed
[10:51:15 INF] ComputeRiskScoresTask: ADPacifica_Synchro_Complete_Scaffolding_ComputeRiskScores1 (Level: 6, LaunchOrder: 6)
    EntityType: Directory_User

[10:51:15 VRB] Check the instance state for Task ADPacifica_Synchro_Complete_Scaffolding_ComputeRiskScores1
[10:51:15 VRB] HandleCommand TaskInstanceProgressCommand
[10:51:15 DBG] HttpClient.Send: PUT https://dev-fusion-iam.caa.group.gca/api/Job/TaskInstance/Progress?api-version=2.0
[10:51:15 INF] Launch task: ComputeRiskScoresTask: ADPacifica_Synchro_Complete_Scaffolding_ComputeRiskScores1, Task 7/15
[10:51:15 VRB] HandleCommand RunTaskCommand
[10:51:15 DBG] HttpClient.Send: POST https://dev-fusion-iam.caa.group.gca/api/Job/Task/RunTask/136?api-version=4.0&jobInstanceId=1035&jobLogLevel=Trace
[10:51:16 VRB] HandleQuery SelectTaskInstanceInvokeJobQuery
[10:51:16 DBG] HttpClient.Send: GET https://dev-fusion-iam.caa.group.gca/api/Job/TaskInstance/GetTaskInstanceInvokeJob/6520?api-version=2.0&jobInstanceId=1035&taskId=136&jobId=19
[10:51:16 INF] Task: ADPacifica_Synchro_Complete_Scaffolding_ComputeRiskScores1 Completed with state Completed
[10:51:16 VRB] Check the JobInstance state for JobInstance 1035.
[10:51:16 VRB] HandleQuery SelectJobInstanceByIdQuery
[10:51:16 DBG] HttpClient.Send: GET https://dev-fusion-iam.caa.group.gca/api/Job/JobInstance/1035?api-version=2.0&squery=select%20State&path=/Jobs/JobInstance/Query&QueryRootEntityType=JobInstance
[10:51:16 INF] GenerateProvisioningOrdersTask: ADPacifica_Synchro_Complete_Scaffolding_GenerateProvisioningOrders1 (Level: 7, LaunchOrder: 7)
    ResourceType: ADPacifica_NominativeUser

[10:51:16 VRB] Check the instance state for Task ADPacifica_Synchro_Complete_Scaffolding_GenerateProvisioningOrders1
[10:51:16 VRB] HandleCommand TaskInstanceProgressCommand
[10:51:16 DBG] HttpClient.Send: PUT https://dev-fusion-iam.caa.group.gca/api/Job/TaskInstance/Progress?api-version=2.0
[10:51:16 INF] Launch task: GenerateProvisioningOrdersTask: ADPacifica_Synchro_Complete_Scaffolding_GenerateProvisioningOrders1, Task 8/15
[10:51:16 VRB] HandleCommand RunTaskCommand
[10:51:16 DBG] HttpClient.Send: POST https://dev-fusion-iam.caa.group.gca/api/Job/Task/RunTask/140?api-version=4.0&jobInstanceId=1035&jobLogLevel=Trace
[10:51:16 VRB] HandleQuery SelectTaskInstanceInvokeJobQuery
[10:51:16 DBG] HttpClient.Send: GET https://dev-fusion-iam.caa.group.gca/api/Job/TaskInstance/GetTaskInstanceInvokeJob/6521?api-version=2.0&jobInstanceId=1035&taskId=140&jobId=19
[10:51:16 INF] Task: ADPacifica_Synchro_Complete_Scaffolding_GenerateProvisioningOrders1 Completed with state Completed
[10:51:16 INF] FulfillTask: ADPacifica_Synchro_Complete_Scaffolding_Fulfill1 (Level: 8, LaunchOrder: 8)
    ConnectionIdentifier: ADPacificaExportFulfillment
    FulfillmentType: FulfillLdap
    ContinueOnError: True
    Parent: ADPacifica_Synchro_Complete_Scaffolding_GenerateProvisioningOrders1
    ResourceType: ADPacifica_NominativeUser

[10:51:16 VRB] Check the instance state for Task ADPacifica_Synchro_Complete_Scaffolding_Fulfill1
[10:51:16 VRB] HandleCommand TaskInstanceProgressCommand
[10:51:16 DBG] HttpClient.Send: PUT https://dev-fusion-iam.caa.group.gca/api/Job/TaskInstance/Progress?api-version=2.0
[10:51:16 INF] Launch task: FulfillTask: ADPacifica_Synchro_Complete_Scaffolding_Fulfill1, Task 9/15
[10:51:16 VRB] HandleCommand RunTaskCommand
[10:51:16 INF] Launch FulfillTask : ADPacifica_Synchro_Complete_Scaffolding_Fulfill1
[10:51:16 DBG] Start Process dotnet Usercube-Fulfill-Ldap.dll --progress-task-instance-id 6522 --api-url "https://dev-fusion-iam.caa.group.gca/" --api-client-id "Job" --log-level 0 --resource-types "2" --task-instance-id 6522 --mail-from "no-reply@caa.fr" --mail-pickup-directory "D:\UsercubeCAA\Mails" --mail-use-pickup-directory --password-cultures "en" --connection-identifier "ADPacificaExportFulfillment" --password-application-uri "https://dev-fusion-iam.caa.group.gca" --password-token-valid-for "03:00:00" --password-cert-store-location "0" --password-cert-store-name "0" --password-cert-file "./UsercubeCAAagent.pfx" --password-track-file-path "../Work\PasswordReset\tracked-accounts-ADPacificaExportFulfillment.csv" --server "10.110.242.67:636" --auth-type "Basic" --enable-ssl "True" --no-signing "False" --base-dn "DC=ca-pacificadev,DC=fr" --stdin null
[10:51:16 INF] Start process=True PID=7884 dotnet Usercube-Fulfill-Ldap.dll --progress-task-instance-id 6522 --api-url "https://dev-fusion-iam.caa.group.gca/" --api-client-id "Job" --log-level 0 --resource-types "2" --task-instance-id 6522 --mail-from "no-reply@caa.fr" --mail-pickup-directory "D:\UsercubeCAA\Mails" --mail-use-pickup-directory --password-cultures "en" --connection-identifier "ADPacificaExportFulfillment" --password-application-uri "https://dev-fusion-iam.caa.group.gca" --password-token-valid-for "03:00:00" --password-cert-store-location "0" --password-cert-store-name "0" --password-cert-file "./UsercubeCAAagent.pfx" --password-track-file-path "../Work\PasswordReset\tracked-accounts-ADPacificaExportFulfillment.csv" --server "10.110.242.67:636" --auth-type "Basic" --enable-ssl "True" --no-signing "False" --base-dn "DC=ca-pacificadev,DC=fr" --stdin
[10:51:18 DBG] HttpClient.Send: GET https://dev-fusion-iam.caa.group.gca/api/Job/TaskInstance/6522?api-version=1.0&squery=join%20Task%20t%20select%20t.ContinueOnError%2C%20State&path=/Jobs/TaskInstance/Query&QueryRootEntityType=TaskInstance
[10:51:18 VRB] HandleQuery SelectTaskInstanceInvokeJobQuery
[10:51:18 DBG] HttpClient.Send: GET https://dev-fusion-iam.caa.group.gca/api/Job/TaskInstance/GetTaskInstanceInvokeJob/6522?api-version=2.0&jobInstanceId=1035&taskId=139&jobId=19
[10:51:18 INF] Task: ADPacifica_Synchro_Complete_Scaffolding_Fulfill1 Completed with state Completed
[10:51:18 INF] UpdateParametersContextDisplayNamesTask: ADPacifica_Synchro_Complete_Scaffolding_UpdateParametersContextDisplayNames (Level: 9, LaunchOrder: 9)

[10:51:18 VRB] Check the instance state for Task ADPacifica_Synchro_Complete_Scaffolding_UpdateParametersContextDisplayNames
[10:51:18 VRB] HandleCommand TaskInstanceProgressCommand
[10:51:18 DBG] HttpClient.Send: PUT https://dev-fusion-iam.caa.group.gca/api/Job/TaskInstance/Progress?api-version=2.0
[10:51:18 INF] Launch task: UpdateParametersContextDisplayNamesTask: ADPacifica_Synchro_Complete_Scaffolding_UpdateParametersContextDisplayNames, Task 10/15
[10:51:18 VRB] HandleCommand RunTaskCommand
[10:51:18 DBG] HttpClient.Send: POST https://dev-fusion-iam.caa.group.gca/api/Job/Task/RunTask/146?api-version=4.0&jobInstanceId=1035&jobLogLevel=Trace
[10:51:18 VRB] HandleQuery SelectTaskInstanceInvokeJobQuery
[10:51:18 DBG] HttpClient.Send: GET https://dev-fusion-iam.caa.group.gca/api/Job/TaskInstance/GetTaskInstanceInvokeJob/6523?api-version=2.0&jobInstanceId=1035&taskId=146&jobId=19
[10:51:18 INF] Task: ADPacifica_Synchro_Complete_Scaffolding_UpdateParametersContextDisplayNames Completed with state Completed
[10:51:18 VRB] Check the JobInstance state for JobInstance 1035.
[10:51:18 VRB] HandleQuery SelectJobInstanceByIdQuery
[10:51:18 DBG] HttpClient.Send: GET https://dev-fusion-iam.caa.group.gca/api/Job/JobInstance/1035?api-version=2.0&squery=select%20State&path=/Jobs/JobInstance/Query&QueryRootEntityType=JobInstance
[10:51:18 INF] SendRoleModelNotificationsTask: ADPacifica_Synchro_Complete_Scaffolding_SendRoleModelNotifications (Level: 10, LaunchOrder: 10)

[10:51:18 VRB] Check the instance state for Task ADPacifica_Synchro_Complete_Scaffolding_SendRoleModelNotifications
[10:51:18 VRB] HandleCommand TaskInstanceProgressCommand
[10:51:18 DBG] HttpClient.Send: PUT https://dev-fusion-iam.caa.group.gca/api/Job/TaskInstance/Progress?api-version=2.0
[10:51:18 INF] Launch task: SendRoleModelNotificationsTask: ADPacifica_Synchro_Complete_Scaffolding_SendRoleModelNotifications, Task 11/15
[10:51:18 VRB] HandleCommand RunTaskCommand
[10:51:18 DBG] HttpClient.Send: POST https://dev-fusion-iam.caa.group.gca/api/Job/Task/RunTask/143?api-version=4.0&jobInstanceId=1035&jobLogLevel=Trace
[10:51:20 VRB] HandleQuery SelectTaskInstanceInvokeJobQuery
[10:51:20 DBG] HttpClient.Send: GET https://dev-fusion-iam.caa.group.gca/api/Job/TaskInstance/GetTaskInstanceInvokeJob/6524?api-version=2.0&jobInstanceId=1035&taskId=143&jobId=19
[10:51:20 INF] Task: ADPacifica_Synchro_Complete_Scaffolding_SendRoleModelNotifications Completed with state Completed
[10:51:20 DBG] HttpClient.Send: PUT https://dev-fusion-iam.caa.group.gca/api/Job/JobInstance/Progression/1035?api-version=3.0&jobGroupId=19&current=11&totalTask=15&state=InProgress&resourceId=-1&cancelRequest=False&retry=False
[10:51:20 INF] MaintainIndexesTask: ADPacifica_Synchro_Complete_Scaffolding_MaintainIndexes (Level: 11, LaunchOrder: 11)
    Rebuild Threshold: 0
    Reorganize Threshold: 0
    Page Count: 0
    Update Statistics Threshold: 0

[10:51:20 VRB] Check the instance state for Task ADPacifica_Synchro_Complete_Scaffolding_MaintainIndexes
[10:51:20 VRB] HandleCommand TaskInstanceProgressCommand
[10:51:20 DBG] HttpClient.Send: PUT https://dev-fusion-iam.caa.group.gca/api/Job/TaskInstance/Progress?api-version=2.0
[10:51:20 INF] Launch task: MaintainIndexesTask: ADPacifica_Synchro_Complete_Scaffolding_MaintainIndexes, Task 12/15
[10:51:20 VRB] HandleCommand RunTaskCommand
[10:51:20 DBG] HttpClient.Send: POST https://dev-fusion-iam.caa.group.gca/api/Job/Task/RunTask/141?api-version=4.0&jobInstanceId=1035&jobLogLevel=Trace
[10:51:23 VRB] HandleQuery SelectTaskInstanceInvokeJobQuery
[10:51:23 DBG] HttpClient.Send: GET https://dev-fusion-iam.caa.group.gca/api/Job/TaskInstance/GetTaskInstanceInvokeJob/6525?api-version=2.0&jobInstanceId=1035&taskId=141&jobId=19
[10:51:23 INF] Task: ADPacifica_Synchro_Complete_Scaffolding_MaintainIndexes Completed with state Completed
[10:51:23 VRB] Check the JobInstance state for JobInstance 1035.
[10:51:23 VRB] HandleQuery SelectJobInstanceByIdQuery
[10:51:23 DBG] HttpClient.Send: GET https://dev-fusion-iam.caa.group.gca/api/Job/JobInstance/1035?api-version=2.0&squery=select%20State&path=/Jobs/JobInstance/Query&QueryRootEntityType=JobInstance
[10:51:23 INF] ComputeRoleModelTask: ADPacifica_ComputeRoleModel_CAA (Level: 12, LaunchOrder: 12)
    EntityType: ADPacifica_Entry

[10:51:23 VRB] Check the instance state for Task ADPacifica_ComputeRoleModel_CAA
[10:51:23 VRB] HandleCommand TaskInstanceProgressCommand
[10:51:23 DBG] HttpClient.Send: PUT https://dev-fusion-iam.caa.group.gca/api/Job/TaskInstance/Progress?api-version=2.0
[10:51:23 INF] Launch task: ComputeRoleModelTask: ADPacifica_ComputeRoleModel_CAA, Task 13/15
[10:51:23 VRB] HandleCommand RunTaskCommand
[10:51:23 DBG] HttpClient.Send: POST https://dev-fusion-iam.caa.group.gca/api/Job/Task/RunTask/132?api-version=4.0&jobInstanceId=1035&jobLogLevel=Trace
[10:51:24 VRB] HandleQuery SelectTaskInstanceInvokeJobQuery
[10:51:24 DBG] HttpClient.Send: GET https://dev-fusion-iam.caa.group.gca/api/Job/TaskInstance/GetTaskInstanceInvokeJob/6526?api-version=2.0&jobInstanceId=1035&taskId=132&jobId=19
[10:51:24 INF] Task: ADPacifica_ComputeRoleModel_CAA Completed with state Completed
[10:51:24 INF] GenerateProvisioningOrdersTask: ADPacifica_GenerateProvisioningOrders_CAA (Level: 13, LaunchOrder: 13)
    Force Provisioning: True
    ResourceType: ADPacifica_To_Directory_UserRecord

[10:51:24 VRB] Check the instance state for Task ADPacifica_GenerateProvisioningOrders_CAA
[10:51:24 VRB] HandleCommand TaskInstanceProgressCommand
[10:51:24 DBG] HttpClient.Send: PUT https://dev-fusion-iam.caa.group.gca/api/Job/TaskInstance/Progress?api-version=2.0
[10:51:24 INF] Launch task: GenerateProvisioningOrdersTask: ADPacifica_GenerateProvisioningOrders_CAA, Task 14/15
[10:51:24 VRB] HandleCommand RunTaskCommand
[10:51:24 DBG] HttpClient.Send: POST https://dev-fusion-iam.caa.group.gca/api/Job/Task/RunTask/134?api-version=4.0&jobInstanceId=1035&jobLogLevel=Trace
[10:51:24 VRB] HandleQuery SelectTaskInstanceInvokeJobQuery
[10:51:24 DBG] HttpClient.Send: GET https://dev-fusion-iam.caa.group.gca/api/Job/TaskInstance/GetTaskInstanceInvokeJob/6527?api-version=2.0&jobInstanceId=1035&taskId=134&jobId=19
[10:51:24 INF] Task: ADPacifica_GenerateProvisioningOrders_CAA Completed with state Completed
[10:51:24 INF] FulfillTask: ADPacifica_Fulfill_CAA (Level: 14, LaunchOrder: 14)
    ConnectionIdentifier: HRDatabase
    FulfillmentType: FulfillInternalResource
    ResourceType: ADPacifica_To_Directory_UserRecord

[10:51:24 VRB] Check the instance state for Task ADPacifica_Fulfill_CAA
[10:51:24 VRB] HandleCommand TaskInstanceProgressCommand
[10:51:24 DBG] HttpClient.Send: PUT https://dev-fusion-iam.caa.group.gca/api/Job/TaskInstance/Progress?api-version=2.0
[10:51:24 INF] Launch task: FulfillTask: ADPacifica_Fulfill_CAA, Task 15/15
[10:51:24 VRB] HandleCommand RunTaskCommand
[10:51:24 DBG] HttpClient.Send: POST https://dev-fusion-iam.caa.group.gca/api/Job/Task/RunTask/133?api-version=4.0&jobInstanceId=1035&jobLogLevel=Trace
[10:51:25 VRB] HandleQuery SelectTaskInstanceInvokeJobQuery
[10:51:25 DBG] HttpClient.Send: GET https://dev-fusion-iam.caa.group.gca/api/Job/TaskInstance/GetTaskInstanceInvokeJob/6528?api-version=2.0&jobInstanceId=1035&taskId=133&jobId=19
[10:51:25 INF] Task: ADPacifica_Fulfill_CAA Completed with state Completed
[10:51:25 DBG] HttpClient.Send: PUT https://dev-fusion-iam.caa.group.gca/api/Job/JobInstance/Progression/1035?api-version=3.0&jobGroupId=19&current=15&totalTask=15&state=Completed&resourceId=-1&cancelRequest=False&retry=False
