[17:15:05 INF] PrepareSynchronization started for Connector=10 SynchronizationMode=Complete WorkingDirectory=../Work\Collect
[17:15:05 DBG] HttpClient.Send: POST https://dev-fusion-iam.caa.group.gca/api/Connectors/Connector/OpenSynchronizeSession?api-version=1.0
[17:15:06 VRB] Refreshed token: token expiration date=01/26/2025 17:12:05
Synchronization session created
[17:15:06 DBG] HttpClient.Send: GET https://dev-fusion-iam.caa.group.gca/api/Connectors/Connector/10?api-version=2.0&squery=join%20EntityTypeMappings%20etm%20join%20EntityAssociationMappings%20eam%20join%20etm.EntityPropertyMappings%20epm%20join%20epm.EntityProperty%20ep%20join%20etm.EntityType%20et%20join%20eam.EntityAssociation%20ea%20join%20eam.EntityPropertyMapping1%20eam1%20join%20eam1.EntityProperty%20eamp1%20join%20eam.EntityPropertyMapping2%20eam2%20join%20eam2.EntityProperty%20eamp2%20join%20ea.Property1%20eap1%20join%20ea.Property2%20eap2%20join%20Connections%20c%20join%20c.Package%20p%20select%20Id%2Cetm.ConnectionTable%2Cet.Identifier%2Cepm.ConnectionColumn%2Cepm.IsPrimaryKey%2Ceam.ConnectionTable%2Ceam.Column1%2Ceam.Column2%2Cea.Identifier%2Cea.IsProperty1Collection%2Cea.IsProperty2Collection%2Cep.TargetColumnIndex%2Cep.Type%2Cep.Identifier%2Ceap1.Identifier%2Ceap1.Type%2Ceap2.Identifier%2Ceap2.Type%2Ceamp1.TargetColumnIndex%2Ceamp2.TargetColumnIndex%2Cc.Id%2Cc.Identifier%2Cp.Id%2Cp.Identifier%20where%20%28etm.ConnectionTable%20%21%3D%20null%20and%20%28epm.ConnectionColumn%20%21%3D%20null%20or%20epm.Format%25%3D%22concat%22%20or%20epm.Format%3D%22multivaluedtext%22%29%29&path=/Connectors/Connector/Query
[17:15:06 DBG] HttpClient.Send: GET https://dev-fusion-iam.caa.group.gca/api/Connectors/Connector/CollationInfo?api-version=1.0
[17:15:06 DBG] HttpClient.Send: PUT https://dev-fusion-iam.caa.group.gca/api/Job/TaskInstance/Progression/3448?api-version=1.0
[17:15:06 DBG] ExtractionCommand InputFile=../Temp\ExportOutput\PayrollCompany.csv OutputFile=D:\UsercubeCAA\Work\Collect\10\Payroll_Company
[17:15:06 DBG] ExtractionCommand InputFile=../Temp\ExportOutput\PayrollCompanyType.csv OutputFile=D:\UsercubeCAA\Work\Collect\10\Payroll_CompanyType
[17:15:06 DBG] ExtractionCommand InputFile=../Temp\ExportOutput\PayrollTranscoOrganization.csv OutputFile=D:\UsercubeCAA\Work\Collect\10\Payroll_TranscoOrganization
[17:15:06 DBG] SortCommand InputFile=D:\UsercubeCAA\Work\Collect\10\Payroll_Company OutputFile=D:\UsercubeCAA\Work\Collect\10\Payroll_Company.sorted.csv
[17:15:06 DBG] SortCommand InputFile=D:\UsercubeCAA\Work\Collect\10\Payroll_CompanyType OutputFile=D:\UsercubeCAA\Work\Collect\10\Payroll_CompanyType.sorted.csv
[17:15:06 DBG] SortCommand InputFile=D:\UsercubeCAA\Work\Collect\10\Payroll_TranscoOrganization OutputFile=D:\UsercubeCAA\Work\Collect\10\Payroll_TranscoOrganization.sorted.csv
[17:15:06 DBG] ExtractionCommand InputFile=../Temp\ExportOutput\PayrollContractType.csv OutputFile=D:\UsercubeCAA\Work\Collect\10\Payroll_ContractType
[17:15:06 DBG] ExtractionCommand InputFile=../Temp\ExportOutput\PayrollOrganization.csv OutputFile=D:\UsercubeCAA\Work\Collect\10\Payroll_Organization
[17:15:06 DBG] SortCommand InputFile=D:\UsercubeCAA\Work\Collect\10\Payroll_Organization OutputFile=D:\UsercubeCAA\Work\Collect\10\Payroll_Organization.sorted.csv
[17:15:06 DBG] ExtractionCommand InputFile=../Temp\ExportOutput\PayrollTranscoSite.csv OutputFile=D:\UsercubeCAA\Work\Collect\10\Payroll_TranscoSite
[17:15:06 DBG] SortCommand InputFile=D:\UsercubeCAA\Work\Collect\10\Payroll_ContractType OutputFile=D:\UsercubeCAA\Work\Collect\10\Payroll_ContractType.sorted.csv
[17:15:06 DBG] ExtractionCommand InputFile=../Temp\ExportOutput\PayrollFunction.csv OutputFile=D:\UsercubeCAA\Work\Collect\10\Payroll_Function
[17:15:06 DBG] ExtractionCommand InputFile=../Temp\ExportOutput\PayrollSite.csv OutputFile=D:\UsercubeCAA\Work\Collect\10\Payroll_Site
[17:15:06 DBG] SortCommand InputFile=D:\UsercubeCAA\Work\Collect\10\Payroll_Site OutputFile=D:\UsercubeCAA\Work\Collect\10\Payroll_Site.sorted.csv
[17:15:06 DBG] SortCommand InputFile=D:\UsercubeCAA\Work\Collect\10\Payroll_TranscoSite OutputFile=D:\UsercubeCAA\Work\Collect\10\Payroll_TranscoSite.sorted.csv
[17:15:06 DBG] ExtractionCommand InputFile=../Temp\ExportOutput\PayrollUserRecord.csv OutputFile=D:\UsercubeCAA\Work\Collect\10\Payroll_UserRecord
[17:15:06 DBG] SortCommand InputFile=D:\UsercubeCAA\Work\Collect\10\Payroll_Function OutputFile=D:\UsercubeCAA\Work\Collect\10\Payroll_Function.sorted.csv
[17:15:06 DBG] ExtractionCommand InputFile=../Temp\ExportOutput\PayrollUser.csv OutputFile=D:\UsercubeCAA\Work\Collect\10\Payroll_User
[17:15:06 DBG] SortCommand InputFile=D:\UsercubeCAA\Work\Collect\10\Payroll_User OutputFile=D:\UsercubeCAA\Work\Collect\10\Payroll_User.sorted.csv
[17:15:06 DBG] UploadCommand InputFile=D:\UsercubeCAA\Work\Collect\10\Payroll_Company.sorted.csv
[17:15:06 DBG] SortCommand InputFile=D:\UsercubeCAA\Work\Collect\10\Payroll_UserRecord OutputFile=D:\UsercubeCAA\Work\Collect\10\Payroll_UserRecord.sorted.csv
[17:15:06 DBG] HttpClient.Send: POST https://dev-fusion-iam.caa.group.gca/api/Connectors/Connector/SynchronizeEntity?api-version=1.0
[17:15:06 DBG] MoveFileCommand SourceFile=D:\UsercubeCAA\Work\Collect\10\Payroll_Company.sorted.csv DestinationFile=D:\UsercubeCAA\Work\Collect\10\previous\Payroll_Company.sorted.csv
[17:15:06 DBG] UploadCommand InputFile=D:\UsercubeCAA\Work\Collect\10\Payroll_CompanyType.sorted.csv
[17:15:06 DBG] HttpClient.Send: POST https://dev-fusion-iam.caa.group.gca/api/Connectors/Connector/SynchronizeEntity?api-version=1.0
[17:15:06 DBG] MoveFileCommand SourceFile=D:\UsercubeCAA\Work\Collect\10\Payroll_CompanyType.sorted.csv DestinationFile=D:\UsercubeCAA\Work\Collect\10\previous\Payroll_CompanyType.sorted.csv
[17:15:06 DBG] UploadCommand InputFile=D:\UsercubeCAA\Work\Collect\10\Payroll_TranscoOrganization.sorted.csv
[17:15:06 DBG] HttpClient.Send: POST https://dev-fusion-iam.caa.group.gca/api/Connectors/Connector/SynchronizeEntity?api-version=1.0
[17:15:06 DBG] ExtractionCommand InputFile=../Temp\ExportOutput\PayrollUserType.csv OutputFile=D:\UsercubeCAA\Work\Collect\10\Payroll_UserType
[17:15:06 DBG] SortCommand InputFile=D:\UsercubeCAA\Work\Collect\10\Payroll_UserType OutputFile=D:\UsercubeCAA\Work\Collect\10\Payroll_UserType.sorted.csv
[17:15:06 DBG] ExtractionCommand InputFile=../Temp\ExportOutput\PayrollUserRecord.csv OutputFile=D:\UsercubeCAA\Work\Collect\10\Payroll_UserRecord_User
[17:15:07 DBG] MoveFileCommand SourceFile=D:\UsercubeCAA\Work\Collect\10\Payroll_TranscoOrganization.sorted.csv DestinationFile=D:\UsercubeCAA\Work\Collect\10\previous\Payroll_TranscoOrganization.sorted.csv
[17:15:07 DBG] SortCommand InputFile=D:\UsercubeCAA\Work\Collect\10\Payroll_UserRecord_User OutputFile=D:\UsercubeCAA\Work\Collect\10\Payroll_UserRecord_User.sorted.csv
[17:15:07 DBG] UploadCommand InputFile=D:\UsercubeCAA\Work\Collect\10\Payroll_ContractType.sorted.csv
[17:15:07 DBG] HttpClient.Send: POST https://dev-fusion-iam.caa.group.gca/api/Connectors/Connector/SynchronizeEntity?api-version=1.0
[17:15:07 DBG] MoveFileCommand SourceFile=D:\UsercubeCAA\Work\Collect\10\Payroll_ContractType.sorted.csv DestinationFile=D:\UsercubeCAA\Work\Collect\10\previous\Payroll_ContractType.sorted.csv
[17:15:07 DBG] UploadCommand InputFile=D:\UsercubeCAA\Work\Collect\10\Payroll_Organization.sorted.csv
[17:15:07 DBG] HttpClient.Send: POST https://dev-fusion-iam.caa.group.gca/api/Connectors/Connector/SynchronizeEntity?api-version=1.0
[17:15:07 DBG] MoveFileCommand SourceFile=D:\UsercubeCAA\Work\Collect\10\Payroll_Organization.sorted.csv DestinationFile=D:\UsercubeCAA\Work\Collect\10\previous\Payroll_Organization.sorted.csv
[17:15:07 DBG] UploadCommand InputFile=D:\UsercubeCAA\Work\Collect\10\Payroll_Site.sorted.csv
[17:15:07 DBG] HttpClient.Send: POST https://dev-fusion-iam.caa.group.gca/api/Connectors/Connector/SynchronizeEntity?api-version=1.0
[17:15:07 DBG] MoveFileCommand SourceFile=D:\UsercubeCAA\Work\Collect\10\Payroll_Site.sorted.csv DestinationFile=D:\UsercubeCAA\Work\Collect\10\previous\Payroll_Site.sorted.csv
[17:15:07 DBG] UploadCommand InputFile=D:\UsercubeCAA\Work\Collect\10\Payroll_TranscoSite.sorted.csv
[17:15:07 DBG] HttpClient.Send: POST https://dev-fusion-iam.caa.group.gca/api/Connectors/Connector/SynchronizeEntity?api-version=1.0
[17:15:07 DBG] MoveFileCommand SourceFile=D:\UsercubeCAA\Work\Collect\10\Payroll_TranscoSite.sorted.csv DestinationFile=D:\UsercubeCAA\Work\Collect\10\previous\Payroll_TranscoSite.sorted.csv
[17:15:07 DBG] UploadCommand InputFile=D:\UsercubeCAA\Work\Collect\10\Payroll_Function.sorted.csv
[17:15:07 DBG] HttpClient.Send: POST https://dev-fusion-iam.caa.group.gca/api/Connectors/Connector/SynchronizeEntity?api-version=1.0
[17:15:07 DBG] MoveFileCommand SourceFile=D:\UsercubeCAA\Work\Collect\10\Payroll_Function.sorted.csv DestinationFile=D:\UsercubeCAA\Work\Collect\10\previous\Payroll_Function.sorted.csv
[17:15:07 DBG] UploadCommand InputFile=D:\UsercubeCAA\Work\Collect\10\Payroll_User.sorted.csv
[17:15:07 DBG] HttpClient.Send: POST https://dev-fusion-iam.caa.group.gca/api/Connectors/Connector/SynchronizeEntity?api-version=1.0
[17:15:07 DBG] MoveFileCommand SourceFile=D:\UsercubeCAA\Work\Collect\10\Payroll_User.sorted.csv DestinationFile=D:\UsercubeCAA\Work\Collect\10\previous\Payroll_User.sorted.csv
[17:15:07 DBG] UploadCommand InputFile=D:\UsercubeCAA\Work\Collect\10\Payroll_UserRecord.sorted.csv
[17:15:07 DBG] HttpClient.Send: POST https://dev-fusion-iam.caa.group.gca/api/Connectors/Connector/SynchronizeEntity?api-version=1.0
[17:15:07 DBG] MoveFileCommand SourceFile=D:\UsercubeCAA\Work\Collect\10\Payroll_UserRecord.sorted.csv DestinationFile=D:\UsercubeCAA\Work\Collect\10\previous\Payroll_UserRecord.sorted.csv
[17:15:07 DBG] UploadCommand InputFile=D:\UsercubeCAA\Work\Collect\10\Payroll_UserType.sorted.csv
[17:15:07 DBG] HttpClient.Send: POST https://dev-fusion-iam.caa.group.gca/api/Connectors/Connector/SynchronizeEntity?api-version=1.0
[17:15:07 DBG] MoveFileCommand SourceFile=D:\UsercubeCAA\Work\Collect\10\Payroll_UserType.sorted.csv DestinationFile=D:\UsercubeCAA\Work\Collect\10\previous\Payroll_UserType.sorted.csv
[17:15:07 DBG] UploadCommand InputFile=D:\UsercubeCAA\Work\Collect\10\Payroll_UserRecord_User.sorted.csv
[17:15:07 DBG] HttpClient.Send: POST https://dev-fusion-iam.caa.group.gca/api/Connectors/Connector/SynchronizeEntity?api-version=1.0
[17:15:07 DBG] MoveFileCommand SourceFile=D:\UsercubeCAA\Work\Collect\10\Payroll_UserRecord_User.sorted.csv DestinationFile=D:\UsercubeCAA\Work\Collect\10\previous\Payroll_UserRecord_User.sorted.csv
[17:15:07 DBG] HttpClient.Send: DELETE https://dev-fusion-iam.caa.group.gca/api/Connectors/Connector/CloseSynchronizeSession/10/20250126161505_64b941b5-ed85-4195-b38a-95746785bf29?api-version=1.0&closeSessionMode=Success
Synchronization session closed
[17:15:07 INF] PrepareSynchronization completed CurrentCount=48 MaxCount=48 Sent=18570 Duplicated=1 NullPks=0
[17:15:07 DBG] HttpClient.Send: PUT https://dev-fusion-iam.caa.group.gca/api/Job/TaskInstance/Progression/3448?api-version=1.0
[17:15:07 INF] PrepareSynchronization completed for Connector=10 SynchronizationMode=Complete WorkingDirectory=../Work\Collect
