[17:08:12 DBG] HttpClient.Send: PUT https://dev-fusion-iam.caa.group.gca/api/Job/JobInstance/Progression/671?api-version=3.0&jobGroupId=3&current=0&totalTask=0&state=InProgress&resourceId=-1&cancelRequest=False&retry=False
[17:08:12 VRB] Refreshed token: token expiration date=01/26/2025 17:05:11
[17:08:12 VRB] HandleQuery SelectConsolidateJobQuery
[17:08:12 DBG] HttpClient.Send: GET https://dev-fusion-iam.caa.group.gca/api/Job/Job/RunStateMachineJob?api-version=4.0&path=/Jobs/Job/Query&jobIdentifier=3&repair=False&beginJobStep=-1&endJobStep=-1&forceSynchronizationProvisioning=False&retry=False&launchTaskType=0&taskIdentifier=&taskIdentifierContains=&beginTaskExcluded=&endTaskExcluded=&jobInstanceId=671&jobId=3
[17:08:13 VRB] HandleCommand ReserveTaskInstanceIdCommand
[17:08:13 VRB] Reserve 1 next TaskInstanceId
[17:08:13 DBG] HttpClient.Send: PUT https://dev-fusion-iam.caa.group.gca/api/Job/TaskInstance/GetTaskInstanceId/1?api-version=1.0
[17:08:13 VRB] Check the JobInstance state for JobInstance 671.
[17:08:13 VRB] HandleQuery SelectJobInstanceByIdQuery
[17:08:13 DBG] HttpClient.Send: GET https://dev-fusion-iam.caa.group.gca/api/Job/JobInstance/671?api-version=2.0&squery=select%20State&path=/Jobs/JobInstance/Query&QueryRootEntityType=JobInstance
[17:08:13 INF] CreateDatabaseViewsTask: CreateDatabaseViewsJob_CreateDatabaseViews (Level: 0, LaunchOrder: 0)

[17:08:13 VRB] Check the instance state for Task CreateDatabaseViewsJob_CreateDatabaseViews
[17:08:13 VRB] HandleCommand TaskInstanceProgressCommand
[17:08:13 DBG] HttpClient.Send: PUT https://dev-fusion-iam.caa.group.gca/api/Job/TaskInstance/Progress?api-version=2.0
[17:08:13 INF] Launch task: CreateDatabaseViewsTask: CreateDatabaseViewsJob_CreateDatabaseViews, Task 1/1
[17:08:13 VRB] HandleCommand RunTaskCommand
[17:08:13 INF] Launch CreateDatabaseViewsTask : CreateDatabaseViewsJob_CreateDatabaseViews
[17:08:13 DBG] Start Process dotnet Usercube-Create-DatabaseViews.dll --progress-task-instance-id 3361 --api-url "https://dev-fusion-iam.caa.group.gca/" --api-client-id "Job" --log-level 0 --stdin null
[17:08:13 INF] Start process=True PID=11928 dotnet Usercube-Create-DatabaseViews.dll --progress-task-instance-id 3361 --api-url "https://dev-fusion-iam.caa.group.gca/" --api-client-id "Job" --log-level 0 --stdin
[17:08:14 DBG] HttpClient.Send: GET https://dev-fusion-iam.caa.group.gca/api/Job/TaskInstance/3361?api-version=1.0&squery=join%20Task%20t%20select%20t.ContinueOnError%2C%20State&path=/Jobs/TaskInstance/Query&QueryRootEntityType=TaskInstance
[17:08:14 VRB] HandleQuery SelectTaskInstanceInvokeJobQuery
[17:08:14 DBG] HttpClient.Send: GET https://dev-fusion-iam.caa.group.gca/api/Job/TaskInstance/GetTaskInstanceInvokeJob/3361?api-version=2.0&jobInstanceId=671&taskId=225&jobId=3
[17:08:14 INF] Task: CreateDatabaseViewsJob_CreateDatabaseViews Completed with state Completed
[17:08:14 DBG] HttpClient.Send: PUT https://dev-fusion-iam.caa.group.gca/api/Job/JobInstance/Progression/671?api-version=3.0&jobGroupId=3&current=1&totalTask=1&state=Completed&resourceId=-1&cancelRequest=False&retry=False
