[16:25:25 DBG] HttpClient.Send: PUT https://dev-fusion-iam.caa.group.gca/api/Job/JobInstance/Progression/809?api-version=3.0&jobGroupId=38001&current=0&totalTask=0&state=InProgress&resourceId=-1&cancelRequest=False&retry=False
[16:25:25 VRB] Refreshed token: token expiration date=01/29/2025 16:22:24
[16:25:25 VRB] HandleQuery SelectConsolidateJobQuery
[16:25:25 DBG] HttpClient.Send: GET https://dev-fusion-iam.caa.group.gca/api/Job/Job/RunStateMachineJob?api-version=4.0&path=/Jobs/Job/Query&jobIdentifier=38001&repair=False&beginJobStep=-1&endJobStep=-1&forceSynchronizationProvisioning=False&retry=False&launchTaskType=0&taskIdentifier=&taskIdentifierContains=&beginTaskExcluded=&endTaskExcluded=&jobInstanceId=809&jobId=38001
[16:25:26 VRB] HandleCommand ReserveTaskInstanceIdCommand
[16:25:26 VRB] Reserve 1 next TaskInstanceId
[16:25:26 DBG] HttpClient.Send: PUT https://dev-fusion-iam.caa.group.gca/api/Job/TaskInstance/GetTaskInstanceId/1?api-version=1.0
[16:25:26 VRB] Check the JobInstance state for JobInstance 809.
[16:25:26 VRB] HandleQuery SelectJobInstanceByIdQuery
[16:25:26 DBG] HttpClient.Send: GET https://dev-fusion-iam.caa.group.gca/api/Job/JobInstance/809?api-version=2.0&squery=select%20State&path=/Jobs/JobInstance/Query&QueryRootEntityType=JobInstance
[16:25:26 INF] InvokeExpressionTask: ADAExportScript (Level: 0, LaunchOrder: 0)
    Agent: CAA

[16:25:26 VRB] Check the instance state for Task ADAExportScript
[16:25:26 VRB] HandleCommand TaskInstanceProgressCommand
[16:25:26 DBG] HttpClient.Send: PUT https://dev-fusion-iam.caa.group.gca/api/Job/TaskInstance/Progress?api-version=2.0
[16:25:26 INF] Launch task: InvokeExpressionTask: ADAExportScript, Task 1/1
[16:25:26 VRB] HandleCommand RunTaskCommand
[16:25:26 INF] Launch InvokeExpressionTask : ADAExportScript
[16:25:26 DBG] Start Process dotnet Usercube-Invoke-ExpressionAgentSide.dll --progress-task-instance-id 4600 --api-url "https://dev-fusion-iam.caa.group.gca/" --api-client-id "Job" --log-level 0 --input-path "D:/UsercubeCAA/Scripts/ADA/ADA_Export.ps1" --stdin null
[16:25:26 INF] Start process=True PID=5952 dotnet Usercube-Invoke-ExpressionAgentSide.dll --progress-task-instance-id 4600 --api-url "https://dev-fusion-iam.caa.group.gca/" --api-client-id "Job" --log-level 0 --input-path "D:/UsercubeCAA/Scripts/ADA/ADA_Export.ps1" --stdin
[16:25:30 DBG] HttpClient.Send: GET https://dev-fusion-iam.caa.group.gca/api/Job/TaskInstance/4600?api-version=1.0&squery=join%20Task%20t%20select%20t.ContinueOnError%2C%20State&path=/Jobs/TaskInstance/Query&QueryRootEntityType=TaskInstance
[16:25:30 VRB] HandleQuery SelectTaskInstanceInvokeJobQuery
[16:25:30 DBG] HttpClient.Send: GET https://dev-fusion-iam.caa.group.gca/api/Job/TaskInstance/GetTaskInstanceInvokeJob/4600?api-version=2.0&jobInstanceId=809&taskId=61001&jobId=38001
[16:25:30 INF] Task: ADAExportScript Completed with state Completed
[16:25:30 DBG] HttpClient.Send: PUT https://dev-fusion-iam.caa.group.gca/api/Job/JobInstance/Progression/809?api-version=3.0&jobGroupId=38001&current=1&totalTask=1&state=Completed&resourceId=-1&cancelRequest=False&retry=False
