[11:26:25 DBG] HttpClient.Send: PUT https://dev-fusion-iam.caa.group.gca/api/Job/JobInstance/Progression/702?api-version=3.0&jobGroupId=4&current=0&totalTask=0&state=InProgress&resourceId=-1&cancelRequest=False&retry=False
[11:26:25 VRB] Refreshed token: token expiration date=01/27/2025 11:23:24
[11:26:25 VRB] HandleQuery SelectConsolidateJobQuery
[11:26:25 DBG] HttpClient.Send: GET https://dev-fusion-iam.caa.group.gca/api/Job/Job/RunStateMachineJob?api-version=4.0&path=/Jobs/Job/Query&jobIdentifier=4&repair=False&beginJobStep=-1&endJobStep=-1&forceSynchronizationProvisioning=False&retry=False&launchTaskType=0&taskIdentifier=&taskIdentifierContains=&beginTaskExcluded=&endTaskExcluded=&jobInstanceId=702&jobId=4
[11:26:26 VRB] HandleCommand ReserveTaskInstanceIdCommand
[11:26:26 VRB] Reserve 25 next TaskInstanceId
[11:26:26 DBG] HttpClient.Send: PUT https://dev-fusion-iam.caa.group.gca/api/Job/TaskInstance/GetTaskInstanceId/25?api-version=1.0
[11:26:26 VRB] Check the JobInstance state for JobInstance 702.
[11:26:26 VRB] HandleQuery SelectJobInstanceByIdQuery
[11:26:26 DBG] HttpClient.Send: GET https://dev-fusion-iam.caa.group.gca/api/Job/JobInstance/702?api-version=2.0&squery=select%20State&path=/Jobs/JobInstance/Query&QueryRootEntityType=JobInstance
[11:26:26 INF] InvokeExpressionTask: HR_Synchro_Incremental_Scaffolding_PreCollect (Level: 0, LaunchOrder: 0)
    Agent: CAA

[11:26:26 VRB] Check the instance state for Task HR_Synchro_Incremental_Scaffolding_PreCollect
[11:26:26 VRB] HandleCommand TaskInstanceProgressCommand
[11:26:26 DBG] HttpClient.Send: PUT https://dev-fusion-iam.caa.group.gca/api/Job/TaskInstance/Progress?api-version=2.0
[11:26:26 INF] Launch task: InvokeExpressionTask: HR_Synchro_Incremental_Scaffolding_PreCollect, Task 1/25
[11:26:26 VRB] HandleCommand RunTaskCommand
[11:26:26 INF] Launch InvokeExpressionTask : HR_Synchro_Incremental_Scaffolding_PreCollect
[11:26:26 DBG] Start Process dotnet Usercube-Invoke-ExpressionAgentSide.dll --progress-task-instance-id 3687 --api-url "https://dev-fusion-iam.caa.group.gca/" --api-client-id "Job" --log-level 0 --input-path "D:\UsercubeCAA\Scripts\HR\HR_PreCollect.ps1" --stdin null
[11:26:26 INF] Start process=True PID=13504 dotnet Usercube-Invoke-ExpressionAgentSide.dll --progress-task-instance-id 3687 --api-url "https://dev-fusion-iam.caa.group.gca/" --api-client-id "Job" --log-level 0 --input-path "D:\UsercubeCAA\Scripts\HR\HR_PreCollect.ps1" --stdin
[11:26:27 DBG] HttpClient.Send: GET https://dev-fusion-iam.caa.group.gca/api/Job/TaskInstance/3687?api-version=1.0&squery=join%20Task%20t%20select%20t.ContinueOnError%2C%20State&path=/Jobs/TaskInstance/Query&QueryRootEntityType=TaskInstance
[11:26:27 VRB] HandleQuery SelectTaskInstanceInvokeJobQuery
[11:26:27 DBG] HttpClient.Send: GET https://dev-fusion-iam.caa.group.gca/api/Job/TaskInstance/GetTaskInstanceInvokeJob/3687?api-version=2.0&jobInstanceId=702&taskId=238&jobId=4
[11:26:27 INF] Task: HR_Synchro_Incremental_Scaffolding_PreCollect Completed with state Completed
[11:26:27 INF] ExportTask: HR_Synchro_Incremental_Scaffolding_Export_HR_User (Level: 1, LaunchOrder: 1)
    Connector: HR
    Mode: Incremental
    ConnectionIdentifier: HRUser
    ExportType: ExportCsv

[11:26:27 VRB] Check the instance state for Task HR_Synchro_Incremental_Scaffolding_Export_HR_User
[11:26:27 VRB] HandleCommand TaskInstanceProgressCommand
[11:26:27 DBG] HttpClient.Send: PUT https://dev-fusion-iam.caa.group.gca/api/Job/TaskInstance/Progress?api-version=2.0
[11:26:27 INF] Launch task: ExportTask: HR_Synchro_Incremental_Scaffolding_Export_HR_User, Task 2/25
[11:26:27 VRB] HandleCommand RunTaskCommand
[11:26:27 INF] Launch ExportTask : HR_Synchro_Incremental_Scaffolding_Export_HR_User
[11:26:27 DBG] Start Process dotnet Usercube-Export-Csv.dll --progress-task-instance-id 3688 --api-url "https://dev-fusion-iam.caa.group.gca/" --api-client-id "Job" --log-level 0 --output-path "../Temp\ExportOutput" --connection-identifier "HRUser" --path-incremental "D:\UsercubeCAA\Sources\RH\Incremental\RH_entrees.csv" --separator ";" --lines-to-skip "0" --stdin null
[11:26:27 INF] Start process=True PID=9584 dotnet Usercube-Export-Csv.dll --progress-task-instance-id 3688 --api-url "https://dev-fusion-iam.caa.group.gca/" --api-client-id "Job" --log-level 0 --output-path "../Temp\ExportOutput" --connection-identifier "HRUser" --path-incremental "D:\UsercubeCAA\Sources\RH\Incremental\RH_entrees.csv" --separator ";" --lines-to-skip "0" --stdin
[11:26:28 DBG] HttpClient.Send: GET https://dev-fusion-iam.caa.group.gca/api/Job/TaskInstance/3688?api-version=1.0&squery=join%20Task%20t%20select%20t.ContinueOnError%2C%20State&path=/Jobs/TaskInstance/Query&QueryRootEntityType=TaskInstance
[11:26:28 VRB] HandleQuery SelectTaskInstanceInvokeJobQuery
[11:26:28 DBG] HttpClient.Send: GET https://dev-fusion-iam.caa.group.gca/api/Job/TaskInstance/GetTaskInstanceInvokeJob/3688?api-version=2.0&jobInstanceId=702&taskId=235&jobId=4
[11:26:28 INF] Task: HR_Synchro_Incremental_Scaffolding_Export_HR_User Completed with state Completed
[11:26:28 VRB] Check the JobInstance state for JobInstance 702.
[11:26:28 VRB] HandleQuery SelectJobInstanceByIdQuery
[11:26:28 DBG] HttpClient.Send: GET https://dev-fusion-iam.caa.group.gca/api/Job/JobInstance/702?api-version=2.0&squery=select%20State&path=/Jobs/JobInstance/Query&QueryRootEntityType=JobInstance
[11:26:28 INF] ExportTask: HR_Synchro_Incremental_Scaffolding_Export_HR_UserUpdate (Level: 2, LaunchOrder: 2)
    Connector: HR
    Mode: Incremental
    ConnectionIdentifier: HRUserUpdate
    ExportType: ExportCsv

[11:26:28 VRB] Check the instance state for Task HR_Synchro_Incremental_Scaffolding_Export_HR_UserUpdate
[11:26:28 VRB] HandleCommand TaskInstanceProgressCommand
[11:26:28 DBG] HttpClient.Send: PUT https://dev-fusion-iam.caa.group.gca/api/Job/TaskInstance/Progress?api-version=2.0
[11:26:28 INF] Launch task: ExportTask: HR_Synchro_Incremental_Scaffolding_Export_HR_UserUpdate, Task 3/25
[11:26:28 VRB] HandleCommand RunTaskCommand
[11:26:28 INF] Launch ExportTask : HR_Synchro_Incremental_Scaffolding_Export_HR_UserUpdate
[11:26:28 DBG] Start Process dotnet Usercube-Export-Csv.dll --progress-task-instance-id 3689 --api-url "https://dev-fusion-iam.caa.group.gca/" --api-client-id "Job" --log-level 0 --output-path "../Temp\ExportOutput" --connection-identifier "HRUserUpdate" --path-incremental "D:\UsercubeCAA\Sources\RH\Incremental\RH_sorties_mobilitees.csv" --separator ";" --lines-to-skip "0" --stdin null
[11:26:28 INF] Start process=True PID=14656 dotnet Usercube-Export-Csv.dll --progress-task-instance-id 3689 --api-url "https://dev-fusion-iam.caa.group.gca/" --api-client-id "Job" --log-level 0 --output-path "../Temp\ExportOutput" --connection-identifier "HRUserUpdate" --path-incremental "D:\UsercubeCAA\Sources\RH\Incremental\RH_sorties_mobilitees.csv" --separator ";" --lines-to-skip "0" --stdin
[11:26:29 DBG] HttpClient.Send: GET https://dev-fusion-iam.caa.group.gca/api/Job/TaskInstance/3689?api-version=1.0&squery=join%20Task%20t%20select%20t.ContinueOnError%2C%20State&path=/Jobs/TaskInstance/Query&QueryRootEntityType=TaskInstance
[11:26:29 VRB] HandleQuery SelectTaskInstanceInvokeJobQuery
[11:26:29 DBG] HttpClient.Send: GET https://dev-fusion-iam.caa.group.gca/api/Job/TaskInstance/GetTaskInstanceInvokeJob/3689?api-version=2.0&jobInstanceId=702&taskId=236&jobId=4
[11:26:29 INF] Task: HR_Synchro_Incremental_Scaffolding_Export_HR_UserUpdate Completed with state Completed
[11:26:29 INF] ExportTask: HR_Synchro_Incremental_Scaffolding_Export_HR_LoadIUG (Level: 3, LaunchOrder: 3)
    Connector: HR
    Mode: Incremental
    ConnectionIdentifier: HRLoadIUG
    ExportType: ExportCsv

[11:26:29 VRB] Check the instance state for Task HR_Synchro_Incremental_Scaffolding_Export_HR_LoadIUG
[11:26:29 VRB] HandleCommand TaskInstanceProgressCommand
[11:26:29 DBG] HttpClient.Send: PUT https://dev-fusion-iam.caa.group.gca/api/Job/TaskInstance/Progress?api-version=2.0
[11:26:29 INF] Launch task: ExportTask: HR_Synchro_Incremental_Scaffolding_Export_HR_LoadIUG, Task 4/25
[11:26:29 VRB] HandleCommand RunTaskCommand
[11:26:29 INF] Launch ExportTask : HR_Synchro_Incremental_Scaffolding_Export_HR_LoadIUG
[11:26:29 DBG] Start Process dotnet Usercube-Export-Csv.dll --progress-task-instance-id 3690 --api-url "https://dev-fusion-iam.caa.group.gca/" --api-client-id "Job" --log-level 0 --output-path "../Temp\ExportOutput" --connection-identifier "HRLoadIUG" --path-incremental "D:\UsercubeCAA\Sources\RH\Incremental\Load_IUG.csv" --separator ";" --lines-to-skip "0" --stdin null
[11:26:29 INF] Start process=True PID=9520 dotnet Usercube-Export-Csv.dll --progress-task-instance-id 3690 --api-url "https://dev-fusion-iam.caa.group.gca/" --api-client-id "Job" --log-level 0 --output-path "../Temp\ExportOutput" --connection-identifier "HRLoadIUG" --path-incremental "D:\UsercubeCAA\Sources\RH\Incremental\Load_IUG.csv" --separator ";" --lines-to-skip "0" --stdin
[11:26:30 DBG] HttpClient.Send: GET https://dev-fusion-iam.caa.group.gca/api/Job/TaskInstance/3690?api-version=1.0&squery=join%20Task%20t%20select%20t.ContinueOnError%2C%20State&path=/Jobs/TaskInstance/Query&QueryRootEntityType=TaskInstance
[11:26:30 VRB] HandleQuery SelectTaskInstanceInvokeJobQuery
[11:26:30 DBG] HttpClient.Send: GET https://dev-fusion-iam.caa.group.gca/api/Job/TaskInstance/GetTaskInstanceInvokeJob/3690?api-version=2.0&jobInstanceId=702&taskId=234&jobId=4
[11:26:30 INF] Task: HR_Synchro_Incremental_Scaffolding_Export_HR_LoadIUG Completed with state Completed
[11:26:30 DBG] HttpClient.Send: PUT https://dev-fusion-iam.caa.group.gca/api/Job/JobInstance/Progression/702?api-version=3.0&jobGroupId=4&current=4&totalTask=25&state=InProgress&resourceId=-1&cancelRequest=False&retry=False
[11:26:30 INF] PrepareSynchronizationChangesTask: HR_Synchro_Incremental_Scaffolding_PrepareSynchronization_HR (Level: 4, LaunchOrder: 4)
    Synchronization Mode: Incremental
    Connector: HR
    Parent: HR_Synchro_Incremental_Scaffolding_Export_HR_LoadIUG, HR_Synchro_Incremental_Scaffolding_Export_HR_User, HR_Synchro_Incremental_Scaffolding_Export_HR_UserUpdate

[11:26:30 VRB] Check the instance state for Task HR_Synchro_Incremental_Scaffolding_PrepareSynchronization_HR
[11:26:30 VRB] HandleCommand TaskInstanceProgressCommand
[11:26:30 DBG] HttpClient.Send: PUT https://dev-fusion-iam.caa.group.gca/api/Job/TaskInstance/Progress?api-version=2.0
[11:26:30 INF] Launch task: PrepareSynchronizationChangesTask: HR_Synchro_Incremental_Scaffolding_PrepareSynchronization_HR, Task 5/25
[11:26:30 VRB] HandleCommand RunTaskCommand
[11:26:30 INF] Launch PrepareSynchronizationChangesTask : HR_Synchro_Incremental_Scaffolding_PrepareSynchronization_HR
[11:26:30 DBG] Start Process dotnet Usercube-Prepare-SynchronizationChange.dll --progress-task-instance-id 3691 --api-url "https://dev-fusion-iam.caa.group.gca/" --api-client-id "Job" --log-level 0 --connector 8 --working-directory "../Work\Collect" --sources-directory "../Temp\ExportOutput" --stdin null
[11:26:30 INF] Start process=True PID=16144 dotnet Usercube-Prepare-SynchronizationChange.dll --progress-task-instance-id 3691 --api-url "https://dev-fusion-iam.caa.group.gca/" --api-client-id "Job" --log-level 0 --connector 8 --working-directory "../Work\Collect" --sources-directory "../Temp\ExportOutput" --stdin
[11:26:31 DBG] HttpClient.Send: GET https://dev-fusion-iam.caa.group.gca/api/Job/TaskInstance/3691?api-version=1.0&squery=join%20Task%20t%20select%20t.ContinueOnError%2C%20State&path=/Jobs/TaskInstance/Query&QueryRootEntityType=TaskInstance
[11:26:31 VRB] HandleQuery SelectTaskInstanceInvokeJobQuery
[11:26:31 DBG] HttpClient.Send: GET https://dev-fusion-iam.caa.group.gca/api/Job/TaskInstance/GetTaskInstanceInvokeJob/3691?api-version=2.0&jobInstanceId=702&taskId=239&jobId=4
[11:26:31 INF] Task: HR_Synchro_Incremental_Scaffolding_PrepareSynchronization_HR Completed with state Completed
[11:26:31 VRB] Check the JobInstance state for JobInstance 702.
[11:26:31 VRB] HandleQuery SelectJobInstanceByIdQuery
[11:26:31 DBG] HttpClient.Send: GET https://dev-fusion-iam.caa.group.gca/api/Job/JobInstance/702?api-version=2.0&squery=select%20State&path=/Jobs/JobInstance/Query&QueryRootEntityType=JobInstance
[11:26:31 INF] SynchronizeChangesTask: HR_Synchro_Incremental_Scaffolding_Synchronize_HR_DoNotDeleteChange (Level: 5, LaunchOrder: 5)
    Connector: HR
    Force Provisioning: True
    DoNotDeleteChange: True
    Parent: HR_Synchro_Incremental_Scaffolding_PrepareSynchronization_HR

[11:26:31 VRB] Check the instance state for Task HR_Synchro_Incremental_Scaffolding_Synchronize_HR_DoNotDeleteChange
[11:26:31 VRB] HandleCommand TaskInstanceProgressCommand
[11:26:31 DBG] HttpClient.Send: PUT https://dev-fusion-iam.caa.group.gca/api/Job/TaskInstance/Progress?api-version=2.0
[11:26:31 INF] Launch task: SynchronizeChangesTask: HR_Synchro_Incremental_Scaffolding_Synchronize_HR_DoNotDeleteChange, Task 6/25
[11:26:31 VRB] HandleCommand RunTaskCommand
[11:26:31 DBG] HttpClient.Send: POST https://dev-fusion-iam.caa.group.gca/api/Job/Task/RunTask/247?api-version=4.0&jobInstanceId=702&jobLogLevel=Trace
[11:26:31 VRB] HandleQuery SelectTaskInstanceInvokeJobQuery
[11:26:31 DBG] HttpClient.Send: GET https://dev-fusion-iam.caa.group.gca/api/Job/TaskInstance/GetTaskInstanceInvokeJob/3692?api-version=2.0&jobInstanceId=702&taskId=247&jobId=4
[11:26:31 INF] Task: HR_Synchro_Incremental_Scaffolding_Synchronize_HR_DoNotDeleteChange Completed with state Completed
[11:26:31 INF] UpdateEntityPropertyExpressionsTask: HR_Synchro_Incremental_Scaffolding_ComputeProperties_1 (Level: 6, LaunchOrder: 6)
    AllEntities: True

[11:26:31 VRB] Check the instance state for Task HR_Synchro_Incremental_Scaffolding_ComputeProperties_1
[11:26:31 VRB] HandleCommand TaskInstanceProgressCommand
[11:26:31 DBG] HttpClient.Send: PUT https://dev-fusion-iam.caa.group.gca/api/Job/TaskInstance/Progress?api-version=2.0
[11:26:31 INF] Launch task: UpdateEntityPropertyExpressionsTask: HR_Synchro_Incremental_Scaffolding_ComputeProperties_1, Task 7/25
[11:26:31 VRB] HandleCommand RunTaskCommand
[11:26:31 DBG] HttpClient.Send: POST https://dev-fusion-iam.caa.group.gca/api/Job/Task/RunTask/228?api-version=4.0&jobInstanceId=702&jobLogLevel=Trace
[11:26:33 VRB] HandleQuery SelectTaskInstanceInvokeJobQuery
[11:26:33 DBG] HttpClient.Send: GET https://dev-fusion-iam.caa.group.gca/api/Job/TaskInstance/GetTaskInstanceInvokeJob/3693?api-version=2.0&jobInstanceId=702&taskId=228&jobId=4
[11:26:33 INF] Task: HR_Synchro_Incremental_Scaffolding_ComputeProperties_1 Completed with state Completed
[11:26:33 VRB] Check the JobInstance state for JobInstance 702.
[11:26:33 VRB] HandleQuery SelectJobInstanceByIdQuery
[11:26:33 DBG] HttpClient.Send: GET https://dev-fusion-iam.caa.group.gca/api/Job/JobInstance/702?api-version=2.0&squery=select%20State&path=/Jobs/JobInstance/Query&QueryRootEntityType=JobInstance
[11:26:33 INF] ComputeCorrelationKeysTask: HR_Synchro_Incremental_Scaffolding_ComputeCorrelationKeysy_Users (Level: 7, LaunchOrder: 7)
    All Entities: True

[11:26:33 VRB] Check the instance state for Task HR_Synchro_Incremental_Scaffolding_ComputeCorrelationKeysy_Users
[11:26:33 VRB] HandleCommand TaskInstanceProgressCommand
[11:26:33 DBG] HttpClient.Send: PUT https://dev-fusion-iam.caa.group.gca/api/Job/TaskInstance/Progress?api-version=2.0
[11:26:33 INF] Launch task: ComputeCorrelationKeysTask: HR_Synchro_Incremental_Scaffolding_ComputeCorrelationKeysy_Users, Task 8/25
[11:26:33 VRB] HandleCommand RunTaskCommand
[11:26:33 DBG] HttpClient.Send: POST https://dev-fusion-iam.caa.group.gca/api/Job/Task/RunTask/227?api-version=4.0&jobInstanceId=702&jobLogLevel=Trace
[11:27:02 VRB] HandleQuery SelectTaskInstanceInvokeJobQuery
[11:27:02 DBG] HttpClient.Send: GET https://dev-fusion-iam.caa.group.gca/api/Job/TaskInstance/GetTaskInstanceInvokeJob/3694?api-version=2.0&jobInstanceId=702&taskId=227&jobId=4
[11:27:02 INF] Task: HR_Synchro_Incremental_Scaffolding_ComputeCorrelationKeysy_Users Completed with state Completed
[11:27:02 DBG] HttpClient.Send: PUT https://dev-fusion-iam.caa.group.gca/api/Job/JobInstance/Progression/702?api-version=3.0&jobGroupId=4&current=8&totalTask=25&state=InProgress&resourceId=-1&cancelRequest=False&retry=False
[11:27:02 VRB] Check the JobInstance state for JobInstance 702.
[11:27:02 VRB] HandleQuery SelectJobInstanceByIdQuery
[11:27:02 DBG] HttpClient.Send: GET https://dev-fusion-iam.caa.group.gca/api/Job/JobInstance/702?api-version=2.0&squery=select%20State&path=/Jobs/JobInstance/Query&QueryRootEntityType=JobInstance
[11:27:02 INF] ComputeRoleModelTask: HR_Synchro_Incremental_Scaffolding_ComputeProvisioningPolicy_Users (Level: 8, LaunchOrder: 8)
    EntityType: HR_User

[11:27:02 VRB] Check the instance state for Task HR_Synchro_Incremental_Scaffolding_ComputeProvisioningPolicy_Users
[11:27:02 VRB] HandleCommand TaskInstanceProgressCommand
[11:27:02 DBG] HttpClient.Send: PUT https://dev-fusion-iam.caa.group.gca/api/Job/TaskInstance/Progress?api-version=2.0
[11:27:02 INF] Launch task: ComputeRoleModelTask: HR_Synchro_Incremental_Scaffolding_ComputeProvisioningPolicy_Users, Task 9/25
[11:27:02 VRB] HandleCommand RunTaskCommand
[11:27:02 DBG] HttpClient.Send: POST https://dev-fusion-iam.caa.group.gca/api/Job/Task/RunTask/233?api-version=4.0&jobInstanceId=702&jobLogLevel=Trace
[11:27:02 VRB] HandleQuery SelectTaskInstanceInvokeJobQuery
[11:27:02 DBG] HttpClient.Send: GET https://dev-fusion-iam.caa.group.gca/api/Job/TaskInstance/GetTaskInstanceInvokeJob/3695?api-version=2.0&jobInstanceId=702&taskId=233&jobId=4
[11:27:02 INF] Task: HR_Synchro_Incremental_Scaffolding_ComputeProvisioningPolicy_Users Completed with state Completed
[11:27:02 INF] GenerateProvisioningOrdersTask: HR_Synchro_Incremental_Scaffolding_Provisioning_Users (Level: 9, LaunchOrder: 9)
    Force Provisioning: True
    ResourceType: HR_User, HR_UserRecord

[11:27:02 VRB] Check the instance state for Task HR_Synchro_Incremental_Scaffolding_Provisioning_Users
[11:27:02 VRB] HandleCommand TaskInstanceProgressCommand
[11:27:02 DBG] HttpClient.Send: PUT https://dev-fusion-iam.caa.group.gca/api/Job/TaskInstance/Progress?api-version=2.0
[11:27:02 INF] Launch task: GenerateProvisioningOrdersTask: HR_Synchro_Incremental_Scaffolding_Provisioning_Users, Task 10/25
[11:27:02 VRB] HandleCommand RunTaskCommand
[11:27:02 DBG] HttpClient.Send: POST https://dev-fusion-iam.caa.group.gca/api/Job/Task/RunTask/245?api-version=4.0&jobInstanceId=702&jobLogLevel=Trace
[11:27:02 VRB] HandleQuery SelectTaskInstanceInvokeJobQuery
[11:27:02 DBG] HttpClient.Send: GET https://dev-fusion-iam.caa.group.gca/api/Job/TaskInstance/GetTaskInstanceInvokeJob/3696?api-version=2.0&jobInstanceId=702&taskId=245&jobId=4
[11:27:02 INF] Task: HR_Synchro_Incremental_Scaffolding_Provisioning_Users Completed with state Completed
[11:27:02 INF] FulfillTask: HR_Synchro_Incremental_Scaffolding_Provisioner_Workflow (Level: 10, LaunchOrder: 10)
    ConnectionIdentifier: HRWorkflows
    FulfillmentType: FulfillInternalWorkflows
    Parent: HR_Synchro_Incremental_Scaffolding_Provisioning_Users
    ResourceType: HR_User, HR_UserRecord

[11:27:02 VRB] Check the instance state for Task HR_Synchro_Incremental_Scaffolding_Provisioner_Workflow
[11:27:02 VRB] HandleCommand TaskInstanceProgressCommand
[11:27:02 DBG] HttpClient.Send: PUT https://dev-fusion-iam.caa.group.gca/api/Job/TaskInstance/Progress?api-version=2.0
[11:27:02 INF] Launch task: FulfillTask: HR_Synchro_Incremental_Scaffolding_Provisioner_Workflow, Task 11/25
[11:27:02 VRB] HandleCommand RunTaskCommand
[11:27:02 INF] Launch FulfillTask : HR_Synchro_Incremental_Scaffolding_Provisioner_Workflow
[11:27:02 DBG] Start Process dotnet Usercube-Fulfill-InternalWorkflows.dll --progress-task-instance-id 3697 --api-url "https://dev-fusion-iam.caa.group.gca/" --api-client-id "Job" --log-level 0 --resource-types "53" "54" --task-instance-id 3697 --fulfill-json-file "D:\UsercubeCAA\Conf\FulfillInternalWorkflow.json" --stdin null
[11:27:02 INF] Start process=True PID=13628 dotnet Usercube-Fulfill-InternalWorkflows.dll --progress-task-instance-id 3697 --api-url "https://dev-fusion-iam.caa.group.gca/" --api-client-id "Job" --log-level 0 --resource-types "53" "54" --task-instance-id 3697 --fulfill-json-file "D:\UsercubeCAA\Conf\FulfillInternalWorkflow.json" --stdin
[11:27:05 DBG] HttpClient.Send: GET https://dev-fusion-iam.caa.group.gca/api/Job/TaskInstance/3697?api-version=1.0&squery=join%20Task%20t%20select%20t.ContinueOnError%2C%20State&path=/Jobs/TaskInstance/Query&QueryRootEntityType=TaskInstance
[11:27:05 VRB] HandleQuery SelectTaskInstanceInvokeJobQuery
[11:27:05 DBG] HttpClient.Send: GET https://dev-fusion-iam.caa.group.gca/api/Job/TaskInstance/GetTaskInstanceInvokeJob/3697?api-version=2.0&jobInstanceId=702&taskId=241&jobId=4
[11:27:05 INF] Task: HR_Synchro_Incremental_Scaffolding_Provisioner_Workflow Completed with state Completed
[11:27:05 VRB] Check the JobInstance state for JobInstance 702.
[11:27:05 VRB] HandleQuery SelectJobInstanceByIdQuery
[11:27:05 DBG] HttpClient.Send: GET https://dev-fusion-iam.caa.group.gca/api/Job/JobInstance/702?api-version=2.0&squery=select%20State&path=/Jobs/JobInstance/Query&QueryRootEntityType=JobInstance
[11:27:05 INF] ComputeCorrelationKeysTask: HR_Synchro_Incremental_Scaffolding_ComputeCorrelationKeysy_LoadUIG (Level: 11, LaunchOrder: 11)
    All Entities: True

[11:27:05 VRB] Check the instance state for Task HR_Synchro_Incremental_Scaffolding_ComputeCorrelationKeysy_LoadUIG
[11:27:05 VRB] HandleCommand TaskInstanceProgressCommand
[11:27:05 DBG] HttpClient.Send: PUT https://dev-fusion-iam.caa.group.gca/api/Job/TaskInstance/Progress?api-version=2.0
[11:27:05 INF] Launch task: ComputeCorrelationKeysTask: HR_Synchro_Incremental_Scaffolding_ComputeCorrelationKeysy_LoadUIG, Task 12/25
[11:27:05 VRB] HandleCommand RunTaskCommand
[11:27:05 DBG] HttpClient.Send: POST https://dev-fusion-iam.caa.group.gca/api/Job/Task/RunTask/226?api-version=4.0&jobInstanceId=702&jobLogLevel=Trace
[11:27:32 VRB] HandleQuery SelectTaskInstanceInvokeJobQuery
[11:27:32 DBG] HttpClient.Send: GET https://dev-fusion-iam.caa.group.gca/api/Job/TaskInstance/GetTaskInstanceInvokeJob/3698?api-version=2.0&jobInstanceId=702&taskId=226&jobId=4
[11:27:32 INF] Task: HR_Synchro_Incremental_Scaffolding_ComputeCorrelationKeysy_LoadUIG Completed with state Completed
[11:27:32 DBG] HttpClient.Send: PUT https://dev-fusion-iam.caa.group.gca/api/Job/JobInstance/Progression/702?api-version=3.0&jobGroupId=4&current=12&totalTask=25&state=InProgress&resourceId=-1&cancelRequest=False&retry=False
[11:27:32 VRB] Check the JobInstance state for JobInstance 702.
[11:27:32 VRB] HandleQuery SelectJobInstanceByIdQuery
[11:27:32 DBG] HttpClient.Send: GET https://dev-fusion-iam.caa.group.gca/api/Job/JobInstance/702?api-version=2.0&squery=select%20State&path=/Jobs/JobInstance/Query&QueryRootEntityType=JobInstance
[11:27:32 INF] ComputeRoleModelTask: HR_Synchro_Incremental_Scaffolding_ComputeProvisioningPolicy_LoadUIG_1 (Level: 12, LaunchOrder: 12)
    EntityType: HR_LoadIUG

[11:27:32 VRB] Check the instance state for Task HR_Synchro_Incremental_Scaffolding_ComputeProvisioningPolicy_LoadUIG_1
[11:27:32 VRB] HandleCommand TaskInstanceProgressCommand
[11:27:32 DBG] HttpClient.Send: PUT https://dev-fusion-iam.caa.group.gca/api/Job/TaskInstance/Progress?api-version=2.0
[11:27:32 INF] Launch task: ComputeRoleModelTask: HR_Synchro_Incremental_Scaffolding_ComputeProvisioningPolicy_LoadUIG_1, Task 13/25
[11:27:32 VRB] HandleCommand RunTaskCommand
[11:27:32 DBG] HttpClient.Send: POST https://dev-fusion-iam.caa.group.gca/api/Job/Task/RunTask/230?api-version=4.0&jobInstanceId=702&jobLogLevel=Trace
[11:27:32 VRB] HandleQuery SelectTaskInstanceInvokeJobQuery
[11:27:32 DBG] HttpClient.Send: GET https://dev-fusion-iam.caa.group.gca/api/Job/TaskInstance/GetTaskInstanceInvokeJob/3699?api-version=2.0&jobInstanceId=702&taskId=230&jobId=4
[11:27:32 INF] Task: HR_Synchro_Incremental_Scaffolding_ComputeProvisioningPolicy_LoadUIG_1 Completed with state Completed
[11:27:32 INF] InvokeExpressionTask: HR_Synchro_Incremental_Scaffolding_HR_LoadIUG_BulkResourceReconciliation (Level: 13, LaunchOrder: 13)
    Agent: CAA

[11:27:32 VRB] Check the instance state for Task HR_Synchro_Incremental_Scaffolding_HR_LoadIUG_BulkResourceReconciliation
[11:27:32 VRB] HandleCommand TaskInstanceProgressCommand
[11:27:32 DBG] HttpClient.Send: PUT https://dev-fusion-iam.caa.group.gca/api/Job/TaskInstance/Progress?api-version=2.0
[11:27:32 INF] Launch task: InvokeExpressionTask: HR_Synchro_Incremental_Scaffolding_HR_LoadIUG_BulkResourceReconciliation, Task 14/25
[11:27:32 VRB] HandleCommand RunTaskCommand
[11:27:32 INF] Launch InvokeExpressionTask : HR_Synchro_Incremental_Scaffolding_HR_LoadIUG_BulkResourceReconciliation
[11:27:32 DBG] Start Process dotnet Usercube-Invoke-ExpressionAgentSide.dll --progress-task-instance-id 3700 --api-url "https://dev-fusion-iam.caa.group.gca/" --api-client-id "Job" --log-level 0 --input-path "D:\UsercubeCAA\Scripts\HR\HR_LoadIUG_BulkResourceReconciliation.ps1" --stdin null
[11:27:32 INF] Start process=True PID=6348 dotnet Usercube-Invoke-ExpressionAgentSide.dll --progress-task-instance-id 3700 --api-url "https://dev-fusion-iam.caa.group.gca/" --api-client-id "Job" --log-level 0 --input-path "D:\UsercubeCAA\Scripts\HR\HR_LoadIUG_BulkResourceReconciliation.ps1" --stdin
[11:28:04 DBG] HttpClient.Send: GET https://dev-fusion-iam.caa.group.gca/api/Job/TaskInstance/3700?api-version=1.0&squery=join%20Task%20t%20select%20t.ContinueOnError%2C%20State&path=/Jobs/TaskInstance/Query&QueryRootEntityType=TaskInstance
[11:28:04 VRB] HandleQuery SelectTaskInstanceInvokeJobQuery
[11:28:04 DBG] HttpClient.Send: GET https://dev-fusion-iam.caa.group.gca/api/Job/TaskInstance/GetTaskInstanceInvokeJob/3700?api-version=2.0&jobInstanceId=702&taskId=23003&jobId=4
[11:28:04 INF] Task: HR_Synchro_Incremental_Scaffolding_HR_LoadIUG_BulkResourceReconciliation Completed with state Completed
[11:28:04 DBG] HttpClient.Send: PUT https://dev-fusion-iam.caa.group.gca/api/Job/JobInstance/Progression/702?api-version=3.0&jobGroupId=4&current=14&totalTask=25&state=InProgress&resourceId=-1&cancelRequest=False&retry=False
[11:28:04 VRB] Check the JobInstance state for JobInstance 702.
[11:28:04 VRB] HandleQuery SelectJobInstanceByIdQuery
[11:28:04 DBG] HttpClient.Send: GET https://dev-fusion-iam.caa.group.gca/api/Job/JobInstance/702?api-version=2.0&squery=select%20State&path=/Jobs/JobInstance/Query&QueryRootEntityType=JobInstance
[11:28:04 INF] ComputeRoleModelTask: HR_Synchro_Incremental_Scaffolding_ComputeProvisioningPolicy_LoadUIG_2 (Level: 14, LaunchOrder: 14)
    EntityType: HR_LoadIUG

[11:28:04 VRB] Check the instance state for Task HR_Synchro_Incremental_Scaffolding_ComputeProvisioningPolicy_LoadUIG_2
[11:28:04 VRB] HandleCommand TaskInstanceProgressCommand
[11:28:04 DBG] HttpClient.Send: PUT https://dev-fusion-iam.caa.group.gca/api/Job/TaskInstance/Progress?api-version=2.0
[11:28:04 INF] Launch task: ComputeRoleModelTask: HR_Synchro_Incremental_Scaffolding_ComputeProvisioningPolicy_LoadUIG_2, Task 15/25
[11:28:04 VRB] HandleCommand RunTaskCommand
[11:28:04 DBG] HttpClient.Send: POST https://dev-fusion-iam.caa.group.gca/api/Job/Task/RunTask/231?api-version=4.0&jobInstanceId=702&jobLogLevel=Trace
[11:28:04 VRB] HandleQuery SelectTaskInstanceInvokeJobQuery
[11:28:04 DBG] HttpClient.Send: GET https://dev-fusion-iam.caa.group.gca/api/Job/TaskInstance/GetTaskInstanceInvokeJob/3701?api-version=2.0&jobInstanceId=702&taskId=231&jobId=4
[11:28:04 INF] Task: HR_Synchro_Incremental_Scaffolding_ComputeProvisioningPolicy_LoadUIG_2 Completed with state Completed
[11:28:04 INF] GenerateProvisioningOrdersTask: HR_Synchro_Incremental_Scaffolding_Provisioning_LoadUIG (Level: 15, LaunchOrder: 15)
    Force Provisioning: True
    ResourceType: HR_UserRecord_LoadUIG, HR_User_LoadUIG

[11:28:04 VRB] Check the instance state for Task HR_Synchro_Incremental_Scaffolding_Provisioning_LoadUIG
[11:28:04 VRB] HandleCommand TaskInstanceProgressCommand
[11:28:04 DBG] HttpClient.Send: PUT https://dev-fusion-iam.caa.group.gca/api/Job/TaskInstance/Progress?api-version=2.0
[11:28:04 INF] Launch task: GenerateProvisioningOrdersTask: HR_Synchro_Incremental_Scaffolding_Provisioning_LoadUIG, Task 16/25
[11:28:04 VRB] HandleCommand RunTaskCommand
[11:28:04 DBG] HttpClient.Send: POST https://dev-fusion-iam.caa.group.gca/api/Job/Task/RunTask/243?api-version=4.0&jobInstanceId=702&jobLogLevel=Trace
[11:28:04 VRB] HandleQuery SelectTaskInstanceInvokeJobQuery
[11:28:04 DBG] HttpClient.Send: GET https://dev-fusion-iam.caa.group.gca/api/Job/TaskInstance/GetTaskInstanceInvokeJob/3702?api-version=2.0&jobInstanceId=702&taskId=243&jobId=4
[11:28:04 INF] Task: HR_Synchro_Incremental_Scaffolding_Provisioning_LoadUIG Completed with state Completed
[11:28:04 INF] FulfillTask: HR_Synchro_Incremental_Scaffolding_Provisioner_LoadUIG (Level: 16, LaunchOrder: 16)
    ConnectionIdentifier: HRDatabase
    FulfillmentType: FulfillInternalResource
    Parent: HR_Synchro_Incremental_Scaffolding_Provisioning_LoadUIG
    ResourceType: HR_UserRecord_LoadUIG, HR_User_LoadUIG

[11:28:04 VRB] Check the instance state for Task HR_Synchro_Incremental_Scaffolding_Provisioner_LoadUIG
[11:28:04 VRB] HandleCommand TaskInstanceProgressCommand
[11:28:04 DBG] HttpClient.Send: PUT https://dev-fusion-iam.caa.group.gca/api/Job/TaskInstance/Progress?api-version=2.0
[11:28:04 INF] The Task: HR_Synchro_Incremental_Scaffolding_Provisioner_LoadUIG has not been launched because no treatment is required.
[11:28:04 INF] ComputeRoleModelTask: HR_Synchro_Incremental_Scaffolding_ComputeProvisioningPolicy_UserUpdate_1 (Level: 17, LaunchOrder: 17)
    EntityType: HR_UserUpdate

[11:28:04 VRB] Check the instance state for Task HR_Synchro_Incremental_Scaffolding_ComputeProvisioningPolicy_UserUpdate_1
[11:28:04 VRB] HandleCommand TaskInstanceProgressCommand
[11:28:04 DBG] HttpClient.Send: PUT https://dev-fusion-iam.caa.group.gca/api/Job/TaskInstance/Progress?api-version=2.0
[11:28:04 INF] Launch task: ComputeRoleModelTask: HR_Synchro_Incremental_Scaffolding_ComputeProvisioningPolicy_UserUpdate_1, Task 18/25
[11:28:04 VRB] HandleCommand RunTaskCommand
[11:28:04 DBG] HttpClient.Send: POST https://dev-fusion-iam.caa.group.gca/api/Job/Task/RunTask/23001?api-version=4.0&jobInstanceId=702&jobLogLevel=Trace
[11:28:04 VRB] HandleQuery SelectTaskInstanceInvokeJobQuery
[11:28:04 DBG] HttpClient.Send: GET https://dev-fusion-iam.caa.group.gca/api/Job/TaskInstance/GetTaskInstanceInvokeJob/3704?api-version=2.0&jobInstanceId=702&taskId=23001&jobId=4
[11:28:04 INF] Task: HR_Synchro_Incremental_Scaffolding_ComputeProvisioningPolicy_UserUpdate_1 Completed with state Completed
[11:28:04 INF] InvokeExpressionTask: HR_Synchro_Incremental_Scaffolding_HR_UserUpdate_BulkResourceReconciliation (Level: 18, LaunchOrder: 18)
    Agent: CAA

[11:28:04 VRB] Check the instance state for Task HR_Synchro_Incremental_Scaffolding_HR_UserUpdate_BulkResourceReconciliation
[11:28:04 VRB] HandleCommand TaskInstanceProgressCommand
[11:28:04 DBG] HttpClient.Send: PUT https://dev-fusion-iam.caa.group.gca/api/Job/TaskInstance/Progress?api-version=2.0
[11:28:04 INF] Launch task: InvokeExpressionTask: HR_Synchro_Incremental_Scaffolding_HR_UserUpdate_BulkResourceReconciliation, Task 19/25
[11:28:04 VRB] HandleCommand RunTaskCommand
[11:28:04 INF] Launch InvokeExpressionTask : HR_Synchro_Incremental_Scaffolding_HR_UserUpdate_BulkResourceReconciliation
[11:28:04 DBG] Start Process dotnet Usercube-Invoke-ExpressionAgentSide.dll --progress-task-instance-id 3705 --api-url "https://dev-fusion-iam.caa.group.gca/" --api-client-id "Job" --log-level 0 --input-path "D:\UsercubeCAA\Scripts\HR\HR_UserUpdate_BulkResourceReconciliation.ps1" --stdin null
[11:28:04 INF] Start process=True PID=15468 dotnet Usercube-Invoke-ExpressionAgentSide.dll --progress-task-instance-id 3705 --api-url "https://dev-fusion-iam.caa.group.gca/" --api-client-id "Job" --log-level 0 --input-path "D:\UsercubeCAA\Scripts\HR\HR_UserUpdate_BulkResourceReconciliation.ps1" --stdin
[11:28:35 DBG] HttpClient.Send: GET https://dev-fusion-iam.caa.group.gca/api/Job/TaskInstance/3705?api-version=1.0&squery=join%20Task%20t%20select%20t.ContinueOnError%2C%20State&path=/Jobs/TaskInstance/Query&QueryRootEntityType=TaskInstance
[11:28:35 VRB] HandleQuery SelectTaskInstanceInvokeJobQuery
[11:28:35 DBG] HttpClient.Send: GET https://dev-fusion-iam.caa.group.gca/api/Job/TaskInstance/GetTaskInstanceInvokeJob/3705?api-version=2.0&jobInstanceId=702&taskId=23004&jobId=4
[11:28:35 INF] Task: HR_Synchro_Incremental_Scaffolding_HR_UserUpdate_BulkResourceReconciliation Completed with state Completed
[11:28:35 DBG] HttpClient.Send: PUT https://dev-fusion-iam.caa.group.gca/api/Job/JobInstance/Progression/702?api-version=3.0&jobGroupId=4&current=19&totalTask=25&state=InProgress&resourceId=-1&cancelRequest=False&retry=False
[11:28:35 VRB] Check the JobInstance state for JobInstance 702.
[11:28:35 VRB] HandleQuery SelectJobInstanceByIdQuery
[11:28:35 DBG] HttpClient.Send: GET https://dev-fusion-iam.caa.group.gca/api/Job/JobInstance/702?api-version=2.0&squery=select%20State&path=/Jobs/JobInstance/Query&QueryRootEntityType=JobInstance
[11:28:35 INF] ComputeRoleModelTask: HR_Synchro_Incremental_Scaffolding_ComputeProvisioningPolicy_UserUpdate_2 (Level: 19, LaunchOrder: 19)
    EntityType: HR_UserUpdate

[11:28:35 VRB] Check the instance state for Task HR_Synchro_Incremental_Scaffolding_ComputeProvisioningPolicy_UserUpdate_2
[11:28:35 VRB] HandleCommand TaskInstanceProgressCommand
[11:28:35 DBG] HttpClient.Send: PUT https://dev-fusion-iam.caa.group.gca/api/Job/TaskInstance/Progress?api-version=2.0
[11:28:35 INF] Launch task: ComputeRoleModelTask: HR_Synchro_Incremental_Scaffolding_ComputeProvisioningPolicy_UserUpdate_2, Task 20/25
[11:28:35 VRB] HandleCommand RunTaskCommand
[11:28:35 DBG] HttpClient.Send: POST https://dev-fusion-iam.caa.group.gca/api/Job/Task/RunTask/23002?api-version=4.0&jobInstanceId=702&jobLogLevel=Trace
[11:28:35 VRB] HandleQuery SelectTaskInstanceInvokeJobQuery
[11:28:35 DBG] HttpClient.Send: GET https://dev-fusion-iam.caa.group.gca/api/Job/TaskInstance/GetTaskInstanceInvokeJob/3706?api-version=2.0&jobInstanceId=702&taskId=23002&jobId=4
[11:28:35 INF] Task: HR_Synchro_Incremental_Scaffolding_ComputeProvisioningPolicy_UserUpdate_2 Completed with state Completed
[11:28:35 INF] GenerateProvisioningOrdersTask: HR_Synchro_Incremental_Scaffolding_Provisioning_UserUpdate (Level: 20, LaunchOrder: 20)
    Force Provisioning: True
    ResourceType: HR_UserUpdate

[11:28:35 VRB] Check the instance state for Task HR_Synchro_Incremental_Scaffolding_Provisioning_UserUpdate
[11:28:35 VRB] HandleCommand TaskInstanceProgressCommand
[11:28:35 DBG] HttpClient.Send: PUT https://dev-fusion-iam.caa.group.gca/api/Job/TaskInstance/Progress?api-version=2.0
[11:28:35 INF] Launch task: GenerateProvisioningOrdersTask: HR_Synchro_Incremental_Scaffolding_Provisioning_UserUpdate, Task 21/25
[11:28:35 VRB] HandleCommand RunTaskCommand
[11:28:35 DBG] HttpClient.Send: POST https://dev-fusion-iam.caa.group.gca/api/Job/Task/RunTask/244?api-version=4.0&jobInstanceId=702&jobLogLevel=Trace
[11:28:35 VRB] HandleQuery SelectTaskInstanceInvokeJobQuery
[11:28:35 DBG] HttpClient.Send: GET https://dev-fusion-iam.caa.group.gca/api/Job/TaskInstance/GetTaskInstanceInvokeJob/3707?api-version=2.0&jobInstanceId=702&taskId=244&jobId=4
[11:28:35 INF] Task: HR_Synchro_Incremental_Scaffolding_Provisioning_UserUpdate Completed with state Completed
[11:28:35 INF] FulfillTask: HR_Synchro_Incremental_Scaffolding_Provisioner_Workflow_UserUpdate (Level: 21, LaunchOrder: 21)
    ConnectionIdentifier: HRWorkflows
    FulfillmentType: FulfillInternalWorkflows
    Parent: HR_Synchro_Incremental_Scaffolding_Provisioning_UserUpdate
    ResourceType: HR_UserUpdate

[11:28:35 VRB] Check the instance state for Task HR_Synchro_Incremental_Scaffolding_Provisioner_Workflow_UserUpdate
[11:28:35 VRB] HandleCommand TaskInstanceProgressCommand
[11:28:35 DBG] HttpClient.Send: PUT https://dev-fusion-iam.caa.group.gca/api/Job/TaskInstance/Progress?api-version=2.0
[11:28:35 INF] The Task: HR_Synchro_Incremental_Scaffolding_Provisioner_Workflow_UserUpdate has not been launched because no treatment is required.
[11:28:35 INF] UpdateEntityPropertyExpressionsTask: HR_Synchro_Incremental_Scaffolding_ComputeProperties_2 (Level: 22, LaunchOrder: 22)
    AllEntities: True

[11:28:35 VRB] Check the instance state for Task HR_Synchro_Incremental_Scaffolding_ComputeProperties_2
[11:28:35 VRB] HandleCommand TaskInstanceProgressCommand
[11:28:35 DBG] HttpClient.Send: PUT https://dev-fusion-iam.caa.group.gca/api/Job/TaskInstance/Progress?api-version=2.0
[11:28:35 INF] Launch task: UpdateEntityPropertyExpressionsTask: HR_Synchro_Incremental_Scaffolding_ComputeProperties_2, Task 23/25
[11:28:35 VRB] HandleCommand RunTaskCommand
[11:28:35 DBG] HttpClient.Send: POST https://dev-fusion-iam.caa.group.gca/api/Job/Task/RunTask/229?api-version=4.0&jobInstanceId=702&jobLogLevel=Trace
[11:28:36 VRB] HandleQuery SelectTaskInstanceInvokeJobQuery
[11:28:36 DBG] HttpClient.Send: GET https://dev-fusion-iam.caa.group.gca/api/Job/TaskInstance/GetTaskInstanceInvokeJob/3709?api-version=2.0&jobInstanceId=702&taskId=229&jobId=4
[11:28:36 INF] Task: HR_Synchro_Incremental_Scaffolding_ComputeProperties_2 Completed with state Completed
[11:28:36 INF] InvokeExpressionTask: HR_Synchro_Incremental_Scaffolding_Reset_HR_Files (Level: 23, LaunchOrder: 23)
    Agent: CAA

[11:28:36 VRB] Check the instance state for Task HR_Synchro_Incremental_Scaffolding_Reset_HR_Files
[11:28:36 VRB] HandleCommand TaskInstanceProgressCommand
[11:28:36 DBG] HttpClient.Send: PUT https://dev-fusion-iam.caa.group.gca/api/Job/TaskInstance/Progress?api-version=2.0
[11:28:36 INF] Launch task: InvokeExpressionTask: HR_Synchro_Incremental_Scaffolding_Reset_HR_Files, Task 24/25
[11:28:36 VRB] HandleCommand RunTaskCommand
[11:28:36 INF] Launch InvokeExpressionTask : HR_Synchro_Incremental_Scaffolding_Reset_HR_Files
[11:28:36 DBG] Start Process dotnet Usercube-Invoke-ExpressionAgentSide.dll --progress-task-instance-id 3710 --api-url "https://dev-fusion-iam.caa.group.gca/" --api-client-id "Job" --log-level 0 --input-path "D:\UsercubeCAA\Scripts\HR\HR_Reset_Files.ps1" --stdin null
[11:28:36 INF] Start process=True PID=9496 dotnet Usercube-Invoke-ExpressionAgentSide.dll --progress-task-instance-id 3710 --api-url "https://dev-fusion-iam.caa.group.gca/" --api-client-id "Job" --log-level 0 --input-path "D:\UsercubeCAA\Scripts\HR\HR_Reset_Files.ps1" --stdin
[11:28:37 DBG] HttpClient.Send: GET https://dev-fusion-iam.caa.group.gca/api/Job/TaskInstance/3710?api-version=1.0&squery=join%20Task%20t%20select%20t.ContinueOnError%2C%20State&path=/Jobs/TaskInstance/Query&QueryRootEntityType=TaskInstance
[11:28:37 VRB] HandleQuery SelectTaskInstanceInvokeJobQuery
[11:28:37 DBG] HttpClient.Send: GET https://dev-fusion-iam.caa.group.gca/api/Job/TaskInstance/GetTaskInstanceInvokeJob/3710?api-version=2.0&jobInstanceId=702&taskId=246&jobId=4
[11:28:37 INF] Task: HR_Synchro_Incremental_Scaffolding_Reset_HR_Files Completed with state Completed
[11:28:37 VRB] Check the JobInstance state for JobInstance 702.
[11:28:37 VRB] HandleQuery SelectJobInstanceByIdQuery
[11:28:37 DBG] HttpClient.Send: GET https://dev-fusion-iam.caa.group.gca/api/Job/JobInstance/702?api-version=2.0&squery=select%20State&path=/Jobs/JobInstance/Query&QueryRootEntityType=JobInstance
[11:28:37 INF] SetInternalUserProfilesTask: HR_Synchro_Incremental_Scaffolding_SetInternalUserProfiles (Level: 24, LaunchOrder: 24)
    EntityType: Directory_User

[11:28:37 VRB] Check the instance state for Task HR_Synchro_Incremental_Scaffolding_SetInternalUserProfiles
[11:28:37 VRB] HandleCommand TaskInstanceProgressCommand
[11:28:37 DBG] HttpClient.Send: PUT https://dev-fusion-iam.caa.group.gca/api/Job/TaskInstance/Progress?api-version=2.0
[11:28:37 INF] Launch task: SetInternalUserProfilesTask: HR_Synchro_Incremental_Scaffolding_SetInternalUserProfiles, Task 25/25
[11:28:37 VRB] HandleCommand RunTaskCommand
[11:28:37 DBG] HttpClient.Send: POST https://dev-fusion-iam.caa.group.gca/api/Job/Task/RunTask/27001?api-version=4.0&jobInstanceId=702&jobLogLevel=Trace
[11:28:39 VRB] HandleQuery SelectTaskInstanceInvokeJobQuery
[11:28:39 DBG] HttpClient.Send: GET https://dev-fusion-iam.caa.group.gca/api/Job/TaskInstance/GetTaskInstanceInvokeJob/3711?api-version=2.0&jobInstanceId=702&taskId=27001&jobId=4
[11:28:39 INF] Task: HR_Synchro_Incremental_Scaffolding_SetInternalUserProfiles Completed with state Completed
[11:28:39 DBG] HttpClient.Send: PUT https://dev-fusion-iam.caa.group.gca/api/Job/JobInstance/Progression/702?api-version=3.0&jobGroupId=4&current=25&totalTask=25&state=Completed&resourceId=-1&cancelRequest=False&retry=False
