[11:50:38 DBG] HttpClient.Send: PUT https://dev-fusion-iam.caa.group.gca/api/Job/JobInstance/Progression/708?api-version=3.0&jobGroupId=4&current=0&totalTask=0&state=InProgress&resourceId=-1&cancelRequest=False&retry=False
[11:50:38 VRB] Refreshed token: token expiration date=01/28/2025 11:47:37
[11:50:38 VRB] HandleQuery SelectConsolidateJobQuery
[11:50:38 DBG] HttpClient.Send: GET https://dev-fusion-iam.caa.group.gca/api/Job/Job/RunStateMachineJob?api-version=4.0&path=/Jobs/Job/Query&jobIdentifier=4&repair=False&beginJobStep=-1&endJobStep=-1&forceSynchronizationProvisioning=False&retry=False&launchTaskType=0&taskIdentifier=&taskIdentifierContains=&beginTaskExcluded=&endTaskExcluded=&jobInstanceId=708&jobId=4
[11:50:39 VRB] HandleCommand ReserveTaskInstanceIdCommand
[11:50:39 VRB] Reserve 25 next TaskInstanceId
[11:50:39 DBG] HttpClient.Send: PUT https://dev-fusion-iam.caa.group.gca/api/Job/TaskInstance/GetTaskInstanceId/25?api-version=1.0
[11:50:39 VRB] Check the JobInstance state for JobInstance 708.
[11:50:39 VRB] HandleQuery SelectJobInstanceByIdQuery
[11:50:39 DBG] HttpClient.Send: GET https://dev-fusion-iam.caa.group.gca/api/Job/JobInstance/708?api-version=2.0&squery=select%20State&path=/Jobs/JobInstance/Query&QueryRootEntityType=JobInstance
[11:50:39 INF] InvokeExpressionTask: HR_Synchro_Incremental_Scaffolding_PreCollect (Level: 0, LaunchOrder: 0)
    Agent: CAA

[11:50:39 VRB] Check the instance state for Task HR_Synchro_Incremental_Scaffolding_PreCollect
[11:50:39 VRB] HandleCommand TaskInstanceProgressCommand
[11:50:39 DBG] HttpClient.Send: PUT https://dev-fusion-iam.caa.group.gca/api/Job/TaskInstance/Progress?api-version=2.0
[11:50:39 INF] Launch task: InvokeExpressionTask: HR_Synchro_Incremental_Scaffolding_PreCollect, Task 1/25
[11:50:39 VRB] HandleCommand RunTaskCommand
[11:50:39 INF] Launch InvokeExpressionTask : HR_Synchro_Incremental_Scaffolding_PreCollect
[11:50:39 DBG] Start Process dotnet Usercube-Invoke-ExpressionAgentSide.dll --progress-task-instance-id 3787 --api-url "https://dev-fusion-iam.caa.group.gca/" --api-client-id "Job" --log-level 0 --input-path "D:\UsercubeCAA\Scripts\HR\HR_PreCollect.ps1" --stdin null
[11:50:39 INF] Start process=True PID=8892 dotnet Usercube-Invoke-ExpressionAgentSide.dll --progress-task-instance-id 3787 --api-url "https://dev-fusion-iam.caa.group.gca/" --api-client-id "Job" --log-level 0 --input-path "D:\UsercubeCAA\Scripts\HR\HR_PreCollect.ps1" --stdin
[11:50:40 DBG] HttpClient.Send: GET https://dev-fusion-iam.caa.group.gca/api/Job/TaskInstance/3787?api-version=1.0&squery=join%20Task%20t%20select%20t.ContinueOnError%2C%20State&path=/Jobs/TaskInstance/Query&QueryRootEntityType=TaskInstance
[11:50:40 VRB] HandleQuery SelectTaskInstanceInvokeJobQuery
[11:50:40 DBG] HttpClient.Send: GET https://dev-fusion-iam.caa.group.gca/api/Job/TaskInstance/GetTaskInstanceInvokeJob/3787?api-version=2.0&jobInstanceId=708&taskId=238&jobId=4
[11:50:40 INF] Task: HR_Synchro_Incremental_Scaffolding_PreCollect Completed with state Completed
[11:50:40 INF] ExportTask: HR_Synchro_Incremental_Scaffolding_Export_HR_User (Level: 1, LaunchOrder: 1)
    Connector: HR
    Mode: Incremental
    ConnectionIdentifier: HRUser
    ExportType: ExportCsv

[11:50:40 VRB] Check the instance state for Task HR_Synchro_Incremental_Scaffolding_Export_HR_User
[11:50:40 VRB] HandleCommand TaskInstanceProgressCommand
[11:50:40 DBG] HttpClient.Send: PUT https://dev-fusion-iam.caa.group.gca/api/Job/TaskInstance/Progress?api-version=2.0
[11:50:40 INF] Launch task: ExportTask: HR_Synchro_Incremental_Scaffolding_Export_HR_User, Task 2/25
[11:50:40 VRB] HandleCommand RunTaskCommand
[11:50:40 INF] Launch ExportTask : HR_Synchro_Incremental_Scaffolding_Export_HR_User
[11:50:40 DBG] Start Process dotnet Usercube-Export-Csv.dll --progress-task-instance-id 3788 --api-url "https://dev-fusion-iam.caa.group.gca/" --api-client-id "Job" --log-level 0 --output-path "../Temp\ExportOutput" --connection-identifier "HRUser" --path-incremental "D:\UsercubeCAA\Sources\RH\Incremental\RH_entrees.csv" --separator ";" --lines-to-skip "0" --stdin null
[11:50:40 INF] Start process=True PID=14636 dotnet Usercube-Export-Csv.dll --progress-task-instance-id 3788 --api-url "https://dev-fusion-iam.caa.group.gca/" --api-client-id "Job" --log-level 0 --output-path "../Temp\ExportOutput" --connection-identifier "HRUser" --path-incremental "D:\UsercubeCAA\Sources\RH\Incremental\RH_entrees.csv" --separator ";" --lines-to-skip "0" --stdin
[11:50:41 DBG] HttpClient.Send: GET https://dev-fusion-iam.caa.group.gca/api/Job/TaskInstance/3788?api-version=1.0&squery=join%20Task%20t%20select%20t.ContinueOnError%2C%20State&path=/Jobs/TaskInstance/Query&QueryRootEntityType=TaskInstance
[11:50:41 VRB] HandleQuery SelectTaskInstanceInvokeJobQuery
[11:50:41 DBG] HttpClient.Send: GET https://dev-fusion-iam.caa.group.gca/api/Job/TaskInstance/GetTaskInstanceInvokeJob/3788?api-version=2.0&jobInstanceId=708&taskId=235&jobId=4
[11:50:41 INF] Task: HR_Synchro_Incremental_Scaffolding_Export_HR_User Completed with state Completed
[11:50:41 VRB] Check the JobInstance state for JobInstance 708.
[11:50:41 VRB] HandleQuery SelectJobInstanceByIdQuery
[11:50:41 DBG] HttpClient.Send: GET https://dev-fusion-iam.caa.group.gca/api/Job/JobInstance/708?api-version=2.0&squery=select%20State&path=/Jobs/JobInstance/Query&QueryRootEntityType=JobInstance
[11:50:41 INF] ExportTask: HR_Synchro_Incremental_Scaffolding_Export_HR_UserUpdate (Level: 2, LaunchOrder: 2)
    Connector: HR
    Mode: Incremental
    ConnectionIdentifier: HRUserUpdate
    ExportType: ExportCsv

[11:50:41 VRB] Check the instance state for Task HR_Synchro_Incremental_Scaffolding_Export_HR_UserUpdate
[11:50:41 VRB] HandleCommand TaskInstanceProgressCommand
[11:50:41 DBG] HttpClient.Send: PUT https://dev-fusion-iam.caa.group.gca/api/Job/TaskInstance/Progress?api-version=2.0
[11:50:41 INF] Launch task: ExportTask: HR_Synchro_Incremental_Scaffolding_Export_HR_UserUpdate, Task 3/25
[11:50:41 VRB] HandleCommand RunTaskCommand
[11:50:41 INF] Launch ExportTask : HR_Synchro_Incremental_Scaffolding_Export_HR_UserUpdate
[11:50:41 DBG] Start Process dotnet Usercube-Export-Csv.dll --progress-task-instance-id 3789 --api-url "https://dev-fusion-iam.caa.group.gca/" --api-client-id "Job" --log-level 0 --output-path "../Temp\ExportOutput" --connection-identifier "HRUserUpdate" --path-incremental "D:\UsercubeCAA\Sources\RH\Incremental\RH_sorties_mobilitees.csv" --separator ";" --lines-to-skip "0" --stdin null
[11:50:41 INF] Start process=True PID=2264 dotnet Usercube-Export-Csv.dll --progress-task-instance-id 3789 --api-url "https://dev-fusion-iam.caa.group.gca/" --api-client-id "Job" --log-level 0 --output-path "../Temp\ExportOutput" --connection-identifier "HRUserUpdate" --path-incremental "D:\UsercubeCAA\Sources\RH\Incremental\RH_sorties_mobilitees.csv" --separator ";" --lines-to-skip "0" --stdin
[11:50:42 DBG] HttpClient.Send: GET https://dev-fusion-iam.caa.group.gca/api/Job/TaskInstance/3789?api-version=1.0&squery=join%20Task%20t%20select%20t.ContinueOnError%2C%20State&path=/Jobs/TaskInstance/Query&QueryRootEntityType=TaskInstance
[11:50:42 VRB] HandleQuery SelectTaskInstanceInvokeJobQuery
[11:50:42 DBG] HttpClient.Send: GET https://dev-fusion-iam.caa.group.gca/api/Job/TaskInstance/GetTaskInstanceInvokeJob/3789?api-version=2.0&jobInstanceId=708&taskId=236&jobId=4
[11:50:42 INF] Task: HR_Synchro_Incremental_Scaffolding_Export_HR_UserUpdate Completed with state Completed
[11:50:42 INF] ExportTask: HR_Synchro_Incremental_Scaffolding_Export_HR_LoadIUG (Level: 3, LaunchOrder: 3)
    Connector: HR
    Mode: Incremental
    ConnectionIdentifier: HRLoadIUG
    ExportType: ExportCsv

[11:50:42 VRB] Check the instance state for Task HR_Synchro_Incremental_Scaffolding_Export_HR_LoadIUG
[11:50:42 VRB] HandleCommand TaskInstanceProgressCommand
[11:50:42 DBG] HttpClient.Send: PUT https://dev-fusion-iam.caa.group.gca/api/Job/TaskInstance/Progress?api-version=2.0
[11:50:42 INF] Launch task: ExportTask: HR_Synchro_Incremental_Scaffolding_Export_HR_LoadIUG, Task 4/25
[11:50:42 VRB] HandleCommand RunTaskCommand
[11:50:42 INF] Launch ExportTask : HR_Synchro_Incremental_Scaffolding_Export_HR_LoadIUG
[11:50:42 DBG] Start Process dotnet Usercube-Export-Csv.dll --progress-task-instance-id 3790 --api-url "https://dev-fusion-iam.caa.group.gca/" --api-client-id "Job" --log-level 0 --output-path "../Temp\ExportOutput" --connection-identifier "HRLoadIUG" --path-incremental "D:\UsercubeCAA\Sources\RH\Incremental\Load_IUG.csv" --separator ";" --lines-to-skip "0" --stdin null
[11:50:42 INF] Start process=True PID=1104 dotnet Usercube-Export-Csv.dll --progress-task-instance-id 3790 --api-url "https://dev-fusion-iam.caa.group.gca/" --api-client-id "Job" --log-level 0 --output-path "../Temp\ExportOutput" --connection-identifier "HRLoadIUG" --path-incremental "D:\UsercubeCAA\Sources\RH\Incremental\Load_IUG.csv" --separator ";" --lines-to-skip "0" --stdin
[11:50:42 DBG] HttpClient.Send: GET https://dev-fusion-iam.caa.group.gca/api/Job/TaskInstance/3790?api-version=1.0&squery=join%20Task%20t%20select%20t.ContinueOnError%2C%20State&path=/Jobs/TaskInstance/Query&QueryRootEntityType=TaskInstance
[11:50:42 VRB] HandleQuery SelectTaskInstanceInvokeJobQuery
[11:50:42 DBG] HttpClient.Send: GET https://dev-fusion-iam.caa.group.gca/api/Job/TaskInstance/GetTaskInstanceInvokeJob/3790?api-version=2.0&jobInstanceId=708&taskId=234&jobId=4
[11:50:42 INF] Task: HR_Synchro_Incremental_Scaffolding_Export_HR_LoadIUG Completed with state Completed
[11:50:42 INF] PrepareSynchronizationChangesTask: HR_Synchro_Incremental_Scaffolding_PrepareSynchronization_HR (Level: 4, LaunchOrder: 4)
    Synchronization Mode: Incremental
    Connector: HR
    Parent: HR_Synchro_Incremental_Scaffolding_Export_HR_LoadIUG, HR_Synchro_Incremental_Scaffolding_Export_HR_User, HR_Synchro_Incremental_Scaffolding_Export_HR_UserUpdate

[11:50:42 VRB] Check the instance state for Task HR_Synchro_Incremental_Scaffolding_PrepareSynchronization_HR
[11:50:42 VRB] HandleCommand TaskInstanceProgressCommand
[11:50:42 DBG] HttpClient.Send: PUT https://dev-fusion-iam.caa.group.gca/api/Job/TaskInstance/Progress?api-version=2.0
[11:50:42 INF] Launch task: PrepareSynchronizationChangesTask: HR_Synchro_Incremental_Scaffolding_PrepareSynchronization_HR, Task 5/25
[11:50:42 VRB] HandleCommand RunTaskCommand
[11:50:42 INF] Launch PrepareSynchronizationChangesTask : HR_Synchro_Incremental_Scaffolding_PrepareSynchronization_HR
[11:50:42 DBG] Start Process dotnet Usercube-Prepare-SynchronizationChange.dll --progress-task-instance-id 3791 --api-url "https://dev-fusion-iam.caa.group.gca/" --api-client-id "Job" --log-level 0 --connector 8 --working-directory "../Work\Collect" --sources-directory "../Temp\ExportOutput" --stdin null
[11:50:42 INF] Start process=True PID=6172 dotnet Usercube-Prepare-SynchronizationChange.dll --progress-task-instance-id 3791 --api-url "https://dev-fusion-iam.caa.group.gca/" --api-client-id "Job" --log-level 0 --connector 8 --working-directory "../Work\Collect" --sources-directory "../Temp\ExportOutput" --stdin
[11:50:43 DBG] HttpClient.Send: GET https://dev-fusion-iam.caa.group.gca/api/Job/TaskInstance/3791?api-version=1.0&squery=join%20Task%20t%20select%20t.ContinueOnError%2C%20State&path=/Jobs/TaskInstance/Query&QueryRootEntityType=TaskInstance
[11:50:43 VRB] HandleQuery SelectTaskInstanceInvokeJobQuery
[11:50:43 DBG] HttpClient.Send: GET https://dev-fusion-iam.caa.group.gca/api/Job/TaskInstance/GetTaskInstanceInvokeJob/3791?api-version=2.0&jobInstanceId=708&taskId=239&jobId=4
[11:50:43 INF] Task: HR_Synchro_Incremental_Scaffolding_PrepareSynchronization_HR Completed with state Completed
[11:50:43 DBG] HttpClient.Send: PUT https://dev-fusion-iam.caa.group.gca/api/Job/JobInstance/Progression/708?api-version=3.0&jobGroupId=4&current=5&totalTask=25&state=InProgress&resourceId=-1&cancelRequest=False&retry=False
[11:50:43 VRB] Check the JobInstance state for JobInstance 708.
[11:50:43 VRB] HandleQuery SelectJobInstanceByIdQuery
[11:50:43 DBG] HttpClient.Send: GET https://dev-fusion-iam.caa.group.gca/api/Job/JobInstance/708?api-version=2.0&squery=select%20State&path=/Jobs/JobInstance/Query&QueryRootEntityType=JobInstance
[11:50:43 INF] SynchronizeChangesTask: HR_Synchro_Incremental_Scaffolding_Synchronize_HR_DoNotDeleteChange (Level: 5, LaunchOrder: 5)
    Connector: HR
    Force Provisioning: True
    DoNotDeleteChange: True
    Parent: HR_Synchro_Incremental_Scaffolding_PrepareSynchronization_HR

[11:50:43 VRB] Check the instance state for Task HR_Synchro_Incremental_Scaffolding_Synchronize_HR_DoNotDeleteChange
[11:50:43 VRB] HandleCommand TaskInstanceProgressCommand
[11:50:43 DBG] HttpClient.Send: PUT https://dev-fusion-iam.caa.group.gca/api/Job/TaskInstance/Progress?api-version=2.0
[11:50:43 INF] The Task: HR_Synchro_Incremental_Scaffolding_Synchronize_HR_DoNotDeleteChange has not been launched because no treatment is required.
[11:50:43 INF] UpdateEntityPropertyExpressionsTask: HR_Synchro_Incremental_Scaffolding_ComputeProperties_1 (Level: 6, LaunchOrder: 6)
    AllEntities: True

[11:50:43 VRB] Check the instance state for Task HR_Synchro_Incremental_Scaffolding_ComputeProperties_1
[11:50:43 VRB] HandleCommand TaskInstanceProgressCommand
[11:50:43 DBG] HttpClient.Send: PUT https://dev-fusion-iam.caa.group.gca/api/Job/TaskInstance/Progress?api-version=2.0
[11:50:43 INF] Launch task: UpdateEntityPropertyExpressionsTask: HR_Synchro_Incremental_Scaffolding_ComputeProperties_1, Task 7/25
[11:50:43 VRB] HandleCommand RunTaskCommand
[11:50:43 DBG] HttpClient.Send: POST https://dev-fusion-iam.caa.group.gca/api/Job/Task/RunTask/228?api-version=4.0&jobInstanceId=708&jobLogLevel=Trace
[11:50:45 VRB] HandleQuery SelectTaskInstanceInvokeJobQuery
[11:50:45 DBG] HttpClient.Send: GET https://dev-fusion-iam.caa.group.gca/api/Job/TaskInstance/GetTaskInstanceInvokeJob/3793?api-version=2.0&jobInstanceId=708&taskId=228&jobId=4
[11:50:45 INF] Task: HR_Synchro_Incremental_Scaffolding_ComputeProperties_1 Completed with state Completed
[11:50:45 INF] ComputeCorrelationKeysTask: HR_Synchro_Incremental_Scaffolding_ComputeCorrelationKeysy_Users (Level: 7, LaunchOrder: 7)
    All Entities: True

[11:50:45 VRB] Check the instance state for Task HR_Synchro_Incremental_Scaffolding_ComputeCorrelationKeysy_Users
[11:50:45 VRB] HandleCommand TaskInstanceProgressCommand
[11:50:45 DBG] HttpClient.Send: PUT https://dev-fusion-iam.caa.group.gca/api/Job/TaskInstance/Progress?api-version=2.0
[11:50:45 INF] Launch task: ComputeCorrelationKeysTask: HR_Synchro_Incremental_Scaffolding_ComputeCorrelationKeysy_Users, Task 8/25
[11:50:45 VRB] HandleCommand RunTaskCommand
[11:50:45 DBG] HttpClient.Send: POST https://dev-fusion-iam.caa.group.gca/api/Job/Task/RunTask/227?api-version=4.0&jobInstanceId=708&jobLogLevel=Trace
[11:51:09 VRB] HandleQuery SelectTaskInstanceInvokeJobQuery
[11:51:09 DBG] HttpClient.Send: GET https://dev-fusion-iam.caa.group.gca/api/Job/TaskInstance/GetTaskInstanceInvokeJob/3794?api-version=2.0&jobInstanceId=708&taskId=227&jobId=4
[11:51:09 INF] Task: HR_Synchro_Incremental_Scaffolding_ComputeCorrelationKeysy_Users Completed with state Completed
[11:51:09 DBG] HttpClient.Send: PUT https://dev-fusion-iam.caa.group.gca/api/Job/JobInstance/Progression/708?api-version=3.0&jobGroupId=4&current=8&totalTask=25&state=InProgress&resourceId=-1&cancelRequest=False&retry=False
[11:51:09 VRB] Check the JobInstance state for JobInstance 708.
[11:51:09 VRB] HandleQuery SelectJobInstanceByIdQuery
[11:51:09 DBG] HttpClient.Send: GET https://dev-fusion-iam.caa.group.gca/api/Job/JobInstance/708?api-version=2.0&squery=select%20State&path=/Jobs/JobInstance/Query&QueryRootEntityType=JobInstance
[11:51:09 INF] ComputeRoleModelTask: HR_Synchro_Incremental_Scaffolding_ComputeProvisioningPolicy_Users (Level: 8, LaunchOrder: 8)
    EntityType: HR_User

[11:51:09 VRB] Check the instance state for Task HR_Synchro_Incremental_Scaffolding_ComputeProvisioningPolicy_Users
[11:51:09 VRB] HandleCommand TaskInstanceProgressCommand
[11:51:09 DBG] HttpClient.Send: PUT https://dev-fusion-iam.caa.group.gca/api/Job/TaskInstance/Progress?api-version=2.0
[11:51:09 INF] Launch task: ComputeRoleModelTask: HR_Synchro_Incremental_Scaffolding_ComputeProvisioningPolicy_Users, Task 9/25
[11:51:09 VRB] HandleCommand RunTaskCommand
[11:51:09 DBG] HttpClient.Send: POST https://dev-fusion-iam.caa.group.gca/api/Job/Task/RunTask/233?api-version=4.0&jobInstanceId=708&jobLogLevel=Trace
[11:51:09 VRB] HandleQuery SelectTaskInstanceInvokeJobQuery
[11:51:09 DBG] HttpClient.Send: GET https://dev-fusion-iam.caa.group.gca/api/Job/TaskInstance/GetTaskInstanceInvokeJob/3795?api-version=2.0&jobInstanceId=708&taskId=233&jobId=4
[11:51:09 INF] Task: HR_Synchro_Incremental_Scaffolding_ComputeProvisioningPolicy_Users Completed with state Completed
[11:51:09 INF] GenerateProvisioningOrdersTask: HR_Synchro_Incremental_Scaffolding_Provisioning_Users (Level: 9, LaunchOrder: 9)
    Force Provisioning: True
    ResourceType: HR_User, HR_UserRecord

[11:51:09 VRB] Check the instance state for Task HR_Synchro_Incremental_Scaffolding_Provisioning_Users
[11:51:09 VRB] HandleCommand TaskInstanceProgressCommand
[11:51:09 DBG] HttpClient.Send: PUT https://dev-fusion-iam.caa.group.gca/api/Job/TaskInstance/Progress?api-version=2.0
[11:51:09 INF] Launch task: GenerateProvisioningOrdersTask: HR_Synchro_Incremental_Scaffolding_Provisioning_Users, Task 10/25
[11:51:09 VRB] HandleCommand RunTaskCommand
[11:51:09 DBG] HttpClient.Send: POST https://dev-fusion-iam.caa.group.gca/api/Job/Task/RunTask/245?api-version=4.0&jobInstanceId=708&jobLogLevel=Trace
[11:51:09 VRB] HandleQuery SelectTaskInstanceInvokeJobQuery
[11:51:09 DBG] HttpClient.Send: GET https://dev-fusion-iam.caa.group.gca/api/Job/TaskInstance/GetTaskInstanceInvokeJob/3796?api-version=2.0&jobInstanceId=708&taskId=245&jobId=4
[11:51:09 INF] Task: HR_Synchro_Incremental_Scaffolding_Provisioning_Users Completed with state Completed
[11:51:09 INF] FulfillTask: HR_Synchro_Incremental_Scaffolding_Provisioner_Workflow (Level: 10, LaunchOrder: 10)
    ConnectionIdentifier: HRWorkflows
    FulfillmentType: FulfillInternalWorkflows
    Parent: HR_Synchro_Incremental_Scaffolding_Provisioning_Users
    ResourceType: HR_User, HR_UserRecord

[11:51:09 VRB] Check the instance state for Task HR_Synchro_Incremental_Scaffolding_Provisioner_Workflow
[11:51:09 VRB] HandleCommand TaskInstanceProgressCommand
[11:51:09 DBG] HttpClient.Send: PUT https://dev-fusion-iam.caa.group.gca/api/Job/TaskInstance/Progress?api-version=2.0
[11:51:09 INF] The Task: HR_Synchro_Incremental_Scaffolding_Provisioner_Workflow has not been launched because no treatment is required.
[11:51:09 INF] ComputeCorrelationKeysTask: HR_Synchro_Incremental_Scaffolding_ComputeCorrelationKeysy_LoadUIG (Level: 11, LaunchOrder: 11)
    All Entities: True

[11:51:09 VRB] Check the instance state for Task HR_Synchro_Incremental_Scaffolding_ComputeCorrelationKeysy_LoadUIG
[11:51:09 VRB] HandleCommand TaskInstanceProgressCommand
[11:51:09 DBG] HttpClient.Send: PUT https://dev-fusion-iam.caa.group.gca/api/Job/TaskInstance/Progress?api-version=2.0
[11:51:09 INF] Launch task: ComputeCorrelationKeysTask: HR_Synchro_Incremental_Scaffolding_ComputeCorrelationKeysy_LoadUIG, Task 12/25
[11:51:09 VRB] HandleCommand RunTaskCommand
[11:51:09 DBG] HttpClient.Send: POST https://dev-fusion-iam.caa.group.gca/api/Job/Task/RunTask/226?api-version=4.0&jobInstanceId=708&jobLogLevel=Trace
[11:51:32 VRB] HandleQuery SelectTaskInstanceInvokeJobQuery
[11:51:32 DBG] HttpClient.Send: GET https://dev-fusion-iam.caa.group.gca/api/Job/TaskInstance/GetTaskInstanceInvokeJob/3798?api-version=2.0&jobInstanceId=708&taskId=226&jobId=4
[11:51:32 INF] Task: HR_Synchro_Incremental_Scaffolding_ComputeCorrelationKeysy_LoadUIG Completed with state Completed
[11:51:32 DBG] HttpClient.Send: PUT https://dev-fusion-iam.caa.group.gca/api/Job/JobInstance/Progression/708?api-version=3.0&jobGroupId=4&current=12&totalTask=25&state=InProgress&resourceId=-1&cancelRequest=False&retry=False
[11:51:32 VRB] Check the JobInstance state for JobInstance 708.
[11:51:32 VRB] HandleQuery SelectJobInstanceByIdQuery
[11:51:32 DBG] HttpClient.Send: GET https://dev-fusion-iam.caa.group.gca/api/Job/JobInstance/708?api-version=2.0&squery=select%20State&path=/Jobs/JobInstance/Query&QueryRootEntityType=JobInstance
[11:51:32 INF] ComputeRoleModelTask: HR_Synchro_Incremental_Scaffolding_ComputeProvisioningPolicy_LoadUIG_1 (Level: 12, LaunchOrder: 12)
    EntityType: HR_LoadIUG

[11:51:32 VRB] Check the instance state for Task HR_Synchro_Incremental_Scaffolding_ComputeProvisioningPolicy_LoadUIG_1
[11:51:32 VRB] HandleCommand TaskInstanceProgressCommand
[11:51:32 DBG] HttpClient.Send: PUT https://dev-fusion-iam.caa.group.gca/api/Job/TaskInstance/Progress?api-version=2.0
[11:51:32 INF] Launch task: ComputeRoleModelTask: HR_Synchro_Incremental_Scaffolding_ComputeProvisioningPolicy_LoadUIG_1, Task 13/25
[11:51:32 VRB] HandleCommand RunTaskCommand
[11:51:32 DBG] HttpClient.Send: POST https://dev-fusion-iam.caa.group.gca/api/Job/Task/RunTask/230?api-version=4.0&jobInstanceId=708&jobLogLevel=Trace
[11:51:32 VRB] HandleQuery SelectTaskInstanceInvokeJobQuery
[11:51:32 DBG] HttpClient.Send: GET https://dev-fusion-iam.caa.group.gca/api/Job/TaskInstance/GetTaskInstanceInvokeJob/3799?api-version=2.0&jobInstanceId=708&taskId=230&jobId=4
[11:51:32 INF] Task: HR_Synchro_Incremental_Scaffolding_ComputeProvisioningPolicy_LoadUIG_1 Completed with state Completed
[11:51:32 INF] InvokeExpressionTask: HR_Synchro_Incremental_Scaffolding_HR_LoadIUG_BulkResourceReconciliation (Level: 13, LaunchOrder: 13)
    Agent: CAA

[11:51:32 VRB] Check the instance state for Task HR_Synchro_Incremental_Scaffolding_HR_LoadIUG_BulkResourceReconciliation
[11:51:32 VRB] HandleCommand TaskInstanceProgressCommand
[11:51:32 DBG] HttpClient.Send: PUT https://dev-fusion-iam.caa.group.gca/api/Job/TaskInstance/Progress?api-version=2.0
[11:51:32 INF] Launch task: InvokeExpressionTask: HR_Synchro_Incremental_Scaffolding_HR_LoadIUG_BulkResourceReconciliation, Task 14/25
[11:51:32 VRB] HandleCommand RunTaskCommand
[11:51:32 INF] Launch InvokeExpressionTask : HR_Synchro_Incremental_Scaffolding_HR_LoadIUG_BulkResourceReconciliation
[11:51:32 DBG] Start Process dotnet Usercube-Invoke-ExpressionAgentSide.dll --progress-task-instance-id 3800 --api-url "https://dev-fusion-iam.caa.group.gca/" --api-client-id "Job" --log-level 0 --input-path "D:\UsercubeCAA\Scripts\HR\HR_LoadIUG_BulkResourceReconciliation.ps1" --stdin null
[11:51:32 INF] Start process=True PID=8472 dotnet Usercube-Invoke-ExpressionAgentSide.dll --progress-task-instance-id 3800 --api-url "https://dev-fusion-iam.caa.group.gca/" --api-client-id "Job" --log-level 0 --input-path "D:\UsercubeCAA\Scripts\HR\HR_LoadIUG_BulkResourceReconciliation.ps1" --stdin
[11:52:03 DBG] HttpClient.Send: GET https://dev-fusion-iam.caa.group.gca/api/Job/TaskInstance/3800?api-version=1.0&squery=join%20Task%20t%20select%20t.ContinueOnError%2C%20State&path=/Jobs/TaskInstance/Query&QueryRootEntityType=TaskInstance
[11:52:03 VRB] HandleQuery SelectTaskInstanceInvokeJobQuery
[11:52:03 DBG] HttpClient.Send: GET https://dev-fusion-iam.caa.group.gca/api/Job/TaskInstance/GetTaskInstanceInvokeJob/3800?api-version=2.0&jobInstanceId=708&taskId=23003&jobId=4
[11:52:03 INF] Task: HR_Synchro_Incremental_Scaffolding_HR_LoadIUG_BulkResourceReconciliation Completed with state Completed
[11:52:03 DBG] HttpClient.Send: PUT https://dev-fusion-iam.caa.group.gca/api/Job/JobInstance/Progression/708?api-version=3.0&jobGroupId=4&current=14&totalTask=25&state=InProgress&resourceId=-1&cancelRequest=False&retry=False
[11:52:03 VRB] Check the JobInstance state for JobInstance 708.
[11:52:03 VRB] HandleQuery SelectJobInstanceByIdQuery
[11:52:03 DBG] HttpClient.Send: GET https://dev-fusion-iam.caa.group.gca/api/Job/JobInstance/708?api-version=2.0&squery=select%20State&path=/Jobs/JobInstance/Query&QueryRootEntityType=JobInstance
[11:52:03 INF] ComputeRoleModelTask: HR_Synchro_Incremental_Scaffolding_ComputeProvisioningPolicy_LoadUIG_2 (Level: 14, LaunchOrder: 14)
    EntityType: HR_LoadIUG

[11:52:03 VRB] Check the instance state for Task HR_Synchro_Incremental_Scaffolding_ComputeProvisioningPolicy_LoadUIG_2
[11:52:03 VRB] HandleCommand TaskInstanceProgressCommand
[11:52:03 DBG] HttpClient.Send: PUT https://dev-fusion-iam.caa.group.gca/api/Job/TaskInstance/Progress?api-version=2.0
[11:52:03 INF] Launch task: ComputeRoleModelTask: HR_Synchro_Incremental_Scaffolding_ComputeProvisioningPolicy_LoadUIG_2, Task 15/25
[11:52:03 VRB] HandleCommand RunTaskCommand
[11:52:03 DBG] HttpClient.Send: POST https://dev-fusion-iam.caa.group.gca/api/Job/Task/RunTask/231?api-version=4.0&jobInstanceId=708&jobLogLevel=Trace
[11:52:03 VRB] HandleQuery SelectTaskInstanceInvokeJobQuery
[11:52:03 DBG] HttpClient.Send: GET https://dev-fusion-iam.caa.group.gca/api/Job/TaskInstance/GetTaskInstanceInvokeJob/3801?api-version=2.0&jobInstanceId=708&taskId=231&jobId=4
[11:52:03 INF] Task: HR_Synchro_Incremental_Scaffolding_ComputeProvisioningPolicy_LoadUIG_2 Completed with state Completed
[11:52:03 INF] GenerateProvisioningOrdersTask: HR_Synchro_Incremental_Scaffolding_Provisioning_LoadUIG (Level: 15, LaunchOrder: 15)
    Force Provisioning: True
    ResourceType: HR_UserRecord_LoadUIG, HR_User_LoadUIG

[11:52:03 VRB] Check the instance state for Task HR_Synchro_Incremental_Scaffolding_Provisioning_LoadUIG
[11:52:03 VRB] HandleCommand TaskInstanceProgressCommand
[11:52:03 DBG] HttpClient.Send: PUT https://dev-fusion-iam.caa.group.gca/api/Job/TaskInstance/Progress?api-version=2.0
[11:52:03 INF] Launch task: GenerateProvisioningOrdersTask: HR_Synchro_Incremental_Scaffolding_Provisioning_LoadUIG, Task 16/25
[11:52:03 VRB] HandleCommand RunTaskCommand
[11:52:03 DBG] HttpClient.Send: POST https://dev-fusion-iam.caa.group.gca/api/Job/Task/RunTask/243?api-version=4.0&jobInstanceId=708&jobLogLevel=Trace
[11:52:03 VRB] HandleQuery SelectTaskInstanceInvokeJobQuery
[11:52:03 DBG] HttpClient.Send: GET https://dev-fusion-iam.caa.group.gca/api/Job/TaskInstance/GetTaskInstanceInvokeJob/3802?api-version=2.0&jobInstanceId=708&taskId=243&jobId=4
[11:52:03 INF] Task: HR_Synchro_Incremental_Scaffolding_Provisioning_LoadUIG Completed with state Completed
[11:52:03 INF] FulfillTask: HR_Synchro_Incremental_Scaffolding_Provisioner_LoadUIG (Level: 16, LaunchOrder: 16)
    ConnectionIdentifier: HRDatabase
    FulfillmentType: FulfillInternalResource
    Parent: HR_Synchro_Incremental_Scaffolding_Provisioning_LoadUIG
    ResourceType: HR_UserRecord_LoadUIG, HR_User_LoadUIG

[11:52:03 VRB] Check the instance state for Task HR_Synchro_Incremental_Scaffolding_Provisioner_LoadUIG
[11:52:03 VRB] HandleCommand TaskInstanceProgressCommand
[11:52:03 DBG] HttpClient.Send: PUT https://dev-fusion-iam.caa.group.gca/api/Job/TaskInstance/Progress?api-version=2.0
[11:52:03 INF] The Task: HR_Synchro_Incremental_Scaffolding_Provisioner_LoadUIG has not been launched because no treatment is required.
[11:52:03 INF] ComputeRoleModelTask: HR_Synchro_Incremental_Scaffolding_ComputeProvisioningPolicy_UserUpdate_1 (Level: 17, LaunchOrder: 17)
    EntityType: HR_UserUpdate

[11:52:03 VRB] Check the instance state for Task HR_Synchro_Incremental_Scaffolding_ComputeProvisioningPolicy_UserUpdate_1
[11:52:03 VRB] HandleCommand TaskInstanceProgressCommand
[11:52:03 DBG] HttpClient.Send: PUT https://dev-fusion-iam.caa.group.gca/api/Job/TaskInstance/Progress?api-version=2.0
[11:52:03 INF] Launch task: ComputeRoleModelTask: HR_Synchro_Incremental_Scaffolding_ComputeProvisioningPolicy_UserUpdate_1, Task 18/25
[11:52:03 VRB] HandleCommand RunTaskCommand
[11:52:03 DBG] HttpClient.Send: POST https://dev-fusion-iam.caa.group.gca/api/Job/Task/RunTask/23001?api-version=4.0&jobInstanceId=708&jobLogLevel=Trace
[11:52:03 VRB] HandleQuery SelectTaskInstanceInvokeJobQuery
[11:52:03 DBG] HttpClient.Send: GET https://dev-fusion-iam.caa.group.gca/api/Job/TaskInstance/GetTaskInstanceInvokeJob/3804?api-version=2.0&jobInstanceId=708&taskId=23001&jobId=4
[11:52:03 INF] Task: HR_Synchro_Incremental_Scaffolding_ComputeProvisioningPolicy_UserUpdate_1 Completed with state Completed
[11:52:03 INF] InvokeExpressionTask: HR_Synchro_Incremental_Scaffolding_HR_UserUpdate_BulkResourceReconciliation (Level: 18, LaunchOrder: 18)
    Agent: CAA

[11:52:03 VRB] Check the instance state for Task HR_Synchro_Incremental_Scaffolding_HR_UserUpdate_BulkResourceReconciliation
[11:52:03 VRB] HandleCommand TaskInstanceProgressCommand
[11:52:03 DBG] HttpClient.Send: PUT https://dev-fusion-iam.caa.group.gca/api/Job/TaskInstance/Progress?api-version=2.0
[11:52:03 INF] Launch task: InvokeExpressionTask: HR_Synchro_Incremental_Scaffolding_HR_UserUpdate_BulkResourceReconciliation, Task 19/25
[11:52:03 VRB] HandleCommand RunTaskCommand
[11:52:03 INF] Launch InvokeExpressionTask : HR_Synchro_Incremental_Scaffolding_HR_UserUpdate_BulkResourceReconciliation
[11:52:03 DBG] Start Process dotnet Usercube-Invoke-ExpressionAgentSide.dll --progress-task-instance-id 3805 --api-url "https://dev-fusion-iam.caa.group.gca/" --api-client-id "Job" --log-level 0 --input-path "D:\UsercubeCAA\Scripts\HR\HR_UserUpdate_BulkResourceReconciliation.ps1" --stdin null
[11:52:03 INF] Start process=True PID=9264 dotnet Usercube-Invoke-ExpressionAgentSide.dll --progress-task-instance-id 3805 --api-url "https://dev-fusion-iam.caa.group.gca/" --api-client-id "Job" --log-level 0 --input-path "D:\UsercubeCAA\Scripts\HR\HR_UserUpdate_BulkResourceReconciliation.ps1" --stdin
[11:52:34 DBG] HttpClient.Send: GET https://dev-fusion-iam.caa.group.gca/api/Job/TaskInstance/3805?api-version=1.0&squery=join%20Task%20t%20select%20t.ContinueOnError%2C%20State&path=/Jobs/TaskInstance/Query&QueryRootEntityType=TaskInstance
[11:52:34 VRB] HandleQuery SelectTaskInstanceInvokeJobQuery
[11:52:34 DBG] HttpClient.Send: GET https://dev-fusion-iam.caa.group.gca/api/Job/TaskInstance/GetTaskInstanceInvokeJob/3805?api-version=2.0&jobInstanceId=708&taskId=23004&jobId=4
[11:52:34 INF] Task: HR_Synchro_Incremental_Scaffolding_HR_UserUpdate_BulkResourceReconciliation Completed with state Completed
[11:52:34 DBG] HttpClient.Send: PUT https://dev-fusion-iam.caa.group.gca/api/Job/JobInstance/Progression/708?api-version=3.0&jobGroupId=4&current=19&totalTask=25&state=InProgress&resourceId=-1&cancelRequest=False&retry=False
[11:52:34 VRB] Check the JobInstance state for JobInstance 708.
[11:52:34 VRB] HandleQuery SelectJobInstanceByIdQuery
[11:52:34 DBG] HttpClient.Send: GET https://dev-fusion-iam.caa.group.gca/api/Job/JobInstance/708?api-version=2.0&squery=select%20State&path=/Jobs/JobInstance/Query&QueryRootEntityType=JobInstance
[11:52:34 INF] ComputeRoleModelTask: HR_Synchro_Incremental_Scaffolding_ComputeProvisioningPolicy_UserUpdate_2 (Level: 19, LaunchOrder: 19)
    EntityType: HR_UserUpdate

[11:52:34 VRB] Check the instance state for Task HR_Synchro_Incremental_Scaffolding_ComputeProvisioningPolicy_UserUpdate_2
[11:52:34 VRB] HandleCommand TaskInstanceProgressCommand
[11:52:34 DBG] HttpClient.Send: PUT https://dev-fusion-iam.caa.group.gca/api/Job/TaskInstance/Progress?api-version=2.0
[11:52:34 INF] Launch task: ComputeRoleModelTask: HR_Synchro_Incremental_Scaffolding_ComputeProvisioningPolicy_UserUpdate_2, Task 20/25
[11:52:34 VRB] HandleCommand RunTaskCommand
[11:52:34 DBG] HttpClient.Send: POST https://dev-fusion-iam.caa.group.gca/api/Job/Task/RunTask/23002?api-version=4.0&jobInstanceId=708&jobLogLevel=Trace
[11:52:35 VRB] HandleQuery SelectTaskInstanceInvokeJobQuery
[11:52:35 DBG] HttpClient.Send: GET https://dev-fusion-iam.caa.group.gca/api/Job/TaskInstance/GetTaskInstanceInvokeJob/3806?api-version=2.0&jobInstanceId=708&taskId=23002&jobId=4
[11:52:35 INF] Task: HR_Synchro_Incremental_Scaffolding_ComputeProvisioningPolicy_UserUpdate_2 Completed with state Completed
[11:52:35 INF] GenerateProvisioningOrdersTask: HR_Synchro_Incremental_Scaffolding_Provisioning_UserUpdate (Level: 20, LaunchOrder: 20)
    Force Provisioning: True
    ResourceType: HR_UserUpdate

[11:52:35 VRB] Check the instance state for Task HR_Synchro_Incremental_Scaffolding_Provisioning_UserUpdate
[11:52:35 VRB] HandleCommand TaskInstanceProgressCommand
[11:52:35 DBG] HttpClient.Send: PUT https://dev-fusion-iam.caa.group.gca/api/Job/TaskInstance/Progress?api-version=2.0
[11:52:35 INF] Launch task: GenerateProvisioningOrdersTask: HR_Synchro_Incremental_Scaffolding_Provisioning_UserUpdate, Task 21/25
[11:52:35 VRB] HandleCommand RunTaskCommand
[11:52:35 DBG] HttpClient.Send: POST https://dev-fusion-iam.caa.group.gca/api/Job/Task/RunTask/244?api-version=4.0&jobInstanceId=708&jobLogLevel=Trace
[11:52:35 VRB] HandleQuery SelectTaskInstanceInvokeJobQuery
[11:52:35 DBG] HttpClient.Send: GET https://dev-fusion-iam.caa.group.gca/api/Job/TaskInstance/GetTaskInstanceInvokeJob/3807?api-version=2.0&jobInstanceId=708&taskId=244&jobId=4
[11:52:35 INF] Task: HR_Synchro_Incremental_Scaffolding_Provisioning_UserUpdate Completed with state Completed
[11:52:35 INF] FulfillTask: HR_Synchro_Incremental_Scaffolding_Provisioner_Workflow_UserUpdate (Level: 21, LaunchOrder: 21)
    ConnectionIdentifier: HRWorkflows
    FulfillmentType: FulfillInternalWorkflows
    Parent: HR_Synchro_Incremental_Scaffolding_Provisioning_UserUpdate
    ResourceType: HR_UserUpdate

[11:52:35 VRB] Check the instance state for Task HR_Synchro_Incremental_Scaffolding_Provisioner_Workflow_UserUpdate
[11:52:35 VRB] HandleCommand TaskInstanceProgressCommand
[11:52:35 DBG] HttpClient.Send: PUT https://dev-fusion-iam.caa.group.gca/api/Job/TaskInstance/Progress?api-version=2.0
[11:52:35 INF] The Task: HR_Synchro_Incremental_Scaffolding_Provisioner_Workflow_UserUpdate has not been launched because no treatment is required.
[11:52:35 INF] UpdateEntityPropertyExpressionsTask: HR_Synchro_Incremental_Scaffolding_ComputeProperties_2 (Level: 22, LaunchOrder: 22)
    AllEntities: True

[11:52:35 VRB] Check the instance state for Task HR_Synchro_Incremental_Scaffolding_ComputeProperties_2
[11:52:35 VRB] HandleCommand TaskInstanceProgressCommand
[11:52:35 DBG] HttpClient.Send: PUT https://dev-fusion-iam.caa.group.gca/api/Job/TaskInstance/Progress?api-version=2.0
[11:52:35 INF] Launch task: UpdateEntityPropertyExpressionsTask: HR_Synchro_Incremental_Scaffolding_ComputeProperties_2, Task 23/25
[11:52:35 VRB] HandleCommand RunTaskCommand
[11:52:35 DBG] HttpClient.Send: POST https://dev-fusion-iam.caa.group.gca/api/Job/Task/RunTask/229?api-version=4.0&jobInstanceId=708&jobLogLevel=Trace
[11:52:36 VRB] HandleQuery SelectTaskInstanceInvokeJobQuery
[11:52:36 DBG] HttpClient.Send: GET https://dev-fusion-iam.caa.group.gca/api/Job/TaskInstance/GetTaskInstanceInvokeJob/3809?api-version=2.0&jobInstanceId=708&taskId=229&jobId=4
[11:52:36 INF] Task: HR_Synchro_Incremental_Scaffolding_ComputeProperties_2 Completed with state Completed
[11:52:36 INF] InvokeExpressionTask: HR_Synchro_Incremental_Scaffolding_Reset_HR_Files (Level: 23, LaunchOrder: 23)
    Agent: CAA

[11:52:36 VRB] Check the instance state for Task HR_Synchro_Incremental_Scaffolding_Reset_HR_Files
[11:52:36 VRB] HandleCommand TaskInstanceProgressCommand
[11:52:36 DBG] HttpClient.Send: PUT https://dev-fusion-iam.caa.group.gca/api/Job/TaskInstance/Progress?api-version=2.0
[11:52:36 INF] Launch task: InvokeExpressionTask: HR_Synchro_Incremental_Scaffolding_Reset_HR_Files, Task 24/25
[11:52:36 VRB] HandleCommand RunTaskCommand
[11:52:36 INF] Launch InvokeExpressionTask : HR_Synchro_Incremental_Scaffolding_Reset_HR_Files
[11:52:36 DBG] Start Process dotnet Usercube-Invoke-ExpressionAgentSide.dll --progress-task-instance-id 3810 --api-url "https://dev-fusion-iam.caa.group.gca/" --api-client-id "Job" --log-level 0 --input-path "D:\UsercubeCAA\Scripts\HR\HR_Reset_Files.ps1" --stdin null
[11:52:36 INF] Start process=True PID=14108 dotnet Usercube-Invoke-ExpressionAgentSide.dll --progress-task-instance-id 3810 --api-url "https://dev-fusion-iam.caa.group.gca/" --api-client-id "Job" --log-level 0 --input-path "D:\UsercubeCAA\Scripts\HR\HR_Reset_Files.ps1" --stdin
[11:52:37 DBG] HttpClient.Send: GET https://dev-fusion-iam.caa.group.gca/api/Job/TaskInstance/3810?api-version=1.0&squery=join%20Task%20t%20select%20t.ContinueOnError%2C%20State&path=/Jobs/TaskInstance/Query&QueryRootEntityType=TaskInstance
[11:52:37 VRB] HandleQuery SelectTaskInstanceInvokeJobQuery
[11:52:37 DBG] HttpClient.Send: GET https://dev-fusion-iam.caa.group.gca/api/Job/TaskInstance/GetTaskInstanceInvokeJob/3810?api-version=2.0&jobInstanceId=708&taskId=246&jobId=4
[11:52:37 INF] Task: HR_Synchro_Incremental_Scaffolding_Reset_HR_Files Completed with state Completed
[11:52:37 VRB] Check the JobInstance state for JobInstance 708.
[11:52:37 VRB] HandleQuery SelectJobInstanceByIdQuery
[11:52:37 DBG] HttpClient.Send: GET https://dev-fusion-iam.caa.group.gca/api/Job/JobInstance/708?api-version=2.0&squery=select%20State&path=/Jobs/JobInstance/Query&QueryRootEntityType=JobInstance
[11:52:37 INF] SetInternalUserProfilesTask: HR_Synchro_Incremental_Scaffolding_SetInternalUserProfiles (Level: 24, LaunchOrder: 24)
    EntityType: Directory_User

[11:52:37 VRB] Check the instance state for Task HR_Synchro_Incremental_Scaffolding_SetInternalUserProfiles
[11:52:37 VRB] HandleCommand TaskInstanceProgressCommand
[11:52:37 DBG] HttpClient.Send: PUT https://dev-fusion-iam.caa.group.gca/api/Job/TaskInstance/Progress?api-version=2.0
[11:52:37 INF] Launch task: SetInternalUserProfilesTask: HR_Synchro_Incremental_Scaffolding_SetInternalUserProfiles, Task 25/25
[11:52:37 VRB] HandleCommand RunTaskCommand
[11:52:37 DBG] HttpClient.Send: POST https://dev-fusion-iam.caa.group.gca/api/Job/Task/RunTask/27001?api-version=4.0&jobInstanceId=708&jobLogLevel=Trace
[11:52:38 VRB] HandleQuery SelectTaskInstanceInvokeJobQuery
[11:52:38 DBG] HttpClient.Send: GET https://dev-fusion-iam.caa.group.gca/api/Job/TaskInstance/GetTaskInstanceInvokeJob/3811?api-version=2.0&jobInstanceId=708&taskId=27001&jobId=4
[11:52:38 INF] Task: HR_Synchro_Incremental_Scaffolding_SetInternalUserProfiles Completed with state Completed
[11:52:38 DBG] HttpClient.Send: PUT https://dev-fusion-iam.caa.group.gca/api/Job/JobInstance/Progression/708?api-version=3.0&jobGroupId=4&current=25&totalTask=25&state=Completed&resourceId=-1&cancelRequest=False&retry=False
