[13:41:16 VRB] HandleCommand FulfillPowerShellCommand
[13:41:16 INF] Fulfill-PowerShell started: WorkingDirectory=../Work\FulfillPowerShell Script=D:\UsercubeCAA\Scripts\ApplicationMail\Applications_Mail_Fulfill.ps1 TaskInstanceId=6203
[13:41:16 DBG] HttpClient.Send: PUT https://dev-fusion-iam.caa.group.gca/api/Job/TaskInstance/Progression/6203?api-version=1.0
[13:41:17 VRB] Refreshed token: token expiration date=02/10/2025 13:38:17
[13:41:17 DBG] Fetching provisioning orders api/ResourceTypeProvisioner/ResourceTypeProvisioningData?api-version=2.0&ResourceTypes=53001&ResourceTypes=53002
[13:41:17 DBG] HttpClient.Send: GET https://dev-fusion-iam.caa.group.gca/api/ResourceTypeProvisioner/ResourceTypeProvisioningData?api-version=2.0&ResourceTypes=53001&ResourceTypes=53002
[13:41:17 DBG] Fetching provisioning orders api/ResourceTypeProvisioner/ResourceTypeProvisioningData?api-version=2.0&ResourceTypes=53001&ResourceTypes=53002
[13:41:17 DBG] HttpClient.Send: GET https://dev-fusion-iam.caa.group.gca/api/ResourceTypeProvisioner/ResourceTypeProvisioningData?api-version=2.0&ResourceTypes=53001&ResourceTypes=53002
[13:41:18 INF] Custom configuration successfully loaded from D:\UsercubeCAA\Runtime\appsettings.json
[13:41:18 INF] Custom configuration successfully loaded from D:\UsercubeCAA\Runtime\appsettings.agent.json
[13:41:18 INF] Installation will run with following context variables :
[13:41:18 INF] - scriptsPath : D:\UsercubeCAA\Scripts
[13:41:18 INF] - confPath : D:\UsercubeCAA\Conf
[13:41:18 INF] - apiUri : https://dev-fusion-iam.caa.group.gca
[13:41:21 DBG] HttpClient.Send: PUT https://dev-fusion-iam.caa.group.gca/api/Connectors/Provisioning/ProvisioningResults?api-version=1.0
[13:41:21 INF] Fulfill-PowerShell-SendResults completed Added=1 Modified=0 Deleted=0 Errors=0.
[13:41:21 DBG] HttpClient.Send: PUT https://dev-fusion-iam.caa.group.gca/api/Job/TaskInstance/Progression/6203?api-version=1.0
[13:41:21 INF] Fulfillment process completed. Executed orders: 1/1 - Inserted: 1 | Updated: 0 | Deleted: 0 | Errors: 0
[13:41:21 DBG] HttpClient.Send: PUT https://dev-fusion-iam.caa.group.gca/api/Job/TaskInstance/Progression/6203?api-version=1.0
[13:41:21 INF] Fulfill-PowerShell completed: WorkingDirectory=../Work\FulfillPowerShell Script=D:\UsercubeCAA\Scripts\ApplicationMail\Applications_Mail_Fulfill.ps1 TaskInstanceId=6203
