[13:18:11 DBG] HttpClient.Send: PUT https://dev-fusion-iam.caa.group.gca/api/Job/JobInstance/Progression/661?api-version=3.0&jobGroupId=4&current=0&totalTask=0&state=InProgress&resourceId=-1&cancelRequest=False&retry=False
[13:18:11 VRB] Refreshed token: token expiration date=01/25/2025 13:15:10
[13:18:11 VRB] HandleQuery SelectConsolidateJobQuery
[13:18:11 DBG] HttpClient.Send: GET https://dev-fusion-iam.caa.group.gca/api/Job/Job/RunStateMachineJob?api-version=4.0&path=/Jobs/Job/Query&jobIdentifier=4&repair=False&beginJobStep=-1&endJobStep=-1&forceSynchronizationProvisioning=False&retry=False&launchTaskType=0&taskIdentifier=&taskIdentifierContains=&beginTaskExcluded=&endTaskExcluded=&jobInstanceId=661&jobId=4
[13:18:12 VRB] HandleCommand ReserveTaskInstanceIdCommand
[13:18:12 VRB] Reserve 25 next TaskInstanceId
[13:18:12 DBG] HttpClient.Send: PUT https://dev-fusion-iam.caa.group.gca/api/Job/TaskInstance/GetTaskInstanceId/25?api-version=1.0
[13:18:12 VRB] Check the JobInstance state for JobInstance 661.
[13:18:12 VRB] HandleQuery SelectJobInstanceByIdQuery
[13:18:12 DBG] HttpClient.Send: GET https://dev-fusion-iam.caa.group.gca/api/Job/JobInstance/661?api-version=2.0&squery=select%20State&path=/Jobs/JobInstance/Query&QueryRootEntityType=JobInstance
[13:18:12 INF] InvokeExpressionTask: HR_Synchro_Incremental_Scaffolding_PreCollect (Level: 0, LaunchOrder: 0)
    Agent: CAA

[13:18:12 VRB] Check the instance state for Task HR_Synchro_Incremental_Scaffolding_PreCollect
[13:18:12 VRB] HandleCommand TaskInstanceProgressCommand
[13:18:12 DBG] HttpClient.Send: PUT https://dev-fusion-iam.caa.group.gca/api/Job/TaskInstance/Progress?api-version=2.0
[13:18:12 INF] Launch task: InvokeExpressionTask: HR_Synchro_Incremental_Scaffolding_PreCollect, Task 1/25
[13:18:12 VRB] HandleCommand RunTaskCommand
[13:18:12 INF] Launch InvokeExpressionTask : HR_Synchro_Incremental_Scaffolding_PreCollect
[13:18:12 DBG] Start Process dotnet Usercube-Invoke-ExpressionAgentSide.dll --progress-task-instance-id 3306 --api-url "https://dev-fusion-iam.caa.group.gca/" --api-client-id "Job" --log-level 0 --input-path "D:\UsercubeCAA\Scripts\HR\HR_PreCollect.ps1" --stdin null
[13:18:12 INF] Start process=True PID=11012 dotnet Usercube-Invoke-ExpressionAgentSide.dll --progress-task-instance-id 3306 --api-url "https://dev-fusion-iam.caa.group.gca/" --api-client-id "Job" --log-level 0 --input-path "D:\UsercubeCAA\Scripts\HR\HR_PreCollect.ps1" --stdin
[13:18:14 DBG] HttpClient.Send: GET https://dev-fusion-iam.caa.group.gca/api/Job/TaskInstance/3306?api-version=1.0&squery=join%20Task%20t%20select%20t.ContinueOnError%2C%20State&path=/Jobs/TaskInstance/Query&QueryRootEntityType=TaskInstance
[13:18:14 VRB] HandleQuery SelectTaskInstanceInvokeJobQuery
[13:18:14 DBG] HttpClient.Send: GET https://dev-fusion-iam.caa.group.gca/api/Job/TaskInstance/GetTaskInstanceInvokeJob/3306?api-version=2.0&jobInstanceId=661&taskId=238&jobId=4
[13:18:14 INF] Task: HR_Synchro_Incremental_Scaffolding_PreCollect Completed with state Completed
[13:18:14 INF] ExportTask: HR_Synchro_Incremental_Scaffolding_Export_HR_User (Level: 1, LaunchOrder: 1)
    Connector: HR
    Mode: Incremental
    ConnectionIdentifier: HRUser
    ExportType: ExportCsv

[13:18:14 VRB] Check the instance state for Task HR_Synchro_Incremental_Scaffolding_Export_HR_User
[13:18:14 VRB] HandleCommand TaskInstanceProgressCommand
[13:18:14 DBG] HttpClient.Send: PUT https://dev-fusion-iam.caa.group.gca/api/Job/TaskInstance/Progress?api-version=2.0
[13:18:14 INF] Launch task: ExportTask: HR_Synchro_Incremental_Scaffolding_Export_HR_User, Task 2/25
[13:18:14 VRB] HandleCommand RunTaskCommand
[13:18:14 INF] Launch ExportTask : HR_Synchro_Incremental_Scaffolding_Export_HR_User
[13:18:14 DBG] Start Process dotnet Usercube-Export-Csv.dll --progress-task-instance-id 3307 --api-url "https://dev-fusion-iam.caa.group.gca/" --api-client-id "Job" --log-level 0 --output-path "../Temp\ExportOutput" --connection-identifier "HRUser" --path-incremental "D:\UsercubeCAA\Sources\RH\Incremental\RH_entrees.csv" --separator ";" --lines-to-skip "0" --stdin null
[13:18:14 INF] Start process=True PID=6812 dotnet Usercube-Export-Csv.dll --progress-task-instance-id 3307 --api-url "https://dev-fusion-iam.caa.group.gca/" --api-client-id "Job" --log-level 0 --output-path "../Temp\ExportOutput" --connection-identifier "HRUser" --path-incremental "D:\UsercubeCAA\Sources\RH\Incremental\RH_entrees.csv" --separator ";" --lines-to-skip "0" --stdin
[13:18:15 DBG] HttpClient.Send: GET https://dev-fusion-iam.caa.group.gca/api/Job/TaskInstance/3307?api-version=1.0&squery=join%20Task%20t%20select%20t.ContinueOnError%2C%20State&path=/Jobs/TaskInstance/Query&QueryRootEntityType=TaskInstance
[13:18:15 VRB] HandleQuery SelectTaskInstanceInvokeJobQuery
[13:18:15 DBG] HttpClient.Send: GET https://dev-fusion-iam.caa.group.gca/api/Job/TaskInstance/GetTaskInstanceInvokeJob/3307?api-version=2.0&jobInstanceId=661&taskId=235&jobId=4
[13:18:15 INF] Task: HR_Synchro_Incremental_Scaffolding_Export_HR_User Completed with state Completed
[13:18:15 VRB] Check the JobInstance state for JobInstance 661.
[13:18:15 VRB] HandleQuery SelectJobInstanceByIdQuery
[13:18:15 DBG] HttpClient.Send: GET https://dev-fusion-iam.caa.group.gca/api/Job/JobInstance/661?api-version=2.0&squery=select%20State&path=/Jobs/JobInstance/Query&QueryRootEntityType=JobInstance
[13:18:15 INF] ExportTask: HR_Synchro_Incremental_Scaffolding_Export_HR_UserUpdate (Level: 2, LaunchOrder: 2)
    Connector: HR
    Mode: Incremental
    ConnectionIdentifier: HRUserUpdate
    ExportType: ExportCsv

[13:18:15 VRB] Check the instance state for Task HR_Synchro_Incremental_Scaffolding_Export_HR_UserUpdate
[13:18:15 VRB] HandleCommand TaskInstanceProgressCommand
[13:18:15 DBG] HttpClient.Send: PUT https://dev-fusion-iam.caa.group.gca/api/Job/TaskInstance/Progress?api-version=2.0
[13:18:15 INF] Launch task: ExportTask: HR_Synchro_Incremental_Scaffolding_Export_HR_UserUpdate, Task 3/25
[13:18:15 VRB] HandleCommand RunTaskCommand
[13:18:15 INF] Launch ExportTask : HR_Synchro_Incremental_Scaffolding_Export_HR_UserUpdate
[13:18:15 DBG] Start Process dotnet Usercube-Export-Csv.dll --progress-task-instance-id 3308 --api-url "https://dev-fusion-iam.caa.group.gca/" --api-client-id "Job" --log-level 0 --output-path "../Temp\ExportOutput" --connection-identifier "HRUserUpdate" --path-incremental "D:\UsercubeCAA\Sources\RH\Incremental\RH_sorties_mobilitees.csv" --separator ";" --lines-to-skip "0" --stdin null
[13:18:15 INF] Start process=True PID=14316 dotnet Usercube-Export-Csv.dll --progress-task-instance-id 3308 --api-url "https://dev-fusion-iam.caa.group.gca/" --api-client-id "Job" --log-level 0 --output-path "../Temp\ExportOutput" --connection-identifier "HRUserUpdate" --path-incremental "D:\UsercubeCAA\Sources\RH\Incremental\RH_sorties_mobilitees.csv" --separator ";" --lines-to-skip "0" --stdin
[13:18:16 DBG] HttpClient.Send: GET https://dev-fusion-iam.caa.group.gca/api/Job/TaskInstance/3308?api-version=1.0&squery=join%20Task%20t%20select%20t.ContinueOnError%2C%20State&path=/Jobs/TaskInstance/Query&QueryRootEntityType=TaskInstance
[13:18:16 VRB] HandleQuery SelectTaskInstanceInvokeJobQuery
[13:18:16 DBG] HttpClient.Send: GET https://dev-fusion-iam.caa.group.gca/api/Job/TaskInstance/GetTaskInstanceInvokeJob/3308?api-version=2.0&jobInstanceId=661&taskId=236&jobId=4
[13:18:16 INF] Task: HR_Synchro_Incremental_Scaffolding_Export_HR_UserUpdate Completed with state Completed
[13:18:16 INF] ExportTask: HR_Synchro_Incremental_Scaffolding_Export_HR_LoadIUG (Level: 3, LaunchOrder: 3)
    Connector: HR
    Mode: Incremental
    ConnectionIdentifier: HRLoadIUG
    ExportType: ExportCsv

[13:18:16 VRB] Check the instance state for Task HR_Synchro_Incremental_Scaffolding_Export_HR_LoadIUG
[13:18:16 VRB] HandleCommand TaskInstanceProgressCommand
[13:18:16 DBG] HttpClient.Send: PUT https://dev-fusion-iam.caa.group.gca/api/Job/TaskInstance/Progress?api-version=2.0
[13:18:16 INF] Launch task: ExportTask: HR_Synchro_Incremental_Scaffolding_Export_HR_LoadIUG, Task 4/25
[13:18:16 VRB] HandleCommand RunTaskCommand
[13:18:16 INF] Launch ExportTask : HR_Synchro_Incremental_Scaffolding_Export_HR_LoadIUG
[13:18:16 DBG] Start Process dotnet Usercube-Export-Csv.dll --progress-task-instance-id 3309 --api-url "https://dev-fusion-iam.caa.group.gca/" --api-client-id "Job" --log-level 0 --output-path "../Temp\ExportOutput" --connection-identifier "HRLoadIUG" --path-incremental "D:\UsercubeCAA\Sources\RH\Incremental\Load_IUG.csv" --separator ";" --lines-to-skip "0" --stdin null
[13:18:16 INF] Start process=True PID=14888 dotnet Usercube-Export-Csv.dll --progress-task-instance-id 3309 --api-url "https://dev-fusion-iam.caa.group.gca/" --api-client-id "Job" --log-level 0 --output-path "../Temp\ExportOutput" --connection-identifier "HRLoadIUG" --path-incremental "D:\UsercubeCAA\Sources\RH\Incremental\Load_IUG.csv" --separator ";" --lines-to-skip "0" --stdin
[13:18:17 DBG] HttpClient.Send: GET https://dev-fusion-iam.caa.group.gca/api/Job/TaskInstance/3309?api-version=1.0&squery=join%20Task%20t%20select%20t.ContinueOnError%2C%20State&path=/Jobs/TaskInstance/Query&QueryRootEntityType=TaskInstance
[13:18:17 VRB] HandleQuery SelectTaskInstanceInvokeJobQuery
[13:18:17 DBG] HttpClient.Send: GET https://dev-fusion-iam.caa.group.gca/api/Job/TaskInstance/GetTaskInstanceInvokeJob/3309?api-version=2.0&jobInstanceId=661&taskId=234&jobId=4
[13:18:17 INF] Task: HR_Synchro_Incremental_Scaffolding_Export_HR_LoadIUG Completed with state Completed
[13:18:17 DBG] HttpClient.Send: PUT https://dev-fusion-iam.caa.group.gca/api/Job/JobInstance/Progression/661?api-version=3.0&jobGroupId=4&current=4&totalTask=25&state=InProgress&resourceId=-1&cancelRequest=False&retry=False
[13:18:17 INF] PrepareSynchronizationChangesTask: HR_Synchro_Incremental_Scaffolding_PrepareSynchronization_HR (Level: 4, LaunchOrder: 4)
    Synchronization Mode: Incremental
    Connector: HR
    Parent: HR_Synchro_Incremental_Scaffolding_Export_HR_LoadIUG, HR_Synchro_Incremental_Scaffolding_Export_HR_User, HR_Synchro_Incremental_Scaffolding_Export_HR_UserUpdate

[13:18:17 VRB] Check the instance state for Task HR_Synchro_Incremental_Scaffolding_PrepareSynchronization_HR
[13:18:17 VRB] HandleCommand TaskInstanceProgressCommand
[13:18:17 DBG] HttpClient.Send: PUT https://dev-fusion-iam.caa.group.gca/api/Job/TaskInstance/Progress?api-version=2.0
[13:18:17 INF] Launch task: PrepareSynchronizationChangesTask: HR_Synchro_Incremental_Scaffolding_PrepareSynchronization_HR, Task 5/25
[13:18:17 VRB] HandleCommand RunTaskCommand
[13:18:17 INF] Launch PrepareSynchronizationChangesTask : HR_Synchro_Incremental_Scaffolding_PrepareSynchronization_HR
[13:18:17 DBG] Start Process dotnet Usercube-Prepare-SynchronizationChange.dll --progress-task-instance-id 3310 --api-url "https://dev-fusion-iam.caa.group.gca/" --api-client-id "Job" --log-level 0 --connector 8 --working-directory "../Work\Collect" --sources-directory "../Temp\ExportOutput" --stdin null
[13:18:17 INF] Start process=True PID=9716 dotnet Usercube-Prepare-SynchronizationChange.dll --progress-task-instance-id 3310 --api-url "https://dev-fusion-iam.caa.group.gca/" --api-client-id "Job" --log-level 0 --connector 8 --working-directory "../Work\Collect" --sources-directory "../Temp\ExportOutput" --stdin
[13:18:18 DBG] HttpClient.Send: GET https://dev-fusion-iam.caa.group.gca/api/Job/TaskInstance/3310?api-version=1.0&squery=join%20Task%20t%20select%20t.ContinueOnError%2C%20State&path=/Jobs/TaskInstance/Query&QueryRootEntityType=TaskInstance
[13:18:18 VRB] HandleQuery SelectTaskInstanceInvokeJobQuery
[13:18:18 DBG] HttpClient.Send: GET https://dev-fusion-iam.caa.group.gca/api/Job/TaskInstance/GetTaskInstanceInvokeJob/3310?api-version=2.0&jobInstanceId=661&taskId=239&jobId=4
[13:18:18 INF] Task: HR_Synchro_Incremental_Scaffolding_PrepareSynchronization_HR Completed with state Completed
[13:18:18 VRB] Check the JobInstance state for JobInstance 661.
[13:18:18 VRB] HandleQuery SelectJobInstanceByIdQuery
[13:18:18 DBG] HttpClient.Send: GET https://dev-fusion-iam.caa.group.gca/api/Job/JobInstance/661?api-version=2.0&squery=select%20State&path=/Jobs/JobInstance/Query&QueryRootEntityType=JobInstance
[13:18:18 INF] SynchronizeChangesTask: HR_Synchro_Incremental_Scaffolding_Synchronize_HR_DoNotDeleteChange (Level: 5, LaunchOrder: 5)
    Connector: HR
    DoNotDeleteChange: True
    Parent: HR_Synchro_Incremental_Scaffolding_PrepareSynchronization_HR

[13:18:18 VRB] Check the instance state for Task HR_Synchro_Incremental_Scaffolding_Synchronize_HR_DoNotDeleteChange
[13:18:18 VRB] HandleCommand TaskInstanceProgressCommand
[13:18:18 DBG] HttpClient.Send: PUT https://dev-fusion-iam.caa.group.gca/api/Job/TaskInstance/Progress?api-version=2.0
[13:18:18 INF] Launch task: SynchronizeChangesTask: HR_Synchro_Incremental_Scaffolding_Synchronize_HR_DoNotDeleteChange, Task 6/25
[13:18:18 VRB] HandleCommand RunTaskCommand
[13:18:18 DBG] HttpClient.Send: POST https://dev-fusion-iam.caa.group.gca/api/Job/Task/RunTask/247?api-version=4.0&jobInstanceId=661&jobLogLevel=Trace
[13:18:20 VRB] HandleQuery SelectTaskInstanceInvokeJobQuery
[13:18:20 DBG] HttpClient.Send: GET https://dev-fusion-iam.caa.group.gca/api/Job/TaskInstance/GetTaskInstanceInvokeJob/3311?api-version=2.0&jobInstanceId=661&taskId=247&jobId=4
[13:18:20 INF] Task: HR_Synchro_Incremental_Scaffolding_Synchronize_HR_DoNotDeleteChange Completed with state Completed
[13:18:20 VRB] Check the JobInstance state for JobInstance 661.
[13:18:20 VRB] HandleQuery SelectJobInstanceByIdQuery
[13:18:20 DBG] HttpClient.Send: GET https://dev-fusion-iam.caa.group.gca/api/Job/JobInstance/661?api-version=2.0&squery=select%20State&path=/Jobs/JobInstance/Query&QueryRootEntityType=JobInstance
[13:18:20 INF] UpdateEntityPropertyExpressionsTask: HR_Synchro_Incremental_Scaffolding_ComputeProperties_1 (Level: 6, LaunchOrder: 6)
    AllEntities: True

[13:18:20 VRB] Check the instance state for Task HR_Synchro_Incremental_Scaffolding_ComputeProperties_1
[13:18:20 VRB] HandleCommand TaskInstanceProgressCommand
[13:18:20 DBG] HttpClient.Send: PUT https://dev-fusion-iam.caa.group.gca/api/Job/TaskInstance/Progress?api-version=2.0
[13:18:20 INF] Launch task: UpdateEntityPropertyExpressionsTask: HR_Synchro_Incremental_Scaffolding_ComputeProperties_1, Task 7/25
[13:18:20 VRB] HandleCommand RunTaskCommand
[13:18:20 DBG] HttpClient.Send: POST https://dev-fusion-iam.caa.group.gca/api/Job/Task/RunTask/228?api-version=4.0&jobInstanceId=661&jobLogLevel=Trace
[13:18:22 VRB] HandleQuery SelectTaskInstanceInvokeJobQuery
[13:18:22 DBG] HttpClient.Send: GET https://dev-fusion-iam.caa.group.gca/api/Job/TaskInstance/GetTaskInstanceInvokeJob/3312?api-version=2.0&jobInstanceId=661&taskId=228&jobId=4
[13:18:22 INF] Task: HR_Synchro_Incremental_Scaffolding_ComputeProperties_1 Completed with state Completed
[13:18:22 DBG] HttpClient.Send: PUT https://dev-fusion-iam.caa.group.gca/api/Job/JobInstance/Progression/661?api-version=3.0&jobGroupId=4&current=7&totalTask=25&state=InProgress&resourceId=-1&cancelRequest=False&retry=False
[13:18:22 VRB] Check the JobInstance state for JobInstance 661.
[13:18:22 VRB] HandleQuery SelectJobInstanceByIdQuery
[13:18:22 DBG] HttpClient.Send: GET https://dev-fusion-iam.caa.group.gca/api/Job/JobInstance/661?api-version=2.0&squery=select%20State&path=/Jobs/JobInstance/Query&QueryRootEntityType=JobInstance
[13:18:22 INF] ComputeCorrelationKeysTask: HR_Synchro_Incremental_Scaffolding_ComputeCorrelationKeysy_Users (Level: 7, LaunchOrder: 7)
    All Entities: True

[13:18:22 VRB] Check the instance state for Task HR_Synchro_Incremental_Scaffolding_ComputeCorrelationKeysy_Users
[13:18:22 VRB] HandleCommand TaskInstanceProgressCommand
[13:18:22 DBG] HttpClient.Send: PUT https://dev-fusion-iam.caa.group.gca/api/Job/TaskInstance/Progress?api-version=2.0
[13:18:22 INF] Launch task: ComputeCorrelationKeysTask: HR_Synchro_Incremental_Scaffolding_ComputeCorrelationKeysy_Users, Task 8/25
[13:18:22 VRB] HandleCommand RunTaskCommand
[13:18:22 DBG] HttpClient.Send: POST https://dev-fusion-iam.caa.group.gca/api/Job/Task/RunTask/227?api-version=4.0&jobInstanceId=661&jobLogLevel=Trace
[13:18:45 VRB] HandleQuery SelectTaskInstanceInvokeJobQuery
[13:18:45 DBG] HttpClient.Send: GET https://dev-fusion-iam.caa.group.gca/api/Job/TaskInstance/GetTaskInstanceInvokeJob/3313?api-version=2.0&jobInstanceId=661&taskId=227&jobId=4
[13:18:45 INF] Task: HR_Synchro_Incremental_Scaffolding_ComputeCorrelationKeysy_Users Completed with state Completed
[13:18:45 DBG] HttpClient.Send: PUT https://dev-fusion-iam.caa.group.gca/api/Job/JobInstance/Progression/661?api-version=3.0&jobGroupId=4&current=8&totalTask=25&state=InProgress&resourceId=-1&cancelRequest=False&retry=False
[13:18:45 VRB] Check the JobInstance state for JobInstance 661.
[13:18:45 VRB] HandleQuery SelectJobInstanceByIdQuery
[13:18:45 DBG] HttpClient.Send: GET https://dev-fusion-iam.caa.group.gca/api/Job/JobInstance/661?api-version=2.0&squery=select%20State&path=/Jobs/JobInstance/Query&QueryRootEntityType=JobInstance
[13:18:45 INF] ComputeRoleModelTask: HR_Synchro_Incremental_Scaffolding_ComputeProvisioningPolicy_Users (Level: 8, LaunchOrder: 8)
    EntityType: HR_User

[13:18:45 VRB] Check the instance state for Task HR_Synchro_Incremental_Scaffolding_ComputeProvisioningPolicy_Users
[13:18:45 VRB] HandleCommand TaskInstanceProgressCommand
[13:18:45 DBG] HttpClient.Send: PUT https://dev-fusion-iam.caa.group.gca/api/Job/TaskInstance/Progress?api-version=2.0
[13:18:45 INF] Launch task: ComputeRoleModelTask: HR_Synchro_Incremental_Scaffolding_ComputeProvisioningPolicy_Users, Task 9/25
[13:18:45 VRB] HandleCommand RunTaskCommand
[13:18:45 DBG] HttpClient.Send: POST https://dev-fusion-iam.caa.group.gca/api/Job/Task/RunTask/233?api-version=4.0&jobInstanceId=661&jobLogLevel=Trace
[13:18:47 VRB] HandleQuery SelectTaskInstanceInvokeJobQuery
[13:18:47 DBG] HttpClient.Send: GET https://dev-fusion-iam.caa.group.gca/api/Job/TaskInstance/GetTaskInstanceInvokeJob/3314?api-version=2.0&jobInstanceId=661&taskId=233&jobId=4
[13:18:47 INF] Task: HR_Synchro_Incremental_Scaffolding_ComputeProvisioningPolicy_Users Completed with state Completed
[13:18:47 INF] GenerateProvisioningOrdersTask: HR_Synchro_Incremental_Scaffolding_Provisioning_Users (Level: 9, LaunchOrder: 9)
    Force Provisioning: True
    ResourceType: HR_User, HR_UserRecord

[13:18:47 VRB] Check the instance state for Task HR_Synchro_Incremental_Scaffolding_Provisioning_Users
[13:18:47 VRB] HandleCommand TaskInstanceProgressCommand
[13:18:47 DBG] HttpClient.Send: PUT https://dev-fusion-iam.caa.group.gca/api/Job/TaskInstance/Progress?api-version=2.0
[13:18:47 INF] Launch task: GenerateProvisioningOrdersTask: HR_Synchro_Incremental_Scaffolding_Provisioning_Users, Task 10/25
[13:18:47 VRB] HandleCommand RunTaskCommand
[13:18:47 DBG] HttpClient.Send: POST https://dev-fusion-iam.caa.group.gca/api/Job/Task/RunTask/245?api-version=4.0&jobInstanceId=661&jobLogLevel=Trace
[13:18:48 VRB] HandleQuery SelectTaskInstanceInvokeJobQuery
[13:18:48 DBG] HttpClient.Send: GET https://dev-fusion-iam.caa.group.gca/api/Job/TaskInstance/GetTaskInstanceInvokeJob/3315?api-version=2.0&jobInstanceId=661&taskId=245&jobId=4
[13:18:48 INF] Task: HR_Synchro_Incremental_Scaffolding_Provisioning_Users Completed with state Completed
[13:18:48 VRB] Check the JobInstance state for JobInstance 661.
[13:18:48 VRB] HandleQuery SelectJobInstanceByIdQuery
[13:18:48 DBG] HttpClient.Send: GET https://dev-fusion-iam.caa.group.gca/api/Job/JobInstance/661?api-version=2.0&squery=select%20State&path=/Jobs/JobInstance/Query&QueryRootEntityType=JobInstance
[13:18:48 INF] FulfillTask: HR_Synchro_Incremental_Scaffolding_Provisioner_Workflow (Level: 10, LaunchOrder: 10)
    ConnectionIdentifier: HRWorkflows
    FulfillmentType: FulfillInternalWorkflows
    Parent: HR_Synchro_Incremental_Scaffolding_Provisioning_Users
    ResourceType: HR_User, HR_UserRecord

[13:18:48 VRB] Check the instance state for Task HR_Synchro_Incremental_Scaffolding_Provisioner_Workflow
[13:18:48 VRB] HandleCommand TaskInstanceProgressCommand
[13:18:48 DBG] HttpClient.Send: PUT https://dev-fusion-iam.caa.group.gca/api/Job/TaskInstance/Progress?api-version=2.0
[13:18:48 INF] Launch task: FulfillTask: HR_Synchro_Incremental_Scaffolding_Provisioner_Workflow, Task 11/25
[13:18:48 VRB] HandleCommand RunTaskCommand
[13:18:48 INF] Launch FulfillTask : HR_Synchro_Incremental_Scaffolding_Provisioner_Workflow
[13:18:48 DBG] Start Process dotnet Usercube-Fulfill-InternalWorkflows.dll --progress-task-instance-id 3316 --api-url "https://dev-fusion-iam.caa.group.gca/" --api-client-id "Job" --log-level 0 --resource-types "53" "54" --task-instance-id 3316 --fulfill-json-file "D:\UsercubeCAA\Conf\FulfillInternalWorkflow.json" --stdin null
[13:18:48 INF] Start process=True PID=2284 dotnet Usercube-Fulfill-InternalWorkflows.dll --progress-task-instance-id 3316 --api-url "https://dev-fusion-iam.caa.group.gca/" --api-client-id "Job" --log-level 0 --resource-types "53" "54" --task-instance-id 3316 --fulfill-json-file "D:\UsercubeCAA\Conf\FulfillInternalWorkflow.json" --stdin
[13:18:51 DBG] HttpClient.Send: GET https://dev-fusion-iam.caa.group.gca/api/Job/TaskInstance/3316?api-version=1.0&squery=join%20Task%20t%20select%20t.ContinueOnError%2C%20State&path=/Jobs/TaskInstance/Query&QueryRootEntityType=TaskInstance
[13:18:51 VRB] HandleQuery SelectTaskInstanceInvokeJobQuery
[13:18:51 DBG] HttpClient.Send: GET https://dev-fusion-iam.caa.group.gca/api/Job/TaskInstance/GetTaskInstanceInvokeJob/3316?api-version=2.0&jobInstanceId=661&taskId=241&jobId=4
[13:18:51 VRB] HandleQuery SelectTaskInstanceInvokeJobQuery
[13:18:51 DBG] HttpClient.Send: GET https://dev-fusion-iam.caa.group.gca/api/Job/TaskInstance/GetTaskInstanceInvokeJob/3316?api-version=2.0&jobInstanceId=661&taskId=241&jobId=4
[13:18:51 VRB] TaskInstance return Warning for task: HR_Synchro_Incremental_Scaffolding_Provisioner_Workflow
[13:18:51 WRN] Task: HR_Synchro_Incremental_Scaffolding_Provisioner_Workflow Completed with state OrderWarning
[13:18:51 DBG] HttpClient.Send: PUT https://dev-fusion-iam.caa.group.gca/api/Job/JobInstance/Progression/661?api-version=3.0&jobGroupId=4&current=11&totalTask=25&state=InProgress&resourceId=-1&cancelRequest=False&retry=False
[13:18:51 VRB] Check the JobInstance state for JobInstance 661.
[13:18:51 VRB] HandleQuery SelectJobInstanceByIdQuery
[13:18:51 DBG] HttpClient.Send: GET https://dev-fusion-iam.caa.group.gca/api/Job/JobInstance/661?api-version=2.0&squery=select%20State&path=/Jobs/JobInstance/Query&QueryRootEntityType=JobInstance
[13:18:51 INF] ComputeCorrelationKeysTask: HR_Synchro_Incremental_Scaffolding_ComputeCorrelationKeysy_LoadUIG (Level: 11, LaunchOrder: 11)
    All Entities: True

[13:18:51 VRB] Check the instance state for Task HR_Synchro_Incremental_Scaffolding_ComputeCorrelationKeysy_LoadUIG
[13:18:51 VRB] HandleCommand TaskInstanceProgressCommand
[13:18:51 DBG] HttpClient.Send: PUT https://dev-fusion-iam.caa.group.gca/api/Job/TaskInstance/Progress?api-version=2.0
[13:18:51 INF] Launch task: ComputeCorrelationKeysTask: HR_Synchro_Incremental_Scaffolding_ComputeCorrelationKeysy_LoadUIG, Task 12/25
[13:18:51 VRB] HandleCommand RunTaskCommand
[13:18:51 DBG] HttpClient.Send: POST https://dev-fusion-iam.caa.group.gca/api/Job/Task/RunTask/226?api-version=4.0&jobInstanceId=661&jobLogLevel=Trace
[13:19:13 VRB] HandleQuery SelectTaskInstanceInvokeJobQuery
[13:19:13 DBG] HttpClient.Send: GET https://dev-fusion-iam.caa.group.gca/api/Job/TaskInstance/GetTaskInstanceInvokeJob/3317?api-version=2.0&jobInstanceId=661&taskId=226&jobId=4
[13:19:13 INF] Task: HR_Synchro_Incremental_Scaffolding_ComputeCorrelationKeysy_LoadUIG Completed with state Completed
[13:19:13 DBG] HttpClient.Send: PUT https://dev-fusion-iam.caa.group.gca/api/Job/JobInstance/Progression/661?api-version=3.0&jobGroupId=4&current=12&totalTask=25&state=InProgress&resourceId=-1&cancelRequest=False&retry=False
[13:19:13 VRB] Check the JobInstance state for JobInstance 661.
[13:19:13 VRB] HandleQuery SelectJobInstanceByIdQuery
[13:19:13 DBG] HttpClient.Send: GET https://dev-fusion-iam.caa.group.gca/api/Job/JobInstance/661?api-version=2.0&squery=select%20State&path=/Jobs/JobInstance/Query&QueryRootEntityType=JobInstance
[13:19:13 INF] ComputeRoleModelTask: HR_Synchro_Incremental_Scaffolding_ComputeProvisioningPolicy_LoadUIG_1 (Level: 12, LaunchOrder: 12)
    EntityType: HR_LoadIUG

[13:19:13 VRB] Check the instance state for Task HR_Synchro_Incremental_Scaffolding_ComputeProvisioningPolicy_LoadUIG_1
[13:19:13 VRB] HandleCommand TaskInstanceProgressCommand
[13:19:13 DBG] HttpClient.Send: PUT https://dev-fusion-iam.caa.group.gca/api/Job/TaskInstance/Progress?api-version=2.0
[13:19:13 INF] Launch task: ComputeRoleModelTask: HR_Synchro_Incremental_Scaffolding_ComputeProvisioningPolicy_LoadUIG_1, Task 13/25
[13:19:13 VRB] HandleCommand RunTaskCommand
[13:19:13 DBG] HttpClient.Send: POST https://dev-fusion-iam.caa.group.gca/api/Job/Task/RunTask/230?api-version=4.0&jobInstanceId=661&jobLogLevel=Trace
[13:19:14 VRB] HandleQuery SelectTaskInstanceInvokeJobQuery
[13:19:14 DBG] HttpClient.Send: GET https://dev-fusion-iam.caa.group.gca/api/Job/TaskInstance/GetTaskInstanceInvokeJob/3318?api-version=2.0&jobInstanceId=661&taskId=230&jobId=4
[13:19:14 INF] Task: HR_Synchro_Incremental_Scaffolding_ComputeProvisioningPolicy_LoadUIG_1 Completed with state Completed
[13:19:14 INF] InvokeExpressionTask: HR_Synchro_Incremental_Scaffolding_HR_LoadIUG_BulkResourceReconciliation (Level: 13, LaunchOrder: 13)
    Agent: CAA

[13:19:14 VRB] Check the instance state for Task HR_Synchro_Incremental_Scaffolding_HR_LoadIUG_BulkResourceReconciliation
[13:19:14 VRB] HandleCommand TaskInstanceProgressCommand
[13:19:14 DBG] HttpClient.Send: PUT https://dev-fusion-iam.caa.group.gca/api/Job/TaskInstance/Progress?api-version=2.0
[13:19:14 INF] Launch task: InvokeExpressionTask: HR_Synchro_Incremental_Scaffolding_HR_LoadIUG_BulkResourceReconciliation, Task 14/25
[13:19:14 VRB] HandleCommand RunTaskCommand
[13:19:14 INF] Launch InvokeExpressionTask : HR_Synchro_Incremental_Scaffolding_HR_LoadIUG_BulkResourceReconciliation
[13:19:14 DBG] Start Process dotnet Usercube-Invoke-ExpressionAgentSide.dll --progress-task-instance-id 3319 --api-url "https://dev-fusion-iam.caa.group.gca/" --api-client-id "Job" --log-level 0 --input-path "D:\UsercubeCAA\Scripts\HR\HR_LoadIUG_BulkResourceReconciliation.ps1" --stdin null
[13:19:14 INF] Start process=True PID=14948 dotnet Usercube-Invoke-ExpressionAgentSide.dll --progress-task-instance-id 3319 --api-url "https://dev-fusion-iam.caa.group.gca/" --api-client-id "Job" --log-level 0 --input-path "D:\UsercubeCAA\Scripts\HR\HR_LoadIUG_BulkResourceReconciliation.ps1" --stdin
[13:19:46 DBG] HttpClient.Send: GET https://dev-fusion-iam.caa.group.gca/api/Job/TaskInstance/3319?api-version=1.0&squery=join%20Task%20t%20select%20t.ContinueOnError%2C%20State&path=/Jobs/TaskInstance/Query&QueryRootEntityType=TaskInstance
[13:19:46 VRB] HandleQuery SelectTaskInstanceInvokeJobQuery
[13:19:46 DBG] HttpClient.Send: GET https://dev-fusion-iam.caa.group.gca/api/Job/TaskInstance/GetTaskInstanceInvokeJob/3319?api-version=2.0&jobInstanceId=661&taskId=23003&jobId=4
[13:19:46 INF] Task: HR_Synchro_Incremental_Scaffolding_HR_LoadIUG_BulkResourceReconciliation Completed with state Completed
[13:19:46 DBG] HttpClient.Send: PUT https://dev-fusion-iam.caa.group.gca/api/Job/JobInstance/Progression/661?api-version=3.0&jobGroupId=4&current=14&totalTask=25&state=InProgress&resourceId=-1&cancelRequest=False&retry=False
[13:19:46 VRB] Check the JobInstance state for JobInstance 661.
[13:19:46 VRB] HandleQuery SelectJobInstanceByIdQuery
[13:19:46 DBG] HttpClient.Send: GET https://dev-fusion-iam.caa.group.gca/api/Job/JobInstance/661?api-version=2.0&squery=select%20State&path=/Jobs/JobInstance/Query&QueryRootEntityType=JobInstance
[13:19:46 INF] ComputeRoleModelTask: HR_Synchro_Incremental_Scaffolding_ComputeProvisioningPolicy_LoadUIG_2 (Level: 14, LaunchOrder: 14)
    EntityType: HR_LoadIUG

[13:19:46 VRB] Check the instance state for Task HR_Synchro_Incremental_Scaffolding_ComputeProvisioningPolicy_LoadUIG_2
[13:19:46 VRB] HandleCommand TaskInstanceProgressCommand
[13:19:46 DBG] HttpClient.Send: PUT https://dev-fusion-iam.caa.group.gca/api/Job/TaskInstance/Progress?api-version=2.0
[13:19:46 INF] Launch task: ComputeRoleModelTask: HR_Synchro_Incremental_Scaffolding_ComputeProvisioningPolicy_LoadUIG_2, Task 15/25
[13:19:46 VRB] HandleCommand RunTaskCommand
[13:19:46 DBG] HttpClient.Send: POST https://dev-fusion-iam.caa.group.gca/api/Job/Task/RunTask/231?api-version=4.0&jobInstanceId=661&jobLogLevel=Trace
[13:19:46 VRB] HandleQuery SelectTaskInstanceInvokeJobQuery
[13:19:46 DBG] HttpClient.Send: GET https://dev-fusion-iam.caa.group.gca/api/Job/TaskInstance/GetTaskInstanceInvokeJob/3320?api-version=2.0&jobInstanceId=661&taskId=231&jobId=4
[13:19:46 INF] Task: HR_Synchro_Incremental_Scaffolding_ComputeProvisioningPolicy_LoadUIG_2 Completed with state Completed
[13:19:46 INF] GenerateProvisioningOrdersTask: HR_Synchro_Incremental_Scaffolding_Provisioning_LoadUIG (Level: 15, LaunchOrder: 15)
    Force Provisioning: True
    ResourceType: HR_UserRecord_LoadUIG, HR_User_LoadUIG

[13:19:46 VRB] Check the instance state for Task HR_Synchro_Incremental_Scaffolding_Provisioning_LoadUIG
[13:19:46 VRB] HandleCommand TaskInstanceProgressCommand
[13:19:46 DBG] HttpClient.Send: PUT https://dev-fusion-iam.caa.group.gca/api/Job/TaskInstance/Progress?api-version=2.0
[13:19:46 INF] Launch task: GenerateProvisioningOrdersTask: HR_Synchro_Incremental_Scaffolding_Provisioning_LoadUIG, Task 16/25
[13:19:46 VRB] HandleCommand RunTaskCommand
[13:19:46 DBG] HttpClient.Send: POST https://dev-fusion-iam.caa.group.gca/api/Job/Task/RunTask/243?api-version=4.0&jobInstanceId=661&jobLogLevel=Trace
[13:19:46 VRB] HandleQuery SelectTaskInstanceInvokeJobQuery
[13:19:46 DBG] HttpClient.Send: GET https://dev-fusion-iam.caa.group.gca/api/Job/TaskInstance/GetTaskInstanceInvokeJob/3321?api-version=2.0&jobInstanceId=661&taskId=243&jobId=4
[13:19:46 INF] Task: HR_Synchro_Incremental_Scaffolding_Provisioning_LoadUIG Completed with state Completed
[13:19:46 INF] FulfillTask: HR_Synchro_Incremental_Scaffolding_Provisioner_LoadUIG (Level: 16, LaunchOrder: 16)
    ConnectionIdentifier: HRDatabase
    FulfillmentType: FulfillInternalResource
    Parent: HR_Synchro_Incremental_Scaffolding_Provisioning_LoadUIG
    ResourceType: HR_UserRecord_LoadUIG, HR_User_LoadUIG

[13:19:46 VRB] Check the instance state for Task HR_Synchro_Incremental_Scaffolding_Provisioner_LoadUIG
[13:19:46 VRB] HandleCommand TaskInstanceProgressCommand
[13:19:46 DBG] HttpClient.Send: PUT https://dev-fusion-iam.caa.group.gca/api/Job/TaskInstance/Progress?api-version=2.0
[13:19:46 INF] The Task: HR_Synchro_Incremental_Scaffolding_Provisioner_LoadUIG has not been launched because no treatment is required.
[13:19:46 INF] ComputeRoleModelTask: HR_Synchro_Incremental_Scaffolding_ComputeProvisioningPolicy_UserUpdate_1 (Level: 17, LaunchOrder: 17)
    EntityType: HR_UserUpdate

[13:19:46 VRB] Check the instance state for Task HR_Synchro_Incremental_Scaffolding_ComputeProvisioningPolicy_UserUpdate_1
[13:19:46 VRB] HandleCommand TaskInstanceProgressCommand
[13:19:46 DBG] HttpClient.Send: PUT https://dev-fusion-iam.caa.group.gca/api/Job/TaskInstance/Progress?api-version=2.0
[13:19:46 INF] Launch task: ComputeRoleModelTask: HR_Synchro_Incremental_Scaffolding_ComputeProvisioningPolicy_UserUpdate_1, Task 18/25
[13:19:46 VRB] HandleCommand RunTaskCommand
[13:19:46 DBG] HttpClient.Send: POST https://dev-fusion-iam.caa.group.gca/api/Job/Task/RunTask/23001?api-version=4.0&jobInstanceId=661&jobLogLevel=Trace
[13:19:47 VRB] HandleQuery SelectTaskInstanceInvokeJobQuery
[13:19:47 DBG] HttpClient.Send: GET https://dev-fusion-iam.caa.group.gca/api/Job/TaskInstance/GetTaskInstanceInvokeJob/3323?api-version=2.0&jobInstanceId=661&taskId=23001&jobId=4
[13:19:47 INF] Task: HR_Synchro_Incremental_Scaffolding_ComputeProvisioningPolicy_UserUpdate_1 Completed with state Completed
[13:19:47 INF] InvokeExpressionTask: HR_Synchro_Incremental_Scaffolding_HR_UserUpdate_BulkResourceReconciliation (Level: 18, LaunchOrder: 18)
    Agent: CAA

[13:19:47 VRB] Check the instance state for Task HR_Synchro_Incremental_Scaffolding_HR_UserUpdate_BulkResourceReconciliation
[13:19:47 VRB] HandleCommand TaskInstanceProgressCommand
[13:19:47 DBG] HttpClient.Send: PUT https://dev-fusion-iam.caa.group.gca/api/Job/TaskInstance/Progress?api-version=2.0
[13:19:47 INF] Launch task: InvokeExpressionTask: HR_Synchro_Incremental_Scaffolding_HR_UserUpdate_BulkResourceReconciliation, Task 19/25
[13:19:47 VRB] HandleCommand RunTaskCommand
[13:19:47 INF] Launch InvokeExpressionTask : HR_Synchro_Incremental_Scaffolding_HR_UserUpdate_BulkResourceReconciliation
[13:19:47 DBG] Start Process dotnet Usercube-Invoke-ExpressionAgentSide.dll --progress-task-instance-id 3324 --api-url "https://dev-fusion-iam.caa.group.gca/" --api-client-id "Job" --log-level 0 --input-path "D:\UsercubeCAA\Scripts\HR\HR_UserUpdate_BulkResourceReconciliation.ps1" --stdin null
[13:19:47 INF] Start process=True PID=5132 dotnet Usercube-Invoke-ExpressionAgentSide.dll --progress-task-instance-id 3324 --api-url "https://dev-fusion-iam.caa.group.gca/" --api-client-id "Job" --log-level 0 --input-path "D:\UsercubeCAA\Scripts\HR\HR_UserUpdate_BulkResourceReconciliation.ps1" --stdin
[13:20:19 DBG] HttpClient.Send: GET https://dev-fusion-iam.caa.group.gca/api/Job/TaskInstance/3324?api-version=1.0&squery=join%20Task%20t%20select%20t.ContinueOnError%2C%20State&path=/Jobs/TaskInstance/Query&QueryRootEntityType=TaskInstance
[13:20:19 VRB] HandleQuery SelectTaskInstanceInvokeJobQuery
[13:20:19 DBG] HttpClient.Send: GET https://dev-fusion-iam.caa.group.gca/api/Job/TaskInstance/GetTaskInstanceInvokeJob/3324?api-version=2.0&jobInstanceId=661&taskId=23004&jobId=4
[13:20:19 INF] Task: HR_Synchro_Incremental_Scaffolding_HR_UserUpdate_BulkResourceReconciliation Completed with state Completed
[13:20:19 DBG] HttpClient.Send: PUT https://dev-fusion-iam.caa.group.gca/api/Job/JobInstance/Progression/661?api-version=3.0&jobGroupId=4&current=19&totalTask=25&state=InProgress&resourceId=-1&cancelRequest=False&retry=False
[13:20:19 VRB] Check the JobInstance state for JobInstance 661.
[13:20:19 VRB] HandleQuery SelectJobInstanceByIdQuery
[13:20:19 DBG] HttpClient.Send: GET https://dev-fusion-iam.caa.group.gca/api/Job/JobInstance/661?api-version=2.0&squery=select%20State&path=/Jobs/JobInstance/Query&QueryRootEntityType=JobInstance
[13:20:19 INF] ComputeRoleModelTask: HR_Synchro_Incremental_Scaffolding_ComputeProvisioningPolicy_UserUpdate_2 (Level: 19, LaunchOrder: 19)
    EntityType: HR_UserUpdate

[13:20:19 VRB] Check the instance state for Task HR_Synchro_Incremental_Scaffolding_ComputeProvisioningPolicy_UserUpdate_2
[13:20:19 VRB] HandleCommand TaskInstanceProgressCommand
[13:20:19 DBG] HttpClient.Send: PUT https://dev-fusion-iam.caa.group.gca/api/Job/TaskInstance/Progress?api-version=2.0
[13:20:19 INF] Launch task: ComputeRoleModelTask: HR_Synchro_Incremental_Scaffolding_ComputeProvisioningPolicy_UserUpdate_2, Task 20/25
[13:20:19 VRB] HandleCommand RunTaskCommand
[13:20:19 DBG] HttpClient.Send: POST https://dev-fusion-iam.caa.group.gca/api/Job/Task/RunTask/23002?api-version=4.0&jobInstanceId=661&jobLogLevel=Trace
[13:20:19 VRB] HandleQuery SelectTaskInstanceInvokeJobQuery
[13:20:19 DBG] HttpClient.Send: GET https://dev-fusion-iam.caa.group.gca/api/Job/TaskInstance/GetTaskInstanceInvokeJob/3325?api-version=2.0&jobInstanceId=661&taskId=23002&jobId=4
[13:20:19 INF] Task: HR_Synchro_Incremental_Scaffolding_ComputeProvisioningPolicy_UserUpdate_2 Completed with state Completed
[13:20:19 INF] GenerateProvisioningOrdersTask: HR_Synchro_Incremental_Scaffolding_Provisioning_UserUpdate (Level: 20, LaunchOrder: 20)
    Force Provisioning: True
    ResourceType: HR_UserUpdate

[13:20:19 VRB] Check the instance state for Task HR_Synchro_Incremental_Scaffolding_Provisioning_UserUpdate
[13:20:19 VRB] HandleCommand TaskInstanceProgressCommand
[13:20:19 DBG] HttpClient.Send: PUT https://dev-fusion-iam.caa.group.gca/api/Job/TaskInstance/Progress?api-version=2.0
[13:20:19 INF] Launch task: GenerateProvisioningOrdersTask: HR_Synchro_Incremental_Scaffolding_Provisioning_UserUpdate, Task 21/25
[13:20:19 VRB] HandleCommand RunTaskCommand
[13:20:19 DBG] HttpClient.Send: POST https://dev-fusion-iam.caa.group.gca/api/Job/Task/RunTask/244?api-version=4.0&jobInstanceId=661&jobLogLevel=Trace
[13:20:19 VRB] HandleQuery SelectTaskInstanceInvokeJobQuery
[13:20:19 DBG] HttpClient.Send: GET https://dev-fusion-iam.caa.group.gca/api/Job/TaskInstance/GetTaskInstanceInvokeJob/3326?api-version=2.0&jobInstanceId=661&taskId=244&jobId=4
[13:20:19 INF] Task: HR_Synchro_Incremental_Scaffolding_Provisioning_UserUpdate Completed with state Completed
[13:20:19 INF] FulfillTask: HR_Synchro_Incremental_Scaffolding_Provisioner_Workflow_UserUpdate (Level: 21, LaunchOrder: 21)
    ConnectionIdentifier: HRWorkflows
    FulfillmentType: FulfillInternalWorkflows
    Parent: HR_Synchro_Incremental_Scaffolding_Provisioning_UserUpdate
    ResourceType: HR_UserUpdate

[13:20:19 VRB] Check the instance state for Task HR_Synchro_Incremental_Scaffolding_Provisioner_Workflow_UserUpdate
[13:20:19 VRB] HandleCommand TaskInstanceProgressCommand
[13:20:19 DBG] HttpClient.Send: PUT https://dev-fusion-iam.caa.group.gca/api/Job/TaskInstance/Progress?api-version=2.0
[13:20:19 INF] The Task: HR_Synchro_Incremental_Scaffolding_Provisioner_Workflow_UserUpdate has not been launched because no treatment is required.
[13:20:19 INF] UpdateEntityPropertyExpressionsTask: HR_Synchro_Incremental_Scaffolding_ComputeProperties_2 (Level: 22, LaunchOrder: 22)
    AllEntities: True

[13:20:19 VRB] Check the instance state for Task HR_Synchro_Incremental_Scaffolding_ComputeProperties_2
[13:20:19 VRB] HandleCommand TaskInstanceProgressCommand
[13:20:19 DBG] HttpClient.Send: PUT https://dev-fusion-iam.caa.group.gca/api/Job/TaskInstance/Progress?api-version=2.0
[13:20:20 INF] Launch task: UpdateEntityPropertyExpressionsTask: HR_Synchro_Incremental_Scaffolding_ComputeProperties_2, Task 23/25
[13:20:20 VRB] HandleCommand RunTaskCommand
[13:20:20 DBG] HttpClient.Send: POST https://dev-fusion-iam.caa.group.gca/api/Job/Task/RunTask/229?api-version=4.0&jobInstanceId=661&jobLogLevel=Trace
[13:20:21 VRB] HandleQuery SelectTaskInstanceInvokeJobQuery
[13:20:21 DBG] HttpClient.Send: GET https://dev-fusion-iam.caa.group.gca/api/Job/TaskInstance/GetTaskInstanceInvokeJob/3328?api-version=2.0&jobInstanceId=661&taskId=229&jobId=4
[13:20:21 INF] Task: HR_Synchro_Incremental_Scaffolding_ComputeProperties_2 Completed with state Completed
[13:20:21 INF] InvokeExpressionTask: HR_Synchro_Incremental_Scaffolding_Reset_HR_Files (Level: 23, LaunchOrder: 23)
    Agent: CAA

[13:20:21 VRB] Check the instance state for Task HR_Synchro_Incremental_Scaffolding_Reset_HR_Files
[13:20:21 VRB] HandleCommand TaskInstanceProgressCommand
[13:20:21 DBG] HttpClient.Send: PUT https://dev-fusion-iam.caa.group.gca/api/Job/TaskInstance/Progress?api-version=2.0
[13:20:21 INF] Launch task: InvokeExpressionTask: HR_Synchro_Incremental_Scaffolding_Reset_HR_Files, Task 24/25
[13:20:21 VRB] HandleCommand RunTaskCommand
[13:20:21 INF] Launch InvokeExpressionTask : HR_Synchro_Incremental_Scaffolding_Reset_HR_Files
[13:20:21 DBG] Start Process dotnet Usercube-Invoke-ExpressionAgentSide.dll --progress-task-instance-id 3329 --api-url "https://dev-fusion-iam.caa.group.gca/" --api-client-id "Job" --log-level 0 --input-path "D:\UsercubeCAA\Scripts\HR\HR_Reset_Files.ps1" --stdin null
[13:20:21 INF] Start process=True PID=6396 dotnet Usercube-Invoke-ExpressionAgentSide.dll --progress-task-instance-id 3329 --api-url "https://dev-fusion-iam.caa.group.gca/" --api-client-id "Job" --log-level 0 --input-path "D:\UsercubeCAA\Scripts\HR\HR_Reset_Files.ps1" --stdin
[13:20:23 DBG] HttpClient.Send: GET https://dev-fusion-iam.caa.group.gca/api/Job/TaskInstance/3329?api-version=1.0&squery=join%20Task%20t%20select%20t.ContinueOnError%2C%20State&path=/Jobs/TaskInstance/Query&QueryRootEntityType=TaskInstance
[13:20:23 VRB] HandleQuery SelectTaskInstanceInvokeJobQuery
[13:20:23 DBG] HttpClient.Send: GET https://dev-fusion-iam.caa.group.gca/api/Job/TaskInstance/GetTaskInstanceInvokeJob/3329?api-version=2.0&jobInstanceId=661&taskId=246&jobId=4
[13:20:23 INF] Task: HR_Synchro_Incremental_Scaffolding_Reset_HR_Files Completed with state Completed
[13:20:23 VRB] Check the JobInstance state for JobInstance 661.
[13:20:23 VRB] HandleQuery SelectJobInstanceByIdQuery
[13:20:23 DBG] HttpClient.Send: GET https://dev-fusion-iam.caa.group.gca/api/Job/JobInstance/661?api-version=2.0&squery=select%20State&path=/Jobs/JobInstance/Query&QueryRootEntityType=JobInstance
[13:20:23 INF] SetInternalUserProfilesTask: HR_Synchro_Incremental_Scaffolding_SetInternalUserProfiles (Level: 24, LaunchOrder: 24)
    EntityType: Directory_User

[13:20:23 VRB] Check the instance state for Task HR_Synchro_Incremental_Scaffolding_SetInternalUserProfiles
[13:20:23 VRB] HandleCommand TaskInstanceProgressCommand
[13:20:23 DBG] HttpClient.Send: PUT https://dev-fusion-iam.caa.group.gca/api/Job/TaskInstance/Progress?api-version=2.0
[13:20:23 INF] Launch task: SetInternalUserProfilesTask: HR_Synchro_Incremental_Scaffolding_SetInternalUserProfiles, Task 25/25
[13:20:23 VRB] HandleCommand RunTaskCommand
[13:20:23 DBG] HttpClient.Send: POST https://dev-fusion-iam.caa.group.gca/api/Job/Task/RunTask/27001?api-version=4.0&jobInstanceId=661&jobLogLevel=Trace
[13:20:24 VRB] HandleQuery SelectTaskInstanceInvokeJobQuery
[13:20:24 DBG] HttpClient.Send: GET https://dev-fusion-iam.caa.group.gca/api/Job/TaskInstance/GetTaskInstanceInvokeJob/3330?api-version=2.0&jobInstanceId=661&taskId=27001&jobId=4
[13:20:24 INF] Task: HR_Synchro_Incremental_Scaffolding_SetInternalUserProfiles Completed with state Completed
[13:20:24 DBG] HttpClient.Send: PUT https://dev-fusion-iam.caa.group.gca/api/Job/JobInstance/Progression/661?api-version=3.0&jobGroupId=4&current=25&totalTask=25&state=InProgress&resourceId=-1&cancelRequest=False&retry=False
[13:20:24 DBG] HttpClient.Send: PUT https://dev-fusion-iam.caa.group.gca/api/Job/JobInstance/Progression/661?api-version=3.0&jobGroupId=4&current=25&totalTask=25&state=Warning&resourceId=-1&cancelRequest=False&retry=False
