[10:44:39 VRB] Getting the previously tracked accounts from '../Work\PasswordReset\tracked-accounts-ADPacificaExportFulfillment.csv'...
[10:44:39 VRB] 0 tracked accounts found
[10:44:39 VRB] HandleQuery SelectProvisionerResourceTypeMappingByQueryQuery
[10:44:39 DBG] HttpClient.Send: GET https://dev-fusion-iam.caa.group.gca/api/Connectors/Mapping/ResourceTypeMapping/ProvisionerResourceTypeMapping?api-version=2.0&Path=%2FConnectors%2FResourceTypeMapping%2FQuery&resourcetypes=2
[10:44:39 VRB] Refreshed token: token expiration date=02/11/2025 10:41:38
[10:44:40 VRB] HandleCommand FulfillLdapCommand
[10:44:40 INF] Fulfill-Ldap started ResourceTypes=2 TaskInstanceId=6472
[10:44:40 DBG] HttpClient.Send: PUT https://dev-fusion-iam.caa.group.gca/api/Job/TaskInstance/Progression/6472?api-version=1.0
[10:44:40 DBG] Fetching provisioning orders api/ResourceTypeProvisioner/ResourceTypeProvisioningData?api-version=2.0&ResourceTypes=2
[10:44:40 DBG] HttpClient.Send: GET https://dev-fusion-iam.caa.group.gca/api/ResourceTypeProvisioner/ResourceTypeProvisioningData?api-version=2.0&ResourceTypes=2
[10:44:40 DBG] Fetching provisioning orders api/ResourceTypeProvisioner/ResourceTypeProvisioningData?api-version=2.0&ResourceTypes=2
[10:44:40 DBG] HttpClient.Send: GET https://dev-fusion-iam.caa.group.gca/api/ResourceTypeProvisioner/ResourceTypeProvisioningData?api-version=2.0&ResourceTypes=2
[10:44:40 VRB] Detected an account (3456684) activation ...
[10:44:40 VRB] The account (3456684) was not tracked...
[10:44:40 VRB] The activated account (3456684) is not tracked by the password reset system, Skipping...
[10:44:40 VRB] ModifyRequest CN=test.riri,OU=Pacifica,OU=Utilisateurs,DC=ca-pacificadev,DC=fr userAccountControl Replace 512
[10:44:40 DBG] HttpClient.Send: PUT https://dev-fusion-iam.caa.group.gca/api/Connectors/Provisioning/ProvisioningResults?api-version=1.0
[10:44:41 DBG] Saved tracked password reset accounts
[10:44:41 INF] Fulfillment process completed. Executed orders: 1/1 - Inserted: 0 | Updated: 1 | Deleted: 0 | Errors: 0
[10:44:41 DBG] HttpClient.Send: PUT https://dev-fusion-iam.caa.group.gca/api/Job/TaskInstance/Progression/6472?api-version=1.0
[10:44:41 INF] Fulfill-Ldap completed TaskInstanceId=6472
