[11:42:23 DBG] HttpClient.Send: PUT https://dev-fusion-iam.caa.group.gca/api/Job/JobInstance/Progression/959?api-version=3.0&jobGroupId=38001&current=0&totalTask=0&state=InProgress&resourceId=-1&cancelRequest=False&retry=False
[11:42:23 VRB] Refreshed token: token expiration date=02/04/2025 11:39:22
[11:42:23 VRB] HandleQuery SelectConsolidateJobQuery
[11:42:23 DBG] HttpClient.Send: GET https://dev-fusion-iam.caa.group.gca/api/Job/Job/RunStateMachineJob?api-version=4.0&path=/Jobs/Job/Query&jobIdentifier=38001&repair=False&beginJobStep=-1&endJobStep=-1&forceSynchronizationProvisioning=False&retry=False&launchTaskType=0&taskIdentifier=&taskIdentifierContains=&beginTaskExcluded=&endTaskExcluded=&jobInstanceId=959&jobId=38001
[11:42:24 VRB] HandleCommand ReserveTaskInstanceIdCommand
[11:42:24 VRB] Reserve 1 next TaskInstanceId
[11:42:24 DBG] HttpClient.Send: PUT https://dev-fusion-iam.caa.group.gca/api/Job/TaskInstance/GetTaskInstanceId/1?api-version=1.0
[11:42:24 VRB] Check the JobInstance state for JobInstance 959.
[11:42:24 VRB] HandleQuery SelectJobInstanceByIdQuery
[11:42:24 DBG] HttpClient.Send: GET https://dev-fusion-iam.caa.group.gca/api/Job/JobInstance/959?api-version=2.0&squery=select%20State&path=/Jobs/JobInstance/Query&QueryRootEntityType=JobInstance
[11:42:24 INF] InvokeExpressionTask: ADAExportScript (Level: 0, LaunchOrder: 0)
    Agent: CAA

[11:42:24 VRB] Check the instance state for Task ADAExportScript
[11:42:24 VRB] HandleCommand TaskInstanceProgressCommand
[11:42:24 DBG] HttpClient.Send: PUT https://dev-fusion-iam.caa.group.gca/api/Job/TaskInstance/Progress?api-version=2.0
[11:42:24 INF] Launch task: InvokeExpressionTask: ADAExportScript, Task 1/1
[11:42:24 VRB] HandleCommand RunTaskCommand
[11:42:24 INF] Launch InvokeExpressionTask : ADAExportScript
[11:42:24 DBG] Start Process dotnet Usercube-Invoke-ExpressionAgentSide.dll --progress-task-instance-id 5672 --api-url "https://dev-fusion-iam.caa.group.gca/" --api-client-id "Job" --log-level 0 --input-path "D:/UsercubeCAA/Scripts/ADA/ADA_Export.ps1" --stdin null
[11:42:24 INF] Start process=True PID=14920 dotnet Usercube-Invoke-ExpressionAgentSide.dll --progress-task-instance-id 5672 --api-url "https://dev-fusion-iam.caa.group.gca/" --api-client-id "Job" --log-level 0 --input-path "D:/UsercubeCAA/Scripts/ADA/ADA_Export.ps1" --stdin
[11:42:27 DBG] HttpClient.Send: GET https://dev-fusion-iam.caa.group.gca/api/Job/TaskInstance/5672?api-version=1.0&squery=join%20Task%20t%20select%20t.ContinueOnError%2C%20State&path=/Jobs/TaskInstance/Query&QueryRootEntityType=TaskInstance
[11:42:27 VRB] HandleQuery SelectTaskInstanceInvokeJobQuery
[11:42:27 DBG] HttpClient.Send: GET https://dev-fusion-iam.caa.group.gca/api/Job/TaskInstance/GetTaskInstanceInvokeJob/5672?api-version=2.0&jobInstanceId=959&taskId=61001&jobId=38001
[11:42:27 INF] Task: ADAExportScript Completed with state Completed
[11:42:27 DBG] HttpClient.Send: PUT https://dev-fusion-iam.caa.group.gca/api/Job/JobInstance/Progression/959?api-version=3.0&jobGroupId=38001&current=1&totalTask=1&state=Completed&resourceId=-1&cancelRequest=False&retry=False
