[16:18:43 DBG] HttpClient.Send: PUT https://dev-fusion-iam.caa.group.gca/api/Job/JobInstance/Progression/891?api-version=3.0&jobGroupId=42001&current=0&totalTask=0&state=InProgress&resourceId=-1&cancelRequest=False&retry=False
[16:18:43 VRB] Refreshed token: token expiration date=01/30/2025 16:15:42
[16:18:43 VRB] HandleCommand ReserveTaskInstanceIdCommand
[16:18:43 VRB] Reserve 1 next TaskInstanceId
[16:18:43 DBG] HttpClient.Send: PUT https://dev-fusion-iam.caa.group.gca/api/Job/TaskInstance/GetTaskInstanceId/1?api-version=1.0
[16:18:43 VRB] Check the JobInstance state for JobInstance 891.
[16:18:43 VRB] HandleQuery SelectJobInstanceByIdQuery
[16:18:43 DBG] HttpClient.Send: GET https://dev-fusion-iam.caa.group.gca/api/Job/JobInstance/891?api-version=2.0&squery=select%20State&path=/Jobs/JobInstance/Query&QueryRootEntityType=JobInstance
[16:18:43 INF] RefreshSchemaTask: OUD_LDAP_ConnectorRefreshSchema (Level: 0, LaunchOrder: 0)

[16:18:43 VRB] Check the instance state for Task OUD_LDAP_ConnectorRefreshSchema
[16:18:43 VRB] HandleCommand TaskInstanceProgressCommand
[16:18:43 DBG] HttpClient.Send: PUT https://dev-fusion-iam.caa.group.gca/api/Job/TaskInstance/Progress?api-version=2.0
[16:18:43 INF] Launch task: RefreshSchemaTask: OUD_LDAP_ConnectorRefreshSchema, Task 1/1
[16:18:43 VRB] HandleCommand RunTaskCommand
[16:18:43 INF] Launch RefreshSchemaTask : OUD_LDAP_ConnectorRefreshSchema
[16:18:43 DBG] Start Process dotnet Usercube-RefreshSchema.dll --api-url "https://dev-fusion-iam.caa.group.gca/" --api-client-id "Job" --progress-task-instance-id 4938 --log-level 0 --connection-id 34001 --stdin null
[16:18:43 INF] Start process=True PID=12676 dotnet Usercube-RefreshSchema.dll --api-url "https://dev-fusion-iam.caa.group.gca/" --api-client-id "Job" --progress-task-instance-id 4938 --log-level 0 --connection-id 34001 --stdin
[16:18:45 DBG] HttpClient.Send: GET https://dev-fusion-iam.caa.group.gca/api/Job/TaskInstance/4938?api-version=1.0&squery=join%20Task%20t%20select%20t.ContinueOnError%2C%20State&path=/Jobs/TaskInstance/Query&QueryRootEntityType=TaskInstance
[16:18:45 VRB] HandleQuery SelectTaskInstanceInvokeJobQuery
[16:18:45 DBG] HttpClient.Send: GET https://dev-fusion-iam.caa.group.gca/api/Job/TaskInstance/GetTaskInstanceInvokeJob/4938?api-version=2.0&jobInstanceId=891&taskId=65010&jobId=0
[16:18:45 INF] Task: OUD_LDAP_ConnectorRefreshSchema Completed with state Error
[16:18:45 ERR] The task: 'OUD_LDAP_ConnectorRefreshSchema' finished in an errored state
[16:18:45 VRB] HandleCommand SendJobNotificationCommand
[16:18:45 DBG] HttpClient.Send: PUT https://dev-fusion-iam.caa.group.gca/api/Job/Job/Notification?api-version=1.0
[16:18:45 DBG] HttpClient.Send: PUT https://dev-fusion-iam.caa.group.gca/api/Job/JobInstance/Progression/891?api-version=3.0&jobGroupId=42001&current=1&totalTask=1&state=Error&resourceId=-1&cancelRequest=False&retry=False
[16:18:45 ERR] Exception while running state machine for job: 42001
System.ApplicationException: Task not completed: Instance state = Error
   at Usercube.Jobs.StateMachine.RunStateMachine.CheckEndInstanceState(InstanceState state, IInvokeJobProgress progress)
   at Usercube.InvokeJob.InvokeJobCommandHandler.Handle(InvokeJobCommand invokeJobCommand)
[16:18:45 ERR] Task not completed: Instance state = Error
System.ApplicationException: Task not completed: Instance state = Error
   at Usercube.Jobs.StateMachine.RunStateMachine.CheckEndInstanceState(InstanceState state, IInvokeJobProgress progress)
   at Usercube.InvokeJob.InvokeJobCommandHandler.Handle(InvokeJobCommand invokeJobCommand)
