[11:17:55 INF] PrepareSynchronization started for Connector=6 SynchronizationMode=Complete WorkingDirectory=../Work\Collect
[11:17:55 DBG] HttpClient.Send: POST https://dev-fusion-iam.caa.group.gca/api/Connectors/Connector/OpenSynchronizeSession?api-version=1.0
[11:17:55 VRB] Refreshed token: token expiration date=01/29/2025 11:14:55
Synchronization session created
[11:17:55 DBG] HttpClient.Send: GET https://dev-fusion-iam.caa.group.gca/api/Connectors/Connector/6?api-version=2.0&squery=join%20EntityTypeMappings%20etm%20join%20EntityAssociationMappings%20eam%20join%20etm.EntityPropertyMappings%20epm%20join%20epm.EntityProperty%20ep%20join%20etm.EntityType%20et%20join%20eam.EntityAssociation%20ea%20join%20eam.EntityPropertyMapping1%20eam1%20join%20eam1.EntityProperty%20eamp1%20join%20eam.EntityPropertyMapping2%20eam2%20join%20eam2.EntityProperty%20eamp2%20join%20ea.Property1%20eap1%20join%20ea.Property2%20eap2%20join%20Connections%20c%20join%20c.Package%20p%20select%20Id%2Cetm.ConnectionTable%2Cet.Identifier%2Cepm.ConnectionColumn%2Cepm.IsPrimaryKey%2Ceam.ConnectionTable%2Ceam.Column1%2Ceam.Column2%2Cea.Identifier%2Cea.IsProperty1Collection%2Cea.IsProperty2Collection%2Cep.TargetColumnIndex%2Cep.Type%2Cep.Identifier%2Ceap1.Identifier%2Ceap1.Type%2Ceap2.Identifier%2Ceap2.Type%2Ceamp1.TargetColumnIndex%2Ceamp2.TargetColumnIndex%2Cc.Id%2Cc.Identifier%2Cp.Id%2Cp.Identifier%20where%20%28etm.ConnectionTable%20%21%3D%20null%20and%20%28epm.ConnectionColumn%20%21%3D%20null%20or%20epm.Format%25%3D%22concat%22%20or%20epm.Format%3D%22multivaluedtext%22%29%29&path=/Connectors/Connector/Query
[11:17:55 DBG] HttpClient.Send: GET https://dev-fusion-iam.caa.group.gca/api/Connectors/Connector/CollationInfo?api-version=1.0
[11:17:55 DBG] HttpClient.Send: PUT https://dev-fusion-iam.caa.group.gca/api/Job/TaskInstance/Progression/4349?api-version=1.0
[11:17:55 DBG] ExtractionCommand InputFile=../Temp\ExportOutput\ProfileCatalogExport.csv OutputFile=D:\UsercubeCAA\Work\Collect\6\Catalog_Profile_Application
[11:17:55 DBG] ExtractionCommand InputFile=../Temp\ExportOutput\ApplicationCatalogExport.csv OutputFile=D:\UsercubeCAA\Work\Collect\6\Catalog_Application
[11:17:55 DBG] ExtractionCommand InputFile=../Temp\ExportOutput\ProfileCatalogExport.csv OutputFile=D:\UsercubeCAA\Work\Collect\6\Catalog_Profile
[11:17:55 DBG] SortCommand InputFile=D:\UsercubeCAA\Work\Collect\6\Catalog_Application OutputFile=D:\UsercubeCAA\Work\Collect\6\Catalog_Application.sorted.csv
[11:17:55 DBG] SortCommand InputFile=D:\UsercubeCAA\Work\Collect\6\Catalog_Profile_Application OutputFile=D:\UsercubeCAA\Work\Collect\6\Catalog_Profile_Application.sorted.csv
[11:17:55 DBG] SortCommand InputFile=D:\UsercubeCAA\Work\Collect\6\Catalog_Profile OutputFile=D:\UsercubeCAA\Work\Collect\6\Catalog_Profile.sorted.csv
[11:17:55 DBG] UploadCommand InputFile=D:\UsercubeCAA\Work\Collect\6\Catalog_Profile_Application.sorted.csv
[11:17:55 DBG] HttpClient.Send: POST https://dev-fusion-iam.caa.group.gca/api/Connectors/Connector/SynchronizeEntity?api-version=1.0
[11:17:55 DBG] MoveFileCommand SourceFile=D:\UsercubeCAA\Work\Collect\6\Catalog_Profile_Application.sorted.csv DestinationFile=D:\UsercubeCAA\Work\Collect\6\previous\Catalog_Profile_Application.sorted.csv
[11:17:55 DBG] UploadCommand InputFile=D:\UsercubeCAA\Work\Collect\6\Catalog_Profile.sorted.csv
[11:17:55 DBG] HttpClient.Send: POST https://dev-fusion-iam.caa.group.gca/api/Connectors/Connector/SynchronizeEntity?api-version=1.0
[11:17:55 DBG] MoveFileCommand SourceFile=D:\UsercubeCAA\Work\Collect\6\Catalog_Profile.sorted.csv DestinationFile=D:\UsercubeCAA\Work\Collect\6\previous\Catalog_Profile.sorted.csv
[11:17:55 DBG] UploadCommand InputFile=D:\UsercubeCAA\Work\Collect\6\Catalog_Application.sorted.csv
[11:17:55 DBG] HttpClient.Send: POST https://dev-fusion-iam.caa.group.gca/api/Connectors/Connector/SynchronizeEntity?api-version=1.0
[11:17:56 DBG] MoveFileCommand SourceFile=D:\UsercubeCAA\Work\Collect\6\Catalog_Application.sorted.csv DestinationFile=D:\UsercubeCAA\Work\Collect\6\previous\Catalog_Application.sorted.csv
[11:17:56 DBG] HttpClient.Send: DELETE https://dev-fusion-iam.caa.group.gca/api/Connectors/Connector/CloseSynchronizeSession/6/20250129101755_21397fe0-d0ba-48b4-a684-f06092dd75df?api-version=1.0&closeSessionMode=Success
Synchronization session closed
[11:17:56 INF] PrepareSynchronization completed CurrentCount=12 MaxCount=12 Sent=5320 Duplicated=114 NullPks=7
[11:17:56 DBG] HttpClient.Send: PUT https://dev-fusion-iam.caa.group.gca/api/Job/TaskInstance/Progression/4349?api-version=1.0
[11:17:56 INF] PrepareSynchronization completed for Connector=6 SynchronizationMode=Complete WorkingDirectory=../Work\Collect
