2025-02-05 12:16:56.774 +01:00 [VRB] HandleCommand RunJobCommand
2025-02-05 12:16:56.784 +01:00 [VRB] HandleQuery GetCheckUserCommand
2025-02-05 12:16:56.787 +01:00 [DBG] HttpClient.Send: GET https://dev-fusion-iam.caa.group.gca/api/Job/Job/GetCheckUser/administrator?api-version=1.0
2025-02-05 12:16:56.788 +01:00 [VRB] Refreshing token: old token expiration date="2025-02-04T13:04:50.9157813Z"
2025-02-05 12:16:56.853 +01:00 [VRB] Refreshed token: token expiration date="2025-02-05T12:13:55.9036355Z"
2025-02-05 12:16:56.878 +01:00 [VRB] HandleCommand GetJobInstanceIdCommand
2025-02-05 12:16:56.878 +01:00 [DBG] HttpClient.Send: PUT https://dev-fusion-iam.caa.group.gca/api/Job/JobInstance/GetJobInstanceId?api-version=1.0
2025-02-05 12:16:56.881 +01:00 [VRB] Refreshing token: old token expiration date="2025-02-04T13:04:50.9435669Z"
2025-02-05 12:16:56.914 +01:00 [VRB] Refreshed token: token expiration date="2025-02-05T12:13:55.9648605Z"
2025-02-05 12:16:56.973 +01:00 [VRB] HandleEvent RunJobEvent
2025-02-05 12:16:56.973 +01:00 [DBG] HttpClient.Send: GET https://dev-fusion-iam.caa.group.gca/api/Metadata/Setting/GetFeatureFlags?api-version=1.0
2025-02-05 12:16:56.973 +01:00 [VRB] Refreshing token: old token expiration date="2025-02-04T13:04:50.9790917Z"
2025-02-05 12:16:57.019 +01:00 [VRB] Refreshed token: token expiration date="2025-02-05T12:13:56.0694981Z"
2025-02-05 12:16:57.035 +01:00 [DBG] Start Process dotnet Usercube-Invoke-Job.dll --user-id -1 --log-level 0 --progress-job-instance-id 971 --job-identifier 1 --operation-parent-id "00-7c61bd85007a03cc71a7edb5090522f4-4c70c67186509f6e-00" --api-url "https://dev-fusion-iam.caa.group.gca/" --feature-flags "{}" --api-client-id "Job" --stdin 
2025-02-05 12:16:57.074 +01:00 [INF] Start process=true PID=8968 dotnet Usercube-Invoke-Job.dll --user-id -1 --log-level 0 --progress-job-instance-id 971 --job-identifier 1 --operation-parent-id "00-7c61bd85007a03cc71a7edb5090522f4-4c70c67186509f6e-00" --api-url "https://dev-fusion-iam.caa.group.gca/" --feature-flags "{}" --api-client-id "Job" --stdin
2025-02-05 12:16:57.568 +01:00 [DBG] HttpClient.Send: GET https://dev-fusion-iam.caa.group.gca/api/Job/JobInstance/971?api-version=2.0&squery=select%20State&path=/Jobs/JobInstance/Query&QueryRootEntityType=JobInstance
2025-02-05 12:16:58.583 +01:00 [DBG] HttpClient.Send: GET https://dev-fusion-iam.caa.group.gca/api/Job/JobInstance/971?api-version=2.0&squery=select%20State&path=/Jobs/JobInstance/Query&QueryRootEntityType=JobInstance
2025-02-05 12:17:00.092 +01:00 [DBG] HttpClient.Send: GET https://dev-fusion-iam.caa.group.gca/api/Job/JobInstance/971?api-version=2.0&squery=select%20State&path=/Jobs/JobInstance/Query&QueryRootEntityType=JobInstance
2025-02-05 12:17:00.100 +01:00 [INF] The job 1 is successfully launched.
2025-02-05 12:21:42.894 +01:00 [VRB] HandleCommand RunJobCommand
2025-02-05 12:21:42.894 +01:00 [VRB] HandleQuery GetCheckUserCommand
2025-02-05 12:21:42.895 +01:00 [DBG] HttpClient.Send: GET https://dev-fusion-iam.caa.group.gca/api/Job/Job/GetCheckUser/administrator?api-version=1.0
2025-02-05 12:21:42.911 +01:00 [VRB] HandleCommand GetJobInstanceIdCommand
2025-02-05 12:21:42.911 +01:00 [DBG] HttpClient.Send: PUT https://dev-fusion-iam.caa.group.gca/api/Job/JobInstance/GetJobInstanceId?api-version=1.0
2025-02-05 12:21:42.930 +01:00 [VRB] HandleEvent RunJobEvent
2025-02-05 12:21:42.930 +01:00 [DBG] HttpClient.Send: GET https://dev-fusion-iam.caa.group.gca/api/Metadata/Setting/GetFeatureFlags?api-version=1.0
2025-02-05 12:21:42.943 +01:00 [DBG] Start Process dotnet Usercube-Invoke-Job.dll --user-id -1 --log-level 0 --progress-job-instance-id 981 --job-identifier 1 --operation-parent-id "00-fe45da0f5f087be9dc9c1da8dbf0c744-a5fe1225e1c42139-00" --api-url "https://dev-fusion-iam.caa.group.gca/" --feature-flags "{}" --api-client-id "Job" --stdin 
2025-02-05 12:21:42.953 +01:00 [INF] Start process=true PID=10384 dotnet Usercube-Invoke-Job.dll --user-id -1 --log-level 0 --progress-job-instance-id 981 --job-identifier 1 --operation-parent-id "00-fe45da0f5f087be9dc9c1da8dbf0c744-a5fe1225e1c42139-00" --api-url "https://dev-fusion-iam.caa.group.gca/" --feature-flags "{}" --api-client-id "Job" --stdin
2025-02-05 12:21:43.454 +01:00 [DBG] HttpClient.Send: GET https://dev-fusion-iam.caa.group.gca/api/Job/JobInstance/981?api-version=2.0&squery=select%20State&path=/Jobs/JobInstance/Query&QueryRootEntityType=JobInstance
2025-02-05 12:21:44.466 +01:00 [DBG] HttpClient.Send: GET https://dev-fusion-iam.caa.group.gca/api/Job/JobInstance/981?api-version=2.0&squery=select%20State&path=/Jobs/JobInstance/Query&QueryRootEntityType=JobInstance
2025-02-05 12:21:44.487 +01:00 [INF] The job 1 is successfully launched.
2025-02-05 12:27:59.967 +01:00 [VRB] HandleCommand RunJobCommand
2025-02-05 12:27:59.968 +01:00 [VRB] HandleQuery GetCheckUserCommand
2025-02-05 12:27:59.968 +01:00 [DBG] HttpClient.Send: GET https://dev-fusion-iam.caa.group.gca/api/Job/Job/GetCheckUser/administrator?api-version=1.0
2025-02-05 12:27:59.982 +01:00 [VRB] HandleCommand GetJobInstanceIdCommand
2025-02-05 12:27:59.982 +01:00 [DBG] HttpClient.Send: PUT https://dev-fusion-iam.caa.group.gca/api/Job/JobInstance/GetJobInstanceId?api-version=1.0
2025-02-05 12:28:00.001 +01:00 [VRB] HandleEvent RunJobEvent
2025-02-05 12:28:00.001 +01:00 [DBG] HttpClient.Send: GET https://dev-fusion-iam.caa.group.gca/api/Metadata/Setting/GetFeatureFlags?api-version=1.0
2025-02-05 12:28:00.019 +01:00 [DBG] Start Process dotnet Usercube-Invoke-Job.dll --user-id -1 --log-level 0 --progress-job-instance-id 982 --job-identifier 38001 --operation-parent-id "00-7900f0ef61a852c0b881f82eb209d9dc-fa4137dd937ff86e-00" --api-url "https://dev-fusion-iam.caa.group.gca/" --feature-flags "{}" --api-client-id "Job" --stdin 
2025-02-05 12:28:00.047 +01:00 [INF] Start process=true PID=8960 dotnet Usercube-Invoke-Job.dll --user-id -1 --log-level 0 --progress-job-instance-id 982 --job-identifier 38001 --operation-parent-id "00-7900f0ef61a852c0b881f82eb209d9dc-fa4137dd937ff86e-00" --api-url "https://dev-fusion-iam.caa.group.gca/" --feature-flags "{}" --api-client-id "Job" --stdin
2025-02-05 12:28:00.559 +01:00 [DBG] HttpClient.Send: GET https://dev-fusion-iam.caa.group.gca/api/Job/JobInstance/982?api-version=2.0&squery=select%20State&path=/Jobs/JobInstance/Query&QueryRootEntityType=JobInstance
2025-02-05 12:28:01.567 +01:00 [DBG] HttpClient.Send: GET https://dev-fusion-iam.caa.group.gca/api/Job/JobInstance/982?api-version=2.0&squery=select%20State&path=/Jobs/JobInstance/Query&QueryRootEntityType=JobInstance
2025-02-05 12:28:01.574 +01:00 [INF] The job 38001 is successfully launched.
2025-02-05 12:29:34.394 +01:00 [VRB] HandleCommand RunJobCommand
2025-02-05 12:29:34.394 +01:00 [VRB] HandleQuery GetCheckUserCommand
2025-02-05 12:29:34.394 +01:00 [DBG] HttpClient.Send: GET https://dev-fusion-iam.caa.group.gca/api/Job/Job/GetCheckUser/administrator?api-version=1.0
2025-02-05 12:29:34.407 +01:00 [VRB] HandleCommand GetJobInstanceIdCommand
2025-02-05 12:29:34.407 +01:00 [DBG] HttpClient.Send: PUT https://dev-fusion-iam.caa.group.gca/api/Job/JobInstance/GetJobInstanceId?api-version=1.0
2025-02-05 12:29:34.422 +01:00 [VRB] HandleEvent RunJobEvent
2025-02-05 12:29:34.422 +01:00 [DBG] HttpClient.Send: GET https://dev-fusion-iam.caa.group.gca/api/Metadata/Setting/GetFeatureFlags?api-version=1.0
2025-02-05 12:29:34.457 +01:00 [DBG] Start Process dotnet Usercube-Invoke-Job.dll --user-id -1 --log-level 0 --progress-job-instance-id 983 --job-identifier 1 --operation-parent-id "00-7a8024775390b488fad2a08567c1fc9c-640650e361da7b5e-00" --api-url "https://dev-fusion-iam.caa.group.gca/" --feature-flags "{}" --api-client-id "Job" --stdin 
2025-02-05 12:29:34.468 +01:00 [INF] Start process=true PID=9632 dotnet Usercube-Invoke-Job.dll --user-id -1 --log-level 0 --progress-job-instance-id 983 --job-identifier 1 --operation-parent-id "00-7a8024775390b488fad2a08567c1fc9c-640650e361da7b5e-00" --api-url "https://dev-fusion-iam.caa.group.gca/" --feature-flags "{}" --api-client-id "Job" --stdin
2025-02-05 12:29:34.958 +01:00 [DBG] HttpClient.Send: GET https://dev-fusion-iam.caa.group.gca/api/Job/JobInstance/983?api-version=2.0&squery=select%20State&path=/Jobs/JobInstance/Query&QueryRootEntityType=JobInstance
2025-02-05 12:29:35.958 +01:00 [DBG] HttpClient.Send: GET https://dev-fusion-iam.caa.group.gca/api/Job/JobInstance/983?api-version=2.0&squery=select%20State&path=/Jobs/JobInstance/Query&QueryRootEntityType=JobInstance
2025-02-05 12:29:36.158 +01:00 [INF] The job 1 is successfully launched.
2025-02-05 12:29:40.353 +01:00 [VRB] HandleCommand RunJobCommand
2025-02-05 12:29:40.353 +01:00 [VRB] HandleQuery GetCheckUserCommand
2025-02-05 12:29:40.353 +01:00 [DBG] HttpClient.Send: GET https://dev-fusion-iam.caa.group.gca/api/Job/Job/GetCheckUser/administrator?api-version=1.0
2025-02-05 12:29:40.359 +01:00 [VRB] HandleCommand GetJobInstanceIdCommand
2025-02-05 12:29:40.359 +01:00 [DBG] HttpClient.Send: PUT https://dev-fusion-iam.caa.group.gca/api/Job/JobInstance/GetJobInstanceId?api-version=1.0
2025-02-05 12:29:40.364 +01:00 [VRB] HandleEvent RunJobEvent
2025-02-05 12:29:40.364 +01:00 [DBG] HttpClient.Send: GET https://dev-fusion-iam.caa.group.gca/api/Metadata/Setting/GetFeatureFlags?api-version=1.0
2025-02-05 12:29:40.370 +01:00 [DBG] Start Process dotnet Usercube-Invoke-Job.dll --user-id -1 --log-level 0 --progress-job-instance-id 984 --job-identifier 2 --operation-parent-id "00-84787edc98b2d17f3d571ab8091eeaff-bebab9ae1316cad0-00" --api-url "https://dev-fusion-iam.caa.group.gca/" --feature-flags "{}" --api-client-id "Job" --stdin 
2025-02-05 12:29:40.375 +01:00 [INF] Start process=true PID=10148 dotnet Usercube-Invoke-Job.dll --user-id -1 --log-level 0 --progress-job-instance-id 984 --job-identifier 2 --operation-parent-id "00-84787edc98b2d17f3d571ab8091eeaff-bebab9ae1316cad0-00" --api-url "https://dev-fusion-iam.caa.group.gca/" --feature-flags "{}" --api-client-id "Job" --stdin
2025-02-05 12:29:40.879 +01:00 [DBG] HttpClient.Send: GET https://dev-fusion-iam.caa.group.gca/api/Job/JobInstance/984?api-version=2.0&squery=select%20State&path=/Jobs/JobInstance/Query&QueryRootEntityType=JobInstance
2025-02-05 12:29:44.381 +01:00 [DBG] HttpClient.Send: GET https://dev-fusion-iam.caa.group.gca/api/Job/JobInstance/984?api-version=2.0&squery=select%20State&path=/Jobs/JobInstance/Query&QueryRootEntityType=JobInstance
2025-02-05 12:29:44.407 +01:00 [INF] The job 2 is successfully launched.
2025-02-05 12:34:07.853 +01:00 [VRB] HandleCommand RunJobCommand
2025-02-05 12:34:07.853 +01:00 [VRB] HandleQuery GetCheckUserCommand
2025-02-05 12:34:07.854 +01:00 [DBG] HttpClient.Send: GET https://dev-fusion-iam.caa.group.gca/api/Job/Job/GetCheckUser/administrator?api-version=1.0
2025-02-05 12:34:07.873 +01:00 [VRB] HandleCommand GetJobInstanceIdCommand
2025-02-05 12:34:07.873 +01:00 [DBG] HttpClient.Send: PUT https://dev-fusion-iam.caa.group.gca/api/Job/JobInstance/GetJobInstanceId?api-version=1.0
2025-02-05 12:34:07.890 +01:00 [VRB] HandleEvent RunJobEvent
2025-02-05 12:34:07.890 +01:00 [DBG] HttpClient.Send: GET https://dev-fusion-iam.caa.group.gca/api/Metadata/Setting/GetFeatureFlags?api-version=1.0
2025-02-05 12:34:07.906 +01:00 [DBG] Start Process dotnet Usercube-Invoke-Job.dll --user-id -1 --log-level 0 --progress-job-instance-id 985 --job-identifier 38001 --operation-parent-id "00-f86e5d1ab7221819bcaadc003f4ac4f8-517ce8577c7a484e-00" --api-url "https://dev-fusion-iam.caa.group.gca/" --feature-flags "{}" --api-client-id "Job" --stdin 
2025-02-05 12:34:07.932 +01:00 [INF] Start process=true PID=6716 dotnet Usercube-Invoke-Job.dll --user-id -1 --log-level 0 --progress-job-instance-id 985 --job-identifier 38001 --operation-parent-id "00-f86e5d1ab7221819bcaadc003f4ac4f8-517ce8577c7a484e-00" --api-url "https://dev-fusion-iam.caa.group.gca/" --feature-flags "{}" --api-client-id "Job" --stdin
2025-02-05 12:34:08.432 +01:00 [DBG] HttpClient.Send: GET https://dev-fusion-iam.caa.group.gca/api/Job/JobInstance/985?api-version=2.0&squery=select%20State&path=/Jobs/JobInstance/Query&QueryRootEntityType=JobInstance
2025-02-05 12:34:09.444 +01:00 [DBG] HttpClient.Send: GET https://dev-fusion-iam.caa.group.gca/api/Job/JobInstance/985?api-version=2.0&squery=select%20State&path=/Jobs/JobInstance/Query&QueryRootEntityType=JobInstance
2025-02-05 12:34:09.451 +01:00 [INF] The job 38001 is successfully launched.
2025-02-05 12:35:48.465 +01:00 [VRB] HandleCommand RunJobCommand
2025-02-05 12:35:48.466 +01:00 [VRB] HandleQuery GetCheckUserCommand
2025-02-05 12:35:48.466 +01:00 [DBG] HttpClient.Send: GET https://dev-fusion-iam.caa.group.gca/api/Job/Job/GetCheckUser/administrator?api-version=1.0
2025-02-05 12:35:48.483 +01:00 [VRB] HandleCommand GetJobInstanceIdCommand
2025-02-05 12:35:48.483 +01:00 [DBG] HttpClient.Send: PUT https://dev-fusion-iam.caa.group.gca/api/Job/JobInstance/GetJobInstanceId?api-version=1.0
2025-02-05 12:35:48.544 +01:00 [VRB] HandleEvent RunJobEvent
2025-02-05 12:35:48.544 +01:00 [DBG] HttpClient.Send: GET https://dev-fusion-iam.caa.group.gca/api/Metadata/Setting/GetFeatureFlags?api-version=1.0
2025-02-05 12:35:48.583 +01:00 [DBG] Start Process dotnet Usercube-Invoke-Job.dll --user-id -1 --log-level 0 --progress-job-instance-id 986 --job-identifier 38001 --operation-parent-id "00-0546e1e2c2a3c23e088edf8854c962c7-175c85356a2fe376-00" --api-url "https://dev-fusion-iam.caa.group.gca/" --feature-flags "{}" --api-client-id "Job" --stdin 
2025-02-05 12:35:48.592 +01:00 [INF] Start process=true PID=9512 dotnet Usercube-Invoke-Job.dll --user-id -1 --log-level 0 --progress-job-instance-id 986 --job-identifier 38001 --operation-parent-id "00-0546e1e2c2a3c23e088edf8854c962c7-175c85356a2fe376-00" --api-url "https://dev-fusion-iam.caa.group.gca/" --feature-flags "{}" --api-client-id "Job" --stdin
2025-02-05 12:35:49.098 +01:00 [DBG] HttpClient.Send: GET https://dev-fusion-iam.caa.group.gca/api/Job/JobInstance/986?api-version=2.0&squery=select%20State&path=/Jobs/JobInstance/Query&QueryRootEntityType=JobInstance
2025-02-05 12:35:50.109 +01:00 [DBG] HttpClient.Send: GET https://dev-fusion-iam.caa.group.gca/api/Job/JobInstance/986?api-version=2.0&squery=select%20State&path=/Jobs/JobInstance/Query&QueryRootEntityType=JobInstance
2025-02-05 12:35:50.135 +01:00 [INF] The job 38001 is successfully launched.
2025-02-05 13:31:53.362 +01:00 [VRB] HandleCommand RunJobCommand
2025-02-05 13:31:53.363 +01:00 [VRB] HandleQuery GetCheckUserCommand
2025-02-05 13:31:53.363 +01:00 [DBG] HttpClient.Send: GET https://dev-fusion-iam.caa.group.gca/api/Job/Job/GetCheckUser/administrator?api-version=1.0
2025-02-05 13:31:53.363 +01:00 [VRB] Refreshing token: old token expiration date="2025-02-05T12:13:55.9036355Z"
2025-02-05 13:31:53.395 +01:00 [VRB] Refreshed token: token expiration date="2025-02-05T13:28:53.3951939Z"
2025-02-05 13:31:53.401 +01:00 [VRB] HandleCommand GetJobInstanceIdCommand
2025-02-05 13:31:53.401 +01:00 [DBG] HttpClient.Send: PUT https://dev-fusion-iam.caa.group.gca/api/Job/JobInstance/GetJobInstanceId?api-version=1.0
2025-02-05 13:31:53.401 +01:00 [VRB] Refreshing token: old token expiration date="2025-02-05T12:13:55.9648605Z"
2025-02-05 13:31:53.420 +01:00 [VRB] Refreshed token: token expiration date="2025-02-05T13:28:53.4209664Z"
2025-02-05 13:31:53.431 +01:00 [VRB] HandleEvent RunJobEvent
2025-02-05 13:31:53.431 +01:00 [DBG] HttpClient.Send: GET https://dev-fusion-iam.caa.group.gca/api/Metadata/Setting/GetFeatureFlags?api-version=1.0
2025-02-05 13:31:53.431 +01:00 [VRB] Refreshing token: old token expiration date="2025-02-05T12:13:56.0694981Z"
2025-02-05 13:31:53.448 +01:00 [VRB] Refreshed token: token expiration date="2025-02-05T13:28:53.4484502Z"
2025-02-05 13:31:53.456 +01:00 [DBG] Start Process dotnet Usercube-Invoke-Job.dll --user-id -1 --log-level 0 --progress-job-instance-id 987 --job-identifier 1 --operation-parent-id "00-7fc8afea6242b2caa7961c0caae8628f-a07ab7f6f08eb788-00" --api-url "https://dev-fusion-iam.caa.group.gca/" --feature-flags "{}" --api-client-id "Job" --stdin 
2025-02-05 13:31:53.486 +01:00 [INF] Start process=true PID=11452 dotnet Usercube-Invoke-Job.dll --user-id -1 --log-level 0 --progress-job-instance-id 987 --job-identifier 1 --operation-parent-id "00-7fc8afea6242b2caa7961c0caae8628f-a07ab7f6f08eb788-00" --api-url "https://dev-fusion-iam.caa.group.gca/" --feature-flags "{}" --api-client-id "Job" --stdin
2025-02-05 13:31:53.986 +01:00 [DBG] HttpClient.Send: GET https://dev-fusion-iam.caa.group.gca/api/Job/JobInstance/987?api-version=2.0&squery=select%20State&path=/Jobs/JobInstance/Query&QueryRootEntityType=JobInstance
2025-02-05 13:31:55.860 +01:00 [DBG] HttpClient.Send: GET https://dev-fusion-iam.caa.group.gca/api/Job/JobInstance/987?api-version=2.0&squery=select%20State&path=/Jobs/JobInstance/Query&QueryRootEntityType=JobInstance
2025-02-05 13:31:55.867 +01:00 [INF] The job 1 is successfully launched.
2025-02-05 13:35:46.215 +01:00 [VRB] HandleCommand RunJobCommand
2025-02-05 13:35:46.216 +01:00 [VRB] HandleQuery GetCheckUserCommand
2025-02-05 13:35:46.216 +01:00 [DBG] HttpClient.Send: GET https://dev-fusion-iam.caa.group.gca/api/Job/Job/GetCheckUser/administrator?api-version=1.0
2025-02-05 13:35:46.229 +01:00 [VRB] HandleCommand GetJobInstanceIdCommand
2025-02-05 13:35:46.229 +01:00 [DBG] HttpClient.Send: PUT https://dev-fusion-iam.caa.group.gca/api/Job/JobInstance/GetJobInstanceId?api-version=1.0
2025-02-05 13:35:46.257 +01:00 [VRB] HandleEvent RunJobEvent
2025-02-05 13:35:46.257 +01:00 [DBG] HttpClient.Send: GET https://dev-fusion-iam.caa.group.gca/api/Metadata/Setting/GetFeatureFlags?api-version=1.0
2025-02-05 13:35:46.269 +01:00 [DBG] Start Process dotnet Usercube-Invoke-Job.dll --user-id -1 --log-level 0 --progress-job-instance-id 988 --job-identifier 2 --operation-parent-id "00-eded43ad814919feba24ad4148ec7987-563027a48fef8463-00" --api-url "https://dev-fusion-iam.caa.group.gca/" --feature-flags "{}" --api-client-id "Job" --stdin 
2025-02-05 13:35:46.279 +01:00 [INF] Start process=true PID=10324 dotnet Usercube-Invoke-Job.dll --user-id -1 --log-level 0 --progress-job-instance-id 988 --job-identifier 2 --operation-parent-id "00-eded43ad814919feba24ad4148ec7987-563027a48fef8463-00" --api-url "https://dev-fusion-iam.caa.group.gca/" --feature-flags "{}" --api-client-id "Job" --stdin
2025-02-05 13:35:46.780 +01:00 [DBG] HttpClient.Send: GET https://dev-fusion-iam.caa.group.gca/api/Job/JobInstance/988?api-version=2.0&squery=select%20State&path=/Jobs/JobInstance/Query&QueryRootEntityType=JobInstance
2025-02-05 13:35:47.785 +01:00 [DBG] HttpClient.Send: GET https://dev-fusion-iam.caa.group.gca/api/Job/JobInstance/988?api-version=2.0&squery=select%20State&path=/Jobs/JobInstance/Query&QueryRootEntityType=JobInstance
2025-02-05 13:35:47.803 +01:00 [INF] The job 2 is successfully launched.
