2025-02-10 10:53:35.024 +01:00 [VRB] HandleCommand RunJobCommand
2025-02-10 10:53:35.041 +01:00 [VRB] HandleQuery GetCheckUserCommand
2025-02-10 10:53:35.042 +01:00 [DBG] HttpClient.Send: GET https://dev-fusion-iam.caa.group.gca/api/Job/Job/GetCheckUser/administrator?api-version=1.0
2025-02-10 10:53:35.044 +01:00 [VRB] Refreshing token: old token expiration date="2025-02-07T14:20:23.3418877Z"
2025-02-10 10:53:35.129 +01:00 [VRB] Refreshed token: token expiration date="2025-02-10T10:50:35.1292574Z"
2025-02-10 10:53:35.138 +01:00 [VRB] HandleCommand GetJobInstanceIdCommand
2025-02-10 10:53:35.138 +01:00 [DBG] HttpClient.Send: PUT https://dev-fusion-iam.caa.group.gca/api/Job/JobInstance/GetJobInstanceId?api-version=1.0
2025-02-10 10:53:35.142 +01:00 [VRB] Refreshing token: old token expiration date="2025-02-07T14:20:23.3691184Z"
2025-02-10 10:53:35.162 +01:00 [VRB] Refreshed token: token expiration date="2025-02-10T10:50:35.1620252Z"
2025-02-10 10:53:35.233 +01:00 [VRB] HandleEvent RunJobEvent
2025-02-10 10:53:35.234 +01:00 [DBG] HttpClient.Send: GET https://dev-fusion-iam.caa.group.gca/api/Metadata/Setting/GetFeatureFlags?api-version=1.0
2025-02-10 10:53:35.234 +01:00 [VRB] Refreshing token: old token expiration date="2025-02-07T14:20:23.4243802Z"
2025-02-10 10:53:35.257 +01:00 [VRB] Refreshed token: token expiration date="2025-02-10T10:50:35.2571983Z"
2025-02-10 10:53:35.268 +01:00 [DBG] Start Process dotnet Usercube-Invoke-Job.dll --user-id -1 --log-level 0 --progress-job-instance-id 997 --job-identifier 42002 --operation-parent-id "00-2593952a037765904d9bf326ea96818c-022a6d38dc52fa10-00" --api-url "https://dev-fusion-iam.caa.group.gca/" --feature-flags "{}" --api-client-id "Job" --stdin 
2025-02-10 10:53:35.303 +01:00 [INF] Start process=true PID=6008 dotnet Usercube-Invoke-Job.dll --user-id -1 --log-level 0 --progress-job-instance-id 997 --job-identifier 42002 --operation-parent-id "00-2593952a037765904d9bf326ea96818c-022a6d38dc52fa10-00" --api-url "https://dev-fusion-iam.caa.group.gca/" --feature-flags "{}" --api-client-id "Job" --stdin
2025-02-10 10:53:35.821 +01:00 [DBG] HttpClient.Send: GET https://dev-fusion-iam.caa.group.gca/api/Job/JobInstance/997?api-version=2.0&squery=select%20State&path=/Jobs/JobInstance/Query&QueryRootEntityType=JobInstance
2025-02-10 10:53:36.841 +01:00 [DBG] HttpClient.Send: GET https://dev-fusion-iam.caa.group.gca/api/Job/JobInstance/997?api-version=2.0&squery=select%20State&path=/Jobs/JobInstance/Query&QueryRootEntityType=JobInstance
2025-02-10 10:53:36.852 +01:00 [INF] The job 42002 is successfully launched.
2025-02-10 11:09:54.766 +01:00 [DBG] MailSettings loaded:
Enabled: True
Host: 
PickupDirectory: D:\UsercubeCAA\Mails
Port: 0
Username: 
FromAddress: no-reply@caa.fr
CatchAllAddress: 
CatchAllCCAddress: 
UseDefaultCredentials: False
EnableSsl: False
SecureSocketOption: 
UseSpecifiedPickupDirectory: True
EnableMailTesting: False
AllowedDomains: none
2025-02-10 11:09:55.456 +01:00 [VRB] HandleCommand RunJobCommand
2025-02-10 11:09:55.461 +01:00 [VRB] HandleQuery GetCheckUserCommand
2025-02-10 11:09:55.469 +01:00 [DBG] HttpClient.Send: GET https://dev-fusion-iam.caa.group.gca/api/Job/Job/GetCheckUser/administrator?api-version=1.0
2025-02-10 11:09:55.690 +01:00 [VRB] Refreshed token: token expiration date="2025-02-10T11:06:54.7392553Z"
2025-02-10 11:09:55.716 +01:00 [VRB] HandleCommand GetJobInstanceIdCommand
2025-02-10 11:09:55.718 +01:00 [DBG] HttpClient.Send: PUT https://dev-fusion-iam.caa.group.gca/api/Job/JobInstance/GetJobInstanceId?api-version=1.0
2025-02-10 11:09:55.740 +01:00 [VRB] Refreshed token: token expiration date="2025-02-10T11:06:54.7908427Z"
2025-02-10 11:09:55.802 +01:00 [VRB] HandleEvent RunJobEvent
2025-02-10 11:09:55.807 +01:00 [DBG] HttpClient.Send: GET https://dev-fusion-iam.caa.group.gca/api/Metadata/Setting/GetFeatureFlags?api-version=1.0
2025-02-10 11:09:55.829 +01:00 [VRB] Refreshed token: token expiration date="2025-02-10T11:06:54.8789236Z"
2025-02-10 11:09:55.849 +01:00 [DBG] Start Process dotnet Usercube-Invoke-Job.dll --user-id -1 --log-level 0 --progress-job-instance-id 998 --job-identifier 2 --operation-parent-id "00-0fed1391d2c8c42873c727ebee0253f3-b22aa03494ab46ba-00" --api-url "https://dev-fusion-iam.caa.group.gca/" --feature-flags "{}" --api-client-id "Job" --stdin 
2025-02-10 11:09:55.875 +01:00 [INF] Start process=true PID=14176 dotnet Usercube-Invoke-Job.dll --user-id -1 --log-level 0 --progress-job-instance-id 998 --job-identifier 2 --operation-parent-id "00-0fed1391d2c8c42873c727ebee0253f3-b22aa03494ab46ba-00" --api-url "https://dev-fusion-iam.caa.group.gca/" --feature-flags "{}" --api-client-id "Job" --stdin
2025-02-10 11:09:56.408 +01:00 [DBG] HttpClient.Send: GET https://dev-fusion-iam.caa.group.gca/api/Job/JobInstance/998?api-version=2.0&squery=select%20State&path=/Jobs/JobInstance/Query&QueryRootEntityType=JobInstance
2025-02-10 11:09:58.789 +01:00 [DBG] HttpClient.Send: GET https://dev-fusion-iam.caa.group.gca/api/Job/JobInstance/998?api-version=2.0&squery=select%20State&path=/Jobs/JobInstance/Query&QueryRootEntityType=JobInstance
2025-02-10 11:09:58.800 +01:00 [INF] The job 2 is successfully launched.
2025-02-10 11:10:39.364 +01:00 [VRB] HandleCommand RunJobCommand
2025-02-10 11:10:39.364 +01:00 [VRB] HandleQuery GetCheckUserCommand
2025-02-10 11:10:39.364 +01:00 [DBG] HttpClient.Send: GET https://dev-fusion-iam.caa.group.gca/api/Job/Job/GetCheckUser/administrator?api-version=1.0
2025-02-10 11:10:39.371 +01:00 [VRB] HandleCommand GetJobInstanceIdCommand
2025-02-10 11:10:39.372 +01:00 [DBG] HttpClient.Send: PUT https://dev-fusion-iam.caa.group.gca/api/Job/JobInstance/GetJobInstanceId?api-version=1.0
2025-02-10 11:10:39.380 +01:00 [VRB] HandleEvent RunJobEvent
2025-02-10 11:10:39.381 +01:00 [DBG] HttpClient.Send: GET https://dev-fusion-iam.caa.group.gca/api/Metadata/Setting/GetFeatureFlags?api-version=1.0
2025-02-10 11:10:39.386 +01:00 [DBG] Start Process dotnet Usercube-Invoke-Job.dll --user-id -1 --log-level 0 --progress-job-instance-id 999 --job-identifier 2 --operation-parent-id "00-8a4f526c76b7e1481fa40975cf4d2195-b1cd1d2858142d8c-00" --api-url "https://dev-fusion-iam.caa.group.gca/" --feature-flags "{}" --api-client-id "Job" --stdin 
2025-02-10 11:10:39.399 +01:00 [INF] Start process=true PID=16468 dotnet Usercube-Invoke-Job.dll --user-id -1 --log-level 0 --progress-job-instance-id 999 --job-identifier 2 --operation-parent-id "00-8a4f526c76b7e1481fa40975cf4d2195-b1cd1d2858142d8c-00" --api-url "https://dev-fusion-iam.caa.group.gca/" --feature-flags "{}" --api-client-id "Job" --stdin
2025-02-10 11:10:41.374 +01:00 [DBG] HttpClient.Send: GET https://dev-fusion-iam.caa.group.gca/api/Job/JobInstance/999?api-version=2.0&squery=select%20State&path=/Jobs/JobInstance/Query&QueryRootEntityType=JobInstance
2025-02-10 11:10:41.385 +01:00 [INF] The job 2 is successfully launched.
2025-02-10 11:13:27.820 +01:00 [VRB] HandleCommand RunJobCommand
2025-02-10 11:13:27.820 +01:00 [VRB] HandleQuery GetCheckUserCommand
2025-02-10 11:13:27.820 +01:00 [DBG] HttpClient.Send: GET https://dev-fusion-iam.caa.group.gca/api/Job/Job/GetCheckUser/administrator?api-version=1.0
2025-02-10 11:13:27.839 +01:00 [VRB] HandleCommand GetJobInstanceIdCommand
2025-02-10 11:13:27.839 +01:00 [DBG] HttpClient.Send: PUT https://dev-fusion-iam.caa.group.gca/api/Job/JobInstance/GetJobInstanceId?api-version=1.0
2025-02-10 11:13:27.881 +01:00 [VRB] HandleEvent RunJobEvent
2025-02-10 11:13:27.881 +01:00 [DBG] HttpClient.Send: GET https://dev-fusion-iam.caa.group.gca/api/Metadata/Setting/GetFeatureFlags?api-version=1.0
2025-02-10 11:13:27.901 +01:00 [DBG] Start Process dotnet Usercube-Invoke-Job.dll --user-id -1 --log-level 0 --progress-job-instance-id 1000 --job-identifier 46002 --operation-parent-id "00-854019d8ee2f5465531cd647869ebf2f-2e024864c85315be-00" --api-url "https://dev-fusion-iam.caa.group.gca/" --feature-flags "{}" --api-client-id "Job" --stdin 
2025-02-10 11:13:27.931 +01:00 [INF] Start process=true PID=8268 dotnet Usercube-Invoke-Job.dll --user-id -1 --log-level 0 --progress-job-instance-id 1000 --job-identifier 46002 --operation-parent-id "00-854019d8ee2f5465531cd647869ebf2f-2e024864c85315be-00" --api-url "https://dev-fusion-iam.caa.group.gca/" --feature-flags "{}" --api-client-id "Job" --stdin
2025-02-10 11:13:28.433 +01:00 [DBG] HttpClient.Send: GET https://dev-fusion-iam.caa.group.gca/api/Job/JobInstance/1000?api-version=2.0&squery=select%20State&path=/Jobs/JobInstance/Query&QueryRootEntityType=JobInstance
2025-02-10 11:13:29.442 +01:00 [DBG] HttpClient.Send: GET https://dev-fusion-iam.caa.group.gca/api/Job/JobInstance/1000?api-version=2.0&squery=select%20State&path=/Jobs/JobInstance/Query&QueryRootEntityType=JobInstance
2025-02-10 11:13:29.469 +01:00 [INF] The job 46002 is successfully launched.
2025-02-10 11:15:42.219 +01:00 [VRB] HandleCommand RunJobCommand
2025-02-10 11:15:42.219 +01:00 [VRB] HandleQuery GetCheckUserCommand
2025-02-10 11:15:42.220 +01:00 [DBG] HttpClient.Send: GET https://dev-fusion-iam.caa.group.gca/api/Job/Job/GetCheckUser/administrator?api-version=1.0
2025-02-10 11:15:42.244 +01:00 [VRB] HandleCommand GetJobInstanceIdCommand
2025-02-10 11:15:42.245 +01:00 [DBG] HttpClient.Send: PUT https://dev-fusion-iam.caa.group.gca/api/Job/JobInstance/GetJobInstanceId?api-version=1.0
2025-02-10 11:15:42.265 +01:00 [VRB] HandleEvent RunJobEvent
2025-02-10 11:15:42.266 +01:00 [DBG] HttpClient.Send: GET https://dev-fusion-iam.caa.group.gca/api/Metadata/Setting/GetFeatureFlags?api-version=1.0
2025-02-10 11:15:42.278 +01:00 [DBG] Start Process dotnet Usercube-Invoke-Job.dll --user-id -1 --log-level 0 --progress-job-instance-id 1001 --job-identifier 6 --operation-parent-id "00-35c3071a12888a07f096bd80a52a4725-d6bc9d4b6007d868-00" --api-url "https://dev-fusion-iam.caa.group.gca/" --feature-flags "{}" --api-client-id "Job" --stdin 
2025-02-10 11:15:42.302 +01:00 [INF] Start process=true PID=752 dotnet Usercube-Invoke-Job.dll --user-id -1 --log-level 0 --progress-job-instance-id 1001 --job-identifier 6 --operation-parent-id "00-35c3071a12888a07f096bd80a52a4725-d6bc9d4b6007d868-00" --api-url "https://dev-fusion-iam.caa.group.gca/" --feature-flags "{}" --api-client-id "Job" --stdin
2025-02-10 11:15:44.054 +01:00 [DBG] HttpClient.Send: GET https://dev-fusion-iam.caa.group.gca/api/Job/JobInstance/1001?api-version=2.0&squery=select%20State&path=/Jobs/JobInstance/Query&QueryRootEntityType=JobInstance
2025-02-10 11:15:44.062 +01:00 [INF] The job 6 is successfully launched.
2025-02-10 11:50:19.779 +01:00 [DBG] MailSettings loaded:
Enabled: True
Host: 
PickupDirectory: D:\UsercubeCAA\Mails
Port: 0
Username: 
FromAddress: no-reply@caa.fr
CatchAllAddress: 
CatchAllCCAddress: 
UseDefaultCredentials: False
EnableSsl: False
SecureSocketOption: 
UseSpecifiedPickupDirectory: True
EnableMailTesting: False
AllowedDomains: none
2025-02-10 11:50:23.869 +01:00 [VRB] SourcesRootPaths loaded from the agent's configuration
2025-02-10 11:50:23.884 +01:00 [VRB] Allowed paths for connections: D:\UsercubeCAA\Sources\
2025-02-10 11:50:23.908 +01:00 [VRB] HandleQuery GetCheckUserQuery
2025-02-10 11:50:23.963 +01:00 [DBG] HttpClient.Send: GET https://dev-fusion-iam.caa.group.gca/api/AccessControl/AccessControlPermission/GetGenericCheckUser/administrator?api-version=1.0&path=/Connectors/Connector/Create
2025-02-10 11:50:24.322 +01:00 [VRB] Refreshed token: token expiration date="2025-02-10T11:47:24.3216234Z"
2025-02-10 11:50:26.493 +01:00 [VRB] HandleQuery GetCheckUserQuery
2025-02-10 11:50:26.493 +01:00 [DBG] HttpClient.Send: GET https://dev-fusion-iam.caa.group.gca/api/AccessControl/AccessControlPermission/GetGenericCheckUser/administrator?api-version=1.0&path=/Connectors/Connector/Create
2025-02-10 11:50:39.459 +01:00 [VRB] HandleCommand RunJobCommand
2025-02-10 11:50:39.461 +01:00 [VRB] HandleQuery GetCheckUserCommand
2025-02-10 11:50:39.462 +01:00 [DBG] HttpClient.Send: GET https://dev-fusion-iam.caa.group.gca/api/Job/Job/GetCheckUser/administrator?api-version=1.0
2025-02-10 11:50:39.495 +01:00 [VRB] Refreshed token: token expiration date="2025-02-10T11:47:39.4958348Z"
2025-02-10 11:50:39.517 +01:00 [VRB] HandleCommand GetJobInstanceIdCommand
2025-02-10 11:50:39.518 +01:00 [DBG] HttpClient.Send: PUT https://dev-fusion-iam.caa.group.gca/api/Job/JobInstance/GetJobInstanceId?api-version=1.0
2025-02-10 11:50:39.535 +01:00 [VRB] Refreshed token: token expiration date="2025-02-10T11:47:38.5857100Z"
2025-02-10 11:50:39.556 +01:00 [VRB] HandleEvent RunJobEvent
2025-02-10 11:50:39.562 +01:00 [DBG] HttpClient.Send: GET https://dev-fusion-iam.caa.group.gca/api/Metadata/Setting/GetFeatureFlags?api-version=1.0
2025-02-10 11:50:39.580 +01:00 [VRB] Refreshed token: token expiration date="2025-02-10T11:47:38.6300168Z"
2025-02-10 11:50:39.615 +01:00 [DBG] Start Process dotnet Usercube-Invoke-Job.dll --user-id -1 --log-level 0 --progress-job-instance-id 1011 --job-identifier 2 --operation-parent-id "00-27f69e23fb375f392c44c7f45ae3172f-dba0d19ed672a4e2-00" --api-url "https://dev-fusion-iam.caa.group.gca/" --feature-flags "{}" --api-client-id "Job" --stdin 
2025-02-10 11:50:39.645 +01:00 [INF] Start process=true PID=2268 dotnet Usercube-Invoke-Job.dll --user-id -1 --log-level 0 --progress-job-instance-id 1011 --job-identifier 2 --operation-parent-id "00-27f69e23fb375f392c44c7f45ae3172f-dba0d19ed672a4e2-00" --api-url "https://dev-fusion-iam.caa.group.gca/" --feature-flags "{}" --api-client-id "Job" --stdin
2025-02-10 11:50:40.168 +01:00 [DBG] HttpClient.Send: GET https://dev-fusion-iam.caa.group.gca/api/Job/JobInstance/1011?api-version=2.0&squery=select%20State&path=/Jobs/JobInstance/Query&QueryRootEntityType=JobInstance
2025-02-10 11:50:42.541 +01:00 [DBG] HttpClient.Send: GET https://dev-fusion-iam.caa.group.gca/api/Job/JobInstance/1011?api-version=2.0&squery=select%20State&path=/Jobs/JobInstance/Query&QueryRootEntityType=JobInstance
2025-02-10 11:50:42.551 +01:00 [INF] The job 2 is successfully launched.
2025-02-10 13:34:49.376 +01:00 [VRB] HandleCommand GetLogJobInstanceCommand
2025-02-10 13:34:49.378 +01:00 [DBG] HttpClient.Send: GET https://dev-fusion-iam.caa.group.gca/api/Job/Job/GetCheckUserForLog/administrator?api-version=1.0
2025-02-10 13:34:49.441 +01:00 [VRB] Refreshed token: token expiration date="2025-02-10T13:31:49.4417083Z"
2025-02-10 13:36:39.812 +01:00 [VRB] HandleCommand RunJobCommand
2025-02-10 13:36:39.813 +01:00 [VRB] HandleQuery GetCheckUserCommand
2025-02-10 13:36:39.813 +01:00 [DBG] HttpClient.Send: GET https://dev-fusion-iam.caa.group.gca/api/Job/Job/GetCheckUser/administrator?api-version=1.0
2025-02-10 13:36:39.813 +01:00 [VRB] Refreshing token: old token expiration date="2025-02-10T11:47:39.4958348Z"
2025-02-10 13:36:39.833 +01:00 [VRB] Refreshed token: token expiration date="2025-02-10T13:33:38.8834047Z"
2025-02-10 13:36:39.857 +01:00 [VRB] HandleCommand GetJobInstanceIdCommand
2025-02-10 13:36:39.857 +01:00 [DBG] HttpClient.Send: PUT https://dev-fusion-iam.caa.group.gca/api/Job/JobInstance/GetJobInstanceId?api-version=1.0
2025-02-10 13:36:39.858 +01:00 [VRB] Refreshing token: old token expiration date="2025-02-10T11:47:38.5857100Z"
2025-02-10 13:36:39.877 +01:00 [VRB] Refreshed token: token expiration date="2025-02-10T13:33:38.9270320Z"
2025-02-10 13:36:39.886 +01:00 [VRB] HandleEvent RunJobEvent
2025-02-10 13:36:39.886 +01:00 [DBG] HttpClient.Send: GET https://dev-fusion-iam.caa.group.gca/api/Metadata/Setting/GetFeatureFlags?api-version=1.0
2025-02-10 13:36:39.886 +01:00 [VRB] Refreshing token: old token expiration date="2025-02-10T11:47:38.6300168Z"
2025-02-10 13:36:39.901 +01:00 [VRB] Refreshed token: token expiration date="2025-02-10T13:33:38.9516379Z"
2025-02-10 13:36:39.912 +01:00 [DBG] Start Process dotnet Usercube-Invoke-Job.dll --user-id -1 --log-level 0 --progress-job-instance-id 1012 --job-identifier 2 --operation-parent-id "00-a48980e08bb23264381e3bed62c04b72-9396867d6885604b-00" --api-url "https://dev-fusion-iam.caa.group.gca/" --feature-flags "{}" --api-client-id "Job" --stdin 
2025-02-10 13:36:39.931 +01:00 [INF] Start process=true PID=11784 dotnet Usercube-Invoke-Job.dll --user-id -1 --log-level 0 --progress-job-instance-id 1012 --job-identifier 2 --operation-parent-id "00-a48980e08bb23264381e3bed62c04b72-9396867d6885604b-00" --api-url "https://dev-fusion-iam.caa.group.gca/" --feature-flags "{}" --api-client-id "Job" --stdin
2025-02-10 13:36:40.807 +01:00 [DBG] HttpClient.Send: GET https://dev-fusion-iam.caa.group.gca/api/Job/JobInstance/1012?api-version=2.0&squery=select%20State&path=/Jobs/JobInstance/Query&QueryRootEntityType=JobInstance
2025-02-10 13:36:41.827 +01:00 [DBG] HttpClient.Send: GET https://dev-fusion-iam.caa.group.gca/api/Job/JobInstance/1012?api-version=2.0&squery=select%20State&path=/Jobs/JobInstance/Query&QueryRootEntityType=JobInstance
2025-02-10 13:36:41.836 +01:00 [INF] The job 2 is successfully launched.
2025-02-10 13:38:25.782 +01:00 [VRB] HandleCommand RunJobCommand
2025-02-10 13:38:25.782 +01:00 [VRB] HandleQuery GetCheckUserCommand
2025-02-10 13:38:25.782 +01:00 [DBG] HttpClient.Send: GET https://dev-fusion-iam.caa.group.gca/api/Job/Job/GetCheckUser/administrator?api-version=1.0
2025-02-10 13:38:25.802 +01:00 [VRB] HandleCommand GetJobInstanceIdCommand
2025-02-10 13:38:25.803 +01:00 [DBG] HttpClient.Send: PUT https://dev-fusion-iam.caa.group.gca/api/Job/JobInstance/GetJobInstanceId?api-version=1.0
2025-02-10 13:38:25.831 +01:00 [VRB] HandleEvent RunJobEvent
2025-02-10 13:38:25.833 +01:00 [DBG] HttpClient.Send: GET https://dev-fusion-iam.caa.group.gca/api/Metadata/Setting/GetFeatureFlags?api-version=1.0
2025-02-10 13:38:25.872 +01:00 [DBG] Start Process dotnet Usercube-Invoke-Job.dll --user-id -1 --log-level 0 --progress-job-instance-id 1013 --job-identifier 5 --operation-parent-id "00-f7ee412456f9ba6b11fb0bd12e17ae9d-1fdf0ccf46a19436-00" --api-url "https://dev-fusion-iam.caa.group.gca/" --feature-flags "{}" --api-client-id "Job" --stdin 
2025-02-10 13:38:25.883 +01:00 [INF] Start process=true PID=4612 dotnet Usercube-Invoke-Job.dll --user-id -1 --log-level 0 --progress-job-instance-id 1013 --job-identifier 5 --operation-parent-id "00-f7ee412456f9ba6b11fb0bd12e17ae9d-1fdf0ccf46a19436-00" --api-url "https://dev-fusion-iam.caa.group.gca/" --feature-flags "{}" --api-client-id "Job" --stdin
2025-02-10 13:38:26.384 +01:00 [DBG] HttpClient.Send: GET https://dev-fusion-iam.caa.group.gca/api/Job/JobInstance/1013?api-version=2.0&squery=select%20State&path=/Jobs/JobInstance/Query&QueryRootEntityType=JobInstance
2025-02-10 13:38:27.410 +01:00 [DBG] HttpClient.Send: GET https://dev-fusion-iam.caa.group.gca/api/Job/JobInstance/1013?api-version=2.0&squery=select%20State&path=/Jobs/JobInstance/Query&QueryRootEntityType=JobInstance
2025-02-10 13:38:27.426 +01:00 [INF] The job 5 is successfully launched.
2025-02-10 13:38:38.051 +01:00 [VRB] HandleCommand RunJobCommand
2025-02-10 13:38:38.053 +01:00 [VRB] HandleQuery GetCheckUserCommand
2025-02-10 13:38:38.053 +01:00 [DBG] HttpClient.Send: GET https://dev-fusion-iam.caa.group.gca/api/Job/Job/GetCheckUser/administrator?api-version=1.0
2025-02-10 13:38:38.064 +01:00 [VRB] HandleCommand GetJobInstanceIdCommand
2025-02-10 13:38:38.064 +01:00 [DBG] HttpClient.Send: PUT https://dev-fusion-iam.caa.group.gca/api/Job/JobInstance/GetJobInstanceId?api-version=1.0
2025-02-10 13:38:38.070 +01:00 [VRB] HandleEvent RunJobEvent
2025-02-10 13:38:38.070 +01:00 [DBG] HttpClient.Send: GET https://dev-fusion-iam.caa.group.gca/api/Metadata/Setting/GetFeatureFlags?api-version=1.0
2025-02-10 13:38:38.076 +01:00 [DBG] Start Process dotnet Usercube-Invoke-Job.dll --user-id -1 --log-level 0 --progress-job-instance-id 1014 --job-identifier 46002 --operation-parent-id "00-5c4a10465302f38c43836bc4985d9c93-7b00624bb0613cf0-00" --api-url "https://dev-fusion-iam.caa.group.gca/" --feature-flags "{}" --api-client-id "Job" --stdin 
2025-02-10 13:38:38.093 +01:00 [INF] Start process=true PID=928 dotnet Usercube-Invoke-Job.dll --user-id -1 --log-level 0 --progress-job-instance-id 1014 --job-identifier 46002 --operation-parent-id "00-5c4a10465302f38c43836bc4985d9c93-7b00624bb0613cf0-00" --api-url "https://dev-fusion-iam.caa.group.gca/" --feature-flags "{}" --api-client-id "Job" --stdin
2025-02-10 13:38:38.594 +01:00 [DBG] HttpClient.Send: GET https://dev-fusion-iam.caa.group.gca/api/Job/JobInstance/1014?api-version=2.0&squery=select%20State&path=/Jobs/JobInstance/Query&QueryRootEntityType=JobInstance
2025-02-10 13:38:39.603 +01:00 [DBG] HttpClient.Send: GET https://dev-fusion-iam.caa.group.gca/api/Job/JobInstance/1014?api-version=2.0&squery=select%20State&path=/Jobs/JobInstance/Query&QueryRootEntityType=JobInstance
2025-02-10 13:38:39.610 +01:00 [INF] The job 46002 is successfully launched.
2025-02-10 13:38:44.424 +01:00 [VRB] HandleCommand GetLogJobInstanceCommand
2025-02-10 13:38:44.425 +01:00 [DBG] HttpClient.Send: GET https://dev-fusion-iam.caa.group.gca/api/Job/Job/GetCheckUserForLog/administrator?api-version=1.0
2025-02-10 13:40:55.869 +01:00 [DBG] MailSettings loaded:
Enabled: True
Host: 
PickupDirectory: D:\UsercubeCAA\Mails
Port: 0
Username: 
FromAddress: no-reply@caa.fr
CatchAllAddress: 
CatchAllCCAddress: 
UseDefaultCredentials: False
EnableSsl: False
SecureSocketOption: 
UseSpecifiedPickupDirectory: True
EnableMailTesting: False
AllowedDomains: none
2025-02-10 13:40:56.197 +01:00 [VRB] HandleCommand RunJobCommand
2025-02-10 13:40:56.201 +01:00 [VRB] HandleQuery GetCheckUserCommand
2025-02-10 13:40:56.206 +01:00 [DBG] HttpClient.Send: GET https://dev-fusion-iam.caa.group.gca/api/Job/Job/GetCheckUser/administrator?api-version=1.0
2025-02-10 13:40:56.311 +01:00 [VRB] Refreshed token: token expiration date="2025-02-10T13:37:56.3113797Z"
2025-02-10 13:40:56.331 +01:00 [VRB] HandleCommand GetJobInstanceIdCommand
2025-02-10 13:40:56.332 +01:00 [DBG] HttpClient.Send: PUT https://dev-fusion-iam.caa.group.gca/api/Job/JobInstance/GetJobInstanceId?api-version=1.0
2025-02-10 13:40:56.356 +01:00 [VRB] Refreshed token: token expiration date="2025-02-10T13:37:56.3564236Z"
2025-02-10 13:40:56.371 +01:00 [VRB] HandleEvent RunJobEvent
2025-02-10 13:40:56.375 +01:00 [DBG] HttpClient.Send: GET https://dev-fusion-iam.caa.group.gca/api/Metadata/Setting/GetFeatureFlags?api-version=1.0
2025-02-10 13:40:56.391 +01:00 [VRB] Refreshed token: token expiration date="2025-02-10T13:37:56.3916048Z"
2025-02-10 13:40:56.403 +01:00 [DBG] Start Process dotnet Usercube-Invoke-Job.dll --user-id -1 --log-level 0 --progress-job-instance-id 1015 --job-identifier 46002 --operation-parent-id "00-cae6917a343caae062c6ff1dff86a177-745038c93c635604-00" --api-url "https://dev-fusion-iam.caa.group.gca/" --feature-flags "{}" --api-client-id "Job" --stdin 
2025-02-10 13:40:56.417 +01:00 [INF] Start process=true PID=13876 dotnet Usercube-Invoke-Job.dll --user-id -1 --log-level 0 --progress-job-instance-id 1015 --job-identifier 46002 --operation-parent-id "00-cae6917a343caae062c6ff1dff86a177-745038c93c635604-00" --api-url "https://dev-fusion-iam.caa.group.gca/" --feature-flags "{}" --api-client-id "Job" --stdin
2025-02-10 13:40:56.954 +01:00 [DBG] HttpClient.Send: GET https://dev-fusion-iam.caa.group.gca/api/Job/JobInstance/1015?api-version=2.0&squery=select%20State&path=/Jobs/JobInstance/Query&QueryRootEntityType=JobInstance
2025-02-10 13:40:58.461 +01:00 [DBG] HttpClient.Send: GET https://dev-fusion-iam.caa.group.gca/api/Job/JobInstance/1015?api-version=2.0&squery=select%20State&path=/Jobs/JobInstance/Query&QueryRootEntityType=JobInstance
2025-02-10 13:40:58.478 +01:00 [INF] The job 46002 is successfully launched.
2025-02-10 13:42:23.911 +01:00 [VRB] HandleCommand RunJobCommand
2025-02-10 13:42:23.911 +01:00 [VRB] HandleQuery GetCheckUserCommand
2025-02-10 13:42:23.911 +01:00 [DBG] HttpClient.Send: GET https://dev-fusion-iam.caa.group.gca/api/Job/Job/GetCheckUser/administrator?api-version=1.0
2025-02-10 13:42:23.924 +01:00 [VRB] HandleCommand GetJobInstanceIdCommand
2025-02-10 13:42:23.925 +01:00 [DBG] HttpClient.Send: PUT https://dev-fusion-iam.caa.group.gca/api/Job/JobInstance/GetJobInstanceId?api-version=1.0
2025-02-10 13:42:23.944 +01:00 [VRB] HandleEvent RunJobEvent
2025-02-10 13:42:23.944 +01:00 [DBG] HttpClient.Send: GET https://dev-fusion-iam.caa.group.gca/api/Metadata/Setting/GetFeatureFlags?api-version=1.0
2025-02-10 13:42:23.960 +01:00 [DBG] Start Process dotnet Usercube-Invoke-Job.dll --user-id -1 --log-level 0 --progress-job-instance-id 1016 --job-identifier 46002 --operation-parent-id "00-beb1fc6e933472fae49e355c67932ff2-cd8ab46ca23753b5-00" --api-url "https://dev-fusion-iam.caa.group.gca/" --feature-flags "{}" --api-client-id "Job" --stdin 
2025-02-10 13:42:23.973 +01:00 [INF] Start process=true PID=6036 dotnet Usercube-Invoke-Job.dll --user-id -1 --log-level 0 --progress-job-instance-id 1016 --job-identifier 46002 --operation-parent-id "00-beb1fc6e933472fae49e355c67932ff2-cd8ab46ca23753b5-00" --api-url "https://dev-fusion-iam.caa.group.gca/" --feature-flags "{}" --api-client-id "Job" --stdin
2025-02-10 13:42:25.067 +01:00 [DBG] HttpClient.Send: GET https://dev-fusion-iam.caa.group.gca/api/Job/JobInstance/1016?api-version=2.0&squery=select%20State&path=/Jobs/JobInstance/Query&QueryRootEntityType=JobInstance
2025-02-10 13:42:25.076 +01:00 [INF] The job 46002 is successfully launched.
2025-02-10 13:49:09.973 +01:00 [VRB] HandleCommand RunJobCommand
2025-02-10 13:49:09.974 +01:00 [VRB] HandleQuery GetCheckUserCommand
2025-02-10 13:49:09.974 +01:00 [DBG] HttpClient.Send: GET https://dev-fusion-iam.caa.group.gca/api/Job/Job/GetCheckUser/administrator?api-version=1.0
2025-02-10 13:49:09.995 +01:00 [VRB] HandleCommand GetJobInstanceIdCommand
2025-02-10 13:49:09.996 +01:00 [DBG] HttpClient.Send: PUT https://dev-fusion-iam.caa.group.gca/api/Job/JobInstance/GetJobInstanceId?api-version=1.0
2025-02-10 13:49:10.017 +01:00 [VRB] HandleEvent RunJobEvent
2025-02-10 13:49:10.018 +01:00 [DBG] HttpClient.Send: GET https://dev-fusion-iam.caa.group.gca/api/Metadata/Setting/GetFeatureFlags?api-version=1.0
2025-02-10 13:49:10.228 +01:00 [DBG] Start Process dotnet Usercube-Invoke-Job.dll --user-id -1 --log-level 0 --progress-job-instance-id 1017 --job-identifier 46002 --operation-parent-id "00-d44074f480167d49812966893e344f47-2503f275de018c7a-00" --api-url "https://dev-fusion-iam.caa.group.gca/" --feature-flags "{}" --api-client-id "Job" --stdin 
2025-02-10 13:49:10.245 +01:00 [INF] Start process=true PID=2016 dotnet Usercube-Invoke-Job.dll --user-id -1 --log-level 0 --progress-job-instance-id 1017 --job-identifier 46002 --operation-parent-id "00-d44074f480167d49812966893e344f47-2503f275de018c7a-00" --api-url "https://dev-fusion-iam.caa.group.gca/" --feature-flags "{}" --api-client-id "Job" --stdin
2025-02-10 13:49:11.483 +01:00 [DBG] HttpClient.Send: GET https://dev-fusion-iam.caa.group.gca/api/Job/JobInstance/1017?api-version=2.0&squery=select%20State&path=/Jobs/JobInstance/Query&QueryRootEntityType=JobInstance
2025-02-10 13:49:11.643 +01:00 [INF] The job 46002 is successfully launched.
2025-02-10 13:49:33.212 +01:00 [VRB] HandleCommand RunJobCommand
2025-02-10 13:49:33.213 +01:00 [VRB] HandleQuery GetCheckUserCommand
2025-02-10 13:49:33.213 +01:00 [DBG] HttpClient.Send: GET https://dev-fusion-iam.caa.group.gca/api/Job/Job/GetCheckUser/administrator?api-version=1.0
2025-02-10 13:49:33.220 +01:00 [VRB] HandleCommand GetJobInstanceIdCommand
2025-02-10 13:49:33.220 +01:00 [DBG] HttpClient.Send: PUT https://dev-fusion-iam.caa.group.gca/api/Job/JobInstance/GetJobInstanceId?api-version=1.0
2025-02-10 13:49:33.227 +01:00 [VRB] HandleEvent RunJobEvent
2025-02-10 13:49:33.227 +01:00 [DBG] HttpClient.Send: GET https://dev-fusion-iam.caa.group.gca/api/Metadata/Setting/GetFeatureFlags?api-version=1.0
2025-02-10 13:49:33.235 +01:00 [DBG] Start Process dotnet Usercube-Invoke-Job.dll --user-id -1 --log-level 0 --progress-job-instance-id 1018 --job-identifier 46002 --operation-parent-id "00-eeec62ecffd9b3ba35419b3f2a284b6d-39f6f45fa1127e76-00" --api-url "https://dev-fusion-iam.caa.group.gca/" --feature-flags "{}" --api-client-id "Job" --stdin 
2025-02-10 13:49:33.240 +01:00 [INF] Start process=true PID=14972 dotnet Usercube-Invoke-Job.dll --user-id -1 --log-level 0 --progress-job-instance-id 1018 --job-identifier 46002 --operation-parent-id "00-eeec62ecffd9b3ba35419b3f2a284b6d-39f6f45fa1127e76-00" --api-url "https://dev-fusion-iam.caa.group.gca/" --feature-flags "{}" --api-client-id "Job" --stdin
2025-02-10 13:49:33.740 +01:00 [DBG] HttpClient.Send: GET https://dev-fusion-iam.caa.group.gca/api/Job/JobInstance/1018?api-version=2.0&squery=select%20State&path=/Jobs/JobInstance/Query&QueryRootEntityType=JobInstance
2025-02-10 13:49:35.328 +01:00 [DBG] HttpClient.Send: GET https://dev-fusion-iam.caa.group.gca/api/Job/JobInstance/1018?api-version=2.0&squery=select%20State&path=/Jobs/JobInstance/Query&QueryRootEntityType=JobInstance
2025-02-10 13:49:35.336 +01:00 [INF] The job 46002 is successfully launched.
2025-02-10 13:50:03.627 +01:00 [VRB] HandleCommand RunJobCommand
2025-02-10 13:50:03.627 +01:00 [VRB] HandleQuery GetCheckUserCommand
2025-02-10 13:50:03.627 +01:00 [DBG] HttpClient.Send: GET https://dev-fusion-iam.caa.group.gca/api/Job/Job/GetCheckUser/administrator?api-version=1.0
2025-02-10 13:50:03.635 +01:00 [VRB] HandleCommand GetJobInstanceIdCommand
2025-02-10 13:50:03.635 +01:00 [DBG] HttpClient.Send: PUT https://dev-fusion-iam.caa.group.gca/api/Job/JobInstance/GetJobInstanceId?api-version=1.0
2025-02-10 13:50:03.642 +01:00 [VRB] HandleEvent RunJobEvent
2025-02-10 13:50:03.642 +01:00 [DBG] HttpClient.Send: GET https://dev-fusion-iam.caa.group.gca/api/Metadata/Setting/GetFeatureFlags?api-version=1.0
2025-02-10 13:50:03.649 +01:00 [DBG] Start Process dotnet Usercube-Invoke-Job.dll --user-id -1 --log-level 0 --progress-job-instance-id 1019 --job-identifier 46002 --operation-parent-id "00-f78a4b724ecb0e3421f5641b695ace44-f9ce4c528555c38a-00" --api-url "https://dev-fusion-iam.caa.group.gca/" --feature-flags "{}" --api-client-id "Job" --stdin 
2025-02-10 13:50:03.655 +01:00 [INF] Start process=true PID=14496 dotnet Usercube-Invoke-Job.dll --user-id -1 --log-level 0 --progress-job-instance-id 1019 --job-identifier 46002 --operation-parent-id "00-f78a4b724ecb0e3421f5641b695ace44-f9ce4c528555c38a-00" --api-url "https://dev-fusion-iam.caa.group.gca/" --feature-flags "{}" --api-client-id "Job" --stdin
2025-02-10 13:50:08.250 +01:00 [DBG] HttpClient.Send: GET https://dev-fusion-iam.caa.group.gca/api/Job/JobInstance/1019?api-version=2.0&squery=select%20State&path=/Jobs/JobInstance/Query&QueryRootEntityType=JobInstance
2025-02-10 13:50:08.257 +01:00 [INF] The job 46002 is successfully launched.
2025-02-10 13:51:56.925 +01:00 [VRB] HandleCommand RunJobCommand
2025-02-10 13:51:56.925 +01:00 [VRB] HandleQuery GetCheckUserCommand
2025-02-10 13:51:56.926 +01:00 [DBG] HttpClient.Send: GET https://dev-fusion-iam.caa.group.gca/api/Job/Job/GetCheckUser/administrator?api-version=1.0
2025-02-10 13:51:56.960 +01:00 [VRB] HandleCommand GetJobInstanceIdCommand
2025-02-10 13:51:56.960 +01:00 [DBG] HttpClient.Send: PUT https://dev-fusion-iam.caa.group.gca/api/Job/JobInstance/GetJobInstanceId?api-version=1.0
2025-02-10 13:51:56.976 +01:00 [VRB] HandleEvent RunJobEvent
2025-02-10 13:51:56.976 +01:00 [DBG] HttpClient.Send: GET https://dev-fusion-iam.caa.group.gca/api/Metadata/Setting/GetFeatureFlags?api-version=1.0
2025-02-10 13:51:56.994 +01:00 [DBG] Start Process dotnet Usercube-Invoke-Job.dll --user-id -1 --log-level 0 --progress-job-instance-id 1020 --job-identifier 46002 --operation-parent-id "00-1cb750388d020ebcd769609cd7e6c100-07678260b4d5a9fb-00" --api-url "https://dev-fusion-iam.caa.group.gca/" --feature-flags "{}" --api-client-id "Job" --stdin 
2025-02-10 13:51:57.009 +01:00 [INF] Start process=true PID=4092 dotnet Usercube-Invoke-Job.dll --user-id -1 --log-level 0 --progress-job-instance-id 1020 --job-identifier 46002 --operation-parent-id "00-1cb750388d020ebcd769609cd7e6c100-07678260b4d5a9fb-00" --api-url "https://dev-fusion-iam.caa.group.gca/" --feature-flags "{}" --api-client-id "Job" --stdin
2025-02-10 13:51:59.255 +01:00 [DBG] HttpClient.Send: GET https://dev-fusion-iam.caa.group.gca/api/Job/JobInstance/1020?api-version=2.0&squery=select%20State&path=/Jobs/JobInstance/Query&QueryRootEntityType=JobInstance
2025-02-10 13:51:59.274 +01:00 [INF] The job 46002 is successfully launched.
2025-02-10 13:53:48.251 +01:00 [VRB] HandleCommand RunJobCommand
2025-02-10 13:53:48.251 +01:00 [VRB] HandleQuery GetCheckUserCommand
2025-02-10 13:53:48.251 +01:00 [DBG] HttpClient.Send: GET https://dev-fusion-iam.caa.group.gca/api/Job/Job/GetCheckUser/administrator?api-version=1.0
2025-02-10 13:53:48.275 +01:00 [VRB] HandleCommand GetJobInstanceIdCommand
2025-02-10 13:53:48.276 +01:00 [DBG] HttpClient.Send: PUT https://dev-fusion-iam.caa.group.gca/api/Job/JobInstance/GetJobInstanceId?api-version=1.0
2025-02-10 13:53:48.349 +01:00 [VRB] HandleEvent RunJobEvent
2025-02-10 13:53:48.350 +01:00 [DBG] HttpClient.Send: GET https://dev-fusion-iam.caa.group.gca/api/Metadata/Setting/GetFeatureFlags?api-version=1.0
2025-02-10 13:53:48.363 +01:00 [DBG] Start Process dotnet Usercube-Invoke-Job.dll --user-id -1 --log-level 0 --progress-job-instance-id 1021 --job-identifier 46002 --operation-parent-id "00-5d3c0b15b6badfdc1616738e20053c8f-329843250cfd39cc-00" --api-url "https://dev-fusion-iam.caa.group.gca/" --feature-flags "{}" --api-client-id "Job" --stdin 
2025-02-10 13:53:48.386 +01:00 [INF] Start process=true PID=8220 dotnet Usercube-Invoke-Job.dll --user-id -1 --log-level 0 --progress-job-instance-id 1021 --job-identifier 46002 --operation-parent-id "00-5d3c0b15b6badfdc1616738e20053c8f-329843250cfd39cc-00" --api-url "https://dev-fusion-iam.caa.group.gca/" --feature-flags "{}" --api-client-id "Job" --stdin
2025-02-10 13:53:49.671 +01:00 [DBG] HttpClient.Send: GET https://dev-fusion-iam.caa.group.gca/api/Job/JobInstance/1021?api-version=2.0&squery=select%20State&path=/Jobs/JobInstance/Query&QueryRootEntityType=JobInstance
2025-02-10 13:53:49.682 +01:00 [INF] The job 46002 is successfully launched.
2025-02-10 13:57:52.311 +01:00 [VRB] HandleCommand RunJobCommand
2025-02-10 13:57:52.311 +01:00 [VRB] HandleQuery GetCheckUserCommand
2025-02-10 13:57:52.312 +01:00 [DBG] HttpClient.Send: GET https://dev-fusion-iam.caa.group.gca/api/Job/Job/GetCheckUser/administrator?api-version=1.0
2025-02-10 13:57:52.329 +01:00 [VRB] HandleCommand GetJobInstanceIdCommand
2025-02-10 13:57:52.329 +01:00 [DBG] HttpClient.Send: PUT https://dev-fusion-iam.caa.group.gca/api/Job/JobInstance/GetJobInstanceId?api-version=1.0
2025-02-10 13:57:52.351 +01:00 [VRB] HandleEvent RunJobEvent
2025-02-10 13:57:52.352 +01:00 [DBG] HttpClient.Send: GET https://dev-fusion-iam.caa.group.gca/api/Metadata/Setting/GetFeatureFlags?api-version=1.0
2025-02-10 13:57:52.389 +01:00 [DBG] Start Process dotnet Usercube-Invoke-Job.dll --user-id -1 --log-level 0 --progress-job-instance-id 1022 --job-identifier 46002 --operation-parent-id "00-afc75473036409d7270325e859231a15-4b87f0a23eb6a1bb-00" --api-url "https://dev-fusion-iam.caa.group.gca/" --feature-flags "{}" --api-client-id "Job" --stdin 
2025-02-10 13:57:52.403 +01:00 [INF] Start process=true PID=3204 dotnet Usercube-Invoke-Job.dll --user-id -1 --log-level 0 --progress-job-instance-id 1022 --job-identifier 46002 --operation-parent-id "00-afc75473036409d7270325e859231a15-4b87f0a23eb6a1bb-00" --api-url "https://dev-fusion-iam.caa.group.gca/" --feature-flags "{}" --api-client-id "Job" --stdin
2025-02-10 13:57:53.509 +01:00 [DBG] HttpClient.Send: GET https://dev-fusion-iam.caa.group.gca/api/Job/JobInstance/1022?api-version=2.0&squery=select%20State&path=/Jobs/JobInstance/Query&QueryRootEntityType=JobInstance
2025-02-10 13:57:53.516 +01:00 [INF] The job 46002 is successfully launched.
2025-02-10 13:59:39.010 +01:00 [VRB] HandleCommand RunJobCommand
2025-02-10 13:59:39.010 +01:00 [VRB] HandleQuery GetCheckUserCommand
2025-02-10 13:59:39.010 +01:00 [DBG] HttpClient.Send: GET https://dev-fusion-iam.caa.group.gca/api/Job/Job/GetCheckUser/administrator?api-version=1.0
2025-02-10 13:59:39.029 +01:00 [VRB] HandleCommand GetJobInstanceIdCommand
2025-02-10 13:59:39.030 +01:00 [DBG] HttpClient.Send: PUT https://dev-fusion-iam.caa.group.gca/api/Job/JobInstance/GetJobInstanceId?api-version=1.0
2025-02-10 13:59:39.047 +01:00 [VRB] HandleEvent RunJobEvent
2025-02-10 13:59:39.047 +01:00 [DBG] HttpClient.Send: GET https://dev-fusion-iam.caa.group.gca/api/Metadata/Setting/GetFeatureFlags?api-version=1.0
2025-02-10 13:59:39.088 +01:00 [DBG] Start Process dotnet Usercube-Invoke-Job.dll --user-id -1 --log-level 0 --progress-job-instance-id 1023 --job-identifier 46002 --operation-parent-id "00-ba64dd3cbaf7f7a43e283da9f421f6da-7185a371235fea46-00" --api-url "https://dev-fusion-iam.caa.group.gca/" --feature-flags "{}" --api-client-id "Job" --stdin 
2025-02-10 13:59:39.104 +01:00 [INF] Start process=true PID=8 dotnet Usercube-Invoke-Job.dll --user-id -1 --log-level 0 --progress-job-instance-id 1023 --job-identifier 46002 --operation-parent-id "00-ba64dd3cbaf7f7a43e283da9f421f6da-7185a371235fea46-00" --api-url "https://dev-fusion-iam.caa.group.gca/" --feature-flags "{}" --api-client-id "Job" --stdin
2025-02-10 13:59:39.721 +01:00 [DBG] HttpClient.Send: GET https://dev-fusion-iam.caa.group.gca/api/Job/JobInstance/1023?api-version=2.0&squery=select%20State&path=/Jobs/JobInstance/Query&QueryRootEntityType=JobInstance
2025-02-10 13:59:39.728 +01:00 [INF] The job 46002 is successfully launched.
2025-02-10 14:00:14.636 +01:00 [VRB] HandleCommand RunJobCommand
2025-02-10 14:00:14.637 +01:00 [VRB] HandleQuery GetCheckUserCommand
2025-02-10 14:00:14.637 +01:00 [DBG] HttpClient.Send: GET https://dev-fusion-iam.caa.group.gca/api/Job/Job/GetCheckUser/administrator?api-version=1.0
2025-02-10 14:00:14.644 +01:00 [VRB] HandleCommand GetJobInstanceIdCommand
2025-02-10 14:00:14.645 +01:00 [DBG] HttpClient.Send: PUT https://dev-fusion-iam.caa.group.gca/api/Job/JobInstance/GetJobInstanceId?api-version=1.0
2025-02-10 14:00:14.654 +01:00 [VRB] HandleEvent RunJobEvent
2025-02-10 14:00:14.654 +01:00 [DBG] HttpClient.Send: GET https://dev-fusion-iam.caa.group.gca/api/Metadata/Setting/GetFeatureFlags?api-version=1.0
2025-02-10 14:00:14.674 +01:00 [DBG] Start Process dotnet Usercube-Invoke-Job.dll --user-id -1 --log-level 0 --progress-job-instance-id 1024 --job-identifier 46002 --operation-parent-id "00-0894e01b14ef65c9449bc9a22094be78-11688a44dd3fbbe0-00" --api-url "https://dev-fusion-iam.caa.group.gca/" --feature-flags "{}" --api-client-id "Job" --stdin 
2025-02-10 14:00:14.681 +01:00 [INF] Start process=true PID=5320 dotnet Usercube-Invoke-Job.dll --user-id -1 --log-level 0 --progress-job-instance-id 1024 --job-identifier 46002 --operation-parent-id "00-0894e01b14ef65c9449bc9a22094be78-11688a44dd3fbbe0-00" --api-url "https://dev-fusion-iam.caa.group.gca/" --feature-flags "{}" --api-client-id "Job" --stdin
2025-02-10 14:00:15.336 +01:00 [DBG] HttpClient.Send: GET https://dev-fusion-iam.caa.group.gca/api/Job/JobInstance/1024?api-version=2.0&squery=select%20State&path=/Jobs/JobInstance/Query&QueryRootEntityType=JobInstance
2025-02-10 14:00:15.344 +01:00 [INF] The job 46002 is successfully launched.
2025-02-10 14:02:05.855 +01:00 [VRB] HandleCommand RunJobCommand
2025-02-10 14:02:05.856 +01:00 [VRB] HandleQuery GetCheckUserCommand
2025-02-10 14:02:05.856 +01:00 [DBG] HttpClient.Send: GET https://dev-fusion-iam.caa.group.gca/api/Job/Job/GetCheckUser/administrator?api-version=1.0
2025-02-10 14:02:05.873 +01:00 [VRB] HandleCommand GetJobInstanceIdCommand
2025-02-10 14:02:05.873 +01:00 [DBG] HttpClient.Send: PUT https://dev-fusion-iam.caa.group.gca/api/Job/JobInstance/GetJobInstanceId?api-version=1.0
2025-02-10 14:02:05.907 +01:00 [VRB] HandleEvent RunJobEvent
2025-02-10 14:02:05.907 +01:00 [DBG] HttpClient.Send: GET https://dev-fusion-iam.caa.group.gca/api/Metadata/Setting/GetFeatureFlags?api-version=1.0
2025-02-10 14:02:05.922 +01:00 [DBG] Start Process dotnet Usercube-Invoke-Job.dll --user-id -1 --log-level 0 --progress-job-instance-id 1025 --job-identifier 46002 --operation-parent-id "00-65b70ce2ab0fb56f6d4198f471b58aac-8dc95c452d2f9825-00" --api-url "https://dev-fusion-iam.caa.group.gca/" --feature-flags "{}" --api-client-id "Job" --stdin 
2025-02-10 14:02:05.936 +01:00 [INF] Start process=true PID=10188 dotnet Usercube-Invoke-Job.dll --user-id -1 --log-level 0 --progress-job-instance-id 1025 --job-identifier 46002 --operation-parent-id "00-65b70ce2ab0fb56f6d4198f471b58aac-8dc95c452d2f9825-00" --api-url "https://dev-fusion-iam.caa.group.gca/" --feature-flags "{}" --api-client-id "Job" --stdin
2025-02-10 14:02:07.102 +01:00 [DBG] HttpClient.Send: GET https://dev-fusion-iam.caa.group.gca/api/Job/JobInstance/1025?api-version=2.0&squery=select%20State&path=/Jobs/JobInstance/Query&QueryRootEntityType=JobInstance
2025-02-10 14:02:07.110 +01:00 [INF] The job 46002 is successfully launched.
2025-02-10 14:04:36.093 +01:00 [VRB] HandleCommand RunJobCommand
2025-02-10 14:04:36.093 +01:00 [VRB] HandleQuery GetCheckUserCommand
2025-02-10 14:04:36.093 +01:00 [DBG] HttpClient.Send: GET https://dev-fusion-iam.caa.group.gca/api/Job/Job/GetCheckUser/administrator?api-version=1.0
2025-02-10 14:04:36.110 +01:00 [VRB] HandleCommand GetJobInstanceIdCommand
2025-02-10 14:04:36.110 +01:00 [DBG] HttpClient.Send: PUT https://dev-fusion-iam.caa.group.gca/api/Job/JobInstance/GetJobInstanceId?api-version=1.0
2025-02-10 14:04:36.125 +01:00 [VRB] HandleEvent RunJobEvent
2025-02-10 14:04:36.125 +01:00 [DBG] HttpClient.Send: GET https://dev-fusion-iam.caa.group.gca/api/Metadata/Setting/GetFeatureFlags?api-version=1.0
2025-02-10 14:04:36.166 +01:00 [DBG] Start Process dotnet Usercube-Invoke-Job.dll --user-id -1 --log-level 0 --progress-job-instance-id 1026 --job-identifier 46002 --operation-parent-id "00-9ba638aba42ba0ab81a668c036a6c14c-8b56ab0ae1f6594a-00" --api-url "https://dev-fusion-iam.caa.group.gca/" --feature-flags "{}" --api-client-id "Job" --stdin 
2025-02-10 14:04:36.179 +01:00 [INF] Start process=true PID=6360 dotnet Usercube-Invoke-Job.dll --user-id -1 --log-level 0 --progress-job-instance-id 1026 --job-identifier 46002 --operation-parent-id "00-9ba638aba42ba0ab81a668c036a6c14c-8b56ab0ae1f6594a-00" --api-url "https://dev-fusion-iam.caa.group.gca/" --feature-flags "{}" --api-client-id "Job" --stdin
2025-02-10 14:04:37.526 +01:00 [DBG] HttpClient.Send: GET https://dev-fusion-iam.caa.group.gca/api/Job/JobInstance/1026?api-version=2.0&squery=select%20State&path=/Jobs/JobInstance/Query&QueryRootEntityType=JobInstance
2025-02-10 14:04:37.533 +01:00 [INF] The job 46002 is successfully launched.
2025-02-10 14:07:30.342 +01:00 [VRB] HandleCommand RunJobCommand
2025-02-10 14:07:30.342 +01:00 [VRB] HandleQuery GetCheckUserCommand
2025-02-10 14:07:30.342 +01:00 [DBG] HttpClient.Send: GET https://dev-fusion-iam.caa.group.gca/api/Job/Job/GetCheckUser/administrator?api-version=1.0
2025-02-10 14:07:30.360 +01:00 [VRB] HandleCommand GetJobInstanceIdCommand
2025-02-10 14:07:30.360 +01:00 [DBG] HttpClient.Send: PUT https://dev-fusion-iam.caa.group.gca/api/Job/JobInstance/GetJobInstanceId?api-version=1.0
2025-02-10 14:07:30.376 +01:00 [VRB] HandleEvent RunJobEvent
2025-02-10 14:07:30.376 +01:00 [DBG] HttpClient.Send: GET https://dev-fusion-iam.caa.group.gca/api/Metadata/Setting/GetFeatureFlags?api-version=1.0
2025-02-10 14:07:30.398 +01:00 [DBG] Start Process dotnet Usercube-Invoke-Job.dll --user-id -1 --log-level 0 --progress-job-instance-id 1027 --job-identifier 46002 --operation-parent-id "00-3ae55776678b366d052481f333bf0e08-e253176374ed542a-00" --api-url "https://dev-fusion-iam.caa.group.gca/" --feature-flags "{}" --api-client-id "Job" --stdin 
2025-02-10 14:07:30.406 +01:00 [INF] Start process=true PID=7720 dotnet Usercube-Invoke-Job.dll --user-id -1 --log-level 0 --progress-job-instance-id 1027 --job-identifier 46002 --operation-parent-id "00-3ae55776678b366d052481f333bf0e08-e253176374ed542a-00" --api-url "https://dev-fusion-iam.caa.group.gca/" --feature-flags "{}" --api-client-id "Job" --stdin
2025-02-10 14:07:31.481 +01:00 [DBG] HttpClient.Send: GET https://dev-fusion-iam.caa.group.gca/api/Job/JobInstance/1027?api-version=2.0&squery=select%20State&path=/Jobs/JobInstance/Query&QueryRootEntityType=JobInstance
2025-02-10 14:07:31.489 +01:00 [INF] The job 46002 is successfully launched.
2025-02-10 14:07:57.182 +01:00 [VRB] HandleCommand RunJobCommand
2025-02-10 14:07:57.182 +01:00 [VRB] HandleQuery GetCheckUserCommand
2025-02-10 14:07:57.182 +01:00 [DBG] HttpClient.Send: GET https://dev-fusion-iam.caa.group.gca/api/Job/Job/GetCheckUser/administrator?api-version=1.0
2025-02-10 14:07:57.189 +01:00 [VRB] HandleCommand GetJobInstanceIdCommand
2025-02-10 14:07:57.190 +01:00 [DBG] HttpClient.Send: PUT https://dev-fusion-iam.caa.group.gca/api/Job/JobInstance/GetJobInstanceId?api-version=1.0
2025-02-10 14:07:57.196 +01:00 [VRB] HandleEvent RunJobEvent
2025-02-10 14:07:57.196 +01:00 [DBG] HttpClient.Send: GET https://dev-fusion-iam.caa.group.gca/api/Metadata/Setting/GetFeatureFlags?api-version=1.0
2025-02-10 14:07:57.203 +01:00 [DBG] Start Process dotnet Usercube-Invoke-Job.dll --user-id -1 --log-level 0 --progress-job-instance-id 1028 --job-identifier 46002 --operation-parent-id "00-ca93c7ba05aad919f9f93024caadf639-edc60b4d99ed5bdb-00" --api-url "https://dev-fusion-iam.caa.group.gca/" --feature-flags "{}" --api-client-id "Job" --stdin 
2025-02-10 14:07:57.211 +01:00 [INF] Start process=true PID=12092 dotnet Usercube-Invoke-Job.dll --user-id -1 --log-level 0 --progress-job-instance-id 1028 --job-identifier 46002 --operation-parent-id "00-ca93c7ba05aad919f9f93024caadf639-edc60b4d99ed5bdb-00" --api-url "https://dev-fusion-iam.caa.group.gca/" --feature-flags "{}" --api-client-id "Job" --stdin
2025-02-10 14:07:57.722 +01:00 [DBG] HttpClient.Send: GET https://dev-fusion-iam.caa.group.gca/api/Job/JobInstance/1028?api-version=2.0&squery=select%20State&path=/Jobs/JobInstance/Query&QueryRootEntityType=JobInstance
2025-02-10 14:07:58.788 +01:00 [DBG] HttpClient.Send: GET https://dev-fusion-iam.caa.group.gca/api/Job/JobInstance/1028?api-version=2.0&squery=select%20State&path=/Jobs/JobInstance/Query&QueryRootEntityType=JobInstance
2025-02-10 14:07:58.816 +01:00 [INF] The job 46002 is successfully launched.
2025-02-10 14:09:42.238 +01:00 [VRB] HandleCommand RunJobCommand
2025-02-10 14:09:42.238 +01:00 [VRB] HandleQuery GetCheckUserCommand
2025-02-10 14:09:42.238 +01:00 [DBG] HttpClient.Send: GET https://dev-fusion-iam.caa.group.gca/api/Job/Job/GetCheckUser/administrator?api-version=1.0
2025-02-10 14:09:42.269 +01:00 [VRB] HandleCommand GetJobInstanceIdCommand
2025-02-10 14:09:42.269 +01:00 [DBG] HttpClient.Send: PUT https://dev-fusion-iam.caa.group.gca/api/Job/JobInstance/GetJobInstanceId?api-version=1.0
2025-02-10 14:09:42.315 +01:00 [VRB] HandleEvent RunJobEvent
2025-02-10 14:09:42.315 +01:00 [DBG] HttpClient.Send: GET https://dev-fusion-iam.caa.group.gca/api/Metadata/Setting/GetFeatureFlags?api-version=1.0
2025-02-10 14:09:42.350 +01:00 [DBG] Start Process dotnet Usercube-Invoke-Job.dll --user-id -1 --log-level 0 --progress-job-instance-id 1029 --job-identifier 46002 --operation-parent-id "00-4018db6b2fc2fd557a0065c6df347bc8-b288085ddfbbcb21-00" --api-url "https://dev-fusion-iam.caa.group.gca/" --feature-flags "{}" --api-client-id "Job" --stdin 
2025-02-10 14:09:42.366 +01:00 [INF] Start process=true PID=8852 dotnet Usercube-Invoke-Job.dll --user-id -1 --log-level 0 --progress-job-instance-id 1029 --job-identifier 46002 --operation-parent-id "00-4018db6b2fc2fd557a0065c6df347bc8-b288085ddfbbcb21-00" --api-url "https://dev-fusion-iam.caa.group.gca/" --feature-flags "{}" --api-client-id "Job" --stdin
2025-02-10 14:09:44.060 +01:00 [DBG] HttpClient.Send: GET https://dev-fusion-iam.caa.group.gca/api/Job/JobInstance/1029?api-version=2.0&squery=select%20State&path=/Jobs/JobInstance/Query&QueryRootEntityType=JobInstance
2025-02-10 14:09:44.075 +01:00 [INF] The job 46002 is successfully launched.
2025-02-10 14:10:07.634 +01:00 [VRB] HandleCommand RunJobCommand
2025-02-10 14:10:07.634 +01:00 [VRB] HandleQuery GetCheckUserCommand
2025-02-10 14:10:07.634 +01:00 [DBG] HttpClient.Send: GET https://dev-fusion-iam.caa.group.gca/api/Job/Job/GetCheckUser/administrator?api-version=1.0
2025-02-10 14:10:07.642 +01:00 [VRB] HandleCommand GetJobInstanceIdCommand
2025-02-10 14:10:07.642 +01:00 [DBG] HttpClient.Send: PUT https://dev-fusion-iam.caa.group.gca/api/Job/JobInstance/GetJobInstanceId?api-version=1.0
2025-02-10 14:10:07.659 +01:00 [VRB] HandleEvent RunJobEvent
2025-02-10 14:10:07.659 +01:00 [DBG] HttpClient.Send: GET https://dev-fusion-iam.caa.group.gca/api/Metadata/Setting/GetFeatureFlags?api-version=1.0
2025-02-10 14:10:07.723 +01:00 [DBG] Start Process dotnet Usercube-Invoke-Job.dll --user-id -1 --log-level 0 --progress-job-instance-id 1030 --job-identifier 46002 --operation-parent-id "00-99b1e571b0c4f738782f68e3bfdce043-afcc85845ae0b747-00" --api-url "https://dev-fusion-iam.caa.group.gca/" --feature-flags "{}" --api-client-id "Job" --stdin 
2025-02-10 14:10:07.785 +01:00 [INF] Start process=true PID=11940 dotnet Usercube-Invoke-Job.dll --user-id -1 --log-level 0 --progress-job-instance-id 1030 --job-identifier 46002 --operation-parent-id "00-99b1e571b0c4f738782f68e3bfdce043-afcc85845ae0b747-00" --api-url "https://dev-fusion-iam.caa.group.gca/" --feature-flags "{}" --api-client-id "Job" --stdin
2025-02-10 14:10:08.283 +01:00 [DBG] HttpClient.Send: GET https://dev-fusion-iam.caa.group.gca/api/Job/JobInstance/1030?api-version=2.0&squery=select%20State&path=/Jobs/JobInstance/Query&QueryRootEntityType=JobInstance
2025-02-10 14:10:11.223 +01:00 [DBG] HttpClient.Send: GET https://dev-fusion-iam.caa.group.gca/api/Job/JobInstance/1030?api-version=2.0&squery=select%20State&path=/Jobs/JobInstance/Query&QueryRootEntityType=JobInstance
2025-02-10 14:10:11.230 +01:00 [INF] The job 46002 is successfully launched.
