[11:50:40 DBG] HttpClient.Send: PUT https://dev-fusion-iam.caa.group.gca/api/Job/JobInstance/Progression/1011?api-version=3.0&jobGroupId=2&current=0&totalTask=0&state=InProgress&resourceId=-1&cancelRequest=False&retry=False
[11:50:40 VRB] Refreshed token: token expiration date=02/10/2025 11:47:40
[11:50:40 VRB] HandleQuery SelectConsolidateJobQuery
[11:50:40 DBG] HttpClient.Send: GET https://dev-fusion-iam.caa.group.gca/api/Job/Job/RunStateMachineJob?api-version=4.0&path=/Jobs/Job/Query&jobIdentifier=2&repair=False&beginJobStep=-1&endJobStep=-1&forceSynchronizationProvisioning=False&retry=False&launchTaskType=0&taskIdentifier=&taskIdentifierContains=&beginTaskExcluded=&endTaskExcluded=&jobInstanceId=1011&jobId=2
[11:50:40 VRB] HandleCommand ReserveTaskInstanceIdCommand
[11:50:40 VRB] Reserve 11 next TaskInstanceId
[11:50:40 DBG] HttpClient.Send: PUT https://dev-fusion-iam.caa.group.gca/api/Job/TaskInstance/GetTaskInstanceId/11?api-version=1.0
[11:50:40 VRB] Check the JobInstance state for JobInstance 1011.
[11:50:40 VRB] HandleQuery SelectJobInstanceByIdQuery
[11:50:40 DBG] HttpClient.Send: GET https://dev-fusion-iam.caa.group.gca/api/Job/JobInstance/1011?api-version=2.0&squery=select%20State&path=/Jobs/JobInstance/Query&QueryRootEntityType=JobInstance
[11:50:40 INF] ExportTask: Catalog_Synchro_Complete_Scaffolding_Export_ApplicationCatalogExport (Level: 0, LaunchOrder: 0)
    Connector: Catalog
    Mode: Complete
    ConnectionIdentifier: ApplicationCatalogExport
    ExportType: ExportCsv

[11:50:40 VRB] Check the instance state for Task Catalog_Synchro_Complete_Scaffolding_Export_ApplicationCatalogExport
[11:50:40 VRB] HandleCommand TaskInstanceProgressCommand
[11:50:40 DBG] HttpClient.Send: PUT https://dev-fusion-iam.caa.group.gca/api/Job/TaskInstance/Progress?api-version=2.0
[11:50:40 INF] Launch task: ExportTask: Catalog_Synchro_Complete_Scaffolding_Export_ApplicationCatalogExport, Task 1/11
[11:50:40 VRB] HandleCommand RunTaskCommand
[11:50:40 INF] Launch ExportTask : Catalog_Synchro_Complete_Scaffolding_Export_ApplicationCatalogExport
[11:50:40 DBG] Start Process dotnet Usercube-Export-Csv.dll --progress-task-instance-id 6116 --api-url "https://dev-fusion-iam.caa.group.gca/" --api-client-id "Job" --log-level 0 --output-path "../Temp\ExportOutput" --connection-identifier "ApplicationCatalogExport" --raw-files-path "D:\UsercubeCAA\Sources\Catalogue\Complete\Applications.csv" --separator ";" --lines-to-skip "0" --ignore-cookies --stdin null
[11:50:40 INF] Start process=True PID=9164 dotnet Usercube-Export-Csv.dll --progress-task-instance-id 6116 --api-url "https://dev-fusion-iam.caa.group.gca/" --api-client-id "Job" --log-level 0 --output-path "../Temp\ExportOutput" --connection-identifier "ApplicationCatalogExport" --raw-files-path "D:\UsercubeCAA\Sources\Catalogue\Complete\Applications.csv" --separator ";" --lines-to-skip "0" --ignore-cookies --stdin
[11:50:41 DBG] HttpClient.Send: GET https://dev-fusion-iam.caa.group.gca/api/Job/TaskInstance/6116?api-version=1.0&squery=join%20Task%20t%20select%20t.ContinueOnError%2C%20State&path=/Jobs/TaskInstance/Query&QueryRootEntityType=TaskInstance
[11:50:41 VRB] HandleQuery SelectTaskInstanceInvokeJobQuery
[11:50:41 DBG] HttpClient.Send: GET https://dev-fusion-iam.caa.group.gca/api/Job/TaskInstance/GetTaskInstanceInvokeJob/6116?api-version=2.0&jobInstanceId=1011&taskId=219&jobId=2
[11:50:41 INF] Task: Catalog_Synchro_Complete_Scaffolding_Export_ApplicationCatalogExport Completed with state Completed
[11:50:41 INF] ExportTask: Catalog_Synchro_Complete_Scaffolding_Export_ProfileCatalogExport (Level: 1, LaunchOrder: 1)
    Connector: Catalog
    Mode: Complete
    ConnectionIdentifier: ProfileCatalogExport
    ExportType: ExportCsv

[11:50:41 VRB] Check the instance state for Task Catalog_Synchro_Complete_Scaffolding_Export_ProfileCatalogExport
[11:50:41 VRB] HandleCommand TaskInstanceProgressCommand
[11:50:41 DBG] HttpClient.Send: PUT https://dev-fusion-iam.caa.group.gca/api/Job/TaskInstance/Progress?api-version=2.0
[11:50:41 INF] Launch task: ExportTask: Catalog_Synchro_Complete_Scaffolding_Export_ProfileCatalogExport, Task 2/11
[11:50:41 VRB] HandleCommand RunTaskCommand
[11:50:41 INF] Launch ExportTask : Catalog_Synchro_Complete_Scaffolding_Export_ProfileCatalogExport
[11:50:41 DBG] Start Process dotnet Usercube-Export-Csv.dll --progress-task-instance-id 6117 --api-url "https://dev-fusion-iam.caa.group.gca/" --api-client-id "Job" --log-level 0 --output-path "../Temp\ExportOutput" --connection-identifier "ProfileCatalogExport" --raw-files-path "D:\UsercubeCAA\Sources\Catalogue\Complete\Profiles.csv" --separator ";" --lines-to-skip "0" --ignore-cookies --stdin null
[11:50:41 INF] Start process=True PID=15372 dotnet Usercube-Export-Csv.dll --progress-task-instance-id 6117 --api-url "https://dev-fusion-iam.caa.group.gca/" --api-client-id "Job" --log-level 0 --output-path "../Temp\ExportOutput" --connection-identifier "ProfileCatalogExport" --raw-files-path "D:\UsercubeCAA\Sources\Catalogue\Complete\Profiles.csv" --separator ";" --lines-to-skip "0" --ignore-cookies --stdin
[11:50:42 DBG] HttpClient.Send: GET https://dev-fusion-iam.caa.group.gca/api/Job/TaskInstance/6117?api-version=1.0&squery=join%20Task%20t%20select%20t.ContinueOnError%2C%20State&path=/Jobs/TaskInstance/Query&QueryRootEntityType=TaskInstance
[11:50:42 VRB] HandleQuery SelectTaskInstanceInvokeJobQuery
[11:50:42 DBG] HttpClient.Send: GET https://dev-fusion-iam.caa.group.gca/api/Job/TaskInstance/GetTaskInstanceInvokeJob/6117?api-version=2.0&jobInstanceId=1011&taskId=220&jobId=2
[11:50:42 INF] Task: Catalog_Synchro_Complete_Scaffolding_Export_ProfileCatalogExport Completed with state Completed
[11:50:42 INF] PrepareSynchronizationTask: Catalog_Synchro_Complete_Scaffolding_PrepareSynchronization_Catalog (Level: 2, LaunchOrder: 2)
    Synchronization Mode: Complete
    Connector: Catalog
    Parent: Catalog_Synchro_Complete_Scaffolding_Export_ApplicationCatalogExport, Catalog_Synchro_Complete_Scaffolding_Export_ProfileCatalogExport

[11:50:42 VRB] Check the instance state for Task Catalog_Synchro_Complete_Scaffolding_PrepareSynchronization_Catalog
[11:50:42 VRB] HandleCommand TaskInstanceProgressCommand
[11:50:42 DBG] HttpClient.Send: PUT https://dev-fusion-iam.caa.group.gca/api/Job/TaskInstance/Progress?api-version=2.0
[11:50:42 INF] Launch task: PrepareSynchronizationTask: Catalog_Synchro_Complete_Scaffolding_PrepareSynchronization_Catalog, Task 3/11
[11:50:42 VRB] HandleCommand RunTaskCommand
[11:50:42 INF] Launch PrepareSynchronizationTask : Catalog_Synchro_Complete_Scaffolding_PrepareSynchronization_Catalog
[11:50:42 DBG] Start Process dotnet Usercube-Prepare-Synchronization.dll --progress-task-instance-id 6118 --api-url "https://dev-fusion-iam.caa.group.gca/" --api-client-id "Job" --log-level 0 --connector 6 --working-directory "../Work\Collect" --sources-directory "../Temp\ExportOutput" --synchronization-mode "Complete" --stdin null
[11:50:42 INF] Start process=True PID=16016 dotnet Usercube-Prepare-Synchronization.dll --progress-task-instance-id 6118 --api-url "https://dev-fusion-iam.caa.group.gca/" --api-client-id "Job" --log-level 0 --connector 6 --working-directory "../Work\Collect" --sources-directory "../Temp\ExportOutput" --synchronization-mode "Complete" --stdin
[11:50:44 DBG] HttpClient.Send: GET https://dev-fusion-iam.caa.group.gca/api/Job/TaskInstance/6118?api-version=1.0&squery=join%20Task%20t%20select%20t.ContinueOnError%2C%20State&path=/Jobs/TaskInstance/Query&QueryRootEntityType=TaskInstance
[11:50:44 VRB] HandleQuery SelectTaskInstanceInvokeJobQuery
[11:50:44 DBG] HttpClient.Send: GET https://dev-fusion-iam.caa.group.gca/api/Job/TaskInstance/GetTaskInstanceInvokeJob/6118?api-version=2.0&jobInstanceId=1011&taskId=221&jobId=2
[11:50:44 INF] Task: Catalog_Synchro_Complete_Scaffolding_PrepareSynchronization_Catalog Completed with state Completed
[11:50:44 VRB] Check the JobInstance state for JobInstance 1011.
[11:50:44 VRB] HandleQuery SelectJobInstanceByIdQuery
[11:50:44 DBG] HttpClient.Send: GET https://dev-fusion-iam.caa.group.gca/api/Job/JobInstance/1011?api-version=2.0&squery=select%20State&path=/Jobs/JobInstance/Query&QueryRootEntityType=JobInstance
[11:50:44 INF] SynchronizeTask: Catalog_Synchro_Complete_Scaffolding_Synchronize_Catalog (Level: 3, LaunchOrder: 3)
    Connector: Catalog
    Parent: Catalog_Synchro_Complete_Scaffolding_PrepareSynchronization_Catalog

[11:50:44 VRB] Check the instance state for Task Catalog_Synchro_Complete_Scaffolding_Synchronize_Catalog
[11:50:44 VRB] HandleCommand TaskInstanceProgressCommand
[11:50:44 DBG] HttpClient.Send: PUT https://dev-fusion-iam.caa.group.gca/api/Job/TaskInstance/Progress?api-version=2.0
[11:50:44 INF] Launch task: SynchronizeTask: Catalog_Synchro_Complete_Scaffolding_Synchronize_Catalog, Task 4/11
[11:50:44 VRB] HandleCommand RunTaskCommand
[11:50:44 DBG] HttpClient.Send: POST https://dev-fusion-iam.caa.group.gca/api/Job/Task/RunTask/224?api-version=4.0&jobInstanceId=1011&jobLogLevel=Trace
[11:50:44 VRB] HandleQuery SelectTaskInstanceInvokeJobQuery
[11:50:44 DBG] HttpClient.Send: GET https://dev-fusion-iam.caa.group.gca/api/Job/TaskInstance/GetTaskInstanceInvokeJob/6119?api-version=2.0&jobInstanceId=1011&taskId=224&jobId=2
[11:50:44 INF] Task: Catalog_Synchro_Complete_Scaffolding_Synchronize_Catalog Completed with state Completed
[11:50:44 INF] UpdateEntityPropertyExpressionsTask: Catalog_Synchro_Complete_Scaffolding_ComputeProperties (Level: 4, LaunchOrder: 4)
    AllEntities: True

[11:50:44 VRB] Check the instance state for Task Catalog_Synchro_Complete_Scaffolding_ComputeProperties
[11:50:44 VRB] HandleCommand TaskInstanceProgressCommand
[11:50:44 DBG] HttpClient.Send: PUT https://dev-fusion-iam.caa.group.gca/api/Job/TaskInstance/Progress?api-version=2.0
[11:50:44 INF] Launch task: UpdateEntityPropertyExpressionsTask: Catalog_Synchro_Complete_Scaffolding_ComputeProperties, Task 5/11
[11:50:44 VRB] HandleCommand RunTaskCommand
[11:50:44 DBG] HttpClient.Send: POST https://dev-fusion-iam.caa.group.gca/api/Job/Task/RunTask/217?api-version=4.0&jobInstanceId=1011&jobLogLevel=Trace
[11:50:46 VRB] HandleQuery SelectTaskInstanceInvokeJobQuery
[11:50:46 DBG] HttpClient.Send: GET https://dev-fusion-iam.caa.group.gca/api/Job/TaskInstance/GetTaskInstanceInvokeJob/6120?api-version=2.0&jobInstanceId=1011&taskId=217&jobId=2
[11:50:46 INF] Task: Catalog_Synchro_Complete_Scaffolding_ComputeProperties Completed with state Completed
[11:50:46 DBG] HttpClient.Send: PUT https://dev-fusion-iam.caa.group.gca/api/Job/JobInstance/Progression/1011?api-version=3.0&jobGroupId=2&current=5&totalTask=11&state=InProgress&resourceId=-1&cancelRequest=False&retry=False
[11:50:46 VRB] Check the JobInstance state for JobInstance 1011.
[11:50:46 VRB] HandleQuery SelectJobInstanceByIdQuery
[11:50:46 DBG] HttpClient.Send: GET https://dev-fusion-iam.caa.group.gca/api/Job/JobInstance/1011?api-version=2.0&squery=select%20State&path=/Jobs/JobInstance/Query&QueryRootEntityType=JobInstance
[11:50:46 INF] ComputeCorrelationKeysTask: Catalog_Synchro_Complete_Scaffolding_ComputeCorrelationKeys (Level: 5, LaunchOrder: 5)
    All Entities: True

[11:50:46 VRB] Check the instance state for Task Catalog_Synchro_Complete_Scaffolding_ComputeCorrelationKeys
[11:50:46 VRB] HandleCommand TaskInstanceProgressCommand
[11:50:46 DBG] HttpClient.Send: PUT https://dev-fusion-iam.caa.group.gca/api/Job/TaskInstance/Progress?api-version=2.0
[11:50:46 INF] Launch task: ComputeCorrelationKeysTask: Catalog_Synchro_Complete_Scaffolding_ComputeCorrelationKeys, Task 6/11
[11:50:46 VRB] HandleCommand RunTaskCommand
[11:50:46 DBG] HttpClient.Send: POST https://dev-fusion-iam.caa.group.gca/api/Job/Task/RunTask/216?api-version=4.0&jobInstanceId=1011&jobLogLevel=Trace
[11:51:13 VRB] HandleQuery SelectTaskInstanceInvokeJobQuery
[11:51:13 DBG] HttpClient.Send: GET https://dev-fusion-iam.caa.group.gca/api/Job/TaskInstance/GetTaskInstanceInvokeJob/6121?api-version=2.0&jobInstanceId=1011&taskId=216&jobId=2
[11:51:13 INF] Task: Catalog_Synchro_Complete_Scaffolding_ComputeCorrelationKeys Completed with state Completed
[11:51:13 DBG] HttpClient.Send: PUT https://dev-fusion-iam.caa.group.gca/api/Job/JobInstance/Progression/1011?api-version=3.0&jobGroupId=2&current=6&totalTask=11&state=InProgress&resourceId=-1&cancelRequest=False&retry=False
[11:51:13 VRB] Check the JobInstance state for JobInstance 1011.
[11:51:13 VRB] HandleQuery SelectJobInstanceByIdQuery
[11:51:13 DBG] HttpClient.Send: GET https://dev-fusion-iam.caa.group.gca/api/Job/JobInstance/1011?api-version=2.0&squery=select%20State&path=/Jobs/JobInstance/Query&QueryRootEntityType=JobInstance
[11:51:13 INF] ComputeRoleModelTask: Catalog_Synchro_Complete_Scaffolding_ComputeProvisioningPolicy (Level: 6, LaunchOrder: 6)
    EntityType: Catalog_Application, Catalog_Profile

[11:51:13 VRB] Check the instance state for Task Catalog_Synchro_Complete_Scaffolding_ComputeProvisioningPolicy
[11:51:13 VRB] HandleCommand TaskInstanceProgressCommand
[11:51:13 DBG] HttpClient.Send: PUT https://dev-fusion-iam.caa.group.gca/api/Job/TaskInstance/Progress?api-version=2.0
[11:51:13 INF] Launch task: ComputeRoleModelTask: Catalog_Synchro_Complete_Scaffolding_ComputeProvisioningPolicy, Task 7/11
[11:51:13 VRB] HandleCommand RunTaskCommand
[11:51:13 DBG] HttpClient.Send: POST https://dev-fusion-iam.caa.group.gca/api/Job/Task/RunTask/218?api-version=4.0&jobInstanceId=1011&jobLogLevel=Trace
[11:51:16 VRB] HandleQuery SelectTaskInstanceInvokeJobQuery
[11:51:16 DBG] HttpClient.Send: GET https://dev-fusion-iam.caa.group.gca/api/Job/TaskInstance/GetTaskInstanceInvokeJob/6122?api-version=2.0&jobInstanceId=1011&taskId=218&jobId=2
[11:51:16 INF] Task: Catalog_Synchro_Complete_Scaffolding_ComputeProvisioningPolicy Completed with state Completed
[11:51:16 VRB] Check the JobInstance state for JobInstance 1011.
[11:51:16 VRB] HandleQuery SelectJobInstanceByIdQuery
[11:51:16 DBG] HttpClient.Send: GET https://dev-fusion-iam.caa.group.gca/api/Job/JobInstance/1011?api-version=2.0&squery=select%20State&path=/Jobs/JobInstance/Query&QueryRootEntityType=JobInstance
[11:51:16 INF] GenerateProvisioningOrdersTask: Catalog_Synchro_Complete_Scaffolding_Provisioning (Level: 7, LaunchOrder: 7)
    Force Provisioning: True
    ResourceType: Catalog_Application, Catalog_Profile

[11:51:16 VRB] Check the instance state for Task Catalog_Synchro_Complete_Scaffolding_Provisioning
[11:51:16 VRB] HandleCommand TaskInstanceProgressCommand
[11:51:16 DBG] HttpClient.Send: PUT https://dev-fusion-iam.caa.group.gca/api/Job/TaskInstance/Progress?api-version=2.0
[11:51:16 INF] Launch task: GenerateProvisioningOrdersTask: Catalog_Synchro_Complete_Scaffolding_Provisioning, Task 8/11
[11:51:16 VRB] HandleCommand RunTaskCommand
[11:51:16 DBG] HttpClient.Send: POST https://dev-fusion-iam.caa.group.gca/api/Job/Task/RunTask/223?api-version=4.0&jobInstanceId=1011&jobLogLevel=Trace
[11:51:17 VRB] HandleQuery SelectTaskInstanceInvokeJobQuery
[11:51:17 DBG] HttpClient.Send: GET https://dev-fusion-iam.caa.group.gca/api/Job/TaskInstance/GetTaskInstanceInvokeJob/6123?api-version=2.0&jobInstanceId=1011&taskId=223&jobId=2
[11:51:17 INF] Task: Catalog_Synchro_Complete_Scaffolding_Provisioning Completed with state Completed
[11:51:17 INF] FulfillTask: Catalog_Synchro_Complete_Scaffolding_Provisioner_Database (Level: 8, LaunchOrder: 8)
    ConnectionIdentifier: HRDatabase
    FulfillmentType: FulfillInternalResource
    ResourceType: Catalog_Application, Catalog_Profile

[11:51:17 VRB] Check the instance state for Task Catalog_Synchro_Complete_Scaffolding_Provisioner_Database
[11:51:17 VRB] HandleCommand TaskInstanceProgressCommand
[11:51:17 DBG] HttpClient.Send: PUT https://dev-fusion-iam.caa.group.gca/api/Job/TaskInstance/Progress?api-version=2.0
[11:51:17 INF] Launch task: FulfillTask: Catalog_Synchro_Complete_Scaffolding_Provisioner_Database, Task 9/11
[11:51:17 VRB] HandleCommand RunTaskCommand
[11:51:17 DBG] HttpClient.Send: POST https://dev-fusion-iam.caa.group.gca/api/Job/Task/RunTask/222?api-version=4.0&jobInstanceId=1011&jobLogLevel=Trace
[11:51:20 VRB] HandleQuery SelectTaskInstanceInvokeJobQuery
[11:51:20 DBG] HttpClient.Send: GET https://dev-fusion-iam.caa.group.gca/api/Job/TaskInstance/GetTaskInstanceInvokeJob/6124?api-version=2.0&jobInstanceId=1011&taskId=222&jobId=2
[11:51:20 INF] Task: Catalog_Synchro_Complete_Scaffolding_Provisioner_Database Completed with state Completed
[11:51:20 DBG] HttpClient.Send: PUT https://dev-fusion-iam.caa.group.gca/api/Job/JobInstance/Progression/1011?api-version=3.0&jobGroupId=2&current=9&totalTask=11&state=InProgress&resourceId=-1&cancelRequest=False&retry=False
[11:51:20 VRB] Check the JobInstance state for JobInstance 1011.
[11:51:20 VRB] HandleQuery SelectJobInstanceByIdQuery
[11:51:20 DBG] HttpClient.Send: GET https://dev-fusion-iam.caa.group.gca/api/Job/JobInstance/1011?api-version=2.0&squery=select%20State&path=/Jobs/JobInstance/Query&QueryRootEntityType=JobInstance
[11:51:20 INF] BuildRoleModelTask: Catalog_Synchro_Complete_Scaffolding_ApplyRoleMappings (Level: 9, LaunchOrder: 9)
    Connector: Catalog

[11:51:20 VRB] Check the instance state for Task Catalog_Synchro_Complete_Scaffolding_ApplyRoleMappings
[11:51:20 VRB] HandleCommand TaskInstanceProgressCommand
[11:51:20 DBG] HttpClient.Send: PUT https://dev-fusion-iam.caa.group.gca/api/Job/TaskInstance/Progress?api-version=2.0
[11:51:20 INF] Launch task: BuildRoleModelTask: Catalog_Synchro_Complete_Scaffolding_ApplyRoleMappings, Task 10/11
[11:51:20 VRB] HandleCommand RunTaskCommand
[11:51:20 DBG] HttpClient.Send: POST https://dev-fusion-iam.caa.group.gca/api/Job/Task/RunTask/215?api-version=4.0&jobInstanceId=1011&jobLogLevel=Trace
[11:51:27 VRB] HandleQuery SelectTaskInstanceInvokeJobQuery
[11:51:27 DBG] HttpClient.Send: GET https://dev-fusion-iam.caa.group.gca/api/Job/TaskInstance/GetTaskInstanceInvokeJob/6125?api-version=2.0&jobInstanceId=1011&taskId=215&jobId=2
[11:51:27 INF] Task: Catalog_Synchro_Complete_Scaffolding_ApplyRoleMappings Completed with state Completed
[11:51:27 DBG] HttpClient.Send: PUT https://dev-fusion-iam.caa.group.gca/api/Job/JobInstance/Progression/1011?api-version=3.0&jobGroupId=2&current=10&totalTask=11&state=InProgress&resourceId=-1&cancelRequest=False&retry=False
[11:51:27 VRB] Check the JobInstance state for JobInstance 1011.
[11:51:27 VRB] HandleQuery SelectJobInstanceByIdQuery
[11:51:27 DBG] HttpClient.Send: GET https://dev-fusion-iam.caa.group.gca/api/Job/JobInstance/1011?api-version=2.0&squery=select%20State&path=/Jobs/JobInstance/Query&QueryRootEntityType=JobInstance
[11:51:27 INF] BuildRoleModelTask: ApplicationMail_Synchro_Complete_Scaffolding_ApplyRoleMappings (Level: 10, LaunchOrder: 10)
    Connector: ApplicationMail

[11:51:27 VRB] Check the instance state for Task ApplicationMail_Synchro_Complete_Scaffolding_ApplyRoleMappings
[11:51:27 VRB] HandleCommand TaskInstanceProgressCommand
[11:51:27 DBG] HttpClient.Send: PUT https://dev-fusion-iam.caa.group.gca/api/Job/TaskInstance/Progress?api-version=2.0
[11:51:27 INF] Launch task: BuildRoleModelTask: ApplicationMail_Synchro_Complete_Scaffolding_ApplyRoleMappings, Task 11/11
[11:51:27 VRB] HandleCommand RunTaskCommand
[11:51:27 DBG] HttpClient.Send: POST https://dev-fusion-iam.caa.group.gca/api/Job/Task/RunTask/69002?api-version=4.0&jobInstanceId=1011&jobLogLevel=Trace
[11:51:29 VRB] HandleQuery SelectTaskInstanceInvokeJobQuery
[11:51:29 DBG] HttpClient.Send: GET https://dev-fusion-iam.caa.group.gca/api/Job/TaskInstance/GetTaskInstanceInvokeJob/6126?api-version=2.0&jobInstanceId=1011&taskId=69002&jobId=2
[11:51:29 INF] Task: ApplicationMail_Synchro_Complete_Scaffolding_ApplyRoleMappings Completed with state Completed
[11:51:29 DBG] HttpClient.Send: PUT https://dev-fusion-iam.caa.group.gca/api/Job/JobInstance/Progression/1011?api-version=3.0&jobGroupId=2&current=11&totalTask=11&state=Completed&resourceId=-1&cancelRequest=False&retry=False
