[12:34:34 DBG] HttpClient.Send: PUT https://dev-fusion-iam.caa.group.gca/api/Job/JobInstance/Progression/963?api-version=3.0&jobGroupId=2&current=0&totalTask=0&state=InProgress&resourceId=-1&cancelRequest=False&retry=False
[12:34:34 VRB] Refreshed token: token expiration date=02/04/2025 12:31:33
[12:34:34 VRB] HandleQuery SelectConsolidateJobQuery
[12:34:34 DBG] HttpClient.Send: GET https://dev-fusion-iam.caa.group.gca/api/Job/Job/RunStateMachineJob?api-version=4.0&path=/Jobs/Job/Query&jobIdentifier=2&repair=False&beginJobStep=-1&endJobStep=-1&forceSynchronizationProvisioning=False&retry=False&launchTaskType=0&taskIdentifier=&taskIdentifierContains=&beginTaskExcluded=&endTaskExcluded=&jobInstanceId=963&jobId=2
[12:34:35 VRB] HandleCommand ReserveTaskInstanceIdCommand
[12:34:35 VRB] Reserve 10 next TaskInstanceId
[12:34:35 DBG] HttpClient.Send: PUT https://dev-fusion-iam.caa.group.gca/api/Job/TaskInstance/GetTaskInstanceId/10?api-version=1.0
[12:34:35 VRB] Check the JobInstance state for JobInstance 963.
[12:34:35 VRB] HandleQuery SelectJobInstanceByIdQuery
[12:34:35 DBG] HttpClient.Send: GET https://dev-fusion-iam.caa.group.gca/api/Job/JobInstance/963?api-version=2.0&squery=select%20State&path=/Jobs/JobInstance/Query&QueryRootEntityType=JobInstance
[12:34:35 INF] ExportTask: Catalog_Synchro_Complete_Scaffolding_Export_ApplicationCatalogExport (Level: 0, LaunchOrder: 0)
    Connector: Catalog
    Mode: Complete
    ConnectionIdentifier: ApplicationCatalogExport
    ExportType: ExportCsv

[12:34:35 VRB] Check the instance state for Task Catalog_Synchro_Complete_Scaffolding_Export_ApplicationCatalogExport
[12:34:35 VRB] HandleCommand TaskInstanceProgressCommand
[12:34:35 DBG] HttpClient.Send: PUT https://dev-fusion-iam.caa.group.gca/api/Job/TaskInstance/Progress?api-version=2.0
[12:34:35 INF] Launch task: ExportTask: Catalog_Synchro_Complete_Scaffolding_Export_ApplicationCatalogExport, Task 1/10
[12:34:35 VRB] HandleCommand RunTaskCommand
[12:34:35 INF] Launch ExportTask : Catalog_Synchro_Complete_Scaffolding_Export_ApplicationCatalogExport
[12:34:35 DBG] Start Process dotnet Usercube-Export-Csv.dll --progress-task-instance-id 5710 --api-url "https://dev-fusion-iam.caa.group.gca/" --api-client-id "Job" --log-level 0 --output-path "../Temp\ExportOutput" --connection-identifier "ApplicationCatalogExport" --raw-files-path "D:\UsercubeCAA\Sources\Catalogue\Complete\Applications.csv" --separator ";" --lines-to-skip "0" --ignore-cookies --stdin null
[12:34:35 INF] Start process=True PID=16716 dotnet Usercube-Export-Csv.dll --progress-task-instance-id 5710 --api-url "https://dev-fusion-iam.caa.group.gca/" --api-client-id "Job" --log-level 0 --output-path "../Temp\ExportOutput" --connection-identifier "ApplicationCatalogExport" --raw-files-path "D:\UsercubeCAA\Sources\Catalogue\Complete\Applications.csv" --separator ";" --lines-to-skip "0" --ignore-cookies --stdin
[12:34:36 DBG] HttpClient.Send: GET https://dev-fusion-iam.caa.group.gca/api/Job/TaskInstance/5710?api-version=1.0&squery=join%20Task%20t%20select%20t.ContinueOnError%2C%20State&path=/Jobs/TaskInstance/Query&QueryRootEntityType=TaskInstance
[12:34:36 VRB] HandleQuery SelectTaskInstanceInvokeJobQuery
[12:34:36 DBG] HttpClient.Send: GET https://dev-fusion-iam.caa.group.gca/api/Job/TaskInstance/GetTaskInstanceInvokeJob/5710?api-version=2.0&jobInstanceId=963&taskId=219&jobId=2
[12:34:36 INF] Task: Catalog_Synchro_Complete_Scaffolding_Export_ApplicationCatalogExport Completed with state Completed
[12:34:36 INF] ExportTask: Catalog_Synchro_Complete_Scaffolding_Export_ProfileCatalogExport (Level: 1, LaunchOrder: 1)
    Connector: Catalog
    Mode: Complete
    ConnectionIdentifier: ProfileCatalogExport
    ExportType: ExportCsv

[12:34:36 VRB] Check the instance state for Task Catalog_Synchro_Complete_Scaffolding_Export_ProfileCatalogExport
[12:34:36 VRB] HandleCommand TaskInstanceProgressCommand
[12:34:36 DBG] HttpClient.Send: PUT https://dev-fusion-iam.caa.group.gca/api/Job/TaskInstance/Progress?api-version=2.0
[12:34:36 INF] Launch task: ExportTask: Catalog_Synchro_Complete_Scaffolding_Export_ProfileCatalogExport, Task 2/10
[12:34:36 VRB] HandleCommand RunTaskCommand
[12:34:36 INF] Launch ExportTask : Catalog_Synchro_Complete_Scaffolding_Export_ProfileCatalogExport
[12:34:36 DBG] Start Process dotnet Usercube-Export-Csv.dll --progress-task-instance-id 5711 --api-url "https://dev-fusion-iam.caa.group.gca/" --api-client-id "Job" --log-level 0 --output-path "../Temp\ExportOutput" --connection-identifier "ProfileCatalogExport" --raw-files-path "D:\UsercubeCAA\Sources\Catalogue\Complete\Profiles.csv" --separator ";" --lines-to-skip "0" --ignore-cookies --stdin null
[12:34:36 INF] Start process=True PID=13256 dotnet Usercube-Export-Csv.dll --progress-task-instance-id 5711 --api-url "https://dev-fusion-iam.caa.group.gca/" --api-client-id "Job" --log-level 0 --output-path "../Temp\ExportOutput" --connection-identifier "ProfileCatalogExport" --raw-files-path "D:\UsercubeCAA\Sources\Catalogue\Complete\Profiles.csv" --separator ";" --lines-to-skip "0" --ignore-cookies --stdin
[12:34:37 DBG] HttpClient.Send: GET https://dev-fusion-iam.caa.group.gca/api/Job/TaskInstance/5711?api-version=1.0&squery=join%20Task%20t%20select%20t.ContinueOnError%2C%20State&path=/Jobs/TaskInstance/Query&QueryRootEntityType=TaskInstance
[12:34:37 VRB] HandleQuery SelectTaskInstanceInvokeJobQuery
[12:34:37 DBG] HttpClient.Send: GET https://dev-fusion-iam.caa.group.gca/api/Job/TaskInstance/GetTaskInstanceInvokeJob/5711?api-version=2.0&jobInstanceId=963&taskId=220&jobId=2
[12:34:37 INF] Task: Catalog_Synchro_Complete_Scaffolding_Export_ProfileCatalogExport Completed with state Completed
[12:34:37 INF] PrepareSynchronizationTask: Catalog_Synchro_Complete_Scaffolding_PrepareSynchronization_Catalog (Level: 2, LaunchOrder: 2)
    Synchronization Mode: Complete
    Connector: Catalog
    Parent: Catalog_Synchro_Complete_Scaffolding_Export_ApplicationCatalogExport, Catalog_Synchro_Complete_Scaffolding_Export_ProfileCatalogExport

[12:34:37 VRB] Check the instance state for Task Catalog_Synchro_Complete_Scaffolding_PrepareSynchronization_Catalog
[12:34:37 VRB] HandleCommand TaskInstanceProgressCommand
[12:34:37 DBG] HttpClient.Send: PUT https://dev-fusion-iam.caa.group.gca/api/Job/TaskInstance/Progress?api-version=2.0
[12:34:37 INF] Launch task: PrepareSynchronizationTask: Catalog_Synchro_Complete_Scaffolding_PrepareSynchronization_Catalog, Task 3/10
[12:34:37 VRB] HandleCommand RunTaskCommand
[12:34:37 INF] Launch PrepareSynchronizationTask : Catalog_Synchro_Complete_Scaffolding_PrepareSynchronization_Catalog
[12:34:37 DBG] Start Process dotnet Usercube-Prepare-Synchronization.dll --progress-task-instance-id 5712 --api-url "https://dev-fusion-iam.caa.group.gca/" --api-client-id "Job" --log-level 0 --connector 6 --working-directory "../Work\Collect" --sources-directory "../Temp\ExportOutput" --synchronization-mode "Complete" --stdin null
[12:34:37 INF] Start process=True PID=3228 dotnet Usercube-Prepare-Synchronization.dll --progress-task-instance-id 5712 --api-url "https://dev-fusion-iam.caa.group.gca/" --api-client-id "Job" --log-level 0 --connector 6 --working-directory "../Work\Collect" --sources-directory "../Temp\ExportOutput" --synchronization-mode "Complete" --stdin
[12:34:38 DBG] HttpClient.Send: GET https://dev-fusion-iam.caa.group.gca/api/Job/TaskInstance/5712?api-version=1.0&squery=join%20Task%20t%20select%20t.ContinueOnError%2C%20State&path=/Jobs/TaskInstance/Query&QueryRootEntityType=TaskInstance
[12:34:38 VRB] HandleQuery SelectTaskInstanceInvokeJobQuery
[12:34:38 DBG] HttpClient.Send: GET https://dev-fusion-iam.caa.group.gca/api/Job/TaskInstance/GetTaskInstanceInvokeJob/5712?api-version=2.0&jobInstanceId=963&taskId=221&jobId=2
[12:34:38 INF] Task: Catalog_Synchro_Complete_Scaffolding_PrepareSynchronization_Catalog Completed with state Completed
[12:34:38 VRB] Check the JobInstance state for JobInstance 963.
[12:34:38 VRB] HandleQuery SelectJobInstanceByIdQuery
[12:34:38 DBG] HttpClient.Send: GET https://dev-fusion-iam.caa.group.gca/api/Job/JobInstance/963?api-version=2.0&squery=select%20State&path=/Jobs/JobInstance/Query&QueryRootEntityType=JobInstance
[12:34:38 INF] SynchronizeTask: Catalog_Synchro_Complete_Scaffolding_Synchronize_Catalog (Level: 3, LaunchOrder: 3)
    Connector: Catalog
    Parent: Catalog_Synchro_Complete_Scaffolding_PrepareSynchronization_Catalog

[12:34:38 VRB] Check the instance state for Task Catalog_Synchro_Complete_Scaffolding_Synchronize_Catalog
[12:34:38 VRB] HandleCommand TaskInstanceProgressCommand
[12:34:38 DBG] HttpClient.Send: PUT https://dev-fusion-iam.caa.group.gca/api/Job/TaskInstance/Progress?api-version=2.0
[12:34:38 INF] Launch task: SynchronizeTask: Catalog_Synchro_Complete_Scaffolding_Synchronize_Catalog, Task 4/10
[12:34:38 VRB] HandleCommand RunTaskCommand
[12:34:38 DBG] HttpClient.Send: POST https://dev-fusion-iam.caa.group.gca/api/Job/Task/RunTask/224?api-version=4.0&jobInstanceId=963&jobLogLevel=Trace
[12:34:38 VRB] HandleQuery SelectTaskInstanceInvokeJobQuery
[12:34:38 DBG] HttpClient.Send: GET https://dev-fusion-iam.caa.group.gca/api/Job/TaskInstance/GetTaskInstanceInvokeJob/5713?api-version=2.0&jobInstanceId=963&taskId=224&jobId=2
[12:34:38 INF] Task: Catalog_Synchro_Complete_Scaffolding_Synchronize_Catalog Completed with state Completed
[12:34:38 INF] UpdateEntityPropertyExpressionsTask: Catalog_Synchro_Complete_Scaffolding_ComputeProperties (Level: 4, LaunchOrder: 4)
    AllEntities: True

[12:34:38 VRB] Check the instance state for Task Catalog_Synchro_Complete_Scaffolding_ComputeProperties
[12:34:38 VRB] HandleCommand TaskInstanceProgressCommand
[12:34:38 DBG] HttpClient.Send: PUT https://dev-fusion-iam.caa.group.gca/api/Job/TaskInstance/Progress?api-version=2.0
[12:34:38 INF] Launch task: UpdateEntityPropertyExpressionsTask: Catalog_Synchro_Complete_Scaffolding_ComputeProperties, Task 5/10
[12:34:38 VRB] HandleCommand RunTaskCommand
[12:34:38 DBG] HttpClient.Send: POST https://dev-fusion-iam.caa.group.gca/api/Job/Task/RunTask/217?api-version=4.0&jobInstanceId=963&jobLogLevel=Trace
[12:34:40 VRB] HandleQuery SelectTaskInstanceInvokeJobQuery
[12:34:40 DBG] HttpClient.Send: GET https://dev-fusion-iam.caa.group.gca/api/Job/TaskInstance/GetTaskInstanceInvokeJob/5714?api-version=2.0&jobInstanceId=963&taskId=217&jobId=2
[12:34:40 INF] Task: Catalog_Synchro_Complete_Scaffolding_ComputeProperties Completed with state Completed
[12:34:40 DBG] HttpClient.Send: PUT https://dev-fusion-iam.caa.group.gca/api/Job/JobInstance/Progression/963?api-version=3.0&jobGroupId=2&current=5&totalTask=10&state=InProgress&resourceId=-1&cancelRequest=False&retry=False
[12:34:40 INF] ComputeCorrelationKeysTask: Catalog_Synchro_Complete_Scaffolding_ComputeCorrelationKeys (Level: 5, LaunchOrder: 5)
    All Entities: True

[12:34:40 VRB] Check the instance state for Task Catalog_Synchro_Complete_Scaffolding_ComputeCorrelationKeys
[12:34:40 VRB] HandleCommand TaskInstanceProgressCommand
[12:34:40 DBG] HttpClient.Send: PUT https://dev-fusion-iam.caa.group.gca/api/Job/TaskInstance/Progress?api-version=2.0
[12:34:40 INF] Launch task: ComputeCorrelationKeysTask: Catalog_Synchro_Complete_Scaffolding_ComputeCorrelationKeys, Task 6/10
[12:34:40 VRB] HandleCommand RunTaskCommand
[12:34:40 DBG] HttpClient.Send: POST https://dev-fusion-iam.caa.group.gca/api/Job/Task/RunTask/216?api-version=4.0&jobInstanceId=963&jobLogLevel=Trace
[12:35:03 VRB] HandleQuery SelectTaskInstanceInvokeJobQuery
[12:35:03 DBG] HttpClient.Send: GET https://dev-fusion-iam.caa.group.gca/api/Job/TaskInstance/GetTaskInstanceInvokeJob/5715?api-version=2.0&jobInstanceId=963&taskId=216&jobId=2
[12:35:03 INF] Task: Catalog_Synchro_Complete_Scaffolding_ComputeCorrelationKeys Completed with state Completed
[12:35:03 DBG] HttpClient.Send: PUT https://dev-fusion-iam.caa.group.gca/api/Job/JobInstance/Progression/963?api-version=3.0&jobGroupId=2&current=6&totalTask=10&state=InProgress&resourceId=-1&cancelRequest=False&retry=False
[12:35:03 VRB] Check the JobInstance state for JobInstance 963.
[12:35:03 VRB] HandleQuery SelectJobInstanceByIdQuery
[12:35:03 DBG] HttpClient.Send: GET https://dev-fusion-iam.caa.group.gca/api/Job/JobInstance/963?api-version=2.0&squery=select%20State&path=/Jobs/JobInstance/Query&QueryRootEntityType=JobInstance
[12:35:03 INF] ComputeRoleModelTask: Catalog_Synchro_Complete_Scaffolding_ComputeProvisioningPolicy (Level: 6, LaunchOrder: 6)
    EntityType: Catalog_Application, Catalog_Profile

[12:35:03 VRB] Check the instance state for Task Catalog_Synchro_Complete_Scaffolding_ComputeProvisioningPolicy
[12:35:03 VRB] HandleCommand TaskInstanceProgressCommand
[12:35:03 DBG] HttpClient.Send: PUT https://dev-fusion-iam.caa.group.gca/api/Job/TaskInstance/Progress?api-version=2.0
[12:35:03 INF] Launch task: ComputeRoleModelTask: Catalog_Synchro_Complete_Scaffolding_ComputeProvisioningPolicy, Task 7/10
[12:35:03 VRB] HandleCommand RunTaskCommand
[12:35:03 DBG] HttpClient.Send: POST https://dev-fusion-iam.caa.group.gca/api/Job/Task/RunTask/218?api-version=4.0&jobInstanceId=963&jobLogLevel=Trace
[12:35:03 VRB] HandleQuery SelectTaskInstanceInvokeJobQuery
[12:35:03 DBG] HttpClient.Send: GET https://dev-fusion-iam.caa.group.gca/api/Job/TaskInstance/GetTaskInstanceInvokeJob/5716?api-version=2.0&jobInstanceId=963&taskId=218&jobId=2
[12:35:03 INF] Task: Catalog_Synchro_Complete_Scaffolding_ComputeProvisioningPolicy Completed with state Completed
[12:35:03 INF] GenerateProvisioningOrdersTask: Catalog_Synchro_Complete_Scaffolding_Provisioning (Level: 7, LaunchOrder: 7)
    Force Provisioning: True
    ResourceType: Catalog_Application, Catalog_Profile

[12:35:03 VRB] Check the instance state for Task Catalog_Synchro_Complete_Scaffolding_Provisioning
[12:35:03 VRB] HandleCommand TaskInstanceProgressCommand
[12:35:03 DBG] HttpClient.Send: PUT https://dev-fusion-iam.caa.group.gca/api/Job/TaskInstance/Progress?api-version=2.0
[12:35:03 INF] Launch task: GenerateProvisioningOrdersTask: Catalog_Synchro_Complete_Scaffolding_Provisioning, Task 8/10
[12:35:03 VRB] HandleCommand RunTaskCommand
[12:35:03 DBG] HttpClient.Send: POST https://dev-fusion-iam.caa.group.gca/api/Job/Task/RunTask/223?api-version=4.0&jobInstanceId=963&jobLogLevel=Trace
[12:35:03 VRB] HandleQuery SelectTaskInstanceInvokeJobQuery
[12:35:03 DBG] HttpClient.Send: GET https://dev-fusion-iam.caa.group.gca/api/Job/TaskInstance/GetTaskInstanceInvokeJob/5717?api-version=2.0&jobInstanceId=963&taskId=223&jobId=2
[12:35:03 INF] Task: Catalog_Synchro_Complete_Scaffolding_Provisioning Completed with state Completed
[12:35:03 INF] FulfillTask: Catalog_Synchro_Complete_Scaffolding_Provisioner_Database (Level: 8, LaunchOrder: 8)
    ConnectionIdentifier: HRDatabase
    FulfillmentType: FulfillInternalResource
    ResourceType: Catalog_Application, Catalog_Profile

[12:35:03 VRB] Check the instance state for Task Catalog_Synchro_Complete_Scaffolding_Provisioner_Database
[12:35:03 VRB] HandleCommand TaskInstanceProgressCommand
[12:35:03 DBG] HttpClient.Send: PUT https://dev-fusion-iam.caa.group.gca/api/Job/TaskInstance/Progress?api-version=2.0
[12:35:03 INF] Launch task: FulfillTask: Catalog_Synchro_Complete_Scaffolding_Provisioner_Database, Task 9/10
[12:35:03 VRB] HandleCommand RunTaskCommand
[12:35:03 DBG] HttpClient.Send: POST https://dev-fusion-iam.caa.group.gca/api/Job/Task/RunTask/222?api-version=4.0&jobInstanceId=963&jobLogLevel=Trace
[12:35:04 VRB] HandleQuery SelectTaskInstanceInvokeJobQuery
[12:35:04 DBG] HttpClient.Send: GET https://dev-fusion-iam.caa.group.gca/api/Job/TaskInstance/GetTaskInstanceInvokeJob/5718?api-version=2.0&jobInstanceId=963&taskId=222&jobId=2
[12:35:04 INF] Task: Catalog_Synchro_Complete_Scaffolding_Provisioner_Database Completed with state Completed
[12:35:04 INF] BuildRoleModelTask: Catalog_Synchro_Complete_Scaffolding_ApplyRoleMappings (Level: 9, LaunchOrder: 9)
    Connector: Catalog

[12:35:04 VRB] Check the instance state for Task Catalog_Synchro_Complete_Scaffolding_ApplyRoleMappings
[12:35:04 VRB] HandleCommand TaskInstanceProgressCommand
[12:35:04 DBG] HttpClient.Send: PUT https://dev-fusion-iam.caa.group.gca/api/Job/TaskInstance/Progress?api-version=2.0
[12:35:04 INF] Launch task: BuildRoleModelTask: Catalog_Synchro_Complete_Scaffolding_ApplyRoleMappings, Task 10/10
[12:35:04 VRB] HandleCommand RunTaskCommand
[12:35:04 DBG] HttpClient.Send: POST https://dev-fusion-iam.caa.group.gca/api/Job/Task/RunTask/215?api-version=4.0&jobInstanceId=963&jobLogLevel=Trace
[12:35:06 VRB] HandleQuery SelectTaskInstanceInvokeJobQuery
[12:35:06 DBG] HttpClient.Send: GET https://dev-fusion-iam.caa.group.gca/api/Job/TaskInstance/GetTaskInstanceInvokeJob/5719?api-version=2.0&jobInstanceId=963&taskId=215&jobId=2
[12:35:06 INF] Task: Catalog_Synchro_Complete_Scaffolding_ApplyRoleMappings Completed with state Completed
[12:35:06 DBG] HttpClient.Send: PUT https://dev-fusion-iam.caa.group.gca/api/Job/JobInstance/Progression/963?api-version=3.0&jobGroupId=2&current=10&totalTask=10&state=Completed&resourceId=-1&cancelRequest=False&retry=False
