[13:57:52 DBG] HttpClient.Send: PUT https://dev-fusion-iam.caa.group.gca/api/Job/JobInstance/Progression/1022?api-version=3.0&jobGroupId=46002&current=0&totalTask=0&state=InProgress&resourceId=-1&cancelRequest=False&retry=False
[13:57:52 VRB] Refreshed token: token expiration date=02/10/2025 13:54:52
[13:57:53 VRB] HandleQuery SelectConsolidateJobQuery
[13:57:53 DBG] HttpClient.Send: GET https://dev-fusion-iam.caa.group.gca/api/Job/Job/RunStateMachineJob?api-version=4.0&path=/Jobs/Job/Query&jobIdentifier=46002&repair=False&beginJobStep=-1&endJobStep=-1&forceSynchronizationProvisioning=False&retry=False&launchTaskType=0&taskIdentifier=&taskIdentifierContains=&beginTaskExcluded=&endTaskExcluded=&jobInstanceId=1022&jobId=46002
[13:57:53 VRB] HandleCommand ReserveTaskInstanceIdCommand
[13:57:53 VRB] Reserve 10 next TaskInstanceId
[13:57:53 DBG] HttpClient.Send: PUT https://dev-fusion-iam.caa.group.gca/api/Job/TaskInstance/GetTaskInstanceId/10?api-version=1.0
[13:57:53 VRB] Check the JobInstance state for JobInstance 1022.
[13:57:53 VRB] HandleQuery SelectJobInstanceByIdQuery
[13:57:53 DBG] HttpClient.Send: GET https://dev-fusion-iam.caa.group.gca/api/Job/JobInstance/1022?api-version=2.0&squery=select%20State&path=/Jobs/JobInstance/Query&QueryRootEntityType=JobInstance
[13:57:53 INF] ExportTask: Applications_Mail_Synchronize_Incremental_Export_ApplicationMail_Incremental_AccountMailExport (Level: 0, LaunchOrder: 0)
    Connector: ApplicationMail
    Mode: Incremental
    ConnectionIdentifier: AccountMailExport
    ExportType: ExportCsv
    ContinueOnError:  True

[13:57:53 VRB] Check the instance state for Task Applications_Mail_Synchronize_Incremental_Export_ApplicationMail_Incremental_AccountMailExport
[13:57:53 VRB] HandleCommand TaskInstanceProgressCommand
[13:57:53 DBG] HttpClient.Send: PUT https://dev-fusion-iam.caa.group.gca/api/Job/TaskInstance/Progress?api-version=2.0
[13:57:53 INF] ExportTask: Applications_Mail_Synchronize_Incremental_Export_ApplicationMail_Incremental_AccountProfilesMailExport (Level: 0, LaunchOrder: 1)
    Connector: ApplicationMail
    Mode: Incremental
    ConnectionIdentifier: AccountProfilesMailExport
    ExportType: ExportCsv
    ContinueOnError:  True

[13:57:53 VRB] Check the instance state for Task Applications_Mail_Synchronize_Incremental_Export_ApplicationMail_Incremental_AccountProfilesMailExport
[13:57:53 VRB] HandleCommand TaskInstanceProgressCommand
[13:57:53 DBG] HttpClient.Send: PUT https://dev-fusion-iam.caa.group.gca/api/Job/TaskInstance/Progress?api-version=2.0
[13:57:53 INF] Launch task: ExportTask: Applications_Mail_Synchronize_Incremental_Export_ApplicationMail_Incremental_AccountMailExport, Task 1/10
[13:57:53 VRB] HandleCommand RunTaskCommand
[13:57:53 INF] Launch ExportTask : Applications_Mail_Synchronize_Incremental_Export_ApplicationMail_Incremental_AccountMailExport
[13:57:53 DBG] Start Process dotnet Usercube-Export-Csv.dll --progress-task-instance-id 6284 --api-url "https://dev-fusion-iam.caa.group.gca/" --api-client-id "Job" --log-level 0 --output-path "../Temp\ExportOutput" --connection-identifier "AccountMailExport" --path-incremental "D:\UsercubeCAA\Sources\ApplicationMail\Incremental\MailAccounts.csv" --separator ";" --lines-to-skip "0" --stdin null
[13:57:53 INF] Launch task: ExportTask: Applications_Mail_Synchronize_Incremental_Export_ApplicationMail_Incremental_AccountProfilesMailExport, Task 2/10
[13:57:53 VRB] HandleCommand RunTaskCommand
[13:57:53 INF] Launch ExportTask : Applications_Mail_Synchronize_Incremental_Export_ApplicationMail_Incremental_AccountProfilesMailExport
[13:57:53 DBG] Start Process dotnet Usercube-Export-Csv.dll --progress-task-instance-id 6285 --api-url "https://dev-fusion-iam.caa.group.gca/" --api-client-id "Job" --log-level 0 --output-path "../Temp\ExportOutput" --connection-identifier "AccountProfilesMailExport" --path-incremental "D:\UsercubeCAA\Sources\ApplicationMail\Incremental\MailAccounts_Profiles.csv" --separator ";" --lines-to-skip "0" --stdin null
[13:57:53 INF] Start process=True PID=3932 dotnet Usercube-Export-Csv.dll --progress-task-instance-id 6284 --api-url "https://dev-fusion-iam.caa.group.gca/" --api-client-id "Job" --log-level 0 --output-path "../Temp\ExportOutput" --connection-identifier "AccountMailExport" --path-incremental "D:\UsercubeCAA\Sources\ApplicationMail\Incremental\MailAccounts.csv" --separator ";" --lines-to-skip "0" --stdin
[13:57:53 INF] Start process=True PID=16364 dotnet Usercube-Export-Csv.dll --progress-task-instance-id 6285 --api-url "https://dev-fusion-iam.caa.group.gca/" --api-client-id "Job" --log-level 0 --output-path "../Temp\ExportOutput" --connection-identifier "AccountProfilesMailExport" --path-incremental "D:\UsercubeCAA\Sources\ApplicationMail\Incremental\MailAccounts_Profiles.csv" --separator ";" --lines-to-skip "0" --stdin
[13:57:54 DBG] HttpClient.Send: GET https://dev-fusion-iam.caa.group.gca/api/Job/TaskInstance/6284?api-version=1.0&squery=join%20Task%20t%20select%20t.ContinueOnError%2C%20State&path=/Jobs/TaskInstance/Query&QueryRootEntityType=TaskInstance
[13:57:54 VRB] HandleQuery SelectTaskInstanceInvokeJobQuery
[13:57:54 DBG] HttpClient.Send: GET https://dev-fusion-iam.caa.group.gca/api/Job/TaskInstance/6285?api-version=1.0&squery=join%20Task%20t%20select%20t.ContinueOnError%2C%20State&path=/Jobs/TaskInstance/Query&QueryRootEntityType=TaskInstance
[13:57:54 DBG] HttpClient.Send: GET https://dev-fusion-iam.caa.group.gca/api/Job/TaskInstance/GetTaskInstanceInvokeJob/6284?api-version=2.0&jobInstanceId=1022&taskId=69005&jobId=46002
[13:57:54 VRB] HandleQuery SelectTaskInstanceInvokeJobQuery
[13:57:54 DBG] HttpClient.Send: GET https://dev-fusion-iam.caa.group.gca/api/Job/TaskInstance/GetTaskInstanceInvokeJob/6285?api-version=2.0&jobInstanceId=1022&taskId=69006&jobId=46002
[13:57:54 INF] Task: Applications_Mail_Synchronize_Incremental_Export_ApplicationMail_Incremental_AccountMailExport Completed with state Completed
[13:57:54 INF] Task: Applications_Mail_Synchronize_Incremental_Export_ApplicationMail_Incremental_AccountProfilesMailExport Completed with state Completed
[13:57:54 INF] PrepareSynchronizationChangesTask: Applications_Mail_Synchronize_Incremental_PrepareSynchronizationChanges_ApplicationMail_Incremental (Level: 1, LaunchOrder: 2)
    Synchronization Mode: Incremental
    Connector: ApplicationMail
    Parent: Applications_Mail_Synchronize_Incremental_Export_ApplicationMail_Incremental_AccountMailExport, Applications_Mail_Synchronize_Incremental_Export_ApplicationMail_Incremental_AccountProfilesMailExport

[13:57:54 VRB] Check the instance state for Task Applications_Mail_Synchronize_Incremental_PrepareSynchronizationChanges_ApplicationMail_Incremental
[13:57:54 VRB] HandleCommand TaskInstanceProgressCommand
[13:57:54 DBG] HttpClient.Send: PUT https://dev-fusion-iam.caa.group.gca/api/Job/TaskInstance/Progress?api-version=2.0
[13:57:54 INF] Launch task: PrepareSynchronizationChangesTask: Applications_Mail_Synchronize_Incremental_PrepareSynchronizationChanges_ApplicationMail_Incremental, Task 3/10
[13:57:54 VRB] HandleCommand RunTaskCommand
[13:57:54 INF] Launch PrepareSynchronizationChangesTask : Applications_Mail_Synchronize_Incremental_PrepareSynchronizationChanges_ApplicationMail_Incremental
[13:57:54 DBG] Start Process dotnet Usercube-Prepare-SynchronizationChange.dll --progress-task-instance-id 6286 --api-url "https://dev-fusion-iam.caa.group.gca/" --api-client-id "Job" --log-level 0 --connector 36001 --working-directory "../Work\Collect" --sources-directory "../Temp\ExportOutput" --stdin null
[13:57:54 INF] Start process=True PID=2332 dotnet Usercube-Prepare-SynchronizationChange.dll --progress-task-instance-id 6286 --api-url "https://dev-fusion-iam.caa.group.gca/" --api-client-id "Job" --log-level 0 --connector 36001 --working-directory "../Work\Collect" --sources-directory "../Temp\ExportOutput" --stdin
[13:57:55 DBG] HttpClient.Send: GET https://dev-fusion-iam.caa.group.gca/api/Job/TaskInstance/6286?api-version=1.0&squery=join%20Task%20t%20select%20t.ContinueOnError%2C%20State&path=/Jobs/TaskInstance/Query&QueryRootEntityType=TaskInstance
[13:57:55 VRB] HandleQuery SelectTaskInstanceInvokeJobQuery
[13:57:55 DBG] HttpClient.Send: GET https://dev-fusion-iam.caa.group.gca/api/Job/TaskInstance/GetTaskInstanceInvokeJob/6286?api-version=2.0&jobInstanceId=1022&taskId=69009&jobId=46002
[13:57:55 INF] Task: Applications_Mail_Synchronize_Incremental_PrepareSynchronizationChanges_ApplicationMail_Incremental Completed with state Completed
[13:57:55 VRB] Check the JobInstance state for JobInstance 1022.
[13:57:55 VRB] HandleQuery SelectJobInstanceByIdQuery
[13:57:55 DBG] HttpClient.Send: GET https://dev-fusion-iam.caa.group.gca/api/Job/JobInstance/1022?api-version=2.0&squery=select%20State&path=/Jobs/JobInstance/Query&QueryRootEntityType=JobInstance
[13:57:55 INF] SynchronizeChangesTask: Applications_Mail_Synchronize_Incremental_SynchronizeChanges_ApplicationMail (Level: 2, LaunchOrder: 3)
    Connector: ApplicationMail
    Force Provisioning: True
    Parent: Applications_Mail_Synchronize_Incremental_PrepareSynchronizationChanges_ApplicationMail_Incremental

[13:57:55 VRB] Check the instance state for Task Applications_Mail_Synchronize_Incremental_SynchronizeChanges_ApplicationMail
[13:57:55 VRB] HandleCommand TaskInstanceProgressCommand
[13:57:55 DBG] HttpClient.Send: PUT https://dev-fusion-iam.caa.group.gca/api/Job/TaskInstance/Progress?api-version=2.0
[13:57:56 INF] Launch task: SynchronizeChangesTask: Applications_Mail_Synchronize_Incremental_SynchronizeChanges_ApplicationMail, Task 4/10
[13:57:56 VRB] HandleCommand RunTaskCommand
[13:57:56 DBG] HttpClient.Send: POST https://dev-fusion-iam.caa.group.gca/api/Job/Task/RunTask/69010?api-version=4.0&jobInstanceId=1022&jobLogLevel=Trace
[13:57:56 VRB] HandleQuery SelectTaskInstanceInvokeJobQuery
[13:57:56 DBG] HttpClient.Send: GET https://dev-fusion-iam.caa.group.gca/api/Job/TaskInstance/GetTaskInstanceInvokeJob/6287?api-version=2.0&jobInstanceId=1022&taskId=69010&jobId=46002
[13:57:56 INF] Task: Applications_Mail_Synchronize_Incremental_SynchronizeChanges_ApplicationMail Completed with state Completed
[13:57:56 INF] InvokeExpressionTask: Reset_Files_Applications_Mail (Level: 3, LaunchOrder: 4)
    Agent: CAA

[13:57:56 VRB] Check the instance state for Task Reset_Files_Applications_Mail
[13:57:56 VRB] HandleCommand TaskInstanceProgressCommand
[13:57:56 DBG] HttpClient.Send: PUT https://dev-fusion-iam.caa.group.gca/api/Job/TaskInstance/Progress?api-version=2.0
[13:57:56 INF] Launch task: InvokeExpressionTask: Reset_Files_Applications_Mail, Task 5/10
[13:57:56 VRB] HandleCommand RunTaskCommand
[13:57:56 INF] Launch InvokeExpressionTask : Reset_Files_Applications_Mail
[13:57:56 DBG] Start Process dotnet Usercube-Invoke-ExpressionAgentSide.dll --progress-task-instance-id 6288 --api-url "https://dev-fusion-iam.caa.group.gca/" --api-client-id "Job" --log-level 0 --input-path "D:/UsercubeCAA/Scripts/ApplicationMail/Applications_Reset_Files.ps1" --stdin null
[13:57:56 INF] Start process=True PID=11908 dotnet Usercube-Invoke-ExpressionAgentSide.dll --progress-task-instance-id 6288 --api-url "https://dev-fusion-iam.caa.group.gca/" --api-client-id "Job" --log-level 0 --input-path "D:/UsercubeCAA/Scripts/ApplicationMail/Applications_Reset_Files.ps1" --stdin
[13:57:58 DBG] HttpClient.Send: GET https://dev-fusion-iam.caa.group.gca/api/Job/TaskInstance/6288?api-version=1.0&squery=join%20Task%20t%20select%20t.ContinueOnError%2C%20State&path=/Jobs/TaskInstance/Query&QueryRootEntityType=TaskInstance
[13:57:58 VRB] HandleQuery SelectTaskInstanceInvokeJobQuery
[13:57:58 DBG] HttpClient.Send: GET https://dev-fusion-iam.caa.group.gca/api/Job/TaskInstance/GetTaskInstanceInvokeJob/6288?api-version=2.0&jobInstanceId=1022&taskId=67022&jobId=46002
[13:57:58 INF] Task: Reset_Files_Applications_Mail Completed with state Completed
[13:57:58 DBG] HttpClient.Send: PUT https://dev-fusion-iam.caa.group.gca/api/Job/JobInstance/Progression/1022?api-version=3.0&jobGroupId=46002&current=5&totalTask=10&state=InProgress&resourceId=-1&cancelRequest=False&retry=False
[13:57:58 VRB] Check the JobInstance state for JobInstance 1022.
[13:57:58 VRB] HandleQuery SelectJobInstanceByIdQuery
[13:57:58 DBG] HttpClient.Send: GET https://dev-fusion-iam.caa.group.gca/api/Job/JobInstance/1022?api-version=2.0&squery=select%20State&path=/Jobs/JobInstance/Query&QueryRootEntityType=JobInstance
[13:57:58 INF] UpdateEntityPropertyExpressionsTask: Applications_Mail_Synchronize_Incremental_UpdateEntityPropertyExpressions (Level: 4, LaunchOrder: 5)
    EntityType: Application_Account_Mail, Directory_Application, Directory_User

[13:57:58 VRB] Check the instance state for Task Applications_Mail_Synchronize_Incremental_UpdateEntityPropertyExpressions
[13:57:58 VRB] HandleCommand TaskInstanceProgressCommand
[13:57:58 DBG] HttpClient.Send: PUT https://dev-fusion-iam.caa.group.gca/api/Job/TaskInstance/Progress?api-version=2.0
[13:57:58 INF] Launch task: UpdateEntityPropertyExpressionsTask: Applications_Mail_Synchronize_Incremental_UpdateEntityPropertyExpressions, Task 6/10
[13:57:58 VRB] HandleCommand RunTaskCommand
[13:57:58 DBG] HttpClient.Send: POST https://dev-fusion-iam.caa.group.gca/api/Job/Task/RunTask/69011?api-version=4.0&jobInstanceId=1022&jobLogLevel=Trace
[13:57:58 VRB] HandleQuery SelectTaskInstanceInvokeJobQuery
[13:57:58 DBG] HttpClient.Send: GET https://dev-fusion-iam.caa.group.gca/api/Job/TaskInstance/GetTaskInstanceInvokeJob/6289?api-version=2.0&jobInstanceId=1022&taskId=69011&jobId=46002
[13:57:58 INF] Task: Applications_Mail_Synchronize_Incremental_UpdateEntityPropertyExpressions Completed with state Completed
[13:57:58 INF] ComputeCorrelationKeysTask: Applications_Mail_Synchronize_Incremental_ComputeCorrelationKeys1_AllEntities (Level: 5, LaunchOrder: 6)
    EntityType: Application_Account_Mail, Directory_Application, Directory_User

[13:57:58 VRB] Check the instance state for Task Applications_Mail_Synchronize_Incremental_ComputeCorrelationKeys1_AllEntities
[13:57:58 VRB] HandleCommand TaskInstanceProgressCommand
[13:57:58 DBG] HttpClient.Send: PUT https://dev-fusion-iam.caa.group.gca/api/Job/TaskInstance/Progress?api-version=2.0
[13:57:58 INF] Launch task: ComputeCorrelationKeysTask: Applications_Mail_Synchronize_Incremental_ComputeCorrelationKeys1_AllEntities, Task 7/10
[13:57:58 VRB] HandleCommand RunTaskCommand
[13:57:58 DBG] HttpClient.Send: POST https://dev-fusion-iam.caa.group.gca/api/Job/Task/RunTask/69003?api-version=4.0&jobInstanceId=1022&jobLogLevel=Trace
[13:58:07 VRB] HandleQuery SelectTaskInstanceInvokeJobQuery
[13:58:07 DBG] HttpClient.Send: GET https://dev-fusion-iam.caa.group.gca/api/Job/TaskInstance/GetTaskInstanceInvokeJob/6290?api-version=2.0&jobInstanceId=1022&taskId=69003&jobId=46002
[13:58:07 INF] Task: Applications_Mail_Synchronize_Incremental_ComputeCorrelationKeys1_AllEntities Completed with state Completed
[13:58:07 DBG] HttpClient.Send: PUT https://dev-fusion-iam.caa.group.gca/api/Job/JobInstance/Progression/1022?api-version=3.0&jobGroupId=46002&current=7&totalTask=10&state=InProgress&resourceId=-1&cancelRequest=False&retry=False
[13:58:07 VRB] Check the JobInstance state for JobInstance 1022.
[13:58:07 VRB] HandleQuery SelectJobInstanceByIdQuery
[13:58:07 DBG] HttpClient.Send: GET https://dev-fusion-iam.caa.group.gca/api/Job/JobInstance/1022?api-version=2.0&squery=select%20State&path=/Jobs/JobInstance/Query&QueryRootEntityType=JobInstance
[13:58:07 INF] ComputeRoleModelTask: Applications_Mail_Synchronize_Incremental_ComputeRoleModel (Level: 6, LaunchOrder: 7)
    EntityType: Directory_User

[13:58:07 VRB] Check the instance state for Task Applications_Mail_Synchronize_Incremental_ComputeRoleModel
[13:58:07 VRB] HandleCommand TaskInstanceProgressCommand
[13:58:07 DBG] HttpClient.Send: PUT https://dev-fusion-iam.caa.group.gca/api/Job/TaskInstance/Progress?api-version=2.0
[13:58:07 INF] Launch task: ComputeRoleModelTask: Applications_Mail_Synchronize_Incremental_ComputeRoleModel, Task 8/10
[13:58:07 VRB] HandleCommand RunTaskCommand
[13:58:07 DBG] HttpClient.Send: POST https://dev-fusion-iam.caa.group.gca/api/Job/Task/RunTask/69004?api-version=4.0&jobInstanceId=1022&jobLogLevel=Trace
[13:58:10 VRB] HandleQuery SelectTaskInstanceInvokeJobQuery
[13:58:10 DBG] HttpClient.Send: GET https://dev-fusion-iam.caa.group.gca/api/Job/TaskInstance/GetTaskInstanceInvokeJob/6291?api-version=2.0&jobInstanceId=1022&taskId=69004&jobId=46002
[13:58:10 INF] Task: Applications_Mail_Synchronize_Incremental_ComputeRoleModel Completed with state Completed
[13:58:10 VRB] Check the JobInstance state for JobInstance 1022.
[13:58:10 VRB] HandleQuery SelectJobInstanceByIdQuery
[13:58:10 DBG] HttpClient.Send: GET https://dev-fusion-iam.caa.group.gca/api/Job/JobInstance/1022?api-version=2.0&squery=select%20State&path=/Jobs/JobInstance/Query&QueryRootEntityType=JobInstance
[13:58:10 INF] GenerateProvisioningOrdersTask: Applications_Mail_Synchronize_Incremental_GenerateProvisioningOrders (Level: 7, LaunchOrder: 8)
    Connector: ApplicationMail
    Force Provisioning: True

[13:58:10 VRB] Check the instance state for Task Applications_Mail_Synchronize_Incremental_GenerateProvisioningOrders
[13:58:10 VRB] HandleCommand TaskInstanceProgressCommand
[13:58:10 DBG] HttpClient.Send: PUT https://dev-fusion-iam.caa.group.gca/api/Job/TaskInstance/Progress?api-version=2.0
[13:58:10 INF] Launch task: GenerateProvisioningOrdersTask: Applications_Mail_Synchronize_Incremental_GenerateProvisioningOrders, Task 9/10
[13:58:10 VRB] HandleCommand RunTaskCommand
[13:58:10 DBG] HttpClient.Send: POST https://dev-fusion-iam.caa.group.gca/api/Job/Task/RunTask/69008?api-version=4.0&jobInstanceId=1022&jobLogLevel=Trace
[13:58:10 VRB] HandleQuery SelectTaskInstanceInvokeJobQuery
[13:58:10 DBG] HttpClient.Send: GET https://dev-fusion-iam.caa.group.gca/api/Job/TaskInstance/GetTaskInstanceInvokeJob/6292?api-version=2.0&jobInstanceId=1022&taskId=69008&jobId=46002
[13:58:10 INF] Task: Applications_Mail_Synchronize_Incremental_GenerateProvisioningOrders Completed with state Completed
[13:58:10 INF] FulfillTask: Applications_Mail_Synchronize_Incremental_Fulfill (Level: 8, LaunchOrder: 9)
    ConnectionIdentifier: AccountMailFulfill
    FulfillmentType: FulfillPowerShell
    ContinueOnError: True
    ResourceType: Extranet EAF, Power BI EAF

[13:58:10 VRB] Check the instance state for Task Applications_Mail_Synchronize_Incremental_Fulfill
[13:58:10 VRB] HandleCommand TaskInstanceProgressCommand
[13:58:10 DBG] HttpClient.Send: PUT https://dev-fusion-iam.caa.group.gca/api/Job/TaskInstance/Progress?api-version=2.0
[13:58:10 INF] Launch task: FulfillTask: Applications_Mail_Synchronize_Incremental_Fulfill, Task 10/10
[13:58:10 VRB] HandleCommand RunTaskCommand
[13:58:10 INF] Launch FulfillTask : Applications_Mail_Synchronize_Incremental_Fulfill
[13:58:10 DBG] Start Process dotnet Usercube-Fulfill-PowerShell.dll --progress-task-instance-id 6293 --api-url "https://dev-fusion-iam.caa.group.gca/" --api-client-id "Job" --log-level 0 --connector 36001 --resource-types "53001" "53002" --task-instance-id 6293 --powershell-script "D:\UsercubeCAA\Scripts\ApplicationMail\Applications_Mail_Fulfill.ps1" --working-directory "../Work\FulfillPowerShell" --stdin null
[13:58:10 INF] Start process=True PID=9856 dotnet Usercube-Fulfill-PowerShell.dll --progress-task-instance-id 6293 --api-url "https://dev-fusion-iam.caa.group.gca/" --api-client-id "Job" --log-level 0 --connector 36001 --resource-types "53001" "53002" --task-instance-id 6293 --powershell-script "D:\UsercubeCAA\Scripts\ApplicationMail\Applications_Mail_Fulfill.ps1" --working-directory "../Work\FulfillPowerShell" --stdin
[13:58:12 DBG] HttpClient.Send: GET https://dev-fusion-iam.caa.group.gca/api/Job/TaskInstance/6293?api-version=1.0&squery=join%20Task%20t%20select%20t.ContinueOnError%2C%20State&path=/Jobs/TaskInstance/Query&QueryRootEntityType=TaskInstance
[13:58:12 VRB] HandleQuery SelectTaskInstanceInvokeJobQuery
[13:58:12 DBG] HttpClient.Send: GET https://dev-fusion-iam.caa.group.gca/api/Job/TaskInstance/GetTaskInstanceInvokeJob/6293?api-version=2.0&jobInstanceId=1022&taskId=69007&jobId=46002
[13:58:12 INF] Task: Applications_Mail_Synchronize_Incremental_Fulfill Completed with state Completed
[13:58:12 DBG] HttpClient.Send: PUT https://dev-fusion-iam.caa.group.gca/api/Job/JobInstance/Progression/1022?api-version=3.0&jobGroupId=46002&current=10&totalTask=10&state=Completed&resourceId=-1&cancelRequest=False&retry=False
