[13:57:55 INF] PrepareSynchronization-Changes started for Connector=36001 WorkingDirectory=../Work\Collect
[13:57:55 DBG] HttpClient.Send: POST https://dev-fusion-iam.caa.group.gca/api/Connectors/Connector/OpenSynchronizeSession?api-version=1.0
[13:57:55 VRB] Refreshed token: token expiration date=02/10/2025 13:54:55
Synchronization session created
[13:57:55 DBG] HttpClient.Send: GET https://dev-fusion-iam.caa.group.gca/api/Connectors/Connector/36001?api-version=2.0&squery=join%20EntityTypeMappings%20etm%20join%20EntityAssociationMappings%20eam%20join%20etm.EntityPropertyMappings%20epm%20join%20epm.EntityProperty%20ep%20join%20etm.EntityType%20et%20join%20eam.EntityAssociation%20ea%20join%20eam.EntityPropertyMapping1%20eam1%20join%20eam1.EntityProperty%20eamp1%20join%20eam.EntityPropertyMapping2%20eam2%20join%20eam2.EntityProperty%20eamp2%20join%20ea.Property1%20eap1%20join%20ea.Property2%20eap2%20join%20Connections%20c%20join%20c.Package%20p%20select%20Id%2Cetm.ConnectionTable%2Cet.Identifier%2Cepm.ConnectionColumn%2Cepm.IsPrimaryKey%2Ceam.ConnectionTable%2Ceam.Column1%2Ceam.Column2%2Cea.Identifier%2Cea.IsProperty1Collection%2Cea.IsProperty2Collection%2Cep.TargetColumnIndex%2Cep.Type%2Cep.Identifier%2Ceap1.Identifier%2Ceap1.Type%2Ceap2.Identifier%2Ceap2.Type%2Ceamp1.TargetColumnIndex%2Ceamp2.TargetColumnIndex%2Cc.Id%2Cc.Identifier%2Cp.Id%2Cp.Identifier%20where%20%28etm.ConnectionTable%20%21%3D%20null%20and%20%28epm.ConnectionColumn%20%21%3D%20null%20or%20epm.Format%25%3D%22concat%22%20or%20epm.Format%3D%22multivaluedtext%22%29%29&path=/Connectors/Connector/Query
[13:57:55 DBG] HttpClient.Send: GET https://dev-fusion-iam.caa.group.gca/api/Connectors/Connector/CollationInfo?api-version=1.0
[13:57:55 DBG] HttpClient.Send: PUT https://dev-fusion-iam.caa.group.gca/api/Job/TaskInstance/Progression/6286?api-version=1.0
[13:57:55 DBG] ExtractionCommand InputFile=../Temp\ExportOutput\AccountMailExport.csv OutputFile=D:\UsercubeCAA\Work\Collect\36001\Application_Account_Mail
[13:57:55 DBG] ExtractionCommand InputFile=../Temp\ExportOutput\AccountProfilesMailExport.csv OutputFile=D:\UsercubeCAA\Work\Collect\36001\Application_Account_Mail_Profiles
[13:57:55 DBG] ExtractionCommand InputFile=../Temp\ExportOutput\AccountMailExport.csv OutputFile=D:\UsercubeCAA\Work\Collect\36001\Application_Account_Mail_Application
[13:57:55 DBG] SortCommand InputFile=D:\UsercubeCAA\Work\Collect\36001\Application_Account_Mail OutputFile=D:\UsercubeCAA\Work\Collect\36001\Application_Account_Mail.sorted.csv
[13:57:55 DBG] SortCommand InputFile=D:\UsercubeCAA\Work\Collect\36001\Application_Account_Mail_Application OutputFile=D:\UsercubeCAA\Work\Collect\36001\Application_Account_Mail_Application.sorted.csv
[13:57:55 DBG] SortCommand InputFile=D:\UsercubeCAA\Work\Collect\36001\Application_Account_Mail_Profiles OutputFile=D:\UsercubeCAA\Work\Collect\36001\Application_Account_Mail_Profiles.sorted.csv
[13:57:55 DBG] UploadCommand InputFile=D:\UsercubeCAA\Work\Collect\36001\Application_Account_Mail_Application.sorted.csv
[13:57:55 DBG] HttpClient.Send: POST https://dev-fusion-iam.caa.group.gca/api/Connectors/Connector/SynchronizeEntity?api-version=1.0
[13:57:55 DBG] MoveFileCommand SourceFile=D:\UsercubeCAA\Work\Collect\36001\Application_Account_Mail_Application.sorted.csv DestinationFile=D:\UsercubeCAA\Work\Collect\36001\previous\Application_Account_Mail_Application.sorted.csv
[13:57:55 DBG] UploadCommand InputFile=D:\UsercubeCAA\Work\Collect\36001\Application_Account_Mail.sorted.csv
[13:57:55 DBG] HttpClient.Send: POST https://dev-fusion-iam.caa.group.gca/api/Connectors/Connector/SynchronizeEntity?api-version=1.0
[13:57:55 DBG] MoveFileCommand SourceFile=D:\UsercubeCAA\Work\Collect\36001\Application_Account_Mail.sorted.csv DestinationFile=D:\UsercubeCAA\Work\Collect\36001\previous\Application_Account_Mail.sorted.csv
[13:57:55 DBG] UploadCommand InputFile=D:\UsercubeCAA\Work\Collect\36001\Application_Account_Mail_Profiles.sorted.csv
[13:57:55 DBG] HttpClient.Send: POST https://dev-fusion-iam.caa.group.gca/api/Connectors/Connector/SynchronizeEntity?api-version=1.0
[13:57:55 DBG] MoveFileCommand SourceFile=D:\UsercubeCAA\Work\Collect\36001\Application_Account_Mail_Profiles.sorted.csv DestinationFile=D:\UsercubeCAA\Work\Collect\36001\previous\Application_Account_Mail_Profiles.sorted.csv
[13:57:55 DBG] HttpClient.Send: DELETE https://dev-fusion-iam.caa.group.gca/api/Connectors/Connector/CloseSynchronizeSession/36001/20250210125755_5f0dd389-7093-47ad-b1f9-88d6f13122e9?api-version=1.0&closeSessionMode=Success
Synchronization session closed
[13:57:55 INF] PrepareSynchronization completed CurrentCount=12 MaxCount=12 Sent=2 Duplicated=0 NullPks=0
[13:57:55 DBG] HttpClient.Send: PUT https://dev-fusion-iam.caa.group.gca/api/Job/TaskInstance/Progression/6286?api-version=1.0
[13:57:55 INF] PrepareSynchronization-Changes completed for Connector=36001 WorkingDirectory=../Work\Collect
