[16:14:22 INF] PrepareSynchronization started for Connector=34001 SynchronizationMode=Complete WorkingDirectory=../Work\Collect
[16:14:22 DBG] HttpClient.Send: POST https://dev-fusion-iam.caa.group.gca/api/Connectors/Connector/OpenSynchronizeSession?api-version=1.0
[16:14:22 VRB] Refreshed token: token expiration date=01/30/2025 16:11:22
Synchronization session created
[16:14:22 DBG] HttpClient.Send: GET https://dev-fusion-iam.caa.group.gca/api/Connectors/Connector/34001?api-version=2.0&squery=join%20EntityTypeMappings%20etm%20join%20EntityAssociationMappings%20eam%20join%20etm.EntityPropertyMappings%20epm%20join%20epm.EntityProperty%20ep%20join%20etm.EntityType%20et%20join%20eam.EntityAssociation%20ea%20join%20eam.EntityPropertyMapping1%20eam1%20join%20eam1.EntityProperty%20eamp1%20join%20eam.EntityPropertyMapping2%20eam2%20join%20eam2.EntityProperty%20eamp2%20join%20ea.Property1%20eap1%20join%20ea.Property2%20eap2%20join%20Connections%20c%20join%20c.Package%20p%20select%20Id%2Cetm.ConnectionTable%2Cet.Identifier%2Cepm.ConnectionColumn%2Cepm.IsPrimaryKey%2Ceam.ConnectionTable%2Ceam.Column1%2Ceam.Column2%2Cea.Identifier%2Cea.IsProperty1Collection%2Cea.IsProperty2Collection%2Cep.TargetColumnIndex%2Cep.Type%2Cep.Identifier%2Ceap1.Identifier%2Ceap1.Type%2Ceap2.Identifier%2Ceap2.Type%2Ceamp1.TargetColumnIndex%2Ceamp2.TargetColumnIndex%2Cc.Id%2Cc.Identifier%2Cp.Id%2Cp.Identifier%20where%20%28etm.ConnectionTable%20%21%3D%20null%20and%20%28epm.ConnectionColumn%20%21%3D%20null%20or%20epm.Format%25%3D%22concat%22%20or%20epm.Format%3D%22multivaluedtext%22%29%29&path=/Connectors/Connector/Query
[16:14:22 DBG] HttpClient.Send: GET https://dev-fusion-iam.caa.group.gca/api/Connectors/Connector/CollationInfo?api-version=1.0
[16:14:22 DBG] HttpClient.Send: PUT https://dev-fusion-iam.caa.group.gca/api/Job/TaskInstance/Progression/4915?api-version=1.0
[16:14:22 DBG] ExtractionCommand InputFile=../Temp\ExportOutput\OUDLDAPExportFulfillment_entries.csv OutputFile=D:\UsercubeCAA\Work\Collect\34001\OUD_LDAP_Entry
[16:14:22 DBG] ExtractionCommand InputFile=../Temp\ExportOutput\OUDLDAPExportFulfillment_member.csv OutputFile=D:\UsercubeCAA\Work\Collect\34001\OUD_LDAP_Entry_member
[16:14:22 DBG] ExtractionCommand InputFile=../Temp\ExportOutput\OUDLDAPExportFulfillment_entries.csv OutputFile=D:\UsercubeCAA\Work\Collect\34001\OUD_LDAP_Entry_parentdn
[16:14:22 DBG] SortCommand InputFile=D:\UsercubeCAA\Work\Collect\34001\OUD_LDAP_Entry_member OutputFile=D:\UsercubeCAA\Work\Collect\34001\OUD_LDAP_Entry_member.sorted.csv
[16:14:22 DBG] ExtractionCommand InputFile=../Temp\ExportOutput\OUDLDAPExportFulfillment_entries.csv OutputFile=D:\UsercubeCAA\Work\Collect\34001\OUD_LDAP_Entry_assistant
[16:14:24 DBG] SortCommand InputFile=D:\UsercubeCAA\Work\Collect\34001\OUD_LDAP_Entry_parentdn OutputFile=D:\UsercubeCAA\Work\Collect\34001\OUD_LDAP_Entry_parentdn.sorted.csv
[16:14:24 DBG] UploadCommand InputFile=D:\UsercubeCAA\Work\Collect\34001\OUD_LDAP_Entry_member.sorted.csv
[16:14:24 DBG] HttpClient.Send: POST https://dev-fusion-iam.caa.group.gca/api/Connectors/Connector/SynchronizeEntity?api-version=1.0
[16:14:24 DBG] MoveFileCommand SourceFile=D:\UsercubeCAA\Work\Collect\34001\OUD_LDAP_Entry_member.sorted.csv DestinationFile=D:\UsercubeCAA\Work\Collect\34001\previous\OUD_LDAP_Entry_member.sorted.csv
[16:14:24 DBG] UploadCommand InputFile=D:\UsercubeCAA\Work\Collect\34001\OUD_LDAP_Entry_parentdn.sorted.csv
[16:14:24 DBG] HttpClient.Send: POST https://dev-fusion-iam.caa.group.gca/api/Connectors/Connector/SynchronizeEntity?api-version=1.0
[16:14:24 DBG] SortCommand InputFile=D:\UsercubeCAA\Work\Collect\34001\OUD_LDAP_Entry_assistant OutputFile=D:\UsercubeCAA\Work\Collect\34001\OUD_LDAP_Entry_assistant.sorted.csv
[16:14:24 DBG] MoveFileCommand SourceFile=D:\UsercubeCAA\Work\Collect\34001\OUD_LDAP_Entry_parentdn.sorted.csv DestinationFile=D:\UsercubeCAA\Work\Collect\34001\previous\OUD_LDAP_Entry_parentdn.sorted.csv
[16:14:24 DBG] UploadCommand InputFile=D:\UsercubeCAA\Work\Collect\34001\OUD_LDAP_Entry_assistant.sorted.csv
[16:14:24 DBG] HttpClient.Send: POST https://dev-fusion-iam.caa.group.gca/api/Connectors/Connector/SynchronizeEntity?api-version=1.0
[16:14:24 DBG] MoveFileCommand SourceFile=D:\UsercubeCAA\Work\Collect\34001\OUD_LDAP_Entry_assistant.sorted.csv DestinationFile=D:\UsercubeCAA\Work\Collect\34001\previous\OUD_LDAP_Entry_assistant.sorted.csv
[16:14:25 DBG] SortCommand InputFile=D:\UsercubeCAA\Work\Collect\34001\OUD_LDAP_Entry OutputFile=D:\UsercubeCAA\Work\Collect\34001\OUD_LDAP_Entry.sorted.csv
[16:14:26 DBG] UploadCommand InputFile=D:\UsercubeCAA\Work\Collect\34001\OUD_LDAP_Entry.sorted.csv
[16:14:26 DBG] HttpClient.Send: POST https://dev-fusion-iam.caa.group.gca/api/Connectors/Connector/SynchronizeEntity?api-version=1.0
[16:14:26 DBG] MoveFileCommand SourceFile=D:\UsercubeCAA\Work\Collect\34001\OUD_LDAP_Entry.sorted.csv DestinationFile=D:\UsercubeCAA\Work\Collect\34001\previous\OUD_LDAP_Entry.sorted.csv
[16:14:26 DBG] HttpClient.Send: DELETE https://dev-fusion-iam.caa.group.gca/api/Connectors/Connector/CloseSynchronizeSession/34001/20250130151422_d3a2c0db-f1f8-4066-be74-317609fbca02?api-version=1.0&closeSessionMode=Success
Synchronization session closed
[16:14:26 INF] PrepareSynchronization completed CurrentCount=16 MaxCount=16 Sent=10487 Duplicated=64974 NullPks=0
[16:14:26 DBG] HttpClient.Send: PUT https://dev-fusion-iam.caa.group.gca/api/Job/TaskInstance/Progression/4915?api-version=1.0
[16:14:26 INF] PrepareSynchronization completed for Connector=34001 SynchronizationMode=Complete WorkingDirectory=../Work\Collect
