[13:36:40 DBG] HttpClient.Send: PUT https://dev-fusion-iam.caa.group.gca/api/Job/JobInstance/Progression/1012?api-version=3.0&jobGroupId=2&current=0&totalTask=0&state=InProgress&resourceId=-1&cancelRequest=False&retry=False
[13:36:41 VRB] Refreshed token: token expiration date=02/10/2025 13:33:41
[13:36:41 VRB] HandleQuery SelectConsolidateJobQuery
[13:36:41 DBG] HttpClient.Send: GET https://dev-fusion-iam.caa.group.gca/api/Job/Job/RunStateMachineJob?api-version=4.0&path=/Jobs/Job/Query&jobIdentifier=2&repair=False&beginJobStep=-1&endJobStep=-1&forceSynchronizationProvisioning=False&retry=False&launchTaskType=0&taskIdentifier=&taskIdentifierContains=&beginTaskExcluded=&endTaskExcluded=&jobInstanceId=1012&jobId=2
[13:36:41 VRB] HandleCommand ReserveTaskInstanceIdCommand
[13:36:41 VRB] Reserve 11 next TaskInstanceId
[13:36:41 DBG] HttpClient.Send: PUT https://dev-fusion-iam.caa.group.gca/api/Job/TaskInstance/GetTaskInstanceId/11?api-version=1.0
[13:36:42 VRB] Check the JobInstance state for JobInstance 1012.
[13:36:42 VRB] HandleQuery SelectJobInstanceByIdQuery
[13:36:42 DBG] HttpClient.Send: GET https://dev-fusion-iam.caa.group.gca/api/Job/JobInstance/1012?api-version=2.0&squery=select%20State&path=/Jobs/JobInstance/Query&QueryRootEntityType=JobInstance
[13:36:42 INF] ExportTask: Catalog_Synchro_Complete_Scaffolding_Export_ApplicationCatalogExport (Level: 0, LaunchOrder: 0)
    Connector: Catalog
    Mode: Complete
    ConnectionIdentifier: ApplicationCatalogExport
    ExportType: ExportCsv

[13:36:42 VRB] Check the instance state for Task Catalog_Synchro_Complete_Scaffolding_Export_ApplicationCatalogExport
[13:36:42 VRB] HandleCommand TaskInstanceProgressCommand
[13:36:42 DBG] HttpClient.Send: PUT https://dev-fusion-iam.caa.group.gca/api/Job/TaskInstance/Progress?api-version=2.0
[13:36:42 INF] Launch task: ExportTask: Catalog_Synchro_Complete_Scaffolding_Export_ApplicationCatalogExport, Task 1/11
[13:36:42 VRB] HandleCommand RunTaskCommand
[13:36:42 INF] Launch ExportTask : Catalog_Synchro_Complete_Scaffolding_Export_ApplicationCatalogExport
[13:36:42 DBG] Start Process dotnet Usercube-Export-Csv.dll --progress-task-instance-id 6137 --api-url "https://dev-fusion-iam.caa.group.gca/" --api-client-id "Job" --log-level 0 --output-path "../Temp\ExportOutput" --connection-identifier "ApplicationCatalogExport" --raw-files-path "D:\UsercubeCAA\Sources\Catalogue\Complete\Applications.csv" --separator ";" --lines-to-skip "0" --ignore-cookies --stdin null
[13:36:42 INF] Start process=True PID=9184 dotnet Usercube-Export-Csv.dll --progress-task-instance-id 6137 --api-url "https://dev-fusion-iam.caa.group.gca/" --api-client-id "Job" --log-level 0 --output-path "../Temp\ExportOutput" --connection-identifier "ApplicationCatalogExport" --raw-files-path "D:\UsercubeCAA\Sources\Catalogue\Complete\Applications.csv" --separator ";" --lines-to-skip "0" --ignore-cookies --stdin
[13:36:43 DBG] HttpClient.Send: GET https://dev-fusion-iam.caa.group.gca/api/Job/TaskInstance/6137?api-version=1.0&squery=join%20Task%20t%20select%20t.ContinueOnError%2C%20State&path=/Jobs/TaskInstance/Query&QueryRootEntityType=TaskInstance
[13:36:43 VRB] HandleQuery SelectTaskInstanceInvokeJobQuery
[13:36:43 DBG] HttpClient.Send: GET https://dev-fusion-iam.caa.group.gca/api/Job/TaskInstance/GetTaskInstanceInvokeJob/6137?api-version=2.0&jobInstanceId=1012&taskId=219&jobId=2
[13:36:43 INF] Task: Catalog_Synchro_Complete_Scaffolding_Export_ApplicationCatalogExport Completed with state Completed
[13:36:43 INF] ExportTask: Catalog_Synchro_Complete_Scaffolding_Export_ProfileCatalogExport (Level: 1, LaunchOrder: 1)
    Connector: Catalog
    Mode: Complete
    ConnectionIdentifier: ProfileCatalogExport
    ExportType: ExportCsv

[13:36:43 VRB] Check the instance state for Task Catalog_Synchro_Complete_Scaffolding_Export_ProfileCatalogExport
[13:36:43 VRB] HandleCommand TaskInstanceProgressCommand
[13:36:43 DBG] HttpClient.Send: PUT https://dev-fusion-iam.caa.group.gca/api/Job/TaskInstance/Progress?api-version=2.0
[13:36:43 INF] Launch task: ExportTask: Catalog_Synchro_Complete_Scaffolding_Export_ProfileCatalogExport, Task 2/11
[13:36:43 VRB] HandleCommand RunTaskCommand
[13:36:43 INF] Launch ExportTask : Catalog_Synchro_Complete_Scaffolding_Export_ProfileCatalogExport
[13:36:43 DBG] Start Process dotnet Usercube-Export-Csv.dll --progress-task-instance-id 6138 --api-url "https://dev-fusion-iam.caa.group.gca/" --api-client-id "Job" --log-level 0 --output-path "../Temp\ExportOutput" --connection-identifier "ProfileCatalogExport" --raw-files-path "D:\UsercubeCAA\Sources\Catalogue\Complete\Profiles.csv" --separator ";" --lines-to-skip "0" --ignore-cookies --stdin null
[13:36:43 INF] Start process=True PID=3580 dotnet Usercube-Export-Csv.dll --progress-task-instance-id 6138 --api-url "https://dev-fusion-iam.caa.group.gca/" --api-client-id "Job" --log-level 0 --output-path "../Temp\ExportOutput" --connection-identifier "ProfileCatalogExport" --raw-files-path "D:\UsercubeCAA\Sources\Catalogue\Complete\Profiles.csv" --separator ";" --lines-to-skip "0" --ignore-cookies --stdin
[13:36:44 DBG] HttpClient.Send: GET https://dev-fusion-iam.caa.group.gca/api/Job/TaskInstance/6138?api-version=1.0&squery=join%20Task%20t%20select%20t.ContinueOnError%2C%20State&path=/Jobs/TaskInstance/Query&QueryRootEntityType=TaskInstance
[13:36:44 VRB] HandleQuery SelectTaskInstanceInvokeJobQuery
[13:36:44 DBG] HttpClient.Send: GET https://dev-fusion-iam.caa.group.gca/api/Job/TaskInstance/GetTaskInstanceInvokeJob/6138?api-version=2.0&jobInstanceId=1012&taskId=220&jobId=2
[13:36:44 INF] Task: Catalog_Synchro_Complete_Scaffolding_Export_ProfileCatalogExport Completed with state Completed
[13:36:44 VRB] Check the JobInstance state for JobInstance 1012.
[13:36:44 VRB] HandleQuery SelectJobInstanceByIdQuery
[13:36:44 DBG] HttpClient.Send: GET https://dev-fusion-iam.caa.group.gca/api/Job/JobInstance/1012?api-version=2.0&squery=select%20State&path=/Jobs/JobInstance/Query&QueryRootEntityType=JobInstance
[13:36:44 INF] PrepareSynchronizationTask: Catalog_Synchro_Complete_Scaffolding_PrepareSynchronization_Catalog (Level: 2, LaunchOrder: 2)
    Synchronization Mode: Complete
    Connector: Catalog
    Parent: Catalog_Synchro_Complete_Scaffolding_Export_ApplicationCatalogExport, Catalog_Synchro_Complete_Scaffolding_Export_ProfileCatalogExport

[13:36:44 VRB] Check the instance state for Task Catalog_Synchro_Complete_Scaffolding_PrepareSynchronization_Catalog
[13:36:44 VRB] HandleCommand TaskInstanceProgressCommand
[13:36:44 DBG] HttpClient.Send: PUT https://dev-fusion-iam.caa.group.gca/api/Job/TaskInstance/Progress?api-version=2.0
[13:36:44 INF] Launch task: PrepareSynchronizationTask: Catalog_Synchro_Complete_Scaffolding_PrepareSynchronization_Catalog, Task 3/11
[13:36:44 VRB] HandleCommand RunTaskCommand
[13:36:44 INF] Launch PrepareSynchronizationTask : Catalog_Synchro_Complete_Scaffolding_PrepareSynchronization_Catalog
[13:36:44 DBG] Start Process dotnet Usercube-Prepare-Synchronization.dll --progress-task-instance-id 6139 --api-url "https://dev-fusion-iam.caa.group.gca/" --api-client-id "Job" --log-level 0 --connector 6 --working-directory "../Work\Collect" --sources-directory "../Temp\ExportOutput" --synchronization-mode "Complete" --stdin null
[13:36:44 INF] Start process=True PID=708 dotnet Usercube-Prepare-Synchronization.dll --progress-task-instance-id 6139 --api-url "https://dev-fusion-iam.caa.group.gca/" --api-client-id "Job" --log-level 0 --connector 6 --working-directory "../Work\Collect" --sources-directory "../Temp\ExportOutput" --synchronization-mode "Complete" --stdin
[13:36:46 DBG] HttpClient.Send: GET https://dev-fusion-iam.caa.group.gca/api/Job/TaskInstance/6139?api-version=1.0&squery=join%20Task%20t%20select%20t.ContinueOnError%2C%20State&path=/Jobs/TaskInstance/Query&QueryRootEntityType=TaskInstance
[13:36:46 VRB] HandleQuery SelectTaskInstanceInvokeJobQuery
[13:36:46 DBG] HttpClient.Send: GET https://dev-fusion-iam.caa.group.gca/api/Job/TaskInstance/GetTaskInstanceInvokeJob/6139?api-version=2.0&jobInstanceId=1012&taskId=221&jobId=2
[13:36:46 INF] Task: Catalog_Synchro_Complete_Scaffolding_PrepareSynchronization_Catalog Completed with state Completed
[13:36:46 DBG] HttpClient.Send: PUT https://dev-fusion-iam.caa.group.gca/api/Job/JobInstance/Progression/1012?api-version=3.0&jobGroupId=2&current=3&totalTask=11&state=InProgress&resourceId=-1&cancelRequest=False&retry=False
[13:36:46 INF] SynchronizeTask: Catalog_Synchro_Complete_Scaffolding_Synchronize_Catalog (Level: 3, LaunchOrder: 3)
    Connector: Catalog
    Parent: Catalog_Synchro_Complete_Scaffolding_PrepareSynchronization_Catalog

[13:36:46 VRB] Check the instance state for Task Catalog_Synchro_Complete_Scaffolding_Synchronize_Catalog
[13:36:46 VRB] HandleCommand TaskInstanceProgressCommand
[13:36:46 DBG] HttpClient.Send: PUT https://dev-fusion-iam.caa.group.gca/api/Job/TaskInstance/Progress?api-version=2.0
[13:36:46 INF] Launch task: SynchronizeTask: Catalog_Synchro_Complete_Scaffolding_Synchronize_Catalog, Task 4/11
[13:36:46 VRB] HandleCommand RunTaskCommand
[13:36:46 DBG] HttpClient.Send: POST https://dev-fusion-iam.caa.group.gca/api/Job/Task/RunTask/224?api-version=4.0&jobInstanceId=1012&jobLogLevel=Trace
[13:36:46 VRB] HandleQuery SelectTaskInstanceInvokeJobQuery
[13:36:46 DBG] HttpClient.Send: GET https://dev-fusion-iam.caa.group.gca/api/Job/TaskInstance/GetTaskInstanceInvokeJob/6140?api-version=2.0&jobInstanceId=1012&taskId=224&jobId=2
[13:36:46 INF] Task: Catalog_Synchro_Complete_Scaffolding_Synchronize_Catalog Completed with state Completed
[13:36:46 INF] UpdateEntityPropertyExpressionsTask: Catalog_Synchro_Complete_Scaffolding_ComputeProperties (Level: 4, LaunchOrder: 4)
    AllEntities: True

[13:36:46 VRB] Check the instance state for Task Catalog_Synchro_Complete_Scaffolding_ComputeProperties
[13:36:46 VRB] HandleCommand TaskInstanceProgressCommand
[13:36:46 DBG] HttpClient.Send: PUT https://dev-fusion-iam.caa.group.gca/api/Job/TaskInstance/Progress?api-version=2.0
[13:36:46 INF] Launch task: UpdateEntityPropertyExpressionsTask: Catalog_Synchro_Complete_Scaffolding_ComputeProperties, Task 5/11
[13:36:46 VRB] HandleCommand RunTaskCommand
[13:36:46 DBG] HttpClient.Send: POST https://dev-fusion-iam.caa.group.gca/api/Job/Task/RunTask/217?api-version=4.0&jobInstanceId=1012&jobLogLevel=Trace
[13:36:47 VRB] HandleQuery SelectTaskInstanceInvokeJobQuery
[13:36:47 DBG] HttpClient.Send: GET https://dev-fusion-iam.caa.group.gca/api/Job/TaskInstance/GetTaskInstanceInvokeJob/6141?api-version=2.0&jobInstanceId=1012&taskId=217&jobId=2
[13:36:47 INF] Task: Catalog_Synchro_Complete_Scaffolding_ComputeProperties Completed with state Completed
[13:36:47 VRB] Check the JobInstance state for JobInstance 1012.
[13:36:47 VRB] HandleQuery SelectJobInstanceByIdQuery
[13:36:47 DBG] HttpClient.Send: GET https://dev-fusion-iam.caa.group.gca/api/Job/JobInstance/1012?api-version=2.0&squery=select%20State&path=/Jobs/JobInstance/Query&QueryRootEntityType=JobInstance
[13:36:47 INF] ComputeCorrelationKeysTask: Catalog_Synchro_Complete_Scaffolding_ComputeCorrelationKeys (Level: 5, LaunchOrder: 5)
    All Entities: True

[13:36:47 VRB] Check the instance state for Task Catalog_Synchro_Complete_Scaffolding_ComputeCorrelationKeys
[13:36:47 VRB] HandleCommand TaskInstanceProgressCommand
[13:36:47 DBG] HttpClient.Send: PUT https://dev-fusion-iam.caa.group.gca/api/Job/TaskInstance/Progress?api-version=2.0
[13:36:47 INF] Launch task: ComputeCorrelationKeysTask: Catalog_Synchro_Complete_Scaffolding_ComputeCorrelationKeys, Task 6/11
[13:36:47 VRB] HandleCommand RunTaskCommand
[13:36:47 DBG] HttpClient.Send: POST https://dev-fusion-iam.caa.group.gca/api/Job/Task/RunTask/216?api-version=4.0&jobInstanceId=1012&jobLogLevel=Trace
[13:37:09 VRB] HandleQuery SelectTaskInstanceInvokeJobQuery
[13:37:09 DBG] HttpClient.Send: GET https://dev-fusion-iam.caa.group.gca/api/Job/TaskInstance/GetTaskInstanceInvokeJob/6142?api-version=2.0&jobInstanceId=1012&taskId=216&jobId=2
[13:37:09 INF] Task: Catalog_Synchro_Complete_Scaffolding_ComputeCorrelationKeys Completed with state Completed
[13:37:09 DBG] HttpClient.Send: PUT https://dev-fusion-iam.caa.group.gca/api/Job/JobInstance/Progression/1012?api-version=3.0&jobGroupId=2&current=6&totalTask=11&state=InProgress&resourceId=-1&cancelRequest=False&retry=False
[13:37:09 VRB] Check the JobInstance state for JobInstance 1012.
[13:37:09 VRB] HandleQuery SelectJobInstanceByIdQuery
[13:37:09 DBG] HttpClient.Send: GET https://dev-fusion-iam.caa.group.gca/api/Job/JobInstance/1012?api-version=2.0&squery=select%20State&path=/Jobs/JobInstance/Query&QueryRootEntityType=JobInstance
[13:37:09 INF] ComputeRoleModelTask: Catalog_Synchro_Complete_Scaffolding_ComputeProvisioningPolicy (Level: 6, LaunchOrder: 6)
    EntityType: Catalog_Application, Catalog_Profile

[13:37:09 VRB] Check the instance state for Task Catalog_Synchro_Complete_Scaffolding_ComputeProvisioningPolicy
[13:37:09 VRB] HandleCommand TaskInstanceProgressCommand
[13:37:09 DBG] HttpClient.Send: PUT https://dev-fusion-iam.caa.group.gca/api/Job/TaskInstance/Progress?api-version=2.0
[13:37:09 INF] Launch task: ComputeRoleModelTask: Catalog_Synchro_Complete_Scaffolding_ComputeProvisioningPolicy, Task 7/11
[13:37:09 VRB] HandleCommand RunTaskCommand
[13:37:09 DBG] HttpClient.Send: POST https://dev-fusion-iam.caa.group.gca/api/Job/Task/RunTask/218?api-version=4.0&jobInstanceId=1012&jobLogLevel=Trace
[13:37:09 VRB] HandleQuery SelectTaskInstanceInvokeJobQuery
[13:37:09 DBG] HttpClient.Send: GET https://dev-fusion-iam.caa.group.gca/api/Job/TaskInstance/GetTaskInstanceInvokeJob/6143?api-version=2.0&jobInstanceId=1012&taskId=218&jobId=2
[13:37:09 INF] Task: Catalog_Synchro_Complete_Scaffolding_ComputeProvisioningPolicy Completed with state Completed
[13:37:09 INF] GenerateProvisioningOrdersTask: Catalog_Synchro_Complete_Scaffolding_Provisioning (Level: 7, LaunchOrder: 7)
    Force Provisioning: True
    ResourceType: Catalog_Application, Catalog_Profile

[13:37:09 VRB] Check the instance state for Task Catalog_Synchro_Complete_Scaffolding_Provisioning
[13:37:09 VRB] HandleCommand TaskInstanceProgressCommand
[13:37:10 DBG] HttpClient.Send: PUT https://dev-fusion-iam.caa.group.gca/api/Job/TaskInstance/Progress?api-version=2.0
[13:37:10 INF] Launch task: GenerateProvisioningOrdersTask: Catalog_Synchro_Complete_Scaffolding_Provisioning, Task 8/11
[13:37:10 VRB] HandleCommand RunTaskCommand
[13:37:10 DBG] HttpClient.Send: POST https://dev-fusion-iam.caa.group.gca/api/Job/Task/RunTask/223?api-version=4.0&jobInstanceId=1012&jobLogLevel=Trace
[13:37:10 VRB] HandleQuery SelectTaskInstanceInvokeJobQuery
[13:37:10 DBG] HttpClient.Send: GET https://dev-fusion-iam.caa.group.gca/api/Job/TaskInstance/GetTaskInstanceInvokeJob/6144?api-version=2.0&jobInstanceId=1012&taskId=223&jobId=2
[13:37:10 INF] Task: Catalog_Synchro_Complete_Scaffolding_Provisioning Completed with state Completed
[13:37:10 INF] FulfillTask: Catalog_Synchro_Complete_Scaffolding_Provisioner_Database (Level: 8, LaunchOrder: 8)
    ConnectionIdentifier: HRDatabase
    FulfillmentType: FulfillInternalResource
    ResourceType: Catalog_Application, Catalog_Profile

[13:37:10 VRB] Check the instance state for Task Catalog_Synchro_Complete_Scaffolding_Provisioner_Database
[13:37:10 VRB] HandleCommand TaskInstanceProgressCommand
[13:37:10 DBG] HttpClient.Send: PUT https://dev-fusion-iam.caa.group.gca/api/Job/TaskInstance/Progress?api-version=2.0
[13:37:10 INF] Launch task: FulfillTask: Catalog_Synchro_Complete_Scaffolding_Provisioner_Database, Task 9/11
[13:37:10 VRB] HandleCommand RunTaskCommand
[13:37:10 DBG] HttpClient.Send: POST https://dev-fusion-iam.caa.group.gca/api/Job/Task/RunTask/222?api-version=4.0&jobInstanceId=1012&jobLogLevel=Trace
[13:37:11 VRB] HandleQuery SelectTaskInstanceInvokeJobQuery
[13:37:11 DBG] HttpClient.Send: GET https://dev-fusion-iam.caa.group.gca/api/Job/TaskInstance/GetTaskInstanceInvokeJob/6145?api-version=2.0&jobInstanceId=1012&taskId=222&jobId=2
[13:37:11 INF] Task: Catalog_Synchro_Complete_Scaffolding_Provisioner_Database Completed with state Completed
[13:37:11 VRB] Check the JobInstance state for JobInstance 1012.
[13:37:11 VRB] HandleQuery SelectJobInstanceByIdQuery
[13:37:11 DBG] HttpClient.Send: GET https://dev-fusion-iam.caa.group.gca/api/Job/JobInstance/1012?api-version=2.0&squery=select%20State&path=/Jobs/JobInstance/Query&QueryRootEntityType=JobInstance
[13:37:11 INF] BuildRoleModelTask: Catalog_Synchro_Complete_Scaffolding_ApplyRoleMappings (Level: 9, LaunchOrder: 9)
    Connector: Catalog

[13:37:11 VRB] Check the instance state for Task Catalog_Synchro_Complete_Scaffolding_ApplyRoleMappings
[13:37:11 VRB] HandleCommand TaskInstanceProgressCommand
[13:37:11 DBG] HttpClient.Send: PUT https://dev-fusion-iam.caa.group.gca/api/Job/TaskInstance/Progress?api-version=2.0
[13:37:11 INF] Launch task: BuildRoleModelTask: Catalog_Synchro_Complete_Scaffolding_ApplyRoleMappings, Task 10/11
[13:37:11 VRB] HandleCommand RunTaskCommand
[13:37:11 DBG] HttpClient.Send: POST https://dev-fusion-iam.caa.group.gca/api/Job/Task/RunTask/215?api-version=4.0&jobInstanceId=1012&jobLogLevel=Trace
[13:37:13 VRB] HandleQuery SelectTaskInstanceInvokeJobQuery
[13:37:13 DBG] HttpClient.Send: GET https://dev-fusion-iam.caa.group.gca/api/Job/TaskInstance/GetTaskInstanceInvokeJob/6146?api-version=2.0&jobInstanceId=1012&taskId=215&jobId=2
[13:37:13 INF] Task: Catalog_Synchro_Complete_Scaffolding_ApplyRoleMappings Completed with state Completed
[13:37:13 VRB] Check the JobInstance state for JobInstance 1012.
[13:37:13 VRB] HandleQuery SelectJobInstanceByIdQuery
[13:37:13 DBG] HttpClient.Send: GET https://dev-fusion-iam.caa.group.gca/api/Job/JobInstance/1012?api-version=2.0&squery=select%20State&path=/Jobs/JobInstance/Query&QueryRootEntityType=JobInstance
[13:37:13 INF] BuildRoleModelTask: ApplicationMail_Synchro_Complete_Scaffolding_ApplyRoleMappings (Level: 10, LaunchOrder: 10)
    Connector: ApplicationMail

[13:37:13 VRB] Check the instance state for Task ApplicationMail_Synchro_Complete_Scaffolding_ApplyRoleMappings
[13:37:13 VRB] HandleCommand TaskInstanceProgressCommand
[13:37:13 DBG] HttpClient.Send: PUT https://dev-fusion-iam.caa.group.gca/api/Job/TaskInstance/Progress?api-version=2.0
[13:37:13 INF] Launch task: BuildRoleModelTask: ApplicationMail_Synchro_Complete_Scaffolding_ApplyRoleMappings, Task 11/11
[13:37:13 VRB] HandleCommand RunTaskCommand
[13:37:13 DBG] HttpClient.Send: POST https://dev-fusion-iam.caa.group.gca/api/Job/Task/RunTask/69002?api-version=4.0&jobInstanceId=1012&jobLogLevel=Trace
[13:37:15 VRB] HandleQuery SelectTaskInstanceInvokeJobQuery
[13:37:15 DBG] HttpClient.Send: GET https://dev-fusion-iam.caa.group.gca/api/Job/TaskInstance/GetTaskInstanceInvokeJob/6147?api-version=2.0&jobInstanceId=1012&taskId=69002&jobId=2
[13:37:15 INF] Task: ApplicationMail_Synchro_Complete_Scaffolding_ApplyRoleMappings Completed with state Completed
[13:37:15 DBG] HttpClient.Send: PUT https://dev-fusion-iam.caa.group.gca/api/Job/JobInstance/Progression/1012?api-version=3.0&jobGroupId=2&current=11&totalTask=11&state=InProgress&resourceId=-1&cancelRequest=False&retry=False
[13:37:15 DBG] HttpClient.Send: PUT https://dev-fusion-iam.caa.group.gca/api/Job/JobInstance/Progression/1012?api-version=3.0&jobGroupId=2&current=11&totalTask=11&state=Completed&resourceId=-1&cancelRequest=False&retry=False
