[09:26:05 DBG] HttpClient.Send: PUT https://dev-fusion-iam.caa.group.gca/api/Job/JobInstance/Progression/691?api-version=3.0&jobGroupId=4&current=0&totalTask=0&state=InProgress&resourceId=-1&cancelRequest=False&retry=False
[09:26:05 VRB] Refreshed token: token expiration date=01/27/2025 09:23:05
[09:26:05 VRB] HandleQuery SelectConsolidateJobQuery
[09:26:05 DBG] HttpClient.Send: GET https://dev-fusion-iam.caa.group.gca/api/Job/Job/RunStateMachineJob?api-version=4.0&path=/Jobs/Job/Query&jobIdentifier=4&repair=False&beginJobStep=-1&endJobStep=-1&forceSynchronizationProvisioning=False&retry=False&launchTaskType=0&taskIdentifier=&taskIdentifierContains=&beginTaskExcluded=&endTaskExcluded=&jobInstanceId=691&jobId=4
[09:26:05 VRB] HandleCommand ReserveTaskInstanceIdCommand
[09:26:05 VRB] Reserve 25 next TaskInstanceId
[09:26:05 DBG] HttpClient.Send: PUT https://dev-fusion-iam.caa.group.gca/api/Job/TaskInstance/GetTaskInstanceId/25?api-version=1.0
[09:26:05 VRB] Check the JobInstance state for JobInstance 691.
[09:26:05 VRB] HandleQuery SelectJobInstanceByIdQuery
[09:26:05 DBG] HttpClient.Send: GET https://dev-fusion-iam.caa.group.gca/api/Job/JobInstance/691?api-version=2.0&squery=select%20State&path=/Jobs/JobInstance/Query&QueryRootEntityType=JobInstance
[09:26:05 INF] InvokeExpressionTask: HR_Synchro_Incremental_Scaffolding_PreCollect (Level: 0, LaunchOrder: 0)
    Agent: CAA

[09:26:05 VRB] Check the instance state for Task HR_Synchro_Incremental_Scaffolding_PreCollect
[09:26:05 VRB] HandleCommand TaskInstanceProgressCommand
[09:26:05 DBG] HttpClient.Send: PUT https://dev-fusion-iam.caa.group.gca/api/Job/TaskInstance/Progress?api-version=2.0
[09:26:05 INF] Launch task: InvokeExpressionTask: HR_Synchro_Incremental_Scaffolding_PreCollect, Task 1/25
[09:26:05 VRB] HandleCommand RunTaskCommand
[09:26:06 INF] Launch InvokeExpressionTask : HR_Synchro_Incremental_Scaffolding_PreCollect
[09:26:06 DBG] Start Process dotnet Usercube-Invoke-ExpressionAgentSide.dll --progress-task-instance-id 3472 --api-url "https://dev-fusion-iam.caa.group.gca/" --api-client-id "Job" --log-level 0 --input-path "D:\UsercubeCAA\Scripts\HR\HR_PreCollect.ps1" --stdin null
[09:26:06 INF] Start process=True PID=16024 dotnet Usercube-Invoke-ExpressionAgentSide.dll --progress-task-instance-id 3472 --api-url "https://dev-fusion-iam.caa.group.gca/" --api-client-id "Job" --log-level 0 --input-path "D:\UsercubeCAA\Scripts\HR\HR_PreCollect.ps1" --stdin
[09:26:08 DBG] HttpClient.Send: GET https://dev-fusion-iam.caa.group.gca/api/Job/TaskInstance/3472?api-version=1.0&squery=join%20Task%20t%20select%20t.ContinueOnError%2C%20State&path=/Jobs/TaskInstance/Query&QueryRootEntityType=TaskInstance
[09:26:08 VRB] HandleQuery SelectTaskInstanceInvokeJobQuery
[09:26:08 DBG] HttpClient.Send: GET https://dev-fusion-iam.caa.group.gca/api/Job/TaskInstance/GetTaskInstanceInvokeJob/3472?api-version=2.0&jobInstanceId=691&taskId=238&jobId=4
[09:26:08 INF] Task: HR_Synchro_Incremental_Scaffolding_PreCollect Completed with state Completed
[09:26:08 VRB] Check the JobInstance state for JobInstance 691.
[09:26:08 VRB] HandleQuery SelectJobInstanceByIdQuery
[09:26:08 DBG] HttpClient.Send: GET https://dev-fusion-iam.caa.group.gca/api/Job/JobInstance/691?api-version=2.0&squery=select%20State&path=/Jobs/JobInstance/Query&QueryRootEntityType=JobInstance
[09:26:08 INF] ExportTask: HR_Synchro_Incremental_Scaffolding_Export_HR_User (Level: 1, LaunchOrder: 1)
    Connector: HR
    Mode: Incremental
    ConnectionIdentifier: HRUser
    ExportType: ExportCsv

[09:26:08 VRB] Check the instance state for Task HR_Synchro_Incremental_Scaffolding_Export_HR_User
[09:26:08 VRB] HandleCommand TaskInstanceProgressCommand
[09:26:08 DBG] HttpClient.Send: PUT https://dev-fusion-iam.caa.group.gca/api/Job/TaskInstance/Progress?api-version=2.0
[09:26:08 INF] Launch task: ExportTask: HR_Synchro_Incremental_Scaffolding_Export_HR_User, Task 2/25
[09:26:08 VRB] HandleCommand RunTaskCommand
[09:26:08 INF] Launch ExportTask : HR_Synchro_Incremental_Scaffolding_Export_HR_User
[09:26:08 DBG] Start Process dotnet Usercube-Export-Csv.dll --progress-task-instance-id 3473 --api-url "https://dev-fusion-iam.caa.group.gca/" --api-client-id "Job" --log-level 0 --output-path "../Temp\ExportOutput" --connection-identifier "HRUser" --path-incremental "D:\UsercubeCAA\Sources\RH\Incremental\RH_entrees.csv" --separator ";" --lines-to-skip "0" --stdin null
[09:26:08 INF] Start process=True PID=8344 dotnet Usercube-Export-Csv.dll --progress-task-instance-id 3473 --api-url "https://dev-fusion-iam.caa.group.gca/" --api-client-id "Job" --log-level 0 --output-path "../Temp\ExportOutput" --connection-identifier "HRUser" --path-incremental "D:\UsercubeCAA\Sources\RH\Incremental\RH_entrees.csv" --separator ";" --lines-to-skip "0" --stdin
[09:26:09 DBG] HttpClient.Send: GET https://dev-fusion-iam.caa.group.gca/api/Job/TaskInstance/3473?api-version=1.0&squery=join%20Task%20t%20select%20t.ContinueOnError%2C%20State&path=/Jobs/TaskInstance/Query&QueryRootEntityType=TaskInstance
[09:26:09 VRB] HandleQuery SelectTaskInstanceInvokeJobQuery
[09:26:09 DBG] HttpClient.Send: GET https://dev-fusion-iam.caa.group.gca/api/Job/TaskInstance/GetTaskInstanceInvokeJob/3473?api-version=2.0&jobInstanceId=691&taskId=235&jobId=4
[09:26:09 INF] Task: HR_Synchro_Incremental_Scaffolding_Export_HR_User Completed with state Completed
[09:26:09 INF] ExportTask: HR_Synchro_Incremental_Scaffolding_Export_HR_UserUpdate (Level: 2, LaunchOrder: 2)
    Connector: HR
    Mode: Incremental
    ConnectionIdentifier: HRUserUpdate
    ExportType: ExportCsv

[09:26:09 VRB] Check the instance state for Task HR_Synchro_Incremental_Scaffolding_Export_HR_UserUpdate
[09:26:09 VRB] HandleCommand TaskInstanceProgressCommand
[09:26:09 DBG] HttpClient.Send: PUT https://dev-fusion-iam.caa.group.gca/api/Job/TaskInstance/Progress?api-version=2.0
[09:26:09 INF] Launch task: ExportTask: HR_Synchro_Incremental_Scaffolding_Export_HR_UserUpdate, Task 3/25
[09:26:09 VRB] HandleCommand RunTaskCommand
[09:26:09 INF] Launch ExportTask : HR_Synchro_Incremental_Scaffolding_Export_HR_UserUpdate
[09:26:09 DBG] Start Process dotnet Usercube-Export-Csv.dll --progress-task-instance-id 3474 --api-url "https://dev-fusion-iam.caa.group.gca/" --api-client-id "Job" --log-level 0 --output-path "../Temp\ExportOutput" --connection-identifier "HRUserUpdate" --path-incremental "D:\UsercubeCAA\Sources\RH\Incremental\RH_sorties_mobilitees.csv" --separator ";" --lines-to-skip "0" --stdin null
[09:26:09 INF] Start process=True PID=15460 dotnet Usercube-Export-Csv.dll --progress-task-instance-id 3474 --api-url "https://dev-fusion-iam.caa.group.gca/" --api-client-id "Job" --log-level 0 --output-path "../Temp\ExportOutput" --connection-identifier "HRUserUpdate" --path-incremental "D:\UsercubeCAA\Sources\RH\Incremental\RH_sorties_mobilitees.csv" --separator ";" --lines-to-skip "0" --stdin
[09:26:10 DBG] HttpClient.Send: GET https://dev-fusion-iam.caa.group.gca/api/Job/TaskInstance/3474?api-version=1.0&squery=join%20Task%20t%20select%20t.ContinueOnError%2C%20State&path=/Jobs/TaskInstance/Query&QueryRootEntityType=TaskInstance
[09:26:10 VRB] HandleQuery SelectTaskInstanceInvokeJobQuery
[09:26:10 DBG] HttpClient.Send: GET https://dev-fusion-iam.caa.group.gca/api/Job/TaskInstance/GetTaskInstanceInvokeJob/3474?api-version=2.0&jobInstanceId=691&taskId=236&jobId=4
[09:26:10 INF] Task: HR_Synchro_Incremental_Scaffolding_Export_HR_UserUpdate Completed with state Completed
[09:26:10 DBG] HttpClient.Send: PUT https://dev-fusion-iam.caa.group.gca/api/Job/JobInstance/Progression/691?api-version=3.0&jobGroupId=4&current=3&totalTask=25&state=InProgress&resourceId=-1&cancelRequest=False&retry=False
[09:26:10 INF] ExportTask: HR_Synchro_Incremental_Scaffolding_Export_HR_LoadIUG (Level: 3, LaunchOrder: 3)
    Connector: HR
    Mode: Incremental
    ConnectionIdentifier: HRLoadIUG
    ExportType: ExportCsv

[09:26:10 VRB] Check the instance state for Task HR_Synchro_Incremental_Scaffolding_Export_HR_LoadIUG
[09:26:10 VRB] HandleCommand TaskInstanceProgressCommand
[09:26:10 DBG] HttpClient.Send: PUT https://dev-fusion-iam.caa.group.gca/api/Job/TaskInstance/Progress?api-version=2.0
[09:26:10 INF] Launch task: ExportTask: HR_Synchro_Incremental_Scaffolding_Export_HR_LoadIUG, Task 4/25
[09:26:10 VRB] HandleCommand RunTaskCommand
[09:26:10 INF] Launch ExportTask : HR_Synchro_Incremental_Scaffolding_Export_HR_LoadIUG
[09:26:10 DBG] Start Process dotnet Usercube-Export-Csv.dll --progress-task-instance-id 3475 --api-url "https://dev-fusion-iam.caa.group.gca/" --api-client-id "Job" --log-level 0 --output-path "../Temp\ExportOutput" --connection-identifier "HRLoadIUG" --path-incremental "D:\UsercubeCAA\Sources\RH\Incremental\Load_IUG.csv" --separator ";" --lines-to-skip "0" --stdin null
[09:26:10 INF] Start process=True PID=11204 dotnet Usercube-Export-Csv.dll --progress-task-instance-id 3475 --api-url "https://dev-fusion-iam.caa.group.gca/" --api-client-id "Job" --log-level 0 --output-path "../Temp\ExportOutput" --connection-identifier "HRLoadIUG" --path-incremental "D:\UsercubeCAA\Sources\RH\Incremental\Load_IUG.csv" --separator ";" --lines-to-skip "0" --stdin
[09:26:11 DBG] HttpClient.Send: GET https://dev-fusion-iam.caa.group.gca/api/Job/TaskInstance/3475?api-version=1.0&squery=join%20Task%20t%20select%20t.ContinueOnError%2C%20State&path=/Jobs/TaskInstance/Query&QueryRootEntityType=TaskInstance
[09:26:11 VRB] HandleQuery SelectTaskInstanceInvokeJobQuery
[09:26:11 DBG] HttpClient.Send: GET https://dev-fusion-iam.caa.group.gca/api/Job/TaskInstance/GetTaskInstanceInvokeJob/3475?api-version=2.0&jobInstanceId=691&taskId=234&jobId=4
[09:26:11 INF] Task: HR_Synchro_Incremental_Scaffolding_Export_HR_LoadIUG Completed with state Completed
[09:26:11 VRB] Check the JobInstance state for JobInstance 691.
[09:26:11 VRB] HandleQuery SelectJobInstanceByIdQuery
[09:26:11 DBG] HttpClient.Send: GET https://dev-fusion-iam.caa.group.gca/api/Job/JobInstance/691?api-version=2.0&squery=select%20State&path=/Jobs/JobInstance/Query&QueryRootEntityType=JobInstance
[09:26:11 INF] PrepareSynchronizationChangesTask: HR_Synchro_Incremental_Scaffolding_PrepareSynchronization_HR (Level: 4, LaunchOrder: 4)
    Synchronization Mode: Incremental
    Connector: HR
    Parent: HR_Synchro_Incremental_Scaffolding_Export_HR_LoadIUG, HR_Synchro_Incremental_Scaffolding_Export_HR_User, HR_Synchro_Incremental_Scaffolding_Export_HR_UserUpdate

[09:26:11 VRB] Check the instance state for Task HR_Synchro_Incremental_Scaffolding_PrepareSynchronization_HR
[09:26:11 VRB] HandleCommand TaskInstanceProgressCommand
[09:26:11 DBG] HttpClient.Send: PUT https://dev-fusion-iam.caa.group.gca/api/Job/TaskInstance/Progress?api-version=2.0
[09:26:11 INF] Launch task: PrepareSynchronizationChangesTask: HR_Synchro_Incremental_Scaffolding_PrepareSynchronization_HR, Task 5/25
[09:26:11 VRB] HandleCommand RunTaskCommand
[09:26:11 INF] Launch PrepareSynchronizationChangesTask : HR_Synchro_Incremental_Scaffolding_PrepareSynchronization_HR
[09:26:11 DBG] Start Process dotnet Usercube-Prepare-SynchronizationChange.dll --progress-task-instance-id 3476 --api-url "https://dev-fusion-iam.caa.group.gca/" --api-client-id "Job" --log-level 0 --connector 8 --working-directory "../Work\Collect" --sources-directory "../Temp\ExportOutput" --stdin null
[09:26:11 INF] Start process=True PID=5000 dotnet Usercube-Prepare-SynchronizationChange.dll --progress-task-instance-id 3476 --api-url "https://dev-fusion-iam.caa.group.gca/" --api-client-id "Job" --log-level 0 --connector 8 --working-directory "../Work\Collect" --sources-directory "../Temp\ExportOutput" --stdin
[09:26:12 DBG] HttpClient.Send: GET https://dev-fusion-iam.caa.group.gca/api/Job/TaskInstance/3476?api-version=1.0&squery=join%20Task%20t%20select%20t.ContinueOnError%2C%20State&path=/Jobs/TaskInstance/Query&QueryRootEntityType=TaskInstance
[09:26:12 VRB] HandleQuery SelectTaskInstanceInvokeJobQuery
[09:26:12 DBG] HttpClient.Send: GET https://dev-fusion-iam.caa.group.gca/api/Job/TaskInstance/GetTaskInstanceInvokeJob/3476?api-version=2.0&jobInstanceId=691&taskId=239&jobId=4
[09:26:12 INF] Task: HR_Synchro_Incremental_Scaffolding_PrepareSynchronization_HR Completed with state Error
[09:26:12 ERR] The task: 'HR_Synchro_Incremental_Scaffolding_PrepareSynchronization_HR' finished in an errored state
[09:26:12 VRB] HandleCommand SendJobNotificationCommand
[09:26:12 DBG] HttpClient.Send: PUT https://dev-fusion-iam.caa.group.gca/api/Job/Job/Notification?api-version=1.0
[09:26:17 DBG] HttpClient.Send: PUT https://dev-fusion-iam.caa.group.gca/api/Job/JobInstance/Progression/691?api-version=3.0&jobGroupId=4&current=5&totalTask=25&state=Error&resourceId=-1&cancelRequest=False&retry=False
[09:26:17 ERR] Exception while running state machine for job: 4
System.ApplicationException: Task not completed: Instance state = Error
   at Usercube.Jobs.StateMachine.RunStateMachine.CheckEndInstanceState(InstanceState state, IInvokeJobProgress progress)
   at Usercube.InvokeJob.InvokeJobCommandHandler.Handle(InvokeJobCommand invokeJobCommand)
[09:26:17 ERR] Task not completed: Instance state = Error
System.ApplicationException: Task not completed: Instance state = Error
   at Usercube.Jobs.StateMachine.RunStateMachine.CheckEndInstanceState(InstanceState state, IInvokeJobProgress progress)
   at Usercube.InvokeJob.InvokeJobCommandHandler.Handle(InvokeJobCommand invokeJobCommand)
