[15:12:19 VRB] Getting the previously tracked accounts from '../Work\PasswordReset\tracked-accounts-ADPacificaExportFulfillment.csv'...
[15:12:19 VRB] 0 tracked accounts found
[15:12:19 VRB] HandleQuery SelectProvisionerResourceTypeMappingByQueryQuery
[15:12:19 DBG] HttpClient.Send: GET https://dev-fusion-iam.caa.group.gca/api/Connectors/Mapping/ResourceTypeMapping/ProvisionerResourceTypeMapping?api-version=2.0&Path=%2FConnectors%2FResourceTypeMapping%2FQuery&resourcetypes=2
[15:12:19 VRB] Refreshed token: token expiration date=02/07/2025 15:09:18
[15:12:20 VRB] HandleCommand FulfillLdapCommand
[15:12:20 INF] Fulfill-Ldap started ResourceTypes=2 TaskInstanceId=6003
[15:12:20 DBG] HttpClient.Send: PUT https://dev-fusion-iam.caa.group.gca/api/Job/TaskInstance/Progression/6003?api-version=1.0
[15:12:20 DBG] Fetching provisioning orders api/ResourceTypeProvisioner/ResourceTypeProvisioningData?api-version=2.0&ResourceTypes=2
[15:12:20 DBG] HttpClient.Send: GET https://dev-fusion-iam.caa.group.gca/api/ResourceTypeProvisioner/ResourceTypeProvisioningData?api-version=2.0&ResourceTypes=2
[15:12:20 DBG] Fetching provisioning orders api/ResourceTypeProvisioner/ResourceTypeProvisioningData?api-version=2.0&ResourceTypes=2
[15:12:20 DBG] HttpClient.Send: GET https://dev-fusion-iam.caa.group.gca/api/ResourceTypeProvisioner/ResourceTypeProvisioningData?api-version=2.0&ResourceTypes=2
[15:12:20 VRB] DeleteRequest
[15:12:20 ERR] DirectoryOperationException 00000005: SecErr: DSID-03152C8C, problem 4003 (INSUFF_ACCESS_RIGHTS), data 0
 DeleteRequest
System.DirectoryServices.Protocols.DirectoryOperationException: The user has insufficient access rights. 00000005: SecErr: DSID-03152C8C, problem 4003 (INSUFF_ACCESS_RIGHTS), data 0

   at System.DirectoryServices.Protocols.LdapConnection.ConstructResponseAsync(Int32 messageId, LdapOperation operation, ResultAll resultType, TimeSpan requestTimeOut, Boolean exceptionOnTimeOut, Boolean sync)
   at System.DirectoryServices.Protocols.LdapConnection.SendRequest(DirectoryRequest request, TimeSpan requestTimeout)
   at System.DirectoryServices.Protocols.LdapConnection.SendRequest(DirectoryRequest request)
   at Usercube.Fulfill.Ldap.Impl.ResourceProvisioningActor.TrySendRequest(LdapConnection connection, DirectoryRequest request, AssignedResourceTypeRef assignedResourceTypeId, EntityTypeRef ownerType, ResourceRef ownerId, ProvisioningResult& result)
[15:12:20 DBG] HttpClient.Send: PUT https://dev-fusion-iam.caa.group.gca/api/Connectors/Provisioning/ProvisioningResults?api-version=1.0
[15:12:20 DBG] Saved tracked password reset accounts
[15:12:20 INF] Fulfillment process completed. Executed orders: 1/1 - Inserted: 0 | Updated: 0 | Deleted: 1 | Errors: 1
[15:12:20 DBG] HttpClient.Send: PUT https://dev-fusion-iam.caa.group.gca/api/Job/TaskInstance/Progression/6003?api-version=1.0
[15:12:20 INF] Fulfill-Ldap completed TaskInstanceId=6003
