[14:29:45 DBG] HttpClient.Send: PUT https://dev-fusion-iam.caa.group.gca/api/Job/JobInstance/Progression/851?api-version=3.0&jobGroupId=42002&current=0&totalTask=0&state=InProgress&resourceId=-1&cancelRequest=False&retry=False
[14:29:45 VRB] Refreshed token: token expiration date=01/30/2025 14:26:44
[14:29:45 VRB] HandleQuery SelectConsolidateJobQuery
[14:29:45 DBG] HttpClient.Send: GET https://dev-fusion-iam.caa.group.gca/api/Job/Job/RunStateMachineJob?api-version=4.0&path=/Jobs/Job/Query&jobIdentifier=42002&repair=False&beginJobStep=-1&endJobStep=-1&forceSynchronizationProvisioning=False&retry=False&launchTaskType=0&taskIdentifier=&taskIdentifierContains=&beginTaskExcluded=&endTaskExcluded=&jobInstanceId=851&jobId=42002
[14:29:46 VRB] HandleCommand ReserveTaskInstanceIdCommand
[14:29:46 VRB] Reserve 12 next TaskInstanceId
[14:29:46 DBG] HttpClient.Send: PUT https://dev-fusion-iam.caa.group.gca/api/Job/TaskInstance/GetTaskInstanceId/12?api-version=1.0
[14:29:46 VRB] Check the JobInstance state for JobInstance 851.
[14:29:46 VRB] HandleQuery SelectJobInstanceByIdQuery
[14:29:46 DBG] HttpClient.Send: GET https://dev-fusion-iam.caa.group.gca/api/Job/JobInstance/851?api-version=2.0&squery=select%20State&path=/Jobs/JobInstance/Query&QueryRootEntityType=JobInstance
[14:29:46 INF] ExportTask: OUD_LDAP_Synchronize_Complete_Scaffolding_Export_OUD_LDAP_Complete_OUDLDAPExportFulfillment (Level: 0, LaunchOrder: 0)
    Connector: OUD_LDAP
    Mode: Complete
    ConnectionIdentifier: OUDLDAPExportFulfillment
    ExportType: ExportLdap
    ContinueOnError:  True

[14:29:46 VRB] Check the instance state for Task OUD_LDAP_Synchronize_Complete_Scaffolding_Export_OUD_LDAP_Complete_OUDLDAPExportFulfillment
[14:29:46 VRB] HandleCommand TaskInstanceProgressCommand
[14:29:46 DBG] HttpClient.Send: PUT https://dev-fusion-iam.caa.group.gca/api/Job/TaskInstance/Progress?api-version=2.0
[14:29:46 INF] Launch task: ExportTask: OUD_LDAP_Synchronize_Complete_Scaffolding_Export_OUD_LDAP_Complete_OUDLDAPExportFulfillment, Task 1/12
[14:29:46 VRB] HandleCommand RunTaskCommand
[14:29:47 INF] Launch ExportTask : OUD_LDAP_Synchronize_Complete_Scaffolding_Export_OUD_LDAP_Complete_OUDLDAPExportFulfillment
[14:29:47 DBG] Start Process dotnet Usercube-Export-Ldap.dll --progress-task-instance-id 4816 --api-url "https://dev-fusion-iam.caa.group.gca/" --api-client-id "Job" --log-level 0 --output-path "../Temp\ExportOutput" --connection-identifier "OUDLDAPExportFulfillment" --server "10.240.124.112:2201" --auth-type "Basic" --enable-ssl "True" --no-signing "False" --controls "PagedResult" --tables "entries" "member" --sync-dn "o=unixauthcaashp" "o=unixauthcaashp" --sync-filter "(objectclass=*)" "(&(member=*)(objectclass=*))" --sync-scope "Subtree" "Subtree" --timeout 30 --sizeLimit 5000 --timeLimit 5 --stdin null
[14:29:47 INF] Start process=True PID=4780 dotnet Usercube-Export-Ldap.dll --progress-task-instance-id 4816 --api-url "https://dev-fusion-iam.caa.group.gca/" --api-client-id "Job" --log-level 0 --output-path "../Temp\ExportOutput" --connection-identifier "OUDLDAPExportFulfillment" --server "10.240.124.112:2201" --auth-type "Basic" --enable-ssl "True" --no-signing "False" --controls "PagedResult" --tables "entries" "member" --sync-dn "o=unixauthcaashp" "o=unixauthcaashp" --sync-filter "(objectclass=*)" "(&(member=*)(objectclass=*))" --sync-scope "Subtree" "Subtree" --timeout 30 --sizeLimit 5000 --timeLimit 5 --stdin
[14:29:50 DBG] HttpClient.Send: GET https://dev-fusion-iam.caa.group.gca/api/Job/TaskInstance/4816?api-version=1.0&squery=join%20Task%20t%20select%20t.ContinueOnError%2C%20State&path=/Jobs/TaskInstance/Query&QueryRootEntityType=TaskInstance
[14:29:50 VRB] HandleQuery SelectTaskInstanceInvokeJobQuery
[14:29:50 DBG] HttpClient.Send: GET https://dev-fusion-iam.caa.group.gca/api/Job/TaskInstance/GetTaskInstanceInvokeJob/4816?api-version=2.0&jobInstanceId=851&taskId=65015&jobId=42002
[14:29:50 INF] Task: OUD_LDAP_Synchronize_Complete_Scaffolding_Export_OUD_LDAP_Complete_OUDLDAPExportFulfillment Completed with state Completed
[14:29:50 VRB] Check the JobInstance state for JobInstance 851.
[14:29:50 VRB] HandleQuery SelectJobInstanceByIdQuery
[14:29:50 DBG] HttpClient.Send: GET https://dev-fusion-iam.caa.group.gca/api/Job/JobInstance/851?api-version=2.0&squery=select%20State&path=/Jobs/JobInstance/Query&QueryRootEntityType=JobInstance
[14:29:50 INF] PrepareSynchronizationTask: OUD_LDAP_Synchronize_Complete_Scaffolding_PrepareSynchronization_OUD_LDAP_Complete (Level: 1, LaunchOrder: 1)
    Synchronization Mode: Complete
    Connector: OUD_LDAP
    Parent: OUD_LDAP_Synchronize_Complete_Scaffolding_Export_OUD_LDAP_Complete_OUDLDAPExportFulfillment

[14:29:50 VRB] Check the instance state for Task OUD_LDAP_Synchronize_Complete_Scaffolding_PrepareSynchronization_OUD_LDAP_Complete
[14:29:50 VRB] HandleCommand TaskInstanceProgressCommand
[14:29:50 DBG] HttpClient.Send: PUT https://dev-fusion-iam.caa.group.gca/api/Job/TaskInstance/Progress?api-version=2.0
[14:29:50 INF] Launch task: PrepareSynchronizationTask: OUD_LDAP_Synchronize_Complete_Scaffolding_PrepareSynchronization_OUD_LDAP_Complete, Task 2/12
[14:29:50 VRB] HandleCommand RunTaskCommand
[14:29:50 INF] Launch PrepareSynchronizationTask : OUD_LDAP_Synchronize_Complete_Scaffolding_PrepareSynchronization_OUD_LDAP_Complete
[14:29:50 DBG] Start Process dotnet Usercube-Prepare-Synchronization.dll --progress-task-instance-id 4817 --api-url "https://dev-fusion-iam.caa.group.gca/" --api-client-id "Job" --log-level 0 --connector 34001 --working-directory "../Work\Collect" --sources-directory "../Temp\ExportOutput" --synchronization-mode "Complete" --stdin null
[14:29:50 INF] Start process=True PID=5092 dotnet Usercube-Prepare-Synchronization.dll --progress-task-instance-id 4817 --api-url "https://dev-fusion-iam.caa.group.gca/" --api-client-id "Job" --log-level 0 --connector 34001 --working-directory "../Work\Collect" --sources-directory "../Temp\ExportOutput" --synchronization-mode "Complete" --stdin
[14:29:55 DBG] HttpClient.Send: GET https://dev-fusion-iam.caa.group.gca/api/Job/TaskInstance/4817?api-version=1.0&squery=join%20Task%20t%20select%20t.ContinueOnError%2C%20State&path=/Jobs/TaskInstance/Query&QueryRootEntityType=TaskInstance
[14:29:55 VRB] HandleQuery SelectTaskInstanceInvokeJobQuery
[14:29:55 DBG] HttpClient.Send: GET https://dev-fusion-iam.caa.group.gca/api/Job/TaskInstance/GetTaskInstanceInvokeJob/4817?api-version=2.0&jobInstanceId=851&taskId=65019&jobId=42002
[14:29:55 INF] Task: OUD_LDAP_Synchronize_Complete_Scaffolding_PrepareSynchronization_OUD_LDAP_Complete Completed with state Completed
[14:29:55 DBG] HttpClient.Send: PUT https://dev-fusion-iam.caa.group.gca/api/Job/JobInstance/Progression/851?api-version=3.0&jobGroupId=42002&current=2&totalTask=12&state=InProgress&resourceId=-1&cancelRequest=False&retry=False
[14:29:55 VRB] Check the JobInstance state for JobInstance 851.
[14:29:55 VRB] HandleQuery SelectJobInstanceByIdQuery
[14:29:55 DBG] HttpClient.Send: GET https://dev-fusion-iam.caa.group.gca/api/Job/JobInstance/851?api-version=2.0&squery=select%20State&path=/Jobs/JobInstance/Query&QueryRootEntityType=JobInstance
[14:29:55 INF] SynchronizeTask: OUD_LDAP_Synchronize_Complete_Scaffolding_Synchronize_OUD_LDAP (Level: 2, LaunchOrder: 2)
    Connector: OUD_LDAP
    Parent: OUD_LDAP_Synchronize_Complete_Scaffolding_PrepareSynchronization_OUD_LDAP_Complete

[14:29:55 VRB] Check the instance state for Task OUD_LDAP_Synchronize_Complete_Scaffolding_Synchronize_OUD_LDAP
[14:29:55 VRB] HandleCommand TaskInstanceProgressCommand
[14:29:55 DBG] HttpClient.Send: PUT https://dev-fusion-iam.caa.group.gca/api/Job/TaskInstance/Progress?api-version=2.0
[14:29:55 INF] Launch task: SynchronizeTask: OUD_LDAP_Synchronize_Complete_Scaffolding_Synchronize_OUD_LDAP, Task 3/12
[14:29:55 VRB] HandleCommand RunTaskCommand
[14:29:55 DBG] HttpClient.Send: POST https://dev-fusion-iam.caa.group.gca/api/Job/Task/RunTask/65021?api-version=4.0&jobInstanceId=851&jobLogLevel=Trace
[14:29:56 VRB] HandleQuery SelectTaskInstanceInvokeJobQuery
[14:29:56 DBG] HttpClient.Send: GET https://dev-fusion-iam.caa.group.gca/api/Job/TaskInstance/GetTaskInstanceInvokeJob/4818?api-version=2.0&jobInstanceId=851&taskId=65021&jobId=42002
[14:29:56 INF] Task: OUD_LDAP_Synchronize_Complete_Scaffolding_Synchronize_OUD_LDAP Completed with state Completed
[14:29:56 INF] UpdateEntityPropertyExpressionsTask: OUD_LDAP_Synchronize_Complete_Scaffolding_UpdateEntityPropertyExpressions1 (Level: 3, LaunchOrder: 3)
    EntityType: Directory_User, OUD_LDAP_Entry

[14:29:56 VRB] Check the instance state for Task OUD_LDAP_Synchronize_Complete_Scaffolding_UpdateEntityPropertyExpressions1
[14:29:56 VRB] HandleCommand TaskInstanceProgressCommand
[14:29:56 DBG] HttpClient.Send: PUT https://dev-fusion-iam.caa.group.gca/api/Job/TaskInstance/Progress?api-version=2.0
[14:29:56 INF] Launch task: UpdateEntityPropertyExpressionsTask: OUD_LDAP_Synchronize_Complete_Scaffolding_UpdateEntityPropertyExpressions1, Task 4/12
[14:29:56 VRB] HandleCommand RunTaskCommand
[14:29:56 DBG] HttpClient.Send: POST https://dev-fusion-iam.caa.group.gca/api/Job/Task/RunTask/65022?api-version=4.0&jobInstanceId=851&jobLogLevel=Trace
[14:29:57 VRB] HandleQuery SelectTaskInstanceInvokeJobQuery
[14:29:57 DBG] HttpClient.Send: GET https://dev-fusion-iam.caa.group.gca/api/Job/TaskInstance/GetTaskInstanceInvokeJob/4819?api-version=2.0&jobInstanceId=851&taskId=65022&jobId=42002
[14:29:57 INF] Task: OUD_LDAP_Synchronize_Complete_Scaffolding_UpdateEntityPropertyExpressions1 Completed with state Completed
[14:29:57 VRB] Check the JobInstance state for JobInstance 851.
[14:29:57 VRB] HandleQuery SelectJobInstanceByIdQuery
[14:29:57 DBG] HttpClient.Send: GET https://dev-fusion-iam.caa.group.gca/api/Job/JobInstance/851?api-version=2.0&squery=select%20State&path=/Jobs/JobInstance/Query&QueryRootEntityType=JobInstance
[14:29:57 INF] ComputeCorrelationKeysTask: OUD_LDAP_Synchronize_Complete_Scaffolding_ComputeCorrelationKeys1_AllEntities (Level: 4, LaunchOrder: 4)
    EntityType: Directory_User, OUD_LDAP_Entry

[14:29:57 VRB] Check the instance state for Task OUD_LDAP_Synchronize_Complete_Scaffolding_ComputeCorrelationKeys1_AllEntities
[14:29:57 VRB] HandleCommand TaskInstanceProgressCommand
[14:29:57 DBG] HttpClient.Send: PUT https://dev-fusion-iam.caa.group.gca/api/Job/TaskInstance/Progress?api-version=2.0
[14:29:57 INF] Launch task: ComputeCorrelationKeysTask: OUD_LDAP_Synchronize_Complete_Scaffolding_ComputeCorrelationKeys1_AllEntities, Task 5/12
[14:29:57 VRB] HandleCommand RunTaskCommand
[14:29:57 DBG] HttpClient.Send: POST https://dev-fusion-iam.caa.group.gca/api/Job/Task/RunTask/65012?api-version=4.0&jobInstanceId=851&jobLogLevel=Trace
[14:30:07 VRB] HandleQuery SelectTaskInstanceInvokeJobQuery
[14:30:07 DBG] HttpClient.Send: GET https://dev-fusion-iam.caa.group.gca/api/Job/TaskInstance/GetTaskInstanceInvokeJob/4820?api-version=2.0&jobInstanceId=851&taskId=65012&jobId=42002
[14:30:07 INF] Task: OUD_LDAP_Synchronize_Complete_Scaffolding_ComputeCorrelationKeys1_AllEntities Completed with state Completed
[14:30:07 DBG] HttpClient.Send: PUT https://dev-fusion-iam.caa.group.gca/api/Job/JobInstance/Progression/851?api-version=3.0&jobGroupId=42002&current=5&totalTask=12&state=InProgress&resourceId=-1&cancelRequest=False&retry=False
[14:30:07 VRB] Check the JobInstance state for JobInstance 851.
[14:30:07 VRB] HandleQuery SelectJobInstanceByIdQuery
[14:30:07 DBG] HttpClient.Send: GET https://dev-fusion-iam.caa.group.gca/api/Job/JobInstance/851?api-version=2.0&squery=select%20State&path=/Jobs/JobInstance/Query&QueryRootEntityType=JobInstance
[14:30:07 INF] ComputeRoleModelTask: OUD_LDAP_Synchronize_Complete_Scaffolding_ComputeRoleModel1 (Level: 5, LaunchOrder: 5)
    EntityType: Directory_User

[14:30:07 VRB] Check the instance state for Task OUD_LDAP_Synchronize_Complete_Scaffolding_ComputeRoleModel1
[14:30:07 VRB] HandleCommand TaskInstanceProgressCommand
[14:30:07 DBG] HttpClient.Send: PUT https://dev-fusion-iam.caa.group.gca/api/Job/TaskInstance/Progress?api-version=2.0
[14:30:07 INF] Launch task: ComputeRoleModelTask: OUD_LDAP_Synchronize_Complete_Scaffolding_ComputeRoleModel1, Task 6/12
[14:30:07 VRB] HandleCommand RunTaskCommand
[14:30:07 DBG] HttpClient.Send: POST https://dev-fusion-iam.caa.group.gca/api/Job/Task/RunTask/65014?api-version=4.0&jobInstanceId=851&jobLogLevel=Trace
[14:30:16 VRB] HandleQuery SelectTaskInstanceInvokeJobQuery
[14:30:16 DBG] HttpClient.Send: GET https://dev-fusion-iam.caa.group.gca/api/Job/TaskInstance/GetTaskInstanceInvokeJob/4821?api-version=2.0&jobInstanceId=851&taskId=65014&jobId=42002
[14:30:16 INF] Task: OUD_LDAP_Synchronize_Complete_Scaffolding_ComputeRoleModel1 Completed with state Completed
[14:30:16 DBG] HttpClient.Send: PUT https://dev-fusion-iam.caa.group.gca/api/Job/JobInstance/Progression/851?api-version=3.0&jobGroupId=42002&current=6&totalTask=12&state=InProgress&resourceId=-1&cancelRequest=False&retry=False
[14:30:16 VRB] Check the JobInstance state for JobInstance 851.
[14:30:16 VRB] HandleQuery SelectJobInstanceByIdQuery
[14:30:16 DBG] HttpClient.Send: GET https://dev-fusion-iam.caa.group.gca/api/Job/JobInstance/851?api-version=2.0&squery=select%20State&path=/Jobs/JobInstance/Query&QueryRootEntityType=JobInstance
[14:30:16 INF] ComputeRiskScoresTask: OUD_LDAP_Synchronize_Complete_Scaffolding_ComputeRiskScores1 (Level: 6, LaunchOrder: 6)
    EntityType: Directory_User

[14:30:16 VRB] Check the instance state for Task OUD_LDAP_Synchronize_Complete_Scaffolding_ComputeRiskScores1
[14:30:16 VRB] HandleCommand TaskInstanceProgressCommand
[14:30:16 DBG] HttpClient.Send: PUT https://dev-fusion-iam.caa.group.gca/api/Job/TaskInstance/Progress?api-version=2.0
[14:30:16 INF] Launch task: ComputeRiskScoresTask: OUD_LDAP_Synchronize_Complete_Scaffolding_ComputeRiskScores1, Task 7/12
[14:30:16 VRB] HandleCommand RunTaskCommand
[14:30:16 DBG] HttpClient.Send: POST https://dev-fusion-iam.caa.group.gca/api/Job/Task/RunTask/65013?api-version=4.0&jobInstanceId=851&jobLogLevel=Trace
[14:30:17 VRB] HandleQuery SelectTaskInstanceInvokeJobQuery
[14:30:17 DBG] HttpClient.Send: GET https://dev-fusion-iam.caa.group.gca/api/Job/TaskInstance/GetTaskInstanceInvokeJob/4822?api-version=2.0&jobInstanceId=851&taskId=65013&jobId=42002
[14:30:17 INF] Task: OUD_LDAP_Synchronize_Complete_Scaffolding_ComputeRiskScores1 Completed with state Completed
[14:30:17 INF] GenerateProvisioningOrdersTask: OUD_LDAP_Synchronize_Complete_Scaffolding_GenerateProvisioningOrders1 (Level: 7, LaunchOrder: 7)
    ResourceType: OUD_LDAP_Entry_NominativeUser

[14:30:17 VRB] Check the instance state for Task OUD_LDAP_Synchronize_Complete_Scaffolding_GenerateProvisioningOrders1
[14:30:17 VRB] HandleCommand TaskInstanceProgressCommand
[14:30:17 DBG] HttpClient.Send: PUT https://dev-fusion-iam.caa.group.gca/api/Job/TaskInstance/Progress?api-version=2.0
[14:30:17 INF] Launch task: GenerateProvisioningOrdersTask: OUD_LDAP_Synchronize_Complete_Scaffolding_GenerateProvisioningOrders1, Task 8/12
[14:30:17 VRB] HandleCommand RunTaskCommand
[14:30:17 DBG] HttpClient.Send: POST https://dev-fusion-iam.caa.group.gca/api/Job/Task/RunTask/65017?api-version=4.0&jobInstanceId=851&jobLogLevel=Trace
[14:30:18 VRB] HandleQuery SelectTaskInstanceInvokeJobQuery
[14:30:18 DBG] HttpClient.Send: GET https://dev-fusion-iam.caa.group.gca/api/Job/TaskInstance/GetTaskInstanceInvokeJob/4823?api-version=2.0&jobInstanceId=851&taskId=65017&jobId=42002
[14:30:18 INF] Task: OUD_LDAP_Synchronize_Complete_Scaffolding_GenerateProvisioningOrders1 Completed with state Completed
[14:30:18 INF] FulfillTask: OUD_LDAP_Synchronize_Complete_Scaffolding_Fulfill1 (Level: 8, LaunchOrder: 8)
    ConnectionIdentifier: OUDLDAPExportFulfillment
    FulfillmentType: FulfillLdap
    ContinueOnError: True
    Parent: OUD_LDAP_Synchronize_Complete_Scaffolding_GenerateProvisioningOrders1
    ResourceType: OUD_LDAP_Entry_NominativeUser

[14:30:18 VRB] Check the instance state for Task OUD_LDAP_Synchronize_Complete_Scaffolding_Fulfill1
[14:30:18 VRB] HandleCommand TaskInstanceProgressCommand
[14:30:18 DBG] HttpClient.Send: PUT https://dev-fusion-iam.caa.group.gca/api/Job/TaskInstance/Progress?api-version=2.0
[14:30:18 INF] The Task: OUD_LDAP_Synchronize_Complete_Scaffolding_Fulfill1 has not been launched because no treatment is required.
[14:30:18 INF] UpdateParametersContextDisplayNamesTask: OUD_LDAP_Synchronize_Complete_Scaffolding_UpdateParametersContextDisplayNames (Level: 9, LaunchOrder: 9)

[14:30:18 VRB] Check the instance state for Task OUD_LDAP_Synchronize_Complete_Scaffolding_UpdateParametersContextDisplayNames
[14:30:18 VRB] HandleCommand TaskInstanceProgressCommand
[14:30:18 DBG] HttpClient.Send: PUT https://dev-fusion-iam.caa.group.gca/api/Job/TaskInstance/Progress?api-version=2.0
[14:30:18 INF] Launch task: UpdateParametersContextDisplayNamesTask: OUD_LDAP_Synchronize_Complete_Scaffolding_UpdateParametersContextDisplayNames, Task 10/12
[14:30:18 VRB] HandleCommand RunTaskCommand
[14:30:18 DBG] HttpClient.Send: POST https://dev-fusion-iam.caa.group.gca/api/Job/Task/RunTask/65023?api-version=4.0&jobInstanceId=851&jobLogLevel=Trace
[14:30:19 VRB] HandleQuery SelectTaskInstanceInvokeJobQuery
[14:30:19 DBG] HttpClient.Send: GET https://dev-fusion-iam.caa.group.gca/api/Job/TaskInstance/GetTaskInstanceInvokeJob/4825?api-version=2.0&jobInstanceId=851&taskId=65023&jobId=42002
[14:30:19 INF] Task: OUD_LDAP_Synchronize_Complete_Scaffolding_UpdateParametersContextDisplayNames Completed with state Completed
[14:30:19 VRB] Check the JobInstance state for JobInstance 851.
[14:30:19 VRB] HandleQuery SelectJobInstanceByIdQuery
[14:30:19 DBG] HttpClient.Send: GET https://dev-fusion-iam.caa.group.gca/api/Job/JobInstance/851?api-version=2.0&squery=select%20State&path=/Jobs/JobInstance/Query&QueryRootEntityType=JobInstance
[14:30:19 INF] SendRoleModelNotificationsTask: OUD_LDAP_Synchronize_Complete_Scaffolding_SendRoleModelNotifications (Level: 10, LaunchOrder: 10)

[14:30:19 VRB] Check the instance state for Task OUD_LDAP_Synchronize_Complete_Scaffolding_SendRoleModelNotifications
[14:30:19 VRB] HandleCommand TaskInstanceProgressCommand
[14:30:19 DBG] HttpClient.Send: PUT https://dev-fusion-iam.caa.group.gca/api/Job/TaskInstance/Progress?api-version=2.0
[14:30:19 INF] Launch task: SendRoleModelNotificationsTask: OUD_LDAP_Synchronize_Complete_Scaffolding_SendRoleModelNotifications, Task 11/12
[14:30:19 VRB] HandleCommand RunTaskCommand
[14:30:19 DBG] HttpClient.Send: POST https://dev-fusion-iam.caa.group.gca/api/Job/Task/RunTask/65020?api-version=4.0&jobInstanceId=851&jobLogLevel=Trace
[14:30:20 VRB] HandleQuery SelectTaskInstanceInvokeJobQuery
[14:30:20 DBG] HttpClient.Send: GET https://dev-fusion-iam.caa.group.gca/api/Job/TaskInstance/GetTaskInstanceInvokeJob/4826?api-version=2.0&jobInstanceId=851&taskId=65020&jobId=42002
[14:30:20 INF] Task: OUD_LDAP_Synchronize_Complete_Scaffolding_SendRoleModelNotifications Completed with state Completed
[14:30:20 INF] MaintainIndexesTask: OUD_LDAP_Synchronize_Complete_Scaffolding_MaintainIndexes (Level: 11, LaunchOrder: 11)
    Rebuild Threshold: 0
    Reorganize Threshold: 0
    Page Count: 0
    Update Statistics Threshold: 0

[14:30:20 VRB] Check the instance state for Task OUD_LDAP_Synchronize_Complete_Scaffolding_MaintainIndexes
[14:30:20 VRB] HandleCommand TaskInstanceProgressCommand
[14:30:20 DBG] HttpClient.Send: PUT https://dev-fusion-iam.caa.group.gca/api/Job/TaskInstance/Progress?api-version=2.0
[14:30:20 INF] Launch task: MaintainIndexesTask: OUD_LDAP_Synchronize_Complete_Scaffolding_MaintainIndexes, Task 12/12
[14:30:20 VRB] HandleCommand RunTaskCommand
[14:30:20 DBG] HttpClient.Send: POST https://dev-fusion-iam.caa.group.gca/api/Job/Task/RunTask/65018?api-version=4.0&jobInstanceId=851&jobLogLevel=Trace
[14:30:32 VRB] HandleQuery SelectTaskInstanceInvokeJobQuery
[14:30:32 DBG] HttpClient.Send: GET https://dev-fusion-iam.caa.group.gca/api/Job/TaskInstance/GetTaskInstanceInvokeJob/4827?api-version=2.0&jobInstanceId=851&taskId=65018&jobId=42002
[14:30:32 INF] Task: OUD_LDAP_Synchronize_Complete_Scaffolding_MaintainIndexes Completed with state Completed
[14:30:32 DBG] HttpClient.Send: PUT https://dev-fusion-iam.caa.group.gca/api/Job/JobInstance/Progression/851?api-version=3.0&jobGroupId=42002&current=12&totalTask=12&state=InProgress&resourceId=-1&cancelRequest=False&retry=False
[14:30:32 DBG] HttpClient.Send: PUT https://dev-fusion-iam.caa.group.gca/api/Job/JobInstance/Progression/851?api-version=3.0&jobGroupId=42002&current=12&totalTask=12&state=Completed&resourceId=-1&cancelRequest=False&retry=False
