[15:31:12 INF] PrepareSynchronization started for Connector=34001 SynchronizationMode=Complete WorkingDirectory=../Work\Collect
[15:31:12 DBG] HttpClient.Send: POST https://dev-fusion-iam.caa.group.gca/api/Connectors/Connector/OpenSynchronizeSession?api-version=1.0
[15:31:12 VRB] Refreshed token: token expiration date=01/30/2025 15:28:11
Synchronization session created
[15:31:12 DBG] HttpClient.Send: GET https://dev-fusion-iam.caa.group.gca/api/Connectors/Connector/34001?api-version=2.0&squery=join%20EntityTypeMappings%20etm%20join%20EntityAssociationMappings%20eam%20join%20etm.EntityPropertyMappings%20epm%20join%20epm.EntityProperty%20ep%20join%20etm.EntityType%20et%20join%20eam.EntityAssociation%20ea%20join%20eam.EntityPropertyMapping1%20eam1%20join%20eam1.EntityProperty%20eamp1%20join%20eam.EntityPropertyMapping2%20eam2%20join%20eam2.EntityProperty%20eamp2%20join%20ea.Property1%20eap1%20join%20ea.Property2%20eap2%20join%20Connections%20c%20join%20c.Package%20p%20select%20Id%2Cetm.ConnectionTable%2Cet.Identifier%2Cepm.ConnectionColumn%2Cepm.IsPrimaryKey%2Ceam.ConnectionTable%2Ceam.Column1%2Ceam.Column2%2Cea.Identifier%2Cea.IsProperty1Collection%2Cea.IsProperty2Collection%2Cep.TargetColumnIndex%2Cep.Type%2Cep.Identifier%2Ceap1.Identifier%2Ceap1.Type%2Ceap2.Identifier%2Ceap2.Type%2Ceamp1.TargetColumnIndex%2Ceamp2.TargetColumnIndex%2Cc.Id%2Cc.Identifier%2Cp.Id%2Cp.Identifier%20where%20%28etm.ConnectionTable%20%21%3D%20null%20and%20%28epm.ConnectionColumn%20%21%3D%20null%20or%20epm.Format%25%3D%22concat%22%20or%20epm.Format%3D%22multivaluedtext%22%29%29&path=/Connectors/Connector/Query
[15:31:12 DBG] HttpClient.Send: GET https://dev-fusion-iam.caa.group.gca/api/Connectors/Connector/CollationInfo?api-version=1.0
[15:31:12 DBG] HttpClient.Send: PUT https://dev-fusion-iam.caa.group.gca/api/Job/TaskInstance/Progression/4871?api-version=1.0
[15:31:12 DBG] ExtractionCommand InputFile=../Temp\ExportOutput\OUDLDAPExportFulfillment_entries.csv OutputFile=D:\UsercubeCAA\Work\Collect\34001\OUD_LDAP_Entry_parentdn
[15:31:12 DBG] ExtractionCommand InputFile=../Temp\ExportOutput\OUDLDAPExportFulfillment_manager.csv OutputFile=D:\UsercubeCAA\Work\Collect\34001\OUD_LDAP_Entry_manager
[15:31:12 DBG] ExtractionCommand InputFile=../Temp\ExportOutput\OUDLDAPExportFulfillment_entries.csv OutputFile=D:\UsercubeCAA\Work\Collect\34001\OUD_LDAP_Entry
[15:31:13 FTL] Error in Data Collection for Connector:34001
System.IO.FileNotFoundException: Could not find file 'D:\UsercubeCAA\Temp\ExportOutput\OUDLDAPExportFulfillment_manager.csv'.
File name: 'D:\UsercubeCAA\Temp\ExportOutput\OUDLDAPExportFulfillment_manager.csv'
   at Microsoft.Win32.SafeHandles.SafeFileHandle.CreateFile(String fullPath, FileMode mode, FileAccess access, FileShare share, FileOptions options)
   at Microsoft.Win32.SafeHandles.SafeFileHandle.Open(String fullPath, FileMode mode, FileAccess access, FileShare share, FileOptions options, Int64 preallocationSize, Nullable`1 unixCreateMode)
   at System.IO.Strategies.OSFileStreamStrategy..ctor(String path, FileMode mode, FileAccess access, FileShare share, FileOptions options, Int64 preallocationSize, Nullable`1 unixCreateMode)
   at System.IO.Strategies.FileStreamHelpers.ChooseStrategyCore(String path, FileMode mode, FileAccess access, FileShare share, FileOptions options, Int64 preallocationSize, Nullable`1 unixCreateMode)
   at System.IO.FileStream..ctor(String path, FileMode mode, FileAccess access, FileShare share)
   at Usercube.IO.Framework.FileFacade.GetStream(String filePath, FileMode fileMode, FileAccess fileAccess, FileShare fileShare)
   at Usercube.Csv.Framework.CsvFieldsExtractor.ExtractField(String inputFile, String outputFile, Encoding encoding, Char separator, Boolean allFieldsAreRequired, IFileFacade fileFacade, IReadOnlyList`1 neededColumns, ILogger logger)
   at Usercube.Collectors.CommandHandlers.CollectCommandHandler.Handle(ExtractionCommand command, IPrepareSynchronizationTaskProgress progress, CancellationToken cancellationToken)
   at Usercube.Collectors.Api.CollectActor.<>c__DisplayClass6_0.<RunCollect>b__1(CommandsByEntity command)
[15:31:15 DBG] HttpClient.Send: PUT https://dev-fusion-iam.caa.group.gca/api/Job/TaskInstance/Progression/4871?api-version=1.0
[15:31:15 FTL] Error in Data Collection for Connector:34001
System.AggregateException: One or more errors occurred. (Could not find file 'D:\UsercubeCAA\Temp\ExportOutput\OUDLDAPExportFulfillment_manager.csv'.)
 ---> System.IO.FileNotFoundException: Could not find file 'D:\UsercubeCAA\Temp\ExportOutput\OUDLDAPExportFulfillment_manager.csv'.
File name: 'D:\UsercubeCAA\Temp\ExportOutput\OUDLDAPExportFulfillment_manager.csv'
   at Microsoft.Win32.SafeHandles.SafeFileHandle.CreateFile(String fullPath, FileMode mode, FileAccess access, FileShare share, FileOptions options)
   at Microsoft.Win32.SafeHandles.SafeFileHandle.Open(String fullPath, FileMode mode, FileAccess access, FileShare share, FileOptions options, Int64 preallocationSize, Nullable`1 unixCreateMode)
   at System.IO.Strategies.OSFileStreamStrategy..ctor(String path, FileMode mode, FileAccess access, FileShare share, FileOptions options, Int64 preallocationSize, Nullable`1 unixCreateMode)
   at System.IO.Strategies.FileStreamHelpers.ChooseStrategyCore(String path, FileMode mode, FileAccess access, FileShare share, FileOptions options, Int64 preallocationSize, Nullable`1 unixCreateMode)
   at System.IO.FileStream..ctor(String path, FileMode mode, FileAccess access, FileShare share)
   at Usercube.IO.Framework.FileFacade.GetStream(String filePath, FileMode fileMode, FileAccess fileAccess, FileShare fileShare)
   at Usercube.Csv.Framework.CsvFieldsExtractor.ExtractField(String inputFile, String outputFile, Encoding encoding, Char separator, Boolean allFieldsAreRequired, IFileFacade fileFacade, IReadOnlyList`1 neededColumns, ILogger logger)
   at Usercube.Collectors.CommandHandlers.CollectCommandHandler.Handle(ExtractionCommand command, IPrepareSynchronizationTaskProgress progress, CancellationToken cancellationToken)
   at Usercube.Collectors.Api.CollectActor.<>c__DisplayClass6_0.<RunCollect>b__1(CommandsByEntity command)
   at System.Threading.Tasks.Parallel.<>c__DisplayClass19_0`2.<ForWorker>b__1(RangeWorker& currentWorker, Int64 timeout, Boolean& replicationDelegateYieldedBeforeCompletion)
--- End of stack trace from previous location ---
   at System.Threading.Tasks.Parallel.<>c__DisplayClass19_0`2.<ForWorker>b__1(RangeWorker& currentWorker, Int64 timeout, Boolean& replicationDelegateYieldedBeforeCompletion)
   at System.Threading.Tasks.TaskReplicator.Replica.Execute()
   --- End of inner exception stack trace ---
   at System.Threading.Tasks.TaskReplicator.Run[TState](ReplicatableUserAction`1 action, ParallelOptions options, Boolean stopOnFirstFailure)
   at System.Threading.Tasks.Parallel.ForWorker[TLocal,TInt](TInt fromInclusive, TInt toExclusive, ParallelOptions parallelOptions, Action`1 body, Action`2 bodyWithState, Func`4 bodyWithLocal, Func`1 localInit, Action`1 localFinally)
--- End of stack trace from previous location ---
   at System.Threading.Tasks.Parallel.ForWorker[TLocal,TInt](TInt fromInclusive, TInt toExclusive, ParallelOptions parallelOptions, Action`1 body, Action`2 bodyWithState, Func`4 bodyWithLocal, Func`1 localInit, Action`1 localFinally)
   at System.Threading.Tasks.Parallel.ForEachWorker[TSource,TLocal](IEnumerable`1 source, ParallelOptions parallelOptions, Action`1 body, Action`2 bodyWithState, Action`3 bodyWithStateAndIndex, Func`4 bodyWithStateAndLocal, Func`5 bodyWithEverything, Func`1 localInit, Action`1 localFinally)
   at System.Threading.Tasks.Parallel.ForEach[TSource](IEnumerable`1 source, ParallelOptions parallelOptions, Action`1 body)
   at Usercube.Collectors.Api.CollectActor.RunCollect(ConnectorRef connectorId, DataCollectType synchronizationMode, CancellationTokenSource cancellationTokenSource, IPrepareSynchronizationTaskProgress progress, Boolean computeDelta, DateTime syncDate, String sourcesDirectory)
[15:31:15 DBG] HttpClient.Send: DELETE https://dev-fusion-iam.caa.group.gca/api/Connectors/Connector/CloseSynchronizeSession/34001/20250130143112_0875b1c9-7967-4b95-a140-829d7c64cace?api-version=1.0&closeSessionMode=Error
Synchronization session closed
[15:31:15 INF] PrepareSynchronization completed for Connector=34001 SynchronizationMode=Complete WorkingDirectory=../Work\Collect
