[18:58:02 DBG] HttpClient.Send: PUT https://dev-fusion-iam.caa.group.gca/api/Job/JobInstance/Progression/951?api-version=3.0&jobGroupId=38001&current=0&totalTask=0&state=InProgress&resourceId=-1&cancelRequest=False&retry=False
[18:58:03 VRB] Refreshed token: token expiration date=02/03/2025 18:55:03
[18:58:03 VRB] HandleQuery SelectConsolidateJobQuery
[18:58:03 DBG] HttpClient.Send: GET https://dev-fusion-iam.caa.group.gca/api/Job/Job/RunStateMachineJob?api-version=4.0&path=/Jobs/Job/Query&jobIdentifier=38001&repair=False&beginJobStep=-1&endJobStep=-1&forceSynchronizationProvisioning=False&retry=False&launchTaskType=0&taskIdentifier=&taskIdentifierContains=&beginTaskExcluded=&endTaskExcluded=&jobInstanceId=951&jobId=38001
[18:58:03 VRB] HandleCommand ReserveTaskInstanceIdCommand
[18:58:03 VRB] Reserve 1 next TaskInstanceId
[18:58:03 DBG] HttpClient.Send: PUT https://dev-fusion-iam.caa.group.gca/api/Job/TaskInstance/GetTaskInstanceId/1?api-version=1.0
[18:58:03 VRB] Check the JobInstance state for JobInstance 951.
[18:58:03 VRB] HandleQuery SelectJobInstanceByIdQuery
[18:58:03 DBG] HttpClient.Send: GET https://dev-fusion-iam.caa.group.gca/api/Job/JobInstance/951?api-version=2.0&squery=select%20State&path=/Jobs/JobInstance/Query&QueryRootEntityType=JobInstance
[18:58:03 INF] InvokeExpressionTask: ADAExportScript (Level: 0, LaunchOrder: 0)
    Agent: CAA

[18:58:03 VRB] Check the instance state for Task ADAExportScript
[18:58:03 VRB] HandleCommand TaskInstanceProgressCommand
[18:58:03 DBG] HttpClient.Send: PUT https://dev-fusion-iam.caa.group.gca/api/Job/TaskInstance/Progress?api-version=2.0
[18:58:03 INF] Launch task: InvokeExpressionTask: ADAExportScript, Task 1/1
[18:58:03 VRB] HandleCommand RunTaskCommand
[18:58:03 INF] Launch InvokeExpressionTask : ADAExportScript
[18:58:03 DBG] Start Process dotnet Usercube-Invoke-ExpressionAgentSide.dll --progress-task-instance-id 5608 --api-url "https://dev-fusion-iam.caa.group.gca/" --api-client-id "Job" --log-level 0 --input-path "D:/UsercubeCAA/Scripts/ADA/ADA_Export.ps1" --stdin null
[18:58:03 INF] Start process=True PID=12660 dotnet Usercube-Invoke-ExpressionAgentSide.dll --progress-task-instance-id 5608 --api-url "https://dev-fusion-iam.caa.group.gca/" --api-client-id "Job" --log-level 0 --input-path "D:/UsercubeCAA/Scripts/ADA/ADA_Export.ps1" --stdin
[18:58:07 DBG] HttpClient.Send: GET https://dev-fusion-iam.caa.group.gca/api/Job/TaskInstance/5608?api-version=1.0&squery=join%20Task%20t%20select%20t.ContinueOnError%2C%20State&path=/Jobs/TaskInstance/Query&QueryRootEntityType=TaskInstance
[18:58:07 VRB] HandleQuery SelectTaskInstanceInvokeJobQuery
[18:58:07 DBG] HttpClient.Send: GET https://dev-fusion-iam.caa.group.gca/api/Job/TaskInstance/GetTaskInstanceInvokeJob/5608?api-version=2.0&jobInstanceId=951&taskId=61001&jobId=38001
[18:58:07 INF] Task: ADAExportScript Completed with state Completed
[18:58:07 DBG] HttpClient.Send: PUT https://dev-fusion-iam.caa.group.gca/api/Job/JobInstance/Progression/951?api-version=3.0&jobGroupId=38001&current=1&totalTask=1&state=InProgress&resourceId=-1&cancelRequest=False&retry=False
[18:58:07 DBG] HttpClient.Send: PUT https://dev-fusion-iam.caa.group.gca/api/Job/JobInstance/Progression/951?api-version=3.0&jobGroupId=38001&current=1&totalTask=1&state=Completed&resourceId=-1&cancelRequest=False&retry=False
