[16:01:40 DBG] HttpClient.Send: PUT https://dev-fusion-iam.caa.group.gca/api/Job/JobInstance/Progression/804?api-version=3.0&jobGroupId=2&current=0&totalTask=0&state=InProgress&resourceId=-1&cancelRequest=False&retry=False
[16:01:41 VRB] Refreshed token: token expiration date=01/29/2025 15:58:41
[16:01:41 VRB] HandleQuery SelectConsolidateJobQuery
[16:01:41 DBG] HttpClient.Send: GET https://dev-fusion-iam.caa.group.gca/api/Job/Job/RunStateMachineJob?api-version=4.0&path=/Jobs/Job/Query&jobIdentifier=2&repair=False&beginJobStep=-1&endJobStep=-1&forceSynchronizationProvisioning=False&retry=False&launchTaskType=0&taskIdentifier=&taskIdentifierContains=&beginTaskExcluded=&endTaskExcluded=&jobInstanceId=804&jobId=2
[16:01:41 VRB] HandleCommand ReserveTaskInstanceIdCommand
[16:01:41 VRB] Reserve 10 next TaskInstanceId
[16:01:41 DBG] HttpClient.Send: PUT https://dev-fusion-iam.caa.group.gca/api/Job/TaskInstance/GetTaskInstanceId/10?api-version=1.0
[16:01:41 VRB] Check the JobInstance state for JobInstance 804.
[16:01:41 VRB] HandleQuery SelectJobInstanceByIdQuery
[16:01:41 DBG] HttpClient.Send: GET https://dev-fusion-iam.caa.group.gca/api/Job/JobInstance/804?api-version=2.0&squery=select%20State&path=/Jobs/JobInstance/Query&QueryRootEntityType=JobInstance
[16:01:41 INF] ExportTask: Catalog_Synchro_Complete_Scaffolding_Export_ApplicationCatalogExport (Level: 0, LaunchOrder: 0)
    Connector: Catalog
    Mode: Complete
    ConnectionIdentifier: ApplicationCatalogExport
    ExportType: ExportCsv

[16:01:41 VRB] Check the instance state for Task Catalog_Synchro_Complete_Scaffolding_Export_ApplicationCatalogExport
[16:01:41 VRB] HandleCommand TaskInstanceProgressCommand
[16:01:41 DBG] HttpClient.Send: PUT https://dev-fusion-iam.caa.group.gca/api/Job/TaskInstance/Progress?api-version=2.0
[16:01:41 INF] Launch task: ExportTask: Catalog_Synchro_Complete_Scaffolding_Export_ApplicationCatalogExport, Task 1/10
[16:01:41 VRB] HandleCommand RunTaskCommand
[16:01:41 INF] Launch ExportTask : Catalog_Synchro_Complete_Scaffolding_Export_ApplicationCatalogExport
[16:01:41 DBG] Start Process dotnet Usercube-Export-Csv.dll --progress-task-instance-id 4549 --api-url "https://dev-fusion-iam.caa.group.gca/" --api-client-id "Job" --log-level 0 --output-path "../Temp\ExportOutput" --connection-identifier "ApplicationCatalogExport" --raw-files-path "D:\UsercubeCAA\Sources\Catalogue\Complete\Applications.csv" --separator ";" --lines-to-skip "0" --ignore-cookies --stdin null
[16:01:41 INF] Start process=True PID=5484 dotnet Usercube-Export-Csv.dll --progress-task-instance-id 4549 --api-url "https://dev-fusion-iam.caa.group.gca/" --api-client-id "Job" --log-level 0 --output-path "../Temp\ExportOutput" --connection-identifier "ApplicationCatalogExport" --raw-files-path "D:\UsercubeCAA\Sources\Catalogue\Complete\Applications.csv" --separator ";" --lines-to-skip "0" --ignore-cookies --stdin
[16:01:42 DBG] HttpClient.Send: GET https://dev-fusion-iam.caa.group.gca/api/Job/TaskInstance/4549?api-version=1.0&squery=join%20Task%20t%20select%20t.ContinueOnError%2C%20State&path=/Jobs/TaskInstance/Query&QueryRootEntityType=TaskInstance
[16:01:42 VRB] HandleQuery SelectTaskInstanceInvokeJobQuery
[16:01:42 DBG] HttpClient.Send: GET https://dev-fusion-iam.caa.group.gca/api/Job/TaskInstance/GetTaskInstanceInvokeJob/4549?api-version=2.0&jobInstanceId=804&taskId=219&jobId=2
[16:01:42 INF] Task: Catalog_Synchro_Complete_Scaffolding_Export_ApplicationCatalogExport Completed with state Completed
[16:01:42 INF] ExportTask: Catalog_Synchro_Complete_Scaffolding_Export_ProfileCatalogExport (Level: 1, LaunchOrder: 1)
    Connector: Catalog
    Mode: Complete
    ConnectionIdentifier: ProfileCatalogExport
    ExportType: ExportCsv

[16:01:42 VRB] Check the instance state for Task Catalog_Synchro_Complete_Scaffolding_Export_ProfileCatalogExport
[16:01:42 VRB] HandleCommand TaskInstanceProgressCommand
[16:01:42 DBG] HttpClient.Send: PUT https://dev-fusion-iam.caa.group.gca/api/Job/TaskInstance/Progress?api-version=2.0
[16:01:42 INF] Launch task: ExportTask: Catalog_Synchro_Complete_Scaffolding_Export_ProfileCatalogExport, Task 2/10
[16:01:42 VRB] HandleCommand RunTaskCommand
[16:01:42 INF] Launch ExportTask : Catalog_Synchro_Complete_Scaffolding_Export_ProfileCatalogExport
[16:01:42 DBG] Start Process dotnet Usercube-Export-Csv.dll --progress-task-instance-id 4550 --api-url "https://dev-fusion-iam.caa.group.gca/" --api-client-id "Job" --log-level 0 --output-path "../Temp\ExportOutput" --connection-identifier "ProfileCatalogExport" --raw-files-path "D:\UsercubeCAA\Sources\Catalogue\Complete\Profiles.csv" --separator ";" --lines-to-skip "0" --ignore-cookies --stdin null
[16:01:42 INF] Start process=True PID=9012 dotnet Usercube-Export-Csv.dll --progress-task-instance-id 4550 --api-url "https://dev-fusion-iam.caa.group.gca/" --api-client-id "Job" --log-level 0 --output-path "../Temp\ExportOutput" --connection-identifier "ProfileCatalogExport" --raw-files-path "D:\UsercubeCAA\Sources\Catalogue\Complete\Profiles.csv" --separator ";" --lines-to-skip "0" --ignore-cookies --stdin
[16:01:43 DBG] HttpClient.Send: GET https://dev-fusion-iam.caa.group.gca/api/Job/TaskInstance/4550?api-version=1.0&squery=join%20Task%20t%20select%20t.ContinueOnError%2C%20State&path=/Jobs/TaskInstance/Query&QueryRootEntityType=TaskInstance
[16:01:43 VRB] HandleQuery SelectTaskInstanceInvokeJobQuery
[16:01:43 DBG] HttpClient.Send: GET https://dev-fusion-iam.caa.group.gca/api/Job/TaskInstance/GetTaskInstanceInvokeJob/4550?api-version=2.0&jobInstanceId=804&taskId=220&jobId=2
[16:01:43 INF] Task: Catalog_Synchro_Complete_Scaffolding_Export_ProfileCatalogExport Completed with state Completed
[16:01:43 VRB] Check the JobInstance state for JobInstance 804.
[16:01:43 VRB] HandleQuery SelectJobInstanceByIdQuery
[16:01:43 DBG] HttpClient.Send: GET https://dev-fusion-iam.caa.group.gca/api/Job/JobInstance/804?api-version=2.0&squery=select%20State&path=/Jobs/JobInstance/Query&QueryRootEntityType=JobInstance
[16:01:43 INF] PrepareSynchronizationTask: Catalog_Synchro_Complete_Scaffolding_PrepareSynchronization_Catalog (Level: 2, LaunchOrder: 2)
    Synchronization Mode: Complete
    Connector: Catalog
    Parent: Catalog_Synchro_Complete_Scaffolding_Export_ApplicationCatalogExport, Catalog_Synchro_Complete_Scaffolding_Export_ProfileCatalogExport

[16:01:43 VRB] Check the instance state for Task Catalog_Synchro_Complete_Scaffolding_PrepareSynchronization_Catalog
[16:01:43 VRB] HandleCommand TaskInstanceProgressCommand
[16:01:43 DBG] HttpClient.Send: PUT https://dev-fusion-iam.caa.group.gca/api/Job/TaskInstance/Progress?api-version=2.0
[16:01:43 INF] Launch task: PrepareSynchronizationTask: Catalog_Synchro_Complete_Scaffolding_PrepareSynchronization_Catalog, Task 3/10
[16:01:43 VRB] HandleCommand RunTaskCommand
[16:01:43 INF] Launch PrepareSynchronizationTask : Catalog_Synchro_Complete_Scaffolding_PrepareSynchronization_Catalog
[16:01:43 DBG] Start Process dotnet Usercube-Prepare-Synchronization.dll --progress-task-instance-id 4551 --api-url "https://dev-fusion-iam.caa.group.gca/" --api-client-id "Job" --log-level 0 --connector 6 --working-directory "../Work\Collect" --sources-directory "../Temp\ExportOutput" --synchronization-mode "Complete" --stdin null
[16:01:43 INF] Start process=True PID=16212 dotnet Usercube-Prepare-Synchronization.dll --progress-task-instance-id 4551 --api-url "https://dev-fusion-iam.caa.group.gca/" --api-client-id "Job" --log-level 0 --connector 6 --working-directory "../Work\Collect" --sources-directory "../Temp\ExportOutput" --synchronization-mode "Complete" --stdin
[16:01:44 DBG] HttpClient.Send: GET https://dev-fusion-iam.caa.group.gca/api/Job/TaskInstance/4551?api-version=1.0&squery=join%20Task%20t%20select%20t.ContinueOnError%2C%20State&path=/Jobs/TaskInstance/Query&QueryRootEntityType=TaskInstance
[16:01:44 VRB] HandleQuery SelectTaskInstanceInvokeJobQuery
[16:01:44 DBG] HttpClient.Send: GET https://dev-fusion-iam.caa.group.gca/api/Job/TaskInstance/GetTaskInstanceInvokeJob/4551?api-version=2.0&jobInstanceId=804&taskId=221&jobId=2
[16:01:44 INF] Task: Catalog_Synchro_Complete_Scaffolding_PrepareSynchronization_Catalog Completed with state Completed
[16:01:44 INF] SynchronizeTask: Catalog_Synchro_Complete_Scaffolding_Synchronize_Catalog (Level: 3, LaunchOrder: 3)
    Connector: Catalog
    Parent: Catalog_Synchro_Complete_Scaffolding_PrepareSynchronization_Catalog

[16:01:44 VRB] Check the instance state for Task Catalog_Synchro_Complete_Scaffolding_Synchronize_Catalog
[16:01:44 VRB] HandleCommand TaskInstanceProgressCommand
[16:01:44 DBG] HttpClient.Send: PUT https://dev-fusion-iam.caa.group.gca/api/Job/TaskInstance/Progress?api-version=2.0
[16:01:44 INF] Launch task: SynchronizeTask: Catalog_Synchro_Complete_Scaffolding_Synchronize_Catalog, Task 4/10
[16:01:44 VRB] HandleCommand RunTaskCommand
[16:01:44 DBG] HttpClient.Send: POST https://dev-fusion-iam.caa.group.gca/api/Job/Task/RunTask/224?api-version=4.0&jobInstanceId=804&jobLogLevel=Trace
[16:01:45 VRB] HandleQuery SelectTaskInstanceInvokeJobQuery
[16:01:45 DBG] HttpClient.Send: GET https://dev-fusion-iam.caa.group.gca/api/Job/TaskInstance/GetTaskInstanceInvokeJob/4552?api-version=2.0&jobInstanceId=804&taskId=224&jobId=2
[16:01:45 INF] Task: Catalog_Synchro_Complete_Scaffolding_Synchronize_Catalog Completed with state Completed
[16:01:45 INF] UpdateEntityPropertyExpressionsTask: Catalog_Synchro_Complete_Scaffolding_ComputeProperties (Level: 4, LaunchOrder: 4)
    AllEntities: True

[16:01:45 VRB] Check the instance state for Task Catalog_Synchro_Complete_Scaffolding_ComputeProperties
[16:01:45 VRB] HandleCommand TaskInstanceProgressCommand
[16:01:45 DBG] HttpClient.Send: PUT https://dev-fusion-iam.caa.group.gca/api/Job/TaskInstance/Progress?api-version=2.0
[16:01:45 INF] Launch task: UpdateEntityPropertyExpressionsTask: Catalog_Synchro_Complete_Scaffolding_ComputeProperties, Task 5/10
[16:01:45 VRB] HandleCommand RunTaskCommand
[16:01:45 DBG] HttpClient.Send: POST https://dev-fusion-iam.caa.group.gca/api/Job/Task/RunTask/217?api-version=4.0&jobInstanceId=804&jobLogLevel=Trace
[16:01:46 VRB] HandleQuery SelectTaskInstanceInvokeJobQuery
[16:01:46 DBG] HttpClient.Send: GET https://dev-fusion-iam.caa.group.gca/api/Job/TaskInstance/GetTaskInstanceInvokeJob/4553?api-version=2.0&jobInstanceId=804&taskId=217&jobId=2
[16:01:46 INF] Task: Catalog_Synchro_Complete_Scaffolding_ComputeProperties Completed with state Completed
[16:01:46 DBG] HttpClient.Send: PUT https://dev-fusion-iam.caa.group.gca/api/Job/JobInstance/Progression/804?api-version=3.0&jobGroupId=2&current=5&totalTask=10&state=InProgress&resourceId=-1&cancelRequest=False&retry=False
[16:01:46 VRB] Check the JobInstance state for JobInstance 804.
[16:01:46 VRB] HandleQuery SelectJobInstanceByIdQuery
[16:01:46 DBG] HttpClient.Send: GET https://dev-fusion-iam.caa.group.gca/api/Job/JobInstance/804?api-version=2.0&squery=select%20State&path=/Jobs/JobInstance/Query&QueryRootEntityType=JobInstance
[16:01:46 INF] ComputeCorrelationKeysTask: Catalog_Synchro_Complete_Scaffolding_ComputeCorrelationKeys (Level: 5, LaunchOrder: 5)
    All Entities: True

[16:01:46 VRB] Check the instance state for Task Catalog_Synchro_Complete_Scaffolding_ComputeCorrelationKeys
[16:01:46 VRB] HandleCommand TaskInstanceProgressCommand
[16:01:46 DBG] HttpClient.Send: PUT https://dev-fusion-iam.caa.group.gca/api/Job/TaskInstance/Progress?api-version=2.0
[16:01:46 INF] Launch task: ComputeCorrelationKeysTask: Catalog_Synchro_Complete_Scaffolding_ComputeCorrelationKeys, Task 6/10
[16:01:46 VRB] HandleCommand RunTaskCommand
[16:01:46 DBG] HttpClient.Send: POST https://dev-fusion-iam.caa.group.gca/api/Job/Task/RunTask/216?api-version=4.0&jobInstanceId=804&jobLogLevel=Trace
[16:02:13 VRB] HandleQuery SelectTaskInstanceInvokeJobQuery
[16:02:13 DBG] HttpClient.Send: GET https://dev-fusion-iam.caa.group.gca/api/Job/TaskInstance/GetTaskInstanceInvokeJob/4554?api-version=2.0&jobInstanceId=804&taskId=216&jobId=2
[16:02:13 INF] Task: Catalog_Synchro_Complete_Scaffolding_ComputeCorrelationKeys Completed with state Completed
[16:02:13 DBG] HttpClient.Send: PUT https://dev-fusion-iam.caa.group.gca/api/Job/JobInstance/Progression/804?api-version=3.0&jobGroupId=2&current=6&totalTask=10&state=InProgress&resourceId=-1&cancelRequest=False&retry=False
[16:02:13 VRB] Check the JobInstance state for JobInstance 804.
[16:02:13 VRB] HandleQuery SelectJobInstanceByIdQuery
[16:02:13 DBG] HttpClient.Send: GET https://dev-fusion-iam.caa.group.gca/api/Job/JobInstance/804?api-version=2.0&squery=select%20State&path=/Jobs/JobInstance/Query&QueryRootEntityType=JobInstance
[16:02:13 INF] ComputeRoleModelTask: Catalog_Synchro_Complete_Scaffolding_ComputeProvisioningPolicy (Level: 6, LaunchOrder: 6)
    EntityType: Catalog_Application, Catalog_Profile

[16:02:13 VRB] Check the instance state for Task Catalog_Synchro_Complete_Scaffolding_ComputeProvisioningPolicy
[16:02:13 VRB] HandleCommand TaskInstanceProgressCommand
[16:02:13 DBG] HttpClient.Send: PUT https://dev-fusion-iam.caa.group.gca/api/Job/TaskInstance/Progress?api-version=2.0
[16:02:13 INF] Launch task: ComputeRoleModelTask: Catalog_Synchro_Complete_Scaffolding_ComputeProvisioningPolicy, Task 7/10
[16:02:13 VRB] HandleCommand RunTaskCommand
[16:02:13 DBG] HttpClient.Send: POST https://dev-fusion-iam.caa.group.gca/api/Job/Task/RunTask/218?api-version=4.0&jobInstanceId=804&jobLogLevel=Trace
[16:02:13 VRB] HandleQuery SelectTaskInstanceInvokeJobQuery
[16:02:13 DBG] HttpClient.Send: GET https://dev-fusion-iam.caa.group.gca/api/Job/TaskInstance/GetTaskInstanceInvokeJob/4555?api-version=2.0&jobInstanceId=804&taskId=218&jobId=2
[16:02:13 INF] Task: Catalog_Synchro_Complete_Scaffolding_ComputeProvisioningPolicy Completed with state Completed
[16:02:13 INF] GenerateProvisioningOrdersTask: Catalog_Synchro_Complete_Scaffolding_Provisioning (Level: 7, LaunchOrder: 7)
    Force Provisioning: True
    ResourceType: Catalog_Application, Catalog_Profile

[16:02:13 VRB] Check the instance state for Task Catalog_Synchro_Complete_Scaffolding_Provisioning
[16:02:13 VRB] HandleCommand TaskInstanceProgressCommand
[16:02:13 DBG] HttpClient.Send: PUT https://dev-fusion-iam.caa.group.gca/api/Job/TaskInstance/Progress?api-version=2.0
[16:02:13 INF] Launch task: GenerateProvisioningOrdersTask: Catalog_Synchro_Complete_Scaffolding_Provisioning, Task 8/10
[16:02:13 VRB] HandleCommand RunTaskCommand
[16:02:13 DBG] HttpClient.Send: POST https://dev-fusion-iam.caa.group.gca/api/Job/Task/RunTask/223?api-version=4.0&jobInstanceId=804&jobLogLevel=Trace
[16:02:13 VRB] HandleQuery SelectTaskInstanceInvokeJobQuery
[16:02:13 DBG] HttpClient.Send: GET https://dev-fusion-iam.caa.group.gca/api/Job/TaskInstance/GetTaskInstanceInvokeJob/4556?api-version=2.0&jobInstanceId=804&taskId=223&jobId=2
[16:02:13 INF] Task: Catalog_Synchro_Complete_Scaffolding_Provisioning Completed with state Completed
[16:02:13 INF] FulfillTask: Catalog_Synchro_Complete_Scaffolding_Provisioner_Database (Level: 8, LaunchOrder: 8)
    ConnectionIdentifier: HRDatabase
    FulfillmentType: FulfillInternalResource
    ResourceType: Catalog_Application, Catalog_Profile

[16:02:13 VRB] Check the instance state for Task Catalog_Synchro_Complete_Scaffolding_Provisioner_Database
[16:02:13 VRB] HandleCommand TaskInstanceProgressCommand
[16:02:13 DBG] HttpClient.Send: PUT https://dev-fusion-iam.caa.group.gca/api/Job/TaskInstance/Progress?api-version=2.0
[16:02:13 INF] Launch task: FulfillTask: Catalog_Synchro_Complete_Scaffolding_Provisioner_Database, Task 9/10
[16:02:13 VRB] HandleCommand RunTaskCommand
[16:02:13 DBG] HttpClient.Send: POST https://dev-fusion-iam.caa.group.gca/api/Job/Task/RunTask/222?api-version=4.0&jobInstanceId=804&jobLogLevel=Trace
[16:02:15 VRB] HandleQuery SelectTaskInstanceInvokeJobQuery
[16:02:15 DBG] HttpClient.Send: GET https://dev-fusion-iam.caa.group.gca/api/Job/TaskInstance/GetTaskInstanceInvokeJob/4557?api-version=2.0&jobInstanceId=804&taskId=222&jobId=2
[16:02:15 INF] Task: Catalog_Synchro_Complete_Scaffolding_Provisioner_Database Completed with state Completed
[16:02:15 VRB] Check the JobInstance state for JobInstance 804.
[16:02:15 VRB] HandleQuery SelectJobInstanceByIdQuery
[16:02:15 DBG] HttpClient.Send: GET https://dev-fusion-iam.caa.group.gca/api/Job/JobInstance/804?api-version=2.0&squery=select%20State&path=/Jobs/JobInstance/Query&QueryRootEntityType=JobInstance
[16:02:15 INF] BuildRoleModelTask: Catalog_Synchro_Complete_Scaffolding_ApplyRoleMappings (Level: 9, LaunchOrder: 9)
    Connector: Catalog

[16:02:15 VRB] Check the instance state for Task Catalog_Synchro_Complete_Scaffolding_ApplyRoleMappings
[16:02:15 VRB] HandleCommand TaskInstanceProgressCommand
[16:02:15 DBG] HttpClient.Send: PUT https://dev-fusion-iam.caa.group.gca/api/Job/TaskInstance/Progress?api-version=2.0
[16:02:15 INF] Launch task: BuildRoleModelTask: Catalog_Synchro_Complete_Scaffolding_ApplyRoleMappings, Task 10/10
[16:02:15 VRB] HandleCommand RunTaskCommand
[16:02:15 DBG] HttpClient.Send: POST https://dev-fusion-iam.caa.group.gca/api/Job/Task/RunTask/215?api-version=4.0&jobInstanceId=804&jobLogLevel=Trace
[16:02:19 VRB] HandleQuery SelectTaskInstanceInvokeJobQuery
[16:02:19 DBG] HttpClient.Send: GET https://dev-fusion-iam.caa.group.gca/api/Job/TaskInstance/GetTaskInstanceInvokeJob/4558?api-version=2.0&jobInstanceId=804&taskId=215&jobId=2
[16:02:19 INF] Task: Catalog_Synchro_Complete_Scaffolding_ApplyRoleMappings Completed with state Completed
[16:02:19 DBG] HttpClient.Send: PUT https://dev-fusion-iam.caa.group.gca/api/Job/JobInstance/Progression/804?api-version=3.0&jobGroupId=2&current=10&totalTask=10&state=InProgress&resourceId=-1&cancelRequest=False&retry=False
[16:02:19 DBG] HttpClient.Send: PUT https://dev-fusion-iam.caa.group.gca/api/Job/JobInstance/Progression/804?api-version=3.0&jobGroupId=2&current=10&totalTask=10&state=Completed&resourceId=-1&cancelRequest=False&retry=False
