[11:14:24 DBG] HttpClient.Send: PUT https://dev-fusion-iam.caa.group.gca/api/Job/JobInstance/Progression/784?api-version=3.0&jobGroupId=2&current=0&totalTask=0&state=InProgress&resourceId=-1&cancelRequest=False&retry=False
[11:14:24 VRB] Refreshed token: token expiration date=01/29/2025 11:11:23
[11:14:24 VRB] HandleQuery SelectConsolidateJobQuery
[11:14:24 DBG] HttpClient.Send: GET https://dev-fusion-iam.caa.group.gca/api/Job/Job/RunStateMachineJob?api-version=4.0&path=/Jobs/Job/Query&jobIdentifier=2&repair=False&beginJobStep=-1&endJobStep=-1&forceSynchronizationProvisioning=False&retry=False&launchTaskType=0&taskIdentifier=&taskIdentifierContains=&beginTaskExcluded=&endTaskExcluded=&jobInstanceId=784&jobId=2
[11:14:25 VRB] HandleCommand ReserveTaskInstanceIdCommand
[11:14:25 VRB] Reserve 10 next TaskInstanceId
[11:14:25 DBG] HttpClient.Send: PUT https://dev-fusion-iam.caa.group.gca/api/Job/TaskInstance/GetTaskInstanceId/10?api-version=1.0
[11:14:25 VRB] Check the JobInstance state for JobInstance 784.
[11:14:25 VRB] HandleQuery SelectJobInstanceByIdQuery
[11:14:25 DBG] HttpClient.Send: GET https://dev-fusion-iam.caa.group.gca/api/Job/JobInstance/784?api-version=2.0&squery=select%20State&path=/Jobs/JobInstance/Query&QueryRootEntityType=JobInstance
[11:14:25 INF] ExportTask: Catalog_Synchro_Complete_Scaffolding_Export_ApplicationCatalogExport (Level: 0, LaunchOrder: 0)
    Connector: Catalog
    Mode: Complete
    ConnectionIdentifier: ApplicationCatalogExport
    ExportType: ExportCsv

[11:14:25 VRB] Check the instance state for Task Catalog_Synchro_Complete_Scaffolding_Export_ApplicationCatalogExport
[11:14:25 VRB] HandleCommand TaskInstanceProgressCommand
[11:14:25 DBG] HttpClient.Send: PUT https://dev-fusion-iam.caa.group.gca/api/Job/TaskInstance/Progress?api-version=2.0
[11:14:25 INF] Launch task: ExportTask: Catalog_Synchro_Complete_Scaffolding_Export_ApplicationCatalogExport, Task 1/10
[11:14:25 VRB] HandleCommand RunTaskCommand
[11:14:25 INF] Launch ExportTask : Catalog_Synchro_Complete_Scaffolding_Export_ApplicationCatalogExport
[11:14:25 DBG] Start Process dotnet Usercube-Export-Csv.dll --progress-task-instance-id 4327 --api-url "https://dev-fusion-iam.caa.group.gca/" --api-client-id "Job" --log-level 0 --output-path "../Temp\ExportOutput" --connection-identifier "ApplicationCatalogExport" --raw-files-path "D:\UsercubeCAA\Sources\Catalogue\Complete\Applications.csv" --separator ";" --lines-to-skip "0" --ignore-cookies --stdin null
[11:14:25 INF] Start process=True PID=11156 dotnet Usercube-Export-Csv.dll --progress-task-instance-id 4327 --api-url "https://dev-fusion-iam.caa.group.gca/" --api-client-id "Job" --log-level 0 --output-path "../Temp\ExportOutput" --connection-identifier "ApplicationCatalogExport" --raw-files-path "D:\UsercubeCAA\Sources\Catalogue\Complete\Applications.csv" --separator ";" --lines-to-skip "0" --ignore-cookies --stdin
[11:14:26 DBG] HttpClient.Send: GET https://dev-fusion-iam.caa.group.gca/api/Job/TaskInstance/4327?api-version=1.0&squery=join%20Task%20t%20select%20t.ContinueOnError%2C%20State&path=/Jobs/TaskInstance/Query&QueryRootEntityType=TaskInstance
[11:14:26 VRB] HandleQuery SelectTaskInstanceInvokeJobQuery
[11:14:26 DBG] HttpClient.Send: GET https://dev-fusion-iam.caa.group.gca/api/Job/TaskInstance/GetTaskInstanceInvokeJob/4327?api-version=2.0&jobInstanceId=784&taskId=219&jobId=2
[11:14:26 INF] Task: Catalog_Synchro_Complete_Scaffolding_Export_ApplicationCatalogExport Completed with state Completed
[11:14:26 INF] ExportTask: Catalog_Synchro_Complete_Scaffolding_Export_ProfileCatalogExport (Level: 1, LaunchOrder: 1)
    Connector: Catalog
    Mode: Complete
    ConnectionIdentifier: ProfileCatalogExport
    ExportType: ExportCsv

[11:14:26 VRB] Check the instance state for Task Catalog_Synchro_Complete_Scaffolding_Export_ProfileCatalogExport
[11:14:26 VRB] HandleCommand TaskInstanceProgressCommand
[11:14:26 DBG] HttpClient.Send: PUT https://dev-fusion-iam.caa.group.gca/api/Job/TaskInstance/Progress?api-version=2.0
[11:14:26 INF] Launch task: ExportTask: Catalog_Synchro_Complete_Scaffolding_Export_ProfileCatalogExport, Task 2/10
[11:14:26 VRB] HandleCommand RunTaskCommand
[11:14:26 INF] Launch ExportTask : Catalog_Synchro_Complete_Scaffolding_Export_ProfileCatalogExport
[11:14:26 DBG] Start Process dotnet Usercube-Export-Csv.dll --progress-task-instance-id 4328 --api-url "https://dev-fusion-iam.caa.group.gca/" --api-client-id "Job" --log-level 0 --output-path "../Temp\ExportOutput" --connection-identifier "ProfileCatalogExport" --raw-files-path "D:\UsercubeCAA\Sources\Catalogue\Complete\Profiles.csv" --separator ";" --lines-to-skip "0" --ignore-cookies --stdin null
[11:14:26 INF] Start process=True PID=5520 dotnet Usercube-Export-Csv.dll --progress-task-instance-id 4328 --api-url "https://dev-fusion-iam.caa.group.gca/" --api-client-id "Job" --log-level 0 --output-path "../Temp\ExportOutput" --connection-identifier "ProfileCatalogExport" --raw-files-path "D:\UsercubeCAA\Sources\Catalogue\Complete\Profiles.csv" --separator ";" --lines-to-skip "0" --ignore-cookies --stdin
[11:14:27 DBG] HttpClient.Send: GET https://dev-fusion-iam.caa.group.gca/api/Job/TaskInstance/4328?api-version=1.0&squery=join%20Task%20t%20select%20t.ContinueOnError%2C%20State&path=/Jobs/TaskInstance/Query&QueryRootEntityType=TaskInstance
[11:14:27 VRB] HandleQuery SelectTaskInstanceInvokeJobQuery
[11:14:27 DBG] HttpClient.Send: GET https://dev-fusion-iam.caa.group.gca/api/Job/TaskInstance/GetTaskInstanceInvokeJob/4328?api-version=2.0&jobInstanceId=784&taskId=220&jobId=2
[11:14:27 INF] Task: Catalog_Synchro_Complete_Scaffolding_Export_ProfileCatalogExport Completed with state Completed
[11:14:27 VRB] Check the JobInstance state for JobInstance 784.
[11:14:27 VRB] HandleQuery SelectJobInstanceByIdQuery
[11:14:27 DBG] HttpClient.Send: GET https://dev-fusion-iam.caa.group.gca/api/Job/JobInstance/784?api-version=2.0&squery=select%20State&path=/Jobs/JobInstance/Query&QueryRootEntityType=JobInstance
[11:14:27 INF] PrepareSynchronizationTask: Catalog_Synchro_Complete_Scaffolding_PrepareSynchronization_Catalog (Level: 2, LaunchOrder: 2)
    Synchronization Mode: Complete
    Connector: Catalog
    Parent: Catalog_Synchro_Complete_Scaffolding_Export_ApplicationCatalogExport, Catalog_Synchro_Complete_Scaffolding_Export_ProfileCatalogExport

[11:14:27 VRB] Check the instance state for Task Catalog_Synchro_Complete_Scaffolding_PrepareSynchronization_Catalog
[11:14:27 VRB] HandleCommand TaskInstanceProgressCommand
[11:14:27 DBG] HttpClient.Send: PUT https://dev-fusion-iam.caa.group.gca/api/Job/TaskInstance/Progress?api-version=2.0
[11:14:27 INF] Launch task: PrepareSynchronizationTask: Catalog_Synchro_Complete_Scaffolding_PrepareSynchronization_Catalog, Task 3/10
[11:14:27 VRB] HandleCommand RunTaskCommand
[11:14:27 INF] Launch PrepareSynchronizationTask : Catalog_Synchro_Complete_Scaffolding_PrepareSynchronization_Catalog
[11:14:27 DBG] Start Process dotnet Usercube-Prepare-Synchronization.dll --progress-task-instance-id 4329 --api-url "https://dev-fusion-iam.caa.group.gca/" --api-client-id "Job" --log-level 0 --connector 6 --working-directory "../Work\Collect" --sources-directory "../Temp\ExportOutput" --synchronization-mode "Complete" --stdin null
[11:14:27 INF] Start process=True PID=8752 dotnet Usercube-Prepare-Synchronization.dll --progress-task-instance-id 4329 --api-url "https://dev-fusion-iam.caa.group.gca/" --api-client-id "Job" --log-level 0 --connector 6 --working-directory "../Work\Collect" --sources-directory "../Temp\ExportOutput" --synchronization-mode "Complete" --stdin
[11:14:28 DBG] HttpClient.Send: GET https://dev-fusion-iam.caa.group.gca/api/Job/TaskInstance/4329?api-version=1.0&squery=join%20Task%20t%20select%20t.ContinueOnError%2C%20State&path=/Jobs/TaskInstance/Query&QueryRootEntityType=TaskInstance
[11:14:28 VRB] HandleQuery SelectTaskInstanceInvokeJobQuery
[11:14:28 DBG] HttpClient.Send: GET https://dev-fusion-iam.caa.group.gca/api/Job/TaskInstance/GetTaskInstanceInvokeJob/4329?api-version=2.0&jobInstanceId=784&taskId=221&jobId=2
[11:14:28 INF] Task: Catalog_Synchro_Complete_Scaffolding_PrepareSynchronization_Catalog Completed with state Completed
[11:14:28 INF] SynchronizeTask: Catalog_Synchro_Complete_Scaffolding_Synchronize_Catalog (Level: 3, LaunchOrder: 3)
    Connector: Catalog
    Parent: Catalog_Synchro_Complete_Scaffolding_PrepareSynchronization_Catalog

[11:14:28 VRB] Check the instance state for Task Catalog_Synchro_Complete_Scaffolding_Synchronize_Catalog
[11:14:28 VRB] HandleCommand TaskInstanceProgressCommand
[11:14:28 DBG] HttpClient.Send: PUT https://dev-fusion-iam.caa.group.gca/api/Job/TaskInstance/Progress?api-version=2.0
[11:14:28 INF] Launch task: SynchronizeTask: Catalog_Synchro_Complete_Scaffolding_Synchronize_Catalog, Task 4/10
[11:14:28 VRB] HandleCommand RunTaskCommand
[11:14:28 DBG] HttpClient.Send: POST https://dev-fusion-iam.caa.group.gca/api/Job/Task/RunTask/224?api-version=4.0&jobInstanceId=784&jobLogLevel=Trace
[11:14:29 VRB] HandleQuery SelectTaskInstanceInvokeJobQuery
[11:14:29 DBG] HttpClient.Send: GET https://dev-fusion-iam.caa.group.gca/api/Job/TaskInstance/GetTaskInstanceInvokeJob/4330?api-version=2.0&jobInstanceId=784&taskId=224&jobId=2
[11:14:29 INF] Task: Catalog_Synchro_Complete_Scaffolding_Synchronize_Catalog Completed with state Completed
[11:14:29 DBG] HttpClient.Send: PUT https://dev-fusion-iam.caa.group.gca/api/Job/JobInstance/Progression/784?api-version=3.0&jobGroupId=2&current=4&totalTask=10&state=InProgress&resourceId=-1&cancelRequest=False&retry=False
[11:14:29 VRB] Check the JobInstance state for JobInstance 784.
[11:14:29 VRB] HandleQuery SelectJobInstanceByIdQuery
[11:14:29 DBG] HttpClient.Send: GET https://dev-fusion-iam.caa.group.gca/api/Job/JobInstance/784?api-version=2.0&squery=select%20State&path=/Jobs/JobInstance/Query&QueryRootEntityType=JobInstance
[11:14:29 INF] UpdateEntityPropertyExpressionsTask: Catalog_Synchro_Complete_Scaffolding_ComputeProperties (Level: 4, LaunchOrder: 4)
    AllEntities: True

[11:14:29 VRB] Check the instance state for Task Catalog_Synchro_Complete_Scaffolding_ComputeProperties
[11:14:29 VRB] HandleCommand TaskInstanceProgressCommand
[11:14:29 DBG] HttpClient.Send: PUT https://dev-fusion-iam.caa.group.gca/api/Job/TaskInstance/Progress?api-version=2.0
[11:14:29 INF] Launch task: UpdateEntityPropertyExpressionsTask: Catalog_Synchro_Complete_Scaffolding_ComputeProperties, Task 5/10
[11:14:29 VRB] HandleCommand RunTaskCommand
[11:14:29 DBG] HttpClient.Send: POST https://dev-fusion-iam.caa.group.gca/api/Job/Task/RunTask/217?api-version=4.0&jobInstanceId=784&jobLogLevel=Trace
[11:14:30 VRB] HandleQuery SelectTaskInstanceInvokeJobQuery
[11:14:30 DBG] HttpClient.Send: GET https://dev-fusion-iam.caa.group.gca/api/Job/TaskInstance/GetTaskInstanceInvokeJob/4331?api-version=2.0&jobInstanceId=784&taskId=217&jobId=2
[11:14:30 INF] Task: Catalog_Synchro_Complete_Scaffolding_ComputeProperties Completed with state Completed
[11:14:30 INF] ComputeCorrelationKeysTask: Catalog_Synchro_Complete_Scaffolding_ComputeCorrelationKeys (Level: 5, LaunchOrder: 5)
    All Entities: True

[11:14:30 VRB] Check the instance state for Task Catalog_Synchro_Complete_Scaffolding_ComputeCorrelationKeys
[11:14:30 VRB] HandleCommand TaskInstanceProgressCommand
[11:14:30 DBG] HttpClient.Send: PUT https://dev-fusion-iam.caa.group.gca/api/Job/TaskInstance/Progress?api-version=2.0
[11:14:30 INF] Launch task: ComputeCorrelationKeysTask: Catalog_Synchro_Complete_Scaffolding_ComputeCorrelationKeys, Task 6/10
[11:14:30 VRB] HandleCommand RunTaskCommand
[11:14:30 DBG] HttpClient.Send: POST https://dev-fusion-iam.caa.group.gca/api/Job/Task/RunTask/216?api-version=4.0&jobInstanceId=784&jobLogLevel=Trace
[11:14:56 VRB] HandleQuery SelectTaskInstanceInvokeJobQuery
[11:14:56 DBG] HttpClient.Send: GET https://dev-fusion-iam.caa.group.gca/api/Job/TaskInstance/GetTaskInstanceInvokeJob/4332?api-version=2.0&jobInstanceId=784&taskId=216&jobId=2
[11:14:56 INF] Task: Catalog_Synchro_Complete_Scaffolding_ComputeCorrelationKeys Completed with state Completed
[11:14:56 DBG] HttpClient.Send: PUT https://dev-fusion-iam.caa.group.gca/api/Job/JobInstance/Progression/784?api-version=3.0&jobGroupId=2&current=6&totalTask=10&state=InProgress&resourceId=-1&cancelRequest=False&retry=False
[11:14:56 VRB] Check the JobInstance state for JobInstance 784.
[11:14:56 VRB] HandleQuery SelectJobInstanceByIdQuery
[11:14:56 DBG] HttpClient.Send: GET https://dev-fusion-iam.caa.group.gca/api/Job/JobInstance/784?api-version=2.0&squery=select%20State&path=/Jobs/JobInstance/Query&QueryRootEntityType=JobInstance
[11:14:56 INF] ComputeRoleModelTask: Catalog_Synchro_Complete_Scaffolding_ComputeProvisioningPolicy (Level: 6, LaunchOrder: 6)
    EntityType: Catalog_Application, Catalog_Profile

[11:14:56 VRB] Check the instance state for Task Catalog_Synchro_Complete_Scaffolding_ComputeProvisioningPolicy
[11:14:56 VRB] HandleCommand TaskInstanceProgressCommand
[11:14:56 DBG] HttpClient.Send: PUT https://dev-fusion-iam.caa.group.gca/api/Job/TaskInstance/Progress?api-version=2.0
[11:14:56 INF] Launch task: ComputeRoleModelTask: Catalog_Synchro_Complete_Scaffolding_ComputeProvisioningPolicy, Task 7/10
[11:14:56 VRB] HandleCommand RunTaskCommand
[11:14:56 DBG] HttpClient.Send: POST https://dev-fusion-iam.caa.group.gca/api/Job/Task/RunTask/218?api-version=4.0&jobInstanceId=784&jobLogLevel=Trace
[11:14:58 VRB] HandleQuery SelectTaskInstanceInvokeJobQuery
[11:14:58 DBG] HttpClient.Send: GET https://dev-fusion-iam.caa.group.gca/api/Job/TaskInstance/GetTaskInstanceInvokeJob/4333?api-version=2.0&jobInstanceId=784&taskId=218&jobId=2
[11:14:58 INF] Task: Catalog_Synchro_Complete_Scaffolding_ComputeProvisioningPolicy Completed with state Completed
[11:14:58 VRB] Check the JobInstance state for JobInstance 784.
[11:14:58 VRB] HandleQuery SelectJobInstanceByIdQuery
[11:14:58 DBG] HttpClient.Send: GET https://dev-fusion-iam.caa.group.gca/api/Job/JobInstance/784?api-version=2.0&squery=select%20State&path=/Jobs/JobInstance/Query&QueryRootEntityType=JobInstance
[11:14:58 INF] GenerateProvisioningOrdersTask: Catalog_Synchro_Complete_Scaffolding_Provisioning (Level: 7, LaunchOrder: 7)
    Force Provisioning: True
    ResourceType: Catalog_Application, Catalog_Profile

[11:14:58 VRB] Check the instance state for Task Catalog_Synchro_Complete_Scaffolding_Provisioning
[11:14:58 VRB] HandleCommand TaskInstanceProgressCommand
[11:14:58 DBG] HttpClient.Send: PUT https://dev-fusion-iam.caa.group.gca/api/Job/TaskInstance/Progress?api-version=2.0
[11:14:58 INF] Launch task: GenerateProvisioningOrdersTask: Catalog_Synchro_Complete_Scaffolding_Provisioning, Task 8/10
[11:14:58 VRB] HandleCommand RunTaskCommand
[11:14:58 DBG] HttpClient.Send: POST https://dev-fusion-iam.caa.group.gca/api/Job/Task/RunTask/223?api-version=4.0&jobInstanceId=784&jobLogLevel=Trace
[11:14:59 VRB] HandleQuery SelectTaskInstanceInvokeJobQuery
[11:14:59 DBG] HttpClient.Send: GET https://dev-fusion-iam.caa.group.gca/api/Job/TaskInstance/GetTaskInstanceInvokeJob/4334?api-version=2.0&jobInstanceId=784&taskId=223&jobId=2
[11:14:59 INF] Task: Catalog_Synchro_Complete_Scaffolding_Provisioning Completed with state Completed
[11:14:59 INF] FulfillTask: Catalog_Synchro_Complete_Scaffolding_Provisioner_Database (Level: 8, LaunchOrder: 8)
    ConnectionIdentifier: HRDatabase
    FulfillmentType: FulfillInternalResource
    ResourceType: Catalog_Application, Catalog_Profile

[11:14:59 VRB] Check the instance state for Task Catalog_Synchro_Complete_Scaffolding_Provisioner_Database
[11:14:59 VRB] HandleCommand TaskInstanceProgressCommand
[11:14:59 DBG] HttpClient.Send: PUT https://dev-fusion-iam.caa.group.gca/api/Job/TaskInstance/Progress?api-version=2.0
[11:14:59 INF] Launch task: FulfillTask: Catalog_Synchro_Complete_Scaffolding_Provisioner_Database, Task 9/10
[11:14:59 VRB] HandleCommand RunTaskCommand
[11:14:59 DBG] HttpClient.Send: POST https://dev-fusion-iam.caa.group.gca/api/Job/Task/RunTask/222?api-version=4.0&jobInstanceId=784&jobLogLevel=Trace
[11:15:01 VRB] HandleQuery SelectTaskInstanceInvokeJobQuery
[11:15:01 DBG] HttpClient.Send: GET https://dev-fusion-iam.caa.group.gca/api/Job/TaskInstance/GetTaskInstanceInvokeJob/4335?api-version=2.0&jobInstanceId=784&taskId=222&jobId=2
[11:15:01 INF] Task: Catalog_Synchro_Complete_Scaffolding_Provisioner_Database Completed with state Completed
[11:15:01 DBG] HttpClient.Send: PUT https://dev-fusion-iam.caa.group.gca/api/Job/JobInstance/Progression/784?api-version=3.0&jobGroupId=2&current=9&totalTask=10&state=InProgress&resourceId=-1&cancelRequest=False&retry=False
[11:15:01 VRB] Check the JobInstance state for JobInstance 784.
[11:15:01 VRB] HandleQuery SelectJobInstanceByIdQuery
[11:15:01 DBG] HttpClient.Send: GET https://dev-fusion-iam.caa.group.gca/api/Job/JobInstance/784?api-version=2.0&squery=select%20State&path=/Jobs/JobInstance/Query&QueryRootEntityType=JobInstance
[11:15:01 INF] BuildRoleModelTask: Catalog_Synchro_Complete_Scaffolding_ApplyRoleMappings (Level: 9, LaunchOrder: 9)
    Connector: Catalog

[11:15:01 VRB] Check the instance state for Task Catalog_Synchro_Complete_Scaffolding_ApplyRoleMappings
[11:15:01 VRB] HandleCommand TaskInstanceProgressCommand
[11:15:01 DBG] HttpClient.Send: PUT https://dev-fusion-iam.caa.group.gca/api/Job/TaskInstance/Progress?api-version=2.0
[11:15:01 INF] Launch task: BuildRoleModelTask: Catalog_Synchro_Complete_Scaffolding_ApplyRoleMappings, Task 10/10
[11:15:01 VRB] HandleCommand RunTaskCommand
[11:15:01 DBG] HttpClient.Send: POST https://dev-fusion-iam.caa.group.gca/api/Job/Task/RunTask/215?api-version=4.0&jobInstanceId=784&jobLogLevel=Trace
[11:15:08 VRB] HandleQuery SelectTaskInstanceInvokeJobQuery
[11:15:08 DBG] HttpClient.Send: GET https://dev-fusion-iam.caa.group.gca/api/Job/TaskInstance/GetTaskInstanceInvokeJob/4336?api-version=2.0&jobInstanceId=784&taskId=215&jobId=2
[11:15:08 INF] Task: Catalog_Synchro_Complete_Scaffolding_ApplyRoleMappings Completed with state Completed
[11:15:08 DBG] HttpClient.Send: PUT https://dev-fusion-iam.caa.group.gca/api/Job/JobInstance/Progression/784?api-version=3.0&jobGroupId=2&current=10&totalTask=10&state=InProgress&resourceId=-1&cancelRequest=False&retry=False
[11:15:08 DBG] HttpClient.Send: PUT https://dev-fusion-iam.caa.group.gca/api/Job/JobInstance/Progression/784?api-version=3.0&jobGroupId=2&current=10&totalTask=10&state=Completed&resourceId=-1&cancelRequest=False&retry=False
