[11:59:53 DBG] HttpClient.Send: PUT https://dev-fusion-iam.caa.group.gca/api/Job/JobInstance/Progression/788?api-version=3.0&jobGroupId=6&current=0&totalTask=0&state=InProgress&resourceId=-1&cancelRequest=False&retry=False
[11:59:53 VRB] Refreshed token: token expiration date=01/29/2025 11:56:52
[11:59:53 VRB] HandleQuery SelectConsolidateJobQuery
[11:59:53 DBG] HttpClient.Send: GET https://dev-fusion-iam.caa.group.gca/api/Job/Job/RunStateMachineJob?api-version=4.0&path=/Jobs/Job/Query&jobIdentifier=6&repair=False&beginJobStep=-1&endJobStep=-1&forceSynchronizationProvisioning=False&retry=False&launchTaskType=0&taskIdentifier=&taskIdentifierContains=&beginTaskExcluded=&endTaskExcluded=&jobInstanceId=788&jobId=6
[11:59:54 VRB] HandleCommand ReserveTaskInstanceIdCommand
[11:59:54 VRB] Reserve 12 next TaskInstanceId
[11:59:54 DBG] HttpClient.Send: PUT https://dev-fusion-iam.caa.group.gca/api/Job/TaskInstance/GetTaskInstanceId/12?api-version=1.0
[11:59:54 VRB] Check the JobInstance state for JobInstance 788.
[11:59:54 VRB] HandleQuery SelectJobInstanceByIdQuery
[11:59:54 DBG] HttpClient.Send: GET https://dev-fusion-iam.caa.group.gca/api/Job/JobInstance/788?api-version=2.0&squery=select%20State&path=/Jobs/JobInstance/Query&QueryRootEntityType=JobInstance
[11:59:54 INF] ExportTask: Procurement_Synchro_Complete_Scaffolding_Export_Procurement_EB (Level: 0, LaunchOrder: 0)
    Connector: Procurement
    Mode: Complete
    ConnectionIdentifier: ProcurementEB
    ExportType: ExportCsv

[11:59:54 VRB] Check the instance state for Task Procurement_Synchro_Complete_Scaffolding_Export_Procurement_EB
[11:59:54 VRB] HandleCommand TaskInstanceProgressCommand
[11:59:54 DBG] HttpClient.Send: PUT https://dev-fusion-iam.caa.group.gca/api/Job/TaskInstance/Progress?api-version=2.0
[11:59:54 INF] Launch task: ExportTask: Procurement_Synchro_Complete_Scaffolding_Export_Procurement_EB, Task 1/12
[11:59:54 VRB] HandleCommand RunTaskCommand
[11:59:54 INF] Launch ExportTask : Procurement_Synchro_Complete_Scaffolding_Export_Procurement_EB
[11:59:54 DBG] Start Process dotnet Usercube-Export-Csv.dll --progress-task-instance-id 4407 --api-url "https://dev-fusion-iam.caa.group.gca/" --api-client-id "Job" --log-level 0 --output-path "../Temp\ExportOutput" --connection-identifier "ProcurementEB" --raw-files-path "D:\UsercubeCAA\Sources\Achat\Complete\Achat.csv" --separator "," --lines-to-skip "0" --ignore-cookies --stdin null
[11:59:54 INF] Start process=True PID=9740 dotnet Usercube-Export-Csv.dll --progress-task-instance-id 4407 --api-url "https://dev-fusion-iam.caa.group.gca/" --api-client-id "Job" --log-level 0 --output-path "../Temp\ExportOutput" --connection-identifier "ProcurementEB" --raw-files-path "D:\UsercubeCAA\Sources\Achat\Complete\Achat.csv" --separator "," --lines-to-skip "0" --ignore-cookies --stdin
[11:59:55 DBG] HttpClient.Send: GET https://dev-fusion-iam.caa.group.gca/api/Job/TaskInstance/4407?api-version=1.0&squery=join%20Task%20t%20select%20t.ContinueOnError%2C%20State&path=/Jobs/TaskInstance/Query&QueryRootEntityType=TaskInstance
[11:59:55 VRB] HandleQuery SelectTaskInstanceInvokeJobQuery
[11:59:55 DBG] HttpClient.Send: GET https://dev-fusion-iam.caa.group.gca/api/Job/TaskInstance/GetTaskInstanceInvokeJob/4407?api-version=2.0&jobInstanceId=788&taskId=275&jobId=6
[11:59:55 INF] Task: Procurement_Synchro_Complete_Scaffolding_Export_Procurement_EB Completed with state Completed
[11:59:55 INF] PrepareSynchronizationTask: Procurement_Synchro_Complete_Scaffolding_PrepareSynchronization_Procurement (Level: 1, LaunchOrder: 1)
    Synchronization Mode: Complete
    Connector: Procurement
    Parent: Procurement_Synchro_Complete_Scaffolding_Export_Procurement_EB

[11:59:55 VRB] Check the instance state for Task Procurement_Synchro_Complete_Scaffolding_PrepareSynchronization_Procurement
[11:59:55 VRB] HandleCommand TaskInstanceProgressCommand
[11:59:55 DBG] HttpClient.Send: PUT https://dev-fusion-iam.caa.group.gca/api/Job/TaskInstance/Progress?api-version=2.0
[11:59:55 INF] Launch task: PrepareSynchronizationTask: Procurement_Synchro_Complete_Scaffolding_PrepareSynchronization_Procurement, Task 2/12
[11:59:55 VRB] HandleCommand RunTaskCommand
[11:59:55 INF] Launch PrepareSynchronizationTask : Procurement_Synchro_Complete_Scaffolding_PrepareSynchronization_Procurement
[11:59:55 DBG] Start Process dotnet Usercube-Prepare-Synchronization.dll --progress-task-instance-id 4408 --api-url "https://dev-fusion-iam.caa.group.gca/" --api-client-id "Job" --log-level 0 --connector 11 --working-directory "../Work\Collect" --sources-directory "../Temp\ExportOutput" --synchronization-mode "Complete" --stdin null
[11:59:55 INF] Start process=True PID=6352 dotnet Usercube-Prepare-Synchronization.dll --progress-task-instance-id 4408 --api-url "https://dev-fusion-iam.caa.group.gca/" --api-client-id "Job" --log-level 0 --connector 11 --working-directory "../Work\Collect" --sources-directory "../Temp\ExportOutput" --synchronization-mode "Complete" --stdin
[11:59:56 DBG] HttpClient.Send: GET https://dev-fusion-iam.caa.group.gca/api/Job/TaskInstance/4408?api-version=1.0&squery=join%20Task%20t%20select%20t.ContinueOnError%2C%20State&path=/Jobs/TaskInstance/Query&QueryRootEntityType=TaskInstance
[11:59:56 VRB] HandleQuery SelectTaskInstanceInvokeJobQuery
[11:59:56 DBG] HttpClient.Send: GET https://dev-fusion-iam.caa.group.gca/api/Job/TaskInstance/GetTaskInstanceInvokeJob/4408?api-version=2.0&jobInstanceId=788&taskId=276&jobId=6
[11:59:56 INF] Task: Procurement_Synchro_Complete_Scaffolding_PrepareSynchronization_Procurement Completed with state Completed
[11:59:56 VRB] Check the JobInstance state for JobInstance 788.
[11:59:56 VRB] HandleQuery SelectJobInstanceByIdQuery
[11:59:56 DBG] HttpClient.Send: GET https://dev-fusion-iam.caa.group.gca/api/Job/JobInstance/788?api-version=2.0&squery=select%20State&path=/Jobs/JobInstance/Query&QueryRootEntityType=JobInstance
[11:59:56 INF] SynchronizeTask: Procurement_Synchro_Complete_Scaffolding_Synchronize_Procurement (Level: 2, LaunchOrder: 2)
    Connector: Procurement
    Parent: Procurement_Synchro_Complete_Scaffolding_PrepareSynchronization_Procurement

[11:59:56 VRB] Check the instance state for Task Procurement_Synchro_Complete_Scaffolding_Synchronize_Procurement
[11:59:56 VRB] HandleCommand TaskInstanceProgressCommand
[11:59:56 DBG] HttpClient.Send: PUT https://dev-fusion-iam.caa.group.gca/api/Job/TaskInstance/Progress?api-version=2.0
[11:59:56 INF] Launch task: SynchronizeTask: Procurement_Synchro_Complete_Scaffolding_Synchronize_Procurement, Task 3/12
[11:59:56 VRB] HandleCommand RunTaskCommand
[11:59:56 DBG] HttpClient.Send: POST https://dev-fusion-iam.caa.group.gca/api/Job/Task/RunTask/279?api-version=4.0&jobInstanceId=788&jobLogLevel=Trace
[11:59:57 VRB] HandleQuery SelectTaskInstanceInvokeJobQuery
[11:59:57 DBG] HttpClient.Send: GET https://dev-fusion-iam.caa.group.gca/api/Job/TaskInstance/GetTaskInstanceInvokeJob/4409?api-version=2.0&jobInstanceId=788&taskId=279&jobId=6
[11:59:57 INF] Task: Procurement_Synchro_Complete_Scaffolding_Synchronize_Procurement Completed with state Completed
[11:59:57 INF] UpdateEntityPropertyExpressionsTask: Procurement_Synchro_Complete_Scaffolding_ComputeProperties_1 (Level: 3, LaunchOrder: 3)
    AllEntities: True

[11:59:57 VRB] Check the instance state for Task Procurement_Synchro_Complete_Scaffolding_ComputeProperties_1
[11:59:57 VRB] HandleCommand TaskInstanceProgressCommand
[11:59:57 DBG] HttpClient.Send: PUT https://dev-fusion-iam.caa.group.gca/api/Job/TaskInstance/Progress?api-version=2.0
[11:59:57 INF] Launch task: UpdateEntityPropertyExpressionsTask: Procurement_Synchro_Complete_Scaffolding_ComputeProperties_1, Task 4/12
[11:59:57 VRB] HandleCommand RunTaskCommand
[11:59:57 DBG] HttpClient.Send: POST https://dev-fusion-iam.caa.group.gca/api/Job/Task/RunTask/60008?api-version=4.0&jobInstanceId=788&jobLogLevel=Trace
[11:59:58 VRB] HandleQuery SelectTaskInstanceInvokeJobQuery
[11:59:58 DBG] HttpClient.Send: GET https://dev-fusion-iam.caa.group.gca/api/Job/TaskInstance/GetTaskInstanceInvokeJob/4410?api-version=2.0&jobInstanceId=788&taskId=60008&jobId=6
[11:59:58 INF] Task: Procurement_Synchro_Complete_Scaffolding_ComputeProperties_1 Completed with state Stop
[11:59:58 DBG] HttpClient.Send: PUT https://dev-fusion-iam.caa.group.gca/api/Job/JobInstance/Progression/788?api-version=3.0&jobGroupId=6&current=4&totalTask=12&state=InProgress&resourceId=-1&cancelRequest=False&retry=False
[11:59:58 INF] The server notifies the job is canceled.
[11:59:58 DBG] HttpClient.Send: PUT https://dev-fusion-iam.caa.group.gca/api/Job/JobInstance/Progression/788?api-version=3.0&jobGroupId=6&current=4&totalTask=12&state=Stop&resourceId=-1&cancelRequest=False&retry=False
[11:59:58 INF] The server notifies the job is canceled.
[11:59:58 INF] The job got shut down.
[11:59:58 VRB] HandleCommand SendJobNotificationCommand
[11:59:58 DBG] HttpClient.Send: PUT https://dev-fusion-iam.caa.group.gca/api/Job/Job/Notification?api-version=1.0
