[11:09:39 DBG] HttpClient.Send: PUT https://dev-fusion-iam.caa.group.gca/api/Job/JobInstance/Progression/1040?api-version=3.0&jobGroupId=19&current=0&totalTask=0&state=InProgress&resourceId=-1&cancelRequest=False&retry=False
[11:09:39 VRB] Refreshed token: token expiration date=02/11/2025 11:06:38
[11:09:39 VRB] HandleQuery SelectConsolidateJobQuery
[11:09:39 DBG] HttpClient.Send: GET https://dev-fusion-iam.caa.group.gca/api/Job/Job/RunStateMachineJob?api-version=4.0&path=/Jobs/Job/Query&jobIdentifier=19&repair=False&beginJobStep=-1&endJobStep=-1&forceSynchronizationProvisioning=False&retry=False&launchTaskType=0&taskIdentifier=&taskIdentifierContains=&beginTaskExcluded=&endTaskExcluded=&jobInstanceId=1040&jobId=19
[11:09:40 VRB] HandleCommand ReserveTaskInstanceIdCommand
[11:09:40 VRB] Reserve 15 next TaskInstanceId
[11:09:40 DBG] HttpClient.Send: PUT https://dev-fusion-iam.caa.group.gca/api/Job/TaskInstance/GetTaskInstanceId/15?api-version=1.0
[11:09:40 VRB] Check the JobInstance state for JobInstance 1040.
[11:09:40 VRB] HandleQuery SelectJobInstanceByIdQuery
[11:09:40 DBG] HttpClient.Send: GET https://dev-fusion-iam.caa.group.gca/api/Job/JobInstance/1040?api-version=2.0&squery=select%20State&path=/Jobs/JobInstance/Query&QueryRootEntityType=JobInstance
[11:09:40 INF] ExportTask: ADPacifica_Synchro_Complete_Scaffolding_Export_ADPacifica_Complete_ADPacificaExportFulfillment (Level: 0, LaunchOrder: 0)
    Connector: ADPacifica
    Mode: Complete
    ConnectionIdentifier: ADPacificaExportFulfillment
    ExportType: ExportActiveDirectory
    ContinueOnError:  True

[11:09:40 VRB] Check the instance state for Task ADPacifica_Synchro_Complete_Scaffolding_Export_ADPacifica_Complete_ADPacificaExportFulfillment
[11:09:40 VRB] HandleCommand TaskInstanceProgressCommand
[11:09:40 DBG] HttpClient.Send: PUT https://dev-fusion-iam.caa.group.gca/api/Job/TaskInstance/Progress?api-version=2.0
[11:09:40 INF] Launch task: ExportTask: ADPacifica_Synchro_Complete_Scaffolding_Export_ADPacifica_Complete_ADPacificaExportFulfillment, Task 1/15
[11:09:40 VRB] HandleCommand RunTaskCommand
[11:09:40 INF] Launch ExportTask : ADPacifica_Synchro_Complete_Scaffolding_Export_ADPacifica_Complete_ADPacificaExportFulfillment
[11:09:40 DBG] Start Process dotnet Usercube-Export-ActiveDirectory.dll --progress-task-instance-id 6639 --api-url "https://dev-fusion-iam.caa.group.gca/" --api-client-id "Job" --log-level 0 --output-path "../Temp\ExportOutput" --ignore-cookies --cookie-path "../Work\ExportCookies" --connection-identifier "ADPacificaExportFulfillment" --retry-delay 10 --server "10.110.242.67:636" --sync-dn "DC=ca-pacificadev,DC=fr" --sync-filter "(objectclass=*)" --auth-type "Basic" --enable-ssl --stdin null
[11:09:40 INF] Start process=True PID=15472 dotnet Usercube-Export-ActiveDirectory.dll --progress-task-instance-id 6639 --api-url "https://dev-fusion-iam.caa.group.gca/" --api-client-id "Job" --log-level 0 --output-path "../Temp\ExportOutput" --ignore-cookies --cookie-path "../Work\ExportCookies" --connection-identifier "ADPacificaExportFulfillment" --retry-delay 10 --server "10.110.242.67:636" --sync-dn "DC=ca-pacificadev,DC=fr" --sync-filter "(objectclass=*)" --auth-type "Basic" --enable-ssl --stdin
[11:09:45 DBG] HttpClient.Send: GET https://dev-fusion-iam.caa.group.gca/api/Job/TaskInstance/6639?api-version=1.0&squery=join%20Task%20t%20select%20t.ContinueOnError%2C%20State&path=/Jobs/TaskInstance/Query&QueryRootEntityType=TaskInstance
[11:09:45 VRB] HandleQuery SelectTaskInstanceInvokeJobQuery
[11:09:45 DBG] HttpClient.Send: GET https://dev-fusion-iam.caa.group.gca/api/Job/TaskInstance/GetTaskInstanceInvokeJob/6639?api-version=2.0&jobInstanceId=1040&taskId=138&jobId=19
[11:09:45 INF] Task: ADPacifica_Synchro_Complete_Scaffolding_Export_ADPacifica_Complete_ADPacificaExportFulfillment Completed with state Completed
[11:09:45 DBG] HttpClient.Send: PUT https://dev-fusion-iam.caa.group.gca/api/Job/JobInstance/Progression/1040?api-version=3.0&jobGroupId=19&current=1&totalTask=15&state=InProgress&resourceId=-1&cancelRequest=False&retry=False
[11:09:45 VRB] Check the JobInstance state for JobInstance 1040.
[11:09:45 VRB] HandleQuery SelectJobInstanceByIdQuery
[11:09:45 DBG] HttpClient.Send: GET https://dev-fusion-iam.caa.group.gca/api/Job/JobInstance/1040?api-version=2.0&squery=select%20State&path=/Jobs/JobInstance/Query&QueryRootEntityType=JobInstance
[11:09:45 INF] PrepareSynchronizationActiveDirectoryTask: ADPacifica_Synchro_Complete_Scaffolding_PrepareSynchronizationActiveDirectory_ADPacifica_Complete (Level: 1, LaunchOrder: 1)
    Synchronization Mode: Complete
    Connector: ADPacifica
    Parent: ADPacifica_Synchro_Complete_Scaffolding_Export_ADPacifica_Complete_ADPacificaExportFulfillment

[11:09:45 VRB] Check the instance state for Task ADPacifica_Synchro_Complete_Scaffolding_PrepareSynchronizationActiveDirectory_ADPacifica_Complete
[11:09:45 VRB] HandleCommand TaskInstanceProgressCommand
[11:09:45 DBG] HttpClient.Send: PUT https://dev-fusion-iam.caa.group.gca/api/Job/TaskInstance/Progress?api-version=2.0
[11:09:45 INF] Launch task: PrepareSynchronizationActiveDirectoryTask: ADPacifica_Synchro_Complete_Scaffolding_PrepareSynchronizationActiveDirectory_ADPacifica_Complete, Task 2/15
[11:09:45 VRB] HandleCommand RunTaskCommand
[11:09:45 INF] Launch PrepareSynchronizationActiveDirectoryTask : ADPacifica_Synchro_Complete_Scaffolding_PrepareSynchronizationActiveDirectory_ADPacifica_Complete
[11:09:45 DBG] Start Process dotnet Usercube-Prepare-SynchronizationActiveDirectory.dll --progress-task-instance-id 6640 --api-url "https://dev-fusion-iam.caa.group.gca/" --api-client-id "Job" --log-level 0 --connector 3 --working-directory "../Work\Collect" --sources-directory "../Temp\ExportOutput" --synchronization-mode "Complete" --stdin null
[11:09:45 INF] Start process=True PID=15764 dotnet Usercube-Prepare-SynchronizationActiveDirectory.dll --progress-task-instance-id 6640 --api-url "https://dev-fusion-iam.caa.group.gca/" --api-client-id "Job" --log-level 0 --connector 3 --working-directory "../Work\Collect" --sources-directory "../Temp\ExportOutput" --synchronization-mode "Complete" --stdin
[11:09:48 DBG] HttpClient.Send: GET https://dev-fusion-iam.caa.group.gca/api/Job/TaskInstance/6640?api-version=1.0&squery=join%20Task%20t%20select%20t.ContinueOnError%2C%20State&path=/Jobs/TaskInstance/Query&QueryRootEntityType=TaskInstance
[11:09:48 VRB] HandleQuery SelectTaskInstanceInvokeJobQuery
[11:09:48 DBG] HttpClient.Send: GET https://dev-fusion-iam.caa.group.gca/api/Job/TaskInstance/GetTaskInstanceInvokeJob/6640?api-version=2.0&jobInstanceId=1040&taskId=142&jobId=19
[11:09:48 INF] Task: ADPacifica_Synchro_Complete_Scaffolding_PrepareSynchronizationActiveDirectory_ADPacifica_Complete Completed with state Completed
[11:09:48 VRB] Check the JobInstance state for JobInstance 1040.
[11:09:48 VRB] HandleQuery SelectJobInstanceByIdQuery
[11:09:48 DBG] HttpClient.Send: GET https://dev-fusion-iam.caa.group.gca/api/Job/JobInstance/1040?api-version=2.0&squery=select%20State&path=/Jobs/JobInstance/Query&QueryRootEntityType=JobInstance
[11:09:48 INF] SynchronizeActiveDirectoryTask: ADPacifica_Synchro_Complete_Scaffolding_SynchronizeActiveDirectory_ADPacifica (Level: 2, LaunchOrder: 2)
    Connector: ADPacifica
    Parent: ADPacifica_Synchro_Complete_Scaffolding_PrepareSynchronizationActiveDirectory_ADPacifica_Complete

[11:09:48 VRB] Check the instance state for Task ADPacifica_Synchro_Complete_Scaffolding_SynchronizeActiveDirectory_ADPacifica
[11:09:48 VRB] HandleCommand TaskInstanceProgressCommand
[11:09:48 DBG] HttpClient.Send: PUT https://dev-fusion-iam.caa.group.gca/api/Job/TaskInstance/Progress?api-version=2.0
[11:09:48 INF] Launch task: SynchronizeActiveDirectoryTask: ADPacifica_Synchro_Complete_Scaffolding_SynchronizeActiveDirectory_ADPacifica, Task 3/15
[11:09:48 VRB] HandleCommand RunTaskCommand
[11:09:48 DBG] HttpClient.Send: POST https://dev-fusion-iam.caa.group.gca/api/Job/Task/RunTask/144?api-version=4.0&jobInstanceId=1040&jobLogLevel=Trace
[11:09:49 VRB] HandleQuery SelectTaskInstanceInvokeJobQuery
[11:09:49 DBG] HttpClient.Send: GET https://dev-fusion-iam.caa.group.gca/api/Job/TaskInstance/GetTaskInstanceInvokeJob/6641?api-version=2.0&jobInstanceId=1040&taskId=144&jobId=19
[11:09:49 INF] Task: ADPacifica_Synchro_Complete_Scaffolding_SynchronizeActiveDirectory_ADPacifica Completed with state Completed
[11:09:49 INF] UpdateEntityPropertyExpressionsTask: ADPacifica_Synchro_Complete_Scaffolding_UpdateEntityPropertyExpressions1 (Level: 3, LaunchOrder: 3)
    EntityType: ADPacifica_Entry, Directory_User

[11:09:49 VRB] Check the instance state for Task ADPacifica_Synchro_Complete_Scaffolding_UpdateEntityPropertyExpressions1
[11:09:49 VRB] HandleCommand TaskInstanceProgressCommand
[11:09:49 DBG] HttpClient.Send: PUT https://dev-fusion-iam.caa.group.gca/api/Job/TaskInstance/Progress?api-version=2.0
[11:09:49 INF] Launch task: UpdateEntityPropertyExpressionsTask: ADPacifica_Synchro_Complete_Scaffolding_UpdateEntityPropertyExpressions1, Task 4/15
[11:09:49 VRB] HandleCommand RunTaskCommand
[11:09:49 DBG] HttpClient.Send: POST https://dev-fusion-iam.caa.group.gca/api/Job/Task/RunTask/145?api-version=4.0&jobInstanceId=1040&jobLogLevel=Trace
[11:09:50 VRB] HandleQuery SelectTaskInstanceInvokeJobQuery
[11:09:50 DBG] HttpClient.Send: GET https://dev-fusion-iam.caa.group.gca/api/Job/TaskInstance/GetTaskInstanceInvokeJob/6642?api-version=2.0&jobInstanceId=1040&taskId=145&jobId=19
[11:09:50 INF] Task: ADPacifica_Synchro_Complete_Scaffolding_UpdateEntityPropertyExpressions1 Completed with state Completed
[11:09:50 INF] ComputeCorrelationKeysTask: ADPacifica_Synchro_Complete_Scaffolding_ComputeCorrelationKeys1_AllEntities (Level: 4, LaunchOrder: 4)
    EntityType: ADPacifica_Entry, Directory_User

[11:09:50 VRB] Check the instance state for Task ADPacifica_Synchro_Complete_Scaffolding_ComputeCorrelationKeys1_AllEntities
[11:09:50 VRB] HandleCommand TaskInstanceProgressCommand
[11:09:50 DBG] HttpClient.Send: PUT https://dev-fusion-iam.caa.group.gca/api/Job/TaskInstance/Progress?api-version=2.0
[11:09:50 INF] Launch task: ComputeCorrelationKeysTask: ADPacifica_Synchro_Complete_Scaffolding_ComputeCorrelationKeys1_AllEntities, Task 5/15
[11:09:50 VRB] HandleCommand RunTaskCommand
[11:09:50 DBG] HttpClient.Send: POST https://dev-fusion-iam.caa.group.gca/api/Job/Task/RunTask/135?api-version=4.0&jobInstanceId=1040&jobLogLevel=Trace
[11:10:02 VRB] HandleQuery SelectTaskInstanceInvokeJobQuery
[11:10:02 DBG] HttpClient.Send: GET https://dev-fusion-iam.caa.group.gca/api/Job/TaskInstance/GetTaskInstanceInvokeJob/6643?api-version=2.0&jobInstanceId=1040&taskId=135&jobId=19
[11:10:02 INF] Task: ADPacifica_Synchro_Complete_Scaffolding_ComputeCorrelationKeys1_AllEntities Completed with state Completed
[11:10:02 DBG] HttpClient.Send: PUT https://dev-fusion-iam.caa.group.gca/api/Job/JobInstance/Progression/1040?api-version=3.0&jobGroupId=19&current=5&totalTask=15&state=InProgress&resourceId=-1&cancelRequest=False&retry=False
[11:10:02 VRB] Check the JobInstance state for JobInstance 1040.
[11:10:02 VRB] HandleQuery SelectJobInstanceByIdQuery
[11:10:02 DBG] HttpClient.Send: GET https://dev-fusion-iam.caa.group.gca/api/Job/JobInstance/1040?api-version=2.0&squery=select%20State&path=/Jobs/JobInstance/Query&QueryRootEntityType=JobInstance
[11:10:02 INF] ComputeRoleModelTask: ADPacifica_Synchro_Complete_Scaffolding_ComputeRoleModel1 (Level: 5, LaunchOrder: 5)
    EntityType: Directory_User

[11:10:02 VRB] Check the instance state for Task ADPacifica_Synchro_Complete_Scaffolding_ComputeRoleModel1
[11:10:02 VRB] HandleCommand TaskInstanceProgressCommand
[11:10:02 DBG] HttpClient.Send: PUT https://dev-fusion-iam.caa.group.gca/api/Job/TaskInstance/Progress?api-version=2.0
[11:10:02 INF] Launch task: ComputeRoleModelTask: ADPacifica_Synchro_Complete_Scaffolding_ComputeRoleModel1, Task 6/15
[11:10:02 VRB] HandleCommand RunTaskCommand
[11:10:02 DBG] HttpClient.Send: POST https://dev-fusion-iam.caa.group.gca/api/Job/Task/RunTask/137?api-version=4.0&jobInstanceId=1040&jobLogLevel=Trace
[11:10:05 VRB] HandleQuery SelectTaskInstanceInvokeJobQuery
[11:10:05 DBG] HttpClient.Send: GET https://dev-fusion-iam.caa.group.gca/api/Job/TaskInstance/GetTaskInstanceInvokeJob/6644?api-version=2.0&jobInstanceId=1040&taskId=137&jobId=19
[11:10:05 INF] Task: ADPacifica_Synchro_Complete_Scaffolding_ComputeRoleModel1 Completed with state Completed
[11:10:05 VRB] Check the JobInstance state for JobInstance 1040.
[11:10:05 VRB] HandleQuery SelectJobInstanceByIdQuery
[11:10:05 DBG] HttpClient.Send: GET https://dev-fusion-iam.caa.group.gca/api/Job/JobInstance/1040?api-version=2.0&squery=select%20State&path=/Jobs/JobInstance/Query&QueryRootEntityType=JobInstance
[11:10:05 INF] ComputeRiskScoresTask: ADPacifica_Synchro_Complete_Scaffolding_ComputeRiskScores1 (Level: 6, LaunchOrder: 6)
    EntityType: Directory_User

[11:10:05 VRB] Check the instance state for Task ADPacifica_Synchro_Complete_Scaffolding_ComputeRiskScores1
[11:10:05 VRB] HandleCommand TaskInstanceProgressCommand
[11:10:05 DBG] HttpClient.Send: PUT https://dev-fusion-iam.caa.group.gca/api/Job/TaskInstance/Progress?api-version=2.0
[11:10:05 INF] Launch task: ComputeRiskScoresTask: ADPacifica_Synchro_Complete_Scaffolding_ComputeRiskScores1, Task 7/15
[11:10:05 VRB] HandleCommand RunTaskCommand
[11:10:05 DBG] HttpClient.Send: POST https://dev-fusion-iam.caa.group.gca/api/Job/Task/RunTask/136?api-version=4.0&jobInstanceId=1040&jobLogLevel=Trace
[11:10:06 VRB] HandleQuery SelectTaskInstanceInvokeJobQuery
[11:10:06 DBG] HttpClient.Send: GET https://dev-fusion-iam.caa.group.gca/api/Job/TaskInstance/GetTaskInstanceInvokeJob/6645?api-version=2.0&jobInstanceId=1040&taskId=136&jobId=19
[11:10:06 INF] Task: ADPacifica_Synchro_Complete_Scaffolding_ComputeRiskScores1 Completed with state Completed
[11:10:06 INF] GenerateProvisioningOrdersTask: ADPacifica_Synchro_Complete_Scaffolding_GenerateProvisioningOrders1 (Level: 7, LaunchOrder: 7)
    ResourceType: ADPacifica_NominativeUser

[11:10:06 VRB] Check the instance state for Task ADPacifica_Synchro_Complete_Scaffolding_GenerateProvisioningOrders1
[11:10:06 VRB] HandleCommand TaskInstanceProgressCommand
[11:10:06 DBG] HttpClient.Send: PUT https://dev-fusion-iam.caa.group.gca/api/Job/TaskInstance/Progress?api-version=2.0
[11:10:06 INF] Launch task: GenerateProvisioningOrdersTask: ADPacifica_Synchro_Complete_Scaffolding_GenerateProvisioningOrders1, Task 8/15
[11:10:06 VRB] HandleCommand RunTaskCommand
[11:10:06 DBG] HttpClient.Send: POST https://dev-fusion-iam.caa.group.gca/api/Job/Task/RunTask/140?api-version=4.0&jobInstanceId=1040&jobLogLevel=Trace
[11:10:06 VRB] HandleQuery SelectTaskInstanceInvokeJobQuery
[11:10:06 DBG] HttpClient.Send: GET https://dev-fusion-iam.caa.group.gca/api/Job/TaskInstance/GetTaskInstanceInvokeJob/6646?api-version=2.0&jobInstanceId=1040&taskId=140&jobId=19
[11:10:06 INF] Task: ADPacifica_Synchro_Complete_Scaffolding_GenerateProvisioningOrders1 Completed with state Completed
[11:10:06 INF] FulfillTask: ADPacifica_Synchro_Complete_Scaffolding_Fulfill1 (Level: 8, LaunchOrder: 8)
    ConnectionIdentifier: ADPacificaExportFulfillment
    FulfillmentType: FulfillLdap
    ContinueOnError: True
    Parent: ADPacifica_Synchro_Complete_Scaffolding_GenerateProvisioningOrders1
    ResourceType: ADPacifica_NominativeUser

[11:10:06 VRB] Check the instance state for Task ADPacifica_Synchro_Complete_Scaffolding_Fulfill1
[11:10:06 VRB] HandleCommand TaskInstanceProgressCommand
[11:10:06 DBG] HttpClient.Send: PUT https://dev-fusion-iam.caa.group.gca/api/Job/TaskInstance/Progress?api-version=2.0
[11:10:06 INF] The Task: ADPacifica_Synchro_Complete_Scaffolding_Fulfill1 has not been launched because no treatment is required.
[11:10:06 INF] UpdateParametersContextDisplayNamesTask: ADPacifica_Synchro_Complete_Scaffolding_UpdateParametersContextDisplayNames (Level: 9, LaunchOrder: 9)

[11:10:06 VRB] Check the instance state for Task ADPacifica_Synchro_Complete_Scaffolding_UpdateParametersContextDisplayNames
[11:10:06 VRB] HandleCommand TaskInstanceProgressCommand
[11:10:06 DBG] HttpClient.Send: PUT https://dev-fusion-iam.caa.group.gca/api/Job/TaskInstance/Progress?api-version=2.0
[11:10:06 INF] Launch task: UpdateParametersContextDisplayNamesTask: ADPacifica_Synchro_Complete_Scaffolding_UpdateParametersContextDisplayNames, Task 10/15
[11:10:06 VRB] HandleCommand RunTaskCommand
[11:10:06 DBG] HttpClient.Send: POST https://dev-fusion-iam.caa.group.gca/api/Job/Task/RunTask/146?api-version=4.0&jobInstanceId=1040&jobLogLevel=Trace
[11:10:07 VRB] HandleQuery SelectTaskInstanceInvokeJobQuery
[11:10:07 DBG] HttpClient.Send: GET https://dev-fusion-iam.caa.group.gca/api/Job/TaskInstance/GetTaskInstanceInvokeJob/6648?api-version=2.0&jobInstanceId=1040&taskId=146&jobId=19
[11:10:07 INF] Task: ADPacifica_Synchro_Complete_Scaffolding_UpdateParametersContextDisplayNames Completed with state Completed
[11:10:07 INF] SendRoleModelNotificationsTask: ADPacifica_Synchro_Complete_Scaffolding_SendRoleModelNotifications (Level: 10, LaunchOrder: 10)

[11:10:07 VRB] Check the instance state for Task ADPacifica_Synchro_Complete_Scaffolding_SendRoleModelNotifications
[11:10:07 VRB] HandleCommand TaskInstanceProgressCommand
[11:10:07 DBG] HttpClient.Send: PUT https://dev-fusion-iam.caa.group.gca/api/Job/TaskInstance/Progress?api-version=2.0
[11:10:07 INF] Launch task: SendRoleModelNotificationsTask: ADPacifica_Synchro_Complete_Scaffolding_SendRoleModelNotifications, Task 11/15
[11:10:07 VRB] HandleCommand RunTaskCommand
[11:10:07 DBG] HttpClient.Send: POST https://dev-fusion-iam.caa.group.gca/api/Job/Task/RunTask/143?api-version=4.0&jobInstanceId=1040&jobLogLevel=Trace
[11:10:08 VRB] HandleQuery SelectTaskInstanceInvokeJobQuery
[11:10:08 DBG] HttpClient.Send: GET https://dev-fusion-iam.caa.group.gca/api/Job/TaskInstance/GetTaskInstanceInvokeJob/6649?api-version=2.0&jobInstanceId=1040&taskId=143&jobId=19
[11:10:08 INF] Task: ADPacifica_Synchro_Complete_Scaffolding_SendRoleModelNotifications Completed with state Completed
[11:10:08 DBG] HttpClient.Send: PUT https://dev-fusion-iam.caa.group.gca/api/Job/JobInstance/Progression/1040?api-version=3.0&jobGroupId=19&current=11&totalTask=15&state=InProgress&resourceId=-1&cancelRequest=False&retry=False
[11:10:08 VRB] Check the JobInstance state for JobInstance 1040.
[11:10:08 VRB] HandleQuery SelectJobInstanceByIdQuery
[11:10:08 DBG] HttpClient.Send: GET https://dev-fusion-iam.caa.group.gca/api/Job/JobInstance/1040?api-version=2.0&squery=select%20State&path=/Jobs/JobInstance/Query&QueryRootEntityType=JobInstance
[11:10:08 INF] MaintainIndexesTask: ADPacifica_Synchro_Complete_Scaffolding_MaintainIndexes (Level: 11, LaunchOrder: 11)
    Rebuild Threshold: 0
    Reorganize Threshold: 0
    Page Count: 0
    Update Statistics Threshold: 0

[11:10:08 VRB] Check the instance state for Task ADPacifica_Synchro_Complete_Scaffolding_MaintainIndexes
[11:10:08 VRB] HandleCommand TaskInstanceProgressCommand
[11:10:08 DBG] HttpClient.Send: PUT https://dev-fusion-iam.caa.group.gca/api/Job/TaskInstance/Progress?api-version=2.0
[11:10:08 INF] Launch task: MaintainIndexesTask: ADPacifica_Synchro_Complete_Scaffolding_MaintainIndexes, Task 12/15
[11:10:08 VRB] HandleCommand RunTaskCommand
[11:10:08 DBG] HttpClient.Send: POST https://dev-fusion-iam.caa.group.gca/api/Job/Task/RunTask/141?api-version=4.0&jobInstanceId=1040&jobLogLevel=Trace
[11:10:12 VRB] HandleQuery SelectTaskInstanceInvokeJobQuery
[11:10:12 DBG] HttpClient.Send: GET https://dev-fusion-iam.caa.group.gca/api/Job/TaskInstance/GetTaskInstanceInvokeJob/6650?api-version=2.0&jobInstanceId=1040&taskId=141&jobId=19
[11:10:12 INF] Task: ADPacifica_Synchro_Complete_Scaffolding_MaintainIndexes Completed with state Completed
[11:10:12 VRB] Check the JobInstance state for JobInstance 1040.
[11:10:12 VRB] HandleQuery SelectJobInstanceByIdQuery
[11:10:12 DBG] HttpClient.Send: GET https://dev-fusion-iam.caa.group.gca/api/Job/JobInstance/1040?api-version=2.0&squery=select%20State&path=/Jobs/JobInstance/Query&QueryRootEntityType=JobInstance
[11:10:12 INF] ComputeRoleModelTask: ADPacifica_ComputeRoleModel_CAA (Level: 12, LaunchOrder: 12)
    EntityType: ADPacifica_Entry

[11:10:12 VRB] Check the instance state for Task ADPacifica_ComputeRoleModel_CAA
[11:10:12 VRB] HandleCommand TaskInstanceProgressCommand
[11:10:12 DBG] HttpClient.Send: PUT https://dev-fusion-iam.caa.group.gca/api/Job/TaskInstance/Progress?api-version=2.0
[11:10:12 INF] Launch task: ComputeRoleModelTask: ADPacifica_ComputeRoleModel_CAA, Task 13/15
[11:10:12 VRB] HandleCommand RunTaskCommand
[11:10:12 DBG] HttpClient.Send: POST https://dev-fusion-iam.caa.group.gca/api/Job/Task/RunTask/132?api-version=4.0&jobInstanceId=1040&jobLogLevel=Trace
[11:10:13 VRB] HandleQuery SelectTaskInstanceInvokeJobQuery
[11:10:13 DBG] HttpClient.Send: GET https://dev-fusion-iam.caa.group.gca/api/Job/TaskInstance/GetTaskInstanceInvokeJob/6651?api-version=2.0&jobInstanceId=1040&taskId=132&jobId=19
[11:10:13 INF] Task: ADPacifica_ComputeRoleModel_CAA Completed with state Completed
[11:10:13 INF] GenerateProvisioningOrdersTask: ADPacifica_GenerateProvisioningOrders_CAA (Level: 13, LaunchOrder: 13)
    Force Provisioning: True
    ResourceType: ADPacifica_To_Directory_UserRecord

[11:10:13 VRB] Check the instance state for Task ADPacifica_GenerateProvisioningOrders_CAA
[11:10:13 VRB] HandleCommand TaskInstanceProgressCommand
[11:10:13 DBG] HttpClient.Send: PUT https://dev-fusion-iam.caa.group.gca/api/Job/TaskInstance/Progress?api-version=2.0
[11:10:13 INF] Launch task: GenerateProvisioningOrdersTask: ADPacifica_GenerateProvisioningOrders_CAA, Task 14/15
[11:10:13 VRB] HandleCommand RunTaskCommand
[11:10:13 DBG] HttpClient.Send: POST https://dev-fusion-iam.caa.group.gca/api/Job/Task/RunTask/134?api-version=4.0&jobInstanceId=1040&jobLogLevel=Trace
[11:10:13 VRB] HandleQuery SelectTaskInstanceInvokeJobQuery
[11:10:13 DBG] HttpClient.Send: GET https://dev-fusion-iam.caa.group.gca/api/Job/TaskInstance/GetTaskInstanceInvokeJob/6652?api-version=2.0&jobInstanceId=1040&taskId=134&jobId=19
[11:10:13 INF] Task: ADPacifica_GenerateProvisioningOrders_CAA Completed with state Completed
[11:10:13 INF] FulfillTask: ADPacifica_Fulfill_CAA (Level: 14, LaunchOrder: 14)
    ConnectionIdentifier: HRDatabase
    FulfillmentType: FulfillInternalResource
    ResourceType: ADPacifica_To_Directory_UserRecord

[11:10:13 VRB] Check the instance state for Task ADPacifica_Fulfill_CAA
[11:10:13 VRB] HandleCommand TaskInstanceProgressCommand
[11:10:13 DBG] HttpClient.Send: PUT https://dev-fusion-iam.caa.group.gca/api/Job/TaskInstance/Progress?api-version=2.0
[11:10:13 INF] Launch task: FulfillTask: ADPacifica_Fulfill_CAA, Task 15/15
[11:10:13 VRB] HandleCommand RunTaskCommand
[11:10:13 DBG] HttpClient.Send: POST https://dev-fusion-iam.caa.group.gca/api/Job/Task/RunTask/133?api-version=4.0&jobInstanceId=1040&jobLogLevel=Trace
[11:10:13 VRB] HandleQuery SelectTaskInstanceInvokeJobQuery
[11:10:13 DBG] HttpClient.Send: GET https://dev-fusion-iam.caa.group.gca/api/Job/TaskInstance/GetTaskInstanceInvokeJob/6653?api-version=2.0&jobInstanceId=1040&taskId=133&jobId=19
[11:10:13 INF] Task: ADPacifica_Fulfill_CAA Completed with state Completed
[11:10:13 DBG] HttpClient.Send: PUT https://dev-fusion-iam.caa.group.gca/api/Job/JobInstance/Progression/1040?api-version=3.0&jobGroupId=19&current=15&totalTask=15&state=InProgress&resourceId=-1&cancelRequest=False&retry=False
[11:10:13 DBG] HttpClient.Send: PUT https://dev-fusion-iam.caa.group.gca/api/Job/JobInstance/Progression/1040?api-version=3.0&jobGroupId=19&current=15&totalTask=15&state=Completed&resourceId=-1&cancelRequest=False&retry=False
