[20:07:38 DBG] HttpClient.Send: PUT https://dev-fusion-iam.caa.group.gca/api/Job/JobInstance/Progression/716?api-version=3.0&jobGroupId=4&current=0&totalTask=0&state=InProgress&resourceId=-1&cancelRequest=False&retry=False
[20:07:38 VRB] Refreshed token: token expiration date=01/28/2025 20:04:38
[20:07:38 VRB] HandleQuery SelectConsolidateJobQuery
[20:07:38 DBG] HttpClient.Send: GET https://dev-fusion-iam.caa.group.gca/api/Job/Job/RunStateMachineJob?api-version=4.0&path=/Jobs/Job/Query&jobIdentifier=4&repair=False&beginJobStep=-1&endJobStep=-1&forceSynchronizationProvisioning=False&retry=False&launchTaskType=0&taskIdentifier=&taskIdentifierContains=&beginTaskExcluded=&endTaskExcluded=&jobInstanceId=716&jobId=4
[20:07:39 VRB] HandleCommand ReserveTaskInstanceIdCommand
[20:07:39 VRB] Reserve 25 next TaskInstanceId
[20:07:39 DBG] HttpClient.Send: PUT https://dev-fusion-iam.caa.group.gca/api/Job/TaskInstance/GetTaskInstanceId/25?api-version=1.0
[20:07:39 VRB] Check the JobInstance state for JobInstance 716.
[20:07:39 VRB] HandleQuery SelectJobInstanceByIdQuery
[20:07:39 DBG] HttpClient.Send: GET https://dev-fusion-iam.caa.group.gca/api/Job/JobInstance/716?api-version=2.0&squery=select%20State&path=/Jobs/JobInstance/Query&QueryRootEntityType=JobInstance
[20:07:39 INF] InvokeExpressionTask: HR_Synchro_Incremental_Scaffolding_PreCollect (Level: 0, LaunchOrder: 0)
    Agent: CAA

[20:07:39 VRB] Check the instance state for Task HR_Synchro_Incremental_Scaffolding_PreCollect
[20:07:39 VRB] HandleCommand TaskInstanceProgressCommand
[20:07:39 DBG] HttpClient.Send: PUT https://dev-fusion-iam.caa.group.gca/api/Job/TaskInstance/Progress?api-version=2.0
[20:07:39 INF] Launch task: InvokeExpressionTask: HR_Synchro_Incremental_Scaffolding_PreCollect, Task 1/25
[20:07:39 VRB] HandleCommand RunTaskCommand
[20:07:39 INF] Launch InvokeExpressionTask : HR_Synchro_Incremental_Scaffolding_PreCollect
[20:07:39 DBG] Start Process dotnet Usercube-Invoke-ExpressionAgentSide.dll --progress-task-instance-id 3887 --api-url "https://dev-fusion-iam.caa.group.gca/" --api-client-id "Job" --log-level 0 --input-path "D:\UsercubeCAA\Scripts\HR\HR_PreCollect.ps1" --stdin null
[20:07:39 INF] Start process=True PID=1288 dotnet Usercube-Invoke-ExpressionAgentSide.dll --progress-task-instance-id 3887 --api-url "https://dev-fusion-iam.caa.group.gca/" --api-client-id "Job" --log-level 0 --input-path "D:\UsercubeCAA\Scripts\HR\HR_PreCollect.ps1" --stdin
[20:07:41 DBG] HttpClient.Send: GET https://dev-fusion-iam.caa.group.gca/api/Job/TaskInstance/3887?api-version=1.0&squery=join%20Task%20t%20select%20t.ContinueOnError%2C%20State&path=/Jobs/TaskInstance/Query&QueryRootEntityType=TaskInstance
[20:07:41 VRB] HandleQuery SelectTaskInstanceInvokeJobQuery
[20:07:41 DBG] HttpClient.Send: GET https://dev-fusion-iam.caa.group.gca/api/Job/TaskInstance/GetTaskInstanceInvokeJob/3887?api-version=2.0&jobInstanceId=716&taskId=238&jobId=4
[20:07:41 INF] Task: HR_Synchro_Incremental_Scaffolding_PreCollect Completed with state Completed
[20:07:41 VRB] Check the JobInstance state for JobInstance 716.
[20:07:41 VRB] HandleQuery SelectJobInstanceByIdQuery
[20:07:41 DBG] HttpClient.Send: GET https://dev-fusion-iam.caa.group.gca/api/Job/JobInstance/716?api-version=2.0&squery=select%20State&path=/Jobs/JobInstance/Query&QueryRootEntityType=JobInstance
[20:07:41 INF] ExportTask: HR_Synchro_Incremental_Scaffolding_Export_HR_User (Level: 1, LaunchOrder: 1)
    Connector: HR
    Mode: Incremental
    ConnectionIdentifier: HRUser
    ExportType: ExportCsv

[20:07:41 VRB] Check the instance state for Task HR_Synchro_Incremental_Scaffolding_Export_HR_User
[20:07:41 VRB] HandleCommand TaskInstanceProgressCommand
[20:07:41 DBG] HttpClient.Send: PUT https://dev-fusion-iam.caa.group.gca/api/Job/TaskInstance/Progress?api-version=2.0
[20:07:41 INF] Launch task: ExportTask: HR_Synchro_Incremental_Scaffolding_Export_HR_User, Task 2/25
[20:07:41 VRB] HandleCommand RunTaskCommand
[20:07:41 INF] Launch ExportTask : HR_Synchro_Incremental_Scaffolding_Export_HR_User
[20:07:41 DBG] Start Process dotnet Usercube-Export-Csv.dll --progress-task-instance-id 3888 --api-url "https://dev-fusion-iam.caa.group.gca/" --api-client-id "Job" --log-level 0 --output-path "../Temp\ExportOutput" --connection-identifier "HRUser" --path-incremental "D:\UsercubeCAA\Sources\RH\Incremental\RH_entrees.csv" --separator ";" --lines-to-skip "0" --stdin null
[20:07:41 INF] Start process=True PID=10616 dotnet Usercube-Export-Csv.dll --progress-task-instance-id 3888 --api-url "https://dev-fusion-iam.caa.group.gca/" --api-client-id "Job" --log-level 0 --output-path "../Temp\ExportOutput" --connection-identifier "HRUser" --path-incremental "D:\UsercubeCAA\Sources\RH\Incremental\RH_entrees.csv" --separator ";" --lines-to-skip "0" --stdin
[20:07:42 DBG] HttpClient.Send: GET https://dev-fusion-iam.caa.group.gca/api/Job/TaskInstance/3888?api-version=1.0&squery=join%20Task%20t%20select%20t.ContinueOnError%2C%20State&path=/Jobs/TaskInstance/Query&QueryRootEntityType=TaskInstance
[20:07:42 VRB] HandleQuery SelectTaskInstanceInvokeJobQuery
[20:07:42 DBG] HttpClient.Send: GET https://dev-fusion-iam.caa.group.gca/api/Job/TaskInstance/GetTaskInstanceInvokeJob/3888?api-version=2.0&jobInstanceId=716&taskId=235&jobId=4
[20:07:42 INF] Task: HR_Synchro_Incremental_Scaffolding_Export_HR_User Completed with state Completed
[20:07:42 INF] ExportTask: HR_Synchro_Incremental_Scaffolding_Export_HR_UserUpdate (Level: 2, LaunchOrder: 2)
    Connector: HR
    Mode: Incremental
    ConnectionIdentifier: HRUserUpdate
    ExportType: ExportCsv

[20:07:42 VRB] Check the instance state for Task HR_Synchro_Incremental_Scaffolding_Export_HR_UserUpdate
[20:07:42 VRB] HandleCommand TaskInstanceProgressCommand
[20:07:42 DBG] HttpClient.Send: PUT https://dev-fusion-iam.caa.group.gca/api/Job/TaskInstance/Progress?api-version=2.0
[20:07:42 INF] Launch task: ExportTask: HR_Synchro_Incremental_Scaffolding_Export_HR_UserUpdate, Task 3/25
[20:07:42 VRB] HandleCommand RunTaskCommand
[20:07:42 INF] Launch ExportTask : HR_Synchro_Incremental_Scaffolding_Export_HR_UserUpdate
[20:07:42 DBG] Start Process dotnet Usercube-Export-Csv.dll --progress-task-instance-id 3889 --api-url "https://dev-fusion-iam.caa.group.gca/" --api-client-id "Job" --log-level 0 --output-path "../Temp\ExportOutput" --connection-identifier "HRUserUpdate" --path-incremental "D:\UsercubeCAA\Sources\RH\Incremental\RH_sorties_mobilitees.csv" --separator ";" --lines-to-skip "0" --stdin null
[20:07:42 INF] Start process=True PID=9544 dotnet Usercube-Export-Csv.dll --progress-task-instance-id 3889 --api-url "https://dev-fusion-iam.caa.group.gca/" --api-client-id "Job" --log-level 0 --output-path "../Temp\ExportOutput" --connection-identifier "HRUserUpdate" --path-incremental "D:\UsercubeCAA\Sources\RH\Incremental\RH_sorties_mobilitees.csv" --separator ";" --lines-to-skip "0" --stdin
[20:07:43 DBG] HttpClient.Send: GET https://dev-fusion-iam.caa.group.gca/api/Job/TaskInstance/3889?api-version=1.0&squery=join%20Task%20t%20select%20t.ContinueOnError%2C%20State&path=/Jobs/TaskInstance/Query&QueryRootEntityType=TaskInstance
[20:07:43 VRB] HandleQuery SelectTaskInstanceInvokeJobQuery
[20:07:43 DBG] HttpClient.Send: GET https://dev-fusion-iam.caa.group.gca/api/Job/TaskInstance/GetTaskInstanceInvokeJob/3889?api-version=2.0&jobInstanceId=716&taskId=236&jobId=4
[20:07:43 INF] Task: HR_Synchro_Incremental_Scaffolding_Export_HR_UserUpdate Completed with state Completed
[20:07:43 DBG] HttpClient.Send: PUT https://dev-fusion-iam.caa.group.gca/api/Job/JobInstance/Progression/716?api-version=3.0&jobGroupId=4&current=3&totalTask=25&state=InProgress&resourceId=-1&cancelRequest=False&retry=False
[20:07:43 INF] ExportTask: HR_Synchro_Incremental_Scaffolding_Export_HR_LoadIUG (Level: 3, LaunchOrder: 3)
    Connector: HR
    Mode: Incremental
    ConnectionIdentifier: HRLoadIUG
    ExportType: ExportCsv

[20:07:43 VRB] Check the instance state for Task HR_Synchro_Incremental_Scaffolding_Export_HR_LoadIUG
[20:07:43 VRB] HandleCommand TaskInstanceProgressCommand
[20:07:43 DBG] HttpClient.Send: PUT https://dev-fusion-iam.caa.group.gca/api/Job/TaskInstance/Progress?api-version=2.0
[20:07:43 INF] Launch task: ExportTask: HR_Synchro_Incremental_Scaffolding_Export_HR_LoadIUG, Task 4/25
[20:07:43 VRB] HandleCommand RunTaskCommand
[20:07:43 INF] Launch ExportTask : HR_Synchro_Incremental_Scaffolding_Export_HR_LoadIUG
[20:07:43 DBG] Start Process dotnet Usercube-Export-Csv.dll --progress-task-instance-id 3890 --api-url "https://dev-fusion-iam.caa.group.gca/" --api-client-id "Job" --log-level 0 --output-path "../Temp\ExportOutput" --connection-identifier "HRLoadIUG" --path-incremental "D:\UsercubeCAA\Sources\RH\Incremental\Load_IUG.csv" --separator ";" --lines-to-skip "0" --stdin null
[20:07:43 INF] Start process=True PID=8512 dotnet Usercube-Export-Csv.dll --progress-task-instance-id 3890 --api-url "https://dev-fusion-iam.caa.group.gca/" --api-client-id "Job" --log-level 0 --output-path "../Temp\ExportOutput" --connection-identifier "HRLoadIUG" --path-incremental "D:\UsercubeCAA\Sources\RH\Incremental\Load_IUG.csv" --separator ";" --lines-to-skip "0" --stdin
[20:07:44 DBG] HttpClient.Send: GET https://dev-fusion-iam.caa.group.gca/api/Job/TaskInstance/3890?api-version=1.0&squery=join%20Task%20t%20select%20t.ContinueOnError%2C%20State&path=/Jobs/TaskInstance/Query&QueryRootEntityType=TaskInstance
[20:07:44 VRB] HandleQuery SelectTaskInstanceInvokeJobQuery
[20:07:44 DBG] HttpClient.Send: GET https://dev-fusion-iam.caa.group.gca/api/Job/TaskInstance/GetTaskInstanceInvokeJob/3890?api-version=2.0&jobInstanceId=716&taskId=234&jobId=4
[20:07:44 INF] Task: HR_Synchro_Incremental_Scaffolding_Export_HR_LoadIUG Completed with state Completed
[20:07:44 VRB] Check the JobInstance state for JobInstance 716.
[20:07:44 VRB] HandleQuery SelectJobInstanceByIdQuery
[20:07:44 DBG] HttpClient.Send: GET https://dev-fusion-iam.caa.group.gca/api/Job/JobInstance/716?api-version=2.0&squery=select%20State&path=/Jobs/JobInstance/Query&QueryRootEntityType=JobInstance
[20:07:44 INF] PrepareSynchronizationChangesTask: HR_Synchro_Incremental_Scaffolding_PrepareSynchronization_HR (Level: 4, LaunchOrder: 4)
    Synchronization Mode: Incremental
    Connector: HR
    Parent: HR_Synchro_Incremental_Scaffolding_Export_HR_LoadIUG, HR_Synchro_Incremental_Scaffolding_Export_HR_User, HR_Synchro_Incremental_Scaffolding_Export_HR_UserUpdate

[20:07:44 VRB] Check the instance state for Task HR_Synchro_Incremental_Scaffolding_PrepareSynchronization_HR
[20:07:44 VRB] HandleCommand TaskInstanceProgressCommand
[20:07:44 DBG] HttpClient.Send: PUT https://dev-fusion-iam.caa.group.gca/api/Job/TaskInstance/Progress?api-version=2.0
[20:07:44 INF] Launch task: PrepareSynchronizationChangesTask: HR_Synchro_Incremental_Scaffolding_PrepareSynchronization_HR, Task 5/25
[20:07:44 VRB] HandleCommand RunTaskCommand
[20:07:44 INF] Launch PrepareSynchronizationChangesTask : HR_Synchro_Incremental_Scaffolding_PrepareSynchronization_HR
[20:07:44 DBG] Start Process dotnet Usercube-Prepare-SynchronizationChange.dll --progress-task-instance-id 3891 --api-url "https://dev-fusion-iam.caa.group.gca/" --api-client-id "Job" --log-level 0 --connector 8 --working-directory "../Work\Collect" --sources-directory "../Temp\ExportOutput" --stdin null
[20:07:44 INF] Start process=True PID=11680 dotnet Usercube-Prepare-SynchronizationChange.dll --progress-task-instance-id 3891 --api-url "https://dev-fusion-iam.caa.group.gca/" --api-client-id "Job" --log-level 0 --connector 8 --working-directory "../Work\Collect" --sources-directory "../Temp\ExportOutput" --stdin
[20:07:45 DBG] HttpClient.Send: GET https://dev-fusion-iam.caa.group.gca/api/Job/TaskInstance/3891?api-version=1.0&squery=join%20Task%20t%20select%20t.ContinueOnError%2C%20State&path=/Jobs/TaskInstance/Query&QueryRootEntityType=TaskInstance
[20:07:45 VRB] HandleQuery SelectTaskInstanceInvokeJobQuery
[20:07:45 DBG] HttpClient.Send: GET https://dev-fusion-iam.caa.group.gca/api/Job/TaskInstance/GetTaskInstanceInvokeJob/3891?api-version=2.0&jobInstanceId=716&taskId=239&jobId=4
[20:07:45 INF] Task: HR_Synchro_Incremental_Scaffolding_PrepareSynchronization_HR Completed with state Completed
[20:07:45 INF] SynchronizeChangesTask: HR_Synchro_Incremental_Scaffolding_Synchronize_HR_DoNotDeleteChange (Level: 5, LaunchOrder: 5)
    Connector: HR
    Force Provisioning: True
    DoNotDeleteChange: True
    Parent: HR_Synchro_Incremental_Scaffolding_PrepareSynchronization_HR

[20:07:45 VRB] Check the instance state for Task HR_Synchro_Incremental_Scaffolding_Synchronize_HR_DoNotDeleteChange
[20:07:45 VRB] HandleCommand TaskInstanceProgressCommand
[20:07:45 DBG] HttpClient.Send: PUT https://dev-fusion-iam.caa.group.gca/api/Job/TaskInstance/Progress?api-version=2.0
[20:07:45 INF] Launch task: SynchronizeChangesTask: HR_Synchro_Incremental_Scaffolding_Synchronize_HR_DoNotDeleteChange, Task 6/25
[20:07:45 VRB] HandleCommand RunTaskCommand
[20:07:45 DBG] HttpClient.Send: POST https://dev-fusion-iam.caa.group.gca/api/Job/Task/RunTask/247?api-version=4.0&jobInstanceId=716&jobLogLevel=Trace
[20:07:47 VRB] HandleQuery SelectTaskInstanceInvokeJobQuery
[20:07:47 DBG] HttpClient.Send: GET https://dev-fusion-iam.caa.group.gca/api/Job/TaskInstance/GetTaskInstanceInvokeJob/3892?api-version=2.0&jobInstanceId=716&taskId=247&jobId=4
[20:07:47 INF] Task: HR_Synchro_Incremental_Scaffolding_Synchronize_HR_DoNotDeleteChange Completed with state Completed
[20:07:47 VRB] Check the JobInstance state for JobInstance 716.
[20:07:47 VRB] HandleQuery SelectJobInstanceByIdQuery
[20:07:47 DBG] HttpClient.Send: GET https://dev-fusion-iam.caa.group.gca/api/Job/JobInstance/716?api-version=2.0&squery=select%20State&path=/Jobs/JobInstance/Query&QueryRootEntityType=JobInstance
[20:07:47 INF] UpdateEntityPropertyExpressionsTask: HR_Synchro_Incremental_Scaffolding_ComputeProperties_1 (Level: 6, LaunchOrder: 6)
    AllEntities: True

[20:07:47 VRB] Check the instance state for Task HR_Synchro_Incremental_Scaffolding_ComputeProperties_1
[20:07:47 VRB] HandleCommand TaskInstanceProgressCommand
[20:07:47 DBG] HttpClient.Send: PUT https://dev-fusion-iam.caa.group.gca/api/Job/TaskInstance/Progress?api-version=2.0
[20:07:47 INF] Launch task: UpdateEntityPropertyExpressionsTask: HR_Synchro_Incremental_Scaffolding_ComputeProperties_1, Task 7/25
[20:07:47 VRB] HandleCommand RunTaskCommand
[20:07:47 DBG] HttpClient.Send: POST https://dev-fusion-iam.caa.group.gca/api/Job/Task/RunTask/228?api-version=4.0&jobInstanceId=716&jobLogLevel=Trace
[20:07:55 VRB] HandleQuery SelectTaskInstanceInvokeJobQuery
[20:07:55 DBG] HttpClient.Send: GET https://dev-fusion-iam.caa.group.gca/api/Job/TaskInstance/GetTaskInstanceInvokeJob/3893?api-version=2.0&jobInstanceId=716&taskId=228&jobId=4
[20:07:55 INF] Task: HR_Synchro_Incremental_Scaffolding_ComputeProperties_1 Completed with state Completed
[20:07:55 DBG] HttpClient.Send: PUT https://dev-fusion-iam.caa.group.gca/api/Job/JobInstance/Progression/716?api-version=3.0&jobGroupId=4&current=7&totalTask=25&state=InProgress&resourceId=-1&cancelRequest=False&retry=False
[20:07:55 VRB] Check the JobInstance state for JobInstance 716.
[20:07:55 VRB] HandleQuery SelectJobInstanceByIdQuery
[20:07:55 DBG] HttpClient.Send: GET https://dev-fusion-iam.caa.group.gca/api/Job/JobInstance/716?api-version=2.0&squery=select%20State&path=/Jobs/JobInstance/Query&QueryRootEntityType=JobInstance
[20:07:55 INF] ComputeCorrelationKeysTask: HR_Synchro_Incremental_Scaffolding_ComputeCorrelationKeysy_Users (Level: 7, LaunchOrder: 7)
    All Entities: True

[20:07:55 VRB] Check the instance state for Task HR_Synchro_Incremental_Scaffolding_ComputeCorrelationKeysy_Users
[20:07:55 VRB] HandleCommand TaskInstanceProgressCommand
[20:07:55 DBG] HttpClient.Send: PUT https://dev-fusion-iam.caa.group.gca/api/Job/TaskInstance/Progress?api-version=2.0
[20:07:55 INF] Launch task: ComputeCorrelationKeysTask: HR_Synchro_Incremental_Scaffolding_ComputeCorrelationKeysy_Users, Task 8/25
[20:07:55 VRB] HandleCommand RunTaskCommand
[20:07:55 DBG] HttpClient.Send: POST https://dev-fusion-iam.caa.group.gca/api/Job/Task/RunTask/227?api-version=4.0&jobInstanceId=716&jobLogLevel=Trace
[20:08:17 VRB] HandleQuery SelectTaskInstanceInvokeJobQuery
[20:08:17 DBG] HttpClient.Send: GET https://dev-fusion-iam.caa.group.gca/api/Job/TaskInstance/GetTaskInstanceInvokeJob/3894?api-version=2.0&jobInstanceId=716&taskId=227&jobId=4
[20:08:17 INF] Task: HR_Synchro_Incremental_Scaffolding_ComputeCorrelationKeysy_Users Completed with state Completed
[20:08:17 DBG] HttpClient.Send: PUT https://dev-fusion-iam.caa.group.gca/api/Job/JobInstance/Progression/716?api-version=3.0&jobGroupId=4&current=8&totalTask=25&state=InProgress&resourceId=-1&cancelRequest=False&retry=False
[20:08:17 VRB] Check the JobInstance state for JobInstance 716.
[20:08:17 VRB] HandleQuery SelectJobInstanceByIdQuery
[20:08:17 DBG] HttpClient.Send: GET https://dev-fusion-iam.caa.group.gca/api/Job/JobInstance/716?api-version=2.0&squery=select%20State&path=/Jobs/JobInstance/Query&QueryRootEntityType=JobInstance
[20:08:17 INF] ComputeRoleModelTask: HR_Synchro_Incremental_Scaffolding_ComputeProvisioningPolicy_Users (Level: 8, LaunchOrder: 8)
    EntityType: HR_User

[20:08:17 VRB] Check the instance state for Task HR_Synchro_Incremental_Scaffolding_ComputeProvisioningPolicy_Users
[20:08:17 VRB] HandleCommand TaskInstanceProgressCommand
[20:08:17 DBG] HttpClient.Send: PUT https://dev-fusion-iam.caa.group.gca/api/Job/TaskInstance/Progress?api-version=2.0
[20:08:17 INF] Launch task: ComputeRoleModelTask: HR_Synchro_Incremental_Scaffolding_ComputeProvisioningPolicy_Users, Task 9/25
[20:08:17 VRB] HandleCommand RunTaskCommand
[20:08:17 DBG] HttpClient.Send: POST https://dev-fusion-iam.caa.group.gca/api/Job/Task/RunTask/233?api-version=4.0&jobInstanceId=716&jobLogLevel=Trace
[20:08:17 VRB] HandleQuery SelectTaskInstanceInvokeJobQuery
[20:08:17 DBG] HttpClient.Send: GET https://dev-fusion-iam.caa.group.gca/api/Job/TaskInstance/GetTaskInstanceInvokeJob/3895?api-version=2.0&jobInstanceId=716&taskId=233&jobId=4
[20:08:17 INF] Task: HR_Synchro_Incremental_Scaffolding_ComputeProvisioningPolicy_Users Completed with state Completed
[20:08:17 INF] GenerateProvisioningOrdersTask: HR_Synchro_Incremental_Scaffolding_Provisioning_Users (Level: 9, LaunchOrder: 9)
    Force Provisioning: True
    ResourceType: HR_User, HR_UserRecord

[20:08:17 VRB] Check the instance state for Task HR_Synchro_Incremental_Scaffolding_Provisioning_Users
[20:08:17 VRB] HandleCommand TaskInstanceProgressCommand
[20:08:17 DBG] HttpClient.Send: PUT https://dev-fusion-iam.caa.group.gca/api/Job/TaskInstance/Progress?api-version=2.0
[20:08:17 INF] Launch task: GenerateProvisioningOrdersTask: HR_Synchro_Incremental_Scaffolding_Provisioning_Users, Task 10/25
[20:08:17 VRB] HandleCommand RunTaskCommand
[20:08:17 DBG] HttpClient.Send: POST https://dev-fusion-iam.caa.group.gca/api/Job/Task/RunTask/245?api-version=4.0&jobInstanceId=716&jobLogLevel=Trace
[20:08:17 VRB] HandleQuery SelectTaskInstanceInvokeJobQuery
[20:08:17 DBG] HttpClient.Send: GET https://dev-fusion-iam.caa.group.gca/api/Job/TaskInstance/GetTaskInstanceInvokeJob/3896?api-version=2.0&jobInstanceId=716&taskId=245&jobId=4
[20:08:17 INF] Task: HR_Synchro_Incremental_Scaffolding_Provisioning_Users Completed with state Completed
[20:08:17 INF] FulfillTask: HR_Synchro_Incremental_Scaffolding_Provisioner_Workflow (Level: 10, LaunchOrder: 10)
    ConnectionIdentifier: HRWorkflows
    FulfillmentType: FulfillInternalWorkflows
    Parent: HR_Synchro_Incremental_Scaffolding_Provisioning_Users
    ResourceType: HR_User, HR_UserRecord

[20:08:17 VRB] Check the instance state for Task HR_Synchro_Incremental_Scaffolding_Provisioner_Workflow
[20:08:17 VRB] HandleCommand TaskInstanceProgressCommand
[20:08:17 DBG] HttpClient.Send: PUT https://dev-fusion-iam.caa.group.gca/api/Job/TaskInstance/Progress?api-version=2.0
[20:08:17 INF] Launch task: FulfillTask: HR_Synchro_Incremental_Scaffolding_Provisioner_Workflow, Task 11/25
[20:08:17 VRB] HandleCommand RunTaskCommand
[20:08:17 INF] Launch FulfillTask : HR_Synchro_Incremental_Scaffolding_Provisioner_Workflow
[20:08:17 DBG] Start Process dotnet Usercube-Fulfill-InternalWorkflows.dll --progress-task-instance-id 3897 --api-url "https://dev-fusion-iam.caa.group.gca/" --api-client-id "Job" --log-level 0 --resource-types "53" "54" --task-instance-id 3897 --fulfill-json-file "D:\UsercubeCAA\Conf\FulfillInternalWorkflow.json" --stdin null
[20:08:17 INF] Start process=True PID=6084 dotnet Usercube-Fulfill-InternalWorkflows.dll --progress-task-instance-id 3897 --api-url "https://dev-fusion-iam.caa.group.gca/" --api-client-id "Job" --log-level 0 --resource-types "53" "54" --task-instance-id 3897 --fulfill-json-file "D:\UsercubeCAA\Conf\FulfillInternalWorkflow.json" --stdin
[20:08:19 DBG] HttpClient.Send: GET https://dev-fusion-iam.caa.group.gca/api/Job/TaskInstance/3897?api-version=1.0&squery=join%20Task%20t%20select%20t.ContinueOnError%2C%20State&path=/Jobs/TaskInstance/Query&QueryRootEntityType=TaskInstance
[20:08:19 VRB] HandleQuery SelectTaskInstanceInvokeJobQuery
[20:08:19 DBG] HttpClient.Send: GET https://dev-fusion-iam.caa.group.gca/api/Job/TaskInstance/GetTaskInstanceInvokeJob/3897?api-version=2.0&jobInstanceId=716&taskId=241&jobId=4
[20:08:19 INF] Task: HR_Synchro_Incremental_Scaffolding_Provisioner_Workflow Completed with state Completed
[20:08:19 VRB] Check the JobInstance state for JobInstance 716.
[20:08:19 VRB] HandleQuery SelectJobInstanceByIdQuery
[20:08:19 DBG] HttpClient.Send: GET https://dev-fusion-iam.caa.group.gca/api/Job/JobInstance/716?api-version=2.0&squery=select%20State&path=/Jobs/JobInstance/Query&QueryRootEntityType=JobInstance
[20:08:19 INF] ComputeCorrelationKeysTask: HR_Synchro_Incremental_Scaffolding_ComputeCorrelationKeysy_LoadUIG (Level: 11, LaunchOrder: 11)
    All Entities: True

[20:08:19 VRB] Check the instance state for Task HR_Synchro_Incremental_Scaffolding_ComputeCorrelationKeysy_LoadUIG
[20:08:19 VRB] HandleCommand TaskInstanceProgressCommand
[20:08:19 DBG] HttpClient.Send: PUT https://dev-fusion-iam.caa.group.gca/api/Job/TaskInstance/Progress?api-version=2.0
[20:08:19 INF] Launch task: ComputeCorrelationKeysTask: HR_Synchro_Incremental_Scaffolding_ComputeCorrelationKeysy_LoadUIG, Task 12/25
[20:08:19 VRB] HandleCommand RunTaskCommand
[20:08:19 DBG] HttpClient.Send: POST https://dev-fusion-iam.caa.group.gca/api/Job/Task/RunTask/226?api-version=4.0&jobInstanceId=716&jobLogLevel=Trace
[20:08:40 VRB] HandleQuery SelectTaskInstanceInvokeJobQuery
[20:08:40 DBG] HttpClient.Send: GET https://dev-fusion-iam.caa.group.gca/api/Job/TaskInstance/GetTaskInstanceInvokeJob/3898?api-version=2.0&jobInstanceId=716&taskId=226&jobId=4
[20:08:40 INF] Task: HR_Synchro_Incremental_Scaffolding_ComputeCorrelationKeysy_LoadUIG Completed with state Completed
[20:08:40 DBG] HttpClient.Send: PUT https://dev-fusion-iam.caa.group.gca/api/Job/JobInstance/Progression/716?api-version=3.0&jobGroupId=4&current=12&totalTask=25&state=InProgress&resourceId=-1&cancelRequest=False&retry=False
[20:08:40 VRB] Check the JobInstance state for JobInstance 716.
[20:08:40 VRB] HandleQuery SelectJobInstanceByIdQuery
[20:08:40 DBG] HttpClient.Send: GET https://dev-fusion-iam.caa.group.gca/api/Job/JobInstance/716?api-version=2.0&squery=select%20State&path=/Jobs/JobInstance/Query&QueryRootEntityType=JobInstance
[20:08:40 INF] ComputeRoleModelTask: HR_Synchro_Incremental_Scaffolding_ComputeProvisioningPolicy_LoadUIG_1 (Level: 12, LaunchOrder: 12)
    EntityType: HR_LoadIUG

[20:08:40 VRB] Check the instance state for Task HR_Synchro_Incremental_Scaffolding_ComputeProvisioningPolicy_LoadUIG_1
[20:08:40 VRB] HandleCommand TaskInstanceProgressCommand
[20:08:40 DBG] HttpClient.Send: PUT https://dev-fusion-iam.caa.group.gca/api/Job/TaskInstance/Progress?api-version=2.0
[20:08:40 INF] Launch task: ComputeRoleModelTask: HR_Synchro_Incremental_Scaffolding_ComputeProvisioningPolicy_LoadUIG_1, Task 13/25
[20:08:40 VRB] HandleCommand RunTaskCommand
[20:08:40 DBG] HttpClient.Send: POST https://dev-fusion-iam.caa.group.gca/api/Job/Task/RunTask/230?api-version=4.0&jobInstanceId=716&jobLogLevel=Trace
[20:08:40 VRB] HandleQuery SelectTaskInstanceInvokeJobQuery
[20:08:40 DBG] HttpClient.Send: GET https://dev-fusion-iam.caa.group.gca/api/Job/TaskInstance/GetTaskInstanceInvokeJob/3899?api-version=2.0&jobInstanceId=716&taskId=230&jobId=4
[20:08:40 INF] Task: HR_Synchro_Incremental_Scaffolding_ComputeProvisioningPolicy_LoadUIG_1 Completed with state Completed
[20:08:40 INF] InvokeExpressionTask: HR_Synchro_Incremental_Scaffolding_HR_LoadIUG_BulkResourceReconciliation (Level: 13, LaunchOrder: 13)
    Agent: CAA

[20:08:40 VRB] Check the instance state for Task HR_Synchro_Incremental_Scaffolding_HR_LoadIUG_BulkResourceReconciliation
[20:08:40 VRB] HandleCommand TaskInstanceProgressCommand
[20:08:40 DBG] HttpClient.Send: PUT https://dev-fusion-iam.caa.group.gca/api/Job/TaskInstance/Progress?api-version=2.0
[20:08:40 INF] Launch task: InvokeExpressionTask: HR_Synchro_Incremental_Scaffolding_HR_LoadIUG_BulkResourceReconciliation, Task 14/25
[20:08:40 VRB] HandleCommand RunTaskCommand
[20:08:40 INF] Launch InvokeExpressionTask : HR_Synchro_Incremental_Scaffolding_HR_LoadIUG_BulkResourceReconciliation
[20:08:40 DBG] Start Process dotnet Usercube-Invoke-ExpressionAgentSide.dll --progress-task-instance-id 3900 --api-url "https://dev-fusion-iam.caa.group.gca/" --api-client-id "Job" --log-level 0 --input-path "D:\UsercubeCAA\Scripts\HR\HR_LoadIUG_BulkResourceReconciliation.ps1" --stdin null
[20:08:40 INF] Start process=True PID=11324 dotnet Usercube-Invoke-ExpressionAgentSide.dll --progress-task-instance-id 3900 --api-url "https://dev-fusion-iam.caa.group.gca/" --api-client-id "Job" --log-level 0 --input-path "D:\UsercubeCAA\Scripts\HR\HR_LoadIUG_BulkResourceReconciliation.ps1" --stdin
[20:09:11 DBG] HttpClient.Send: GET https://dev-fusion-iam.caa.group.gca/api/Job/TaskInstance/3900?api-version=1.0&squery=join%20Task%20t%20select%20t.ContinueOnError%2C%20State&path=/Jobs/TaskInstance/Query&QueryRootEntityType=TaskInstance
[20:09:11 VRB] HandleQuery SelectTaskInstanceInvokeJobQuery
[20:09:11 DBG] HttpClient.Send: GET https://dev-fusion-iam.caa.group.gca/api/Job/TaskInstance/GetTaskInstanceInvokeJob/3900?api-version=2.0&jobInstanceId=716&taskId=23003&jobId=4
[20:09:11 INF] Task: HR_Synchro_Incremental_Scaffolding_HR_LoadIUG_BulkResourceReconciliation Completed with state Completed
[20:09:11 DBG] HttpClient.Send: PUT https://dev-fusion-iam.caa.group.gca/api/Job/JobInstance/Progression/716?api-version=3.0&jobGroupId=4&current=14&totalTask=25&state=InProgress&resourceId=-1&cancelRequest=False&retry=False
[20:09:11 VRB] Check the JobInstance state for JobInstance 716.
[20:09:11 VRB] HandleQuery SelectJobInstanceByIdQuery
[20:09:11 DBG] HttpClient.Send: GET https://dev-fusion-iam.caa.group.gca/api/Job/JobInstance/716?api-version=2.0&squery=select%20State&path=/Jobs/JobInstance/Query&QueryRootEntityType=JobInstance
[20:09:11 INF] ComputeRoleModelTask: HR_Synchro_Incremental_Scaffolding_ComputeProvisioningPolicy_LoadUIG_2 (Level: 14, LaunchOrder: 14)
    EntityType: HR_LoadIUG

[20:09:11 VRB] Check the instance state for Task HR_Synchro_Incremental_Scaffolding_ComputeProvisioningPolicy_LoadUIG_2
[20:09:11 VRB] HandleCommand TaskInstanceProgressCommand
[20:09:11 DBG] HttpClient.Send: PUT https://dev-fusion-iam.caa.group.gca/api/Job/TaskInstance/Progress?api-version=2.0
[20:09:11 INF] Launch task: ComputeRoleModelTask: HR_Synchro_Incremental_Scaffolding_ComputeProvisioningPolicy_LoadUIG_2, Task 15/25
[20:09:11 VRB] HandleCommand RunTaskCommand
[20:09:11 DBG] HttpClient.Send: POST https://dev-fusion-iam.caa.group.gca/api/Job/Task/RunTask/231?api-version=4.0&jobInstanceId=716&jobLogLevel=Trace
[20:09:11 VRB] HandleQuery SelectTaskInstanceInvokeJobQuery
[20:09:11 DBG] HttpClient.Send: GET https://dev-fusion-iam.caa.group.gca/api/Job/TaskInstance/GetTaskInstanceInvokeJob/3901?api-version=2.0&jobInstanceId=716&taskId=231&jobId=4
[20:09:11 INF] Task: HR_Synchro_Incremental_Scaffolding_ComputeProvisioningPolicy_LoadUIG_2 Completed with state Completed
[20:09:11 INF] GenerateProvisioningOrdersTask: HR_Synchro_Incremental_Scaffolding_Provisioning_LoadUIG (Level: 15, LaunchOrder: 15)
    Force Provisioning: True
    ResourceType: HR_UserRecord_LoadUIG, HR_User_LoadUIG

[20:09:11 VRB] Check the instance state for Task HR_Synchro_Incremental_Scaffolding_Provisioning_LoadUIG
[20:09:11 VRB] HandleCommand TaskInstanceProgressCommand
[20:09:11 DBG] HttpClient.Send: PUT https://dev-fusion-iam.caa.group.gca/api/Job/TaskInstance/Progress?api-version=2.0
[20:09:11 INF] Launch task: GenerateProvisioningOrdersTask: HR_Synchro_Incremental_Scaffolding_Provisioning_LoadUIG, Task 16/25
[20:09:11 VRB] HandleCommand RunTaskCommand
[20:09:11 DBG] HttpClient.Send: POST https://dev-fusion-iam.caa.group.gca/api/Job/Task/RunTask/243?api-version=4.0&jobInstanceId=716&jobLogLevel=Trace
[20:09:12 VRB] HandleQuery SelectTaskInstanceInvokeJobQuery
[20:09:12 DBG] HttpClient.Send: GET https://dev-fusion-iam.caa.group.gca/api/Job/TaskInstance/GetTaskInstanceInvokeJob/3902?api-version=2.0&jobInstanceId=716&taskId=243&jobId=4
[20:09:12 INF] Task: HR_Synchro_Incremental_Scaffolding_Provisioning_LoadUIG Completed with state Completed
[20:09:12 INF] FulfillTask: HR_Synchro_Incremental_Scaffolding_Provisioner_LoadUIG (Level: 16, LaunchOrder: 16)
    ConnectionIdentifier: HRDatabase
    FulfillmentType: FulfillInternalResource
    Parent: HR_Synchro_Incremental_Scaffolding_Provisioning_LoadUIG
    ResourceType: HR_UserRecord_LoadUIG, HR_User_LoadUIG

[20:09:12 VRB] Check the instance state for Task HR_Synchro_Incremental_Scaffolding_Provisioner_LoadUIG
[20:09:12 VRB] HandleCommand TaskInstanceProgressCommand
[20:09:12 DBG] HttpClient.Send: PUT https://dev-fusion-iam.caa.group.gca/api/Job/TaskInstance/Progress?api-version=2.0
[20:09:12 INF] The Task: HR_Synchro_Incremental_Scaffolding_Provisioner_LoadUIG has not been launched because no treatment is required.
[20:09:12 INF] ComputeRoleModelTask: HR_Synchro_Incremental_Scaffolding_ComputeProvisioningPolicy_UserUpdate_1 (Level: 17, LaunchOrder: 17)
    EntityType: HR_UserUpdate

[20:09:12 VRB] Check the instance state for Task HR_Synchro_Incremental_Scaffolding_ComputeProvisioningPolicy_UserUpdate_1
[20:09:12 VRB] HandleCommand TaskInstanceProgressCommand
[20:09:12 DBG] HttpClient.Send: PUT https://dev-fusion-iam.caa.group.gca/api/Job/TaskInstance/Progress?api-version=2.0
[20:09:12 INF] Launch task: ComputeRoleModelTask: HR_Synchro_Incremental_Scaffolding_ComputeProvisioningPolicy_UserUpdate_1, Task 18/25
[20:09:12 VRB] HandleCommand RunTaskCommand
[20:09:12 DBG] HttpClient.Send: POST https://dev-fusion-iam.caa.group.gca/api/Job/Task/RunTask/23001?api-version=4.0&jobInstanceId=716&jobLogLevel=Trace
[20:09:12 VRB] HandleQuery SelectTaskInstanceInvokeJobQuery
[20:09:12 DBG] HttpClient.Send: GET https://dev-fusion-iam.caa.group.gca/api/Job/TaskInstance/GetTaskInstanceInvokeJob/3904?api-version=2.0&jobInstanceId=716&taskId=23001&jobId=4
[20:09:12 INF] Task: HR_Synchro_Incremental_Scaffolding_ComputeProvisioningPolicy_UserUpdate_1 Completed with state Completed
[20:09:12 INF] InvokeExpressionTask: HR_Synchro_Incremental_Scaffolding_HR_UserUpdate_BulkResourceReconciliation (Level: 18, LaunchOrder: 18)
    Agent: CAA

[20:09:12 VRB] Check the instance state for Task HR_Synchro_Incremental_Scaffolding_HR_UserUpdate_BulkResourceReconciliation
[20:09:12 VRB] HandleCommand TaskInstanceProgressCommand
[20:09:12 DBG] HttpClient.Send: PUT https://dev-fusion-iam.caa.group.gca/api/Job/TaskInstance/Progress?api-version=2.0
[20:09:12 INF] Launch task: InvokeExpressionTask: HR_Synchro_Incremental_Scaffolding_HR_UserUpdate_BulkResourceReconciliation, Task 19/25
[20:09:12 VRB] HandleCommand RunTaskCommand
[20:09:12 INF] Launch InvokeExpressionTask : HR_Synchro_Incremental_Scaffolding_HR_UserUpdate_BulkResourceReconciliation
[20:09:12 DBG] Start Process dotnet Usercube-Invoke-ExpressionAgentSide.dll --progress-task-instance-id 3905 --api-url "https://dev-fusion-iam.caa.group.gca/" --api-client-id "Job" --log-level 0 --input-path "D:\UsercubeCAA\Scripts\HR\HR_UserUpdate_BulkResourceReconciliation.ps1" --stdin null
[20:09:12 INF] Start process=True PID=7920 dotnet Usercube-Invoke-ExpressionAgentSide.dll --progress-task-instance-id 3905 --api-url "https://dev-fusion-iam.caa.group.gca/" --api-client-id "Job" --log-level 0 --input-path "D:\UsercubeCAA\Scripts\HR\HR_UserUpdate_BulkResourceReconciliation.ps1" --stdin
[20:09:44 DBG] HttpClient.Send: GET https://dev-fusion-iam.caa.group.gca/api/Job/TaskInstance/3905?api-version=1.0&squery=join%20Task%20t%20select%20t.ContinueOnError%2C%20State&path=/Jobs/TaskInstance/Query&QueryRootEntityType=TaskInstance
[20:09:44 VRB] HandleQuery SelectTaskInstanceInvokeJobQuery
[20:09:44 DBG] HttpClient.Send: GET https://dev-fusion-iam.caa.group.gca/api/Job/TaskInstance/GetTaskInstanceInvokeJob/3905?api-version=2.0&jobInstanceId=716&taskId=23004&jobId=4
[20:09:44 INF] Task: HR_Synchro_Incremental_Scaffolding_HR_UserUpdate_BulkResourceReconciliation Completed with state Completed
[20:09:44 DBG] HttpClient.Send: PUT https://dev-fusion-iam.caa.group.gca/api/Job/JobInstance/Progression/716?api-version=3.0&jobGroupId=4&current=19&totalTask=25&state=InProgress&resourceId=-1&cancelRequest=False&retry=False
[20:09:44 VRB] Check the JobInstance state for JobInstance 716.
[20:09:44 VRB] HandleQuery SelectJobInstanceByIdQuery
[20:09:44 DBG] HttpClient.Send: GET https://dev-fusion-iam.caa.group.gca/api/Job/JobInstance/716?api-version=2.0&squery=select%20State&path=/Jobs/JobInstance/Query&QueryRootEntityType=JobInstance
[20:09:44 INF] ComputeRoleModelTask: HR_Synchro_Incremental_Scaffolding_ComputeProvisioningPolicy_UserUpdate_2 (Level: 19, LaunchOrder: 19)
    EntityType: HR_UserUpdate

[20:09:44 VRB] Check the instance state for Task HR_Synchro_Incremental_Scaffolding_ComputeProvisioningPolicy_UserUpdate_2
[20:09:44 VRB] HandleCommand TaskInstanceProgressCommand
[20:09:44 DBG] HttpClient.Send: PUT https://dev-fusion-iam.caa.group.gca/api/Job/TaskInstance/Progress?api-version=2.0
[20:09:44 INF] Launch task: ComputeRoleModelTask: HR_Synchro_Incremental_Scaffolding_ComputeProvisioningPolicy_UserUpdate_2, Task 20/25
[20:09:44 VRB] HandleCommand RunTaskCommand
[20:09:44 DBG] HttpClient.Send: POST https://dev-fusion-iam.caa.group.gca/api/Job/Task/RunTask/23002?api-version=4.0&jobInstanceId=716&jobLogLevel=Trace
[20:09:44 VRB] HandleQuery SelectTaskInstanceInvokeJobQuery
[20:09:44 DBG] HttpClient.Send: GET https://dev-fusion-iam.caa.group.gca/api/Job/TaskInstance/GetTaskInstanceInvokeJob/3906?api-version=2.0&jobInstanceId=716&taskId=23002&jobId=4
[20:09:44 INF] Task: HR_Synchro_Incremental_Scaffolding_ComputeProvisioningPolicy_UserUpdate_2 Completed with state Completed
[20:09:44 INF] GenerateProvisioningOrdersTask: HR_Synchro_Incremental_Scaffolding_Provisioning_UserUpdate (Level: 20, LaunchOrder: 20)
    Force Provisioning: True
    ResourceType: HR_UserUpdate

[20:09:44 VRB] Check the instance state for Task HR_Synchro_Incremental_Scaffolding_Provisioning_UserUpdate
[20:09:44 VRB] HandleCommand TaskInstanceProgressCommand
[20:09:44 DBG] HttpClient.Send: PUT https://dev-fusion-iam.caa.group.gca/api/Job/TaskInstance/Progress?api-version=2.0
[20:09:44 INF] Launch task: GenerateProvisioningOrdersTask: HR_Synchro_Incremental_Scaffolding_Provisioning_UserUpdate, Task 21/25
[20:09:44 VRB] HandleCommand RunTaskCommand
[20:09:44 DBG] HttpClient.Send: POST https://dev-fusion-iam.caa.group.gca/api/Job/Task/RunTask/244?api-version=4.0&jobInstanceId=716&jobLogLevel=Trace
[20:09:44 VRB] HandleQuery SelectTaskInstanceInvokeJobQuery
[20:09:44 DBG] HttpClient.Send: GET https://dev-fusion-iam.caa.group.gca/api/Job/TaskInstance/GetTaskInstanceInvokeJob/3907?api-version=2.0&jobInstanceId=716&taskId=244&jobId=4
[20:09:44 INF] Task: HR_Synchro_Incremental_Scaffolding_Provisioning_UserUpdate Completed with state Completed
[20:09:44 INF] FulfillTask: HR_Synchro_Incremental_Scaffolding_Provisioner_Workflow_UserUpdate (Level: 21, LaunchOrder: 21)
    ConnectionIdentifier: HRWorkflows
    FulfillmentType: FulfillInternalWorkflows
    Parent: HR_Synchro_Incremental_Scaffolding_Provisioning_UserUpdate
    ResourceType: HR_UserUpdate

[20:09:44 VRB] Check the instance state for Task HR_Synchro_Incremental_Scaffolding_Provisioner_Workflow_UserUpdate
[20:09:44 VRB] HandleCommand TaskInstanceProgressCommand
[20:09:44 DBG] HttpClient.Send: PUT https://dev-fusion-iam.caa.group.gca/api/Job/TaskInstance/Progress?api-version=2.0
[20:09:44 INF] The Task: HR_Synchro_Incremental_Scaffolding_Provisioner_Workflow_UserUpdate has not been launched because no treatment is required.
[20:09:44 INF] UpdateEntityPropertyExpressionsTask: HR_Synchro_Incremental_Scaffolding_ComputeProperties_2 (Level: 22, LaunchOrder: 22)
    AllEntities: True

[20:09:44 VRB] Check the instance state for Task HR_Synchro_Incremental_Scaffolding_ComputeProperties_2
[20:09:44 VRB] HandleCommand TaskInstanceProgressCommand
[20:09:44 DBG] HttpClient.Send: PUT https://dev-fusion-iam.caa.group.gca/api/Job/TaskInstance/Progress?api-version=2.0
[20:09:44 INF] Launch task: UpdateEntityPropertyExpressionsTask: HR_Synchro_Incremental_Scaffolding_ComputeProperties_2, Task 23/25
[20:09:44 VRB] HandleCommand RunTaskCommand
[20:09:44 DBG] HttpClient.Send: POST https://dev-fusion-iam.caa.group.gca/api/Job/Task/RunTask/229?api-version=4.0&jobInstanceId=716&jobLogLevel=Trace
[20:09:51 VRB] HandleQuery SelectTaskInstanceInvokeJobQuery
[20:09:51 DBG] HttpClient.Send: GET https://dev-fusion-iam.caa.group.gca/api/Job/TaskInstance/GetTaskInstanceInvokeJob/3909?api-version=2.0&jobInstanceId=716&taskId=229&jobId=4
[20:09:51 INF] Task: HR_Synchro_Incremental_Scaffolding_ComputeProperties_2 Completed with state Completed
[20:09:51 DBG] HttpClient.Send: PUT https://dev-fusion-iam.caa.group.gca/api/Job/JobInstance/Progression/716?api-version=3.0&jobGroupId=4&current=23&totalTask=25&state=InProgress&resourceId=-1&cancelRequest=False&retry=False
[20:09:51 VRB] Check the JobInstance state for JobInstance 716.
[20:09:51 VRB] HandleQuery SelectJobInstanceByIdQuery
[20:09:51 DBG] HttpClient.Send: GET https://dev-fusion-iam.caa.group.gca/api/Job/JobInstance/716?api-version=2.0&squery=select%20State&path=/Jobs/JobInstance/Query&QueryRootEntityType=JobInstance
[20:09:51 INF] InvokeExpressionTask: HR_Synchro_Incremental_Scaffolding_Reset_HR_Files (Level: 23, LaunchOrder: 23)
    Agent: CAA

[20:09:51 VRB] Check the instance state for Task HR_Synchro_Incremental_Scaffolding_Reset_HR_Files
[20:09:51 VRB] HandleCommand TaskInstanceProgressCommand
[20:09:51 DBG] HttpClient.Send: PUT https://dev-fusion-iam.caa.group.gca/api/Job/TaskInstance/Progress?api-version=2.0
[20:09:51 INF] Launch task: InvokeExpressionTask: HR_Synchro_Incremental_Scaffolding_Reset_HR_Files, Task 24/25
[20:09:51 VRB] HandleCommand RunTaskCommand
[20:09:51 INF] Launch InvokeExpressionTask : HR_Synchro_Incremental_Scaffolding_Reset_HR_Files
[20:09:51 DBG] Start Process dotnet Usercube-Invoke-ExpressionAgentSide.dll --progress-task-instance-id 3910 --api-url "https://dev-fusion-iam.caa.group.gca/" --api-client-id "Job" --log-level 0 --input-path "D:\UsercubeCAA\Scripts\HR\HR_Reset_Files.ps1" --stdin null
[20:09:51 INF] Start process=True PID=15092 dotnet Usercube-Invoke-ExpressionAgentSide.dll --progress-task-instance-id 3910 --api-url "https://dev-fusion-iam.caa.group.gca/" --api-client-id "Job" --log-level 0 --input-path "D:\UsercubeCAA\Scripts\HR\HR_Reset_Files.ps1" --stdin
[20:09:53 DBG] HttpClient.Send: GET https://dev-fusion-iam.caa.group.gca/api/Job/TaskInstance/3910?api-version=1.0&squery=join%20Task%20t%20select%20t.ContinueOnError%2C%20State&path=/Jobs/TaskInstance/Query&QueryRootEntityType=TaskInstance
[20:09:53 VRB] HandleQuery SelectTaskInstanceInvokeJobQuery
[20:09:53 DBG] HttpClient.Send: GET https://dev-fusion-iam.caa.group.gca/api/Job/TaskInstance/GetTaskInstanceInvokeJob/3910?api-version=2.0&jobInstanceId=716&taskId=246&jobId=4
[20:09:53 INF] Task: HR_Synchro_Incremental_Scaffolding_Reset_HR_Files Completed with state Completed
[20:09:53 VRB] Check the JobInstance state for JobInstance 716.
[20:09:53 VRB] HandleQuery SelectJobInstanceByIdQuery
[20:09:53 DBG] HttpClient.Send: GET https://dev-fusion-iam.caa.group.gca/api/Job/JobInstance/716?api-version=2.0&squery=select%20State&path=/Jobs/JobInstance/Query&QueryRootEntityType=JobInstance
[20:09:53 INF] SetInternalUserProfilesTask: HR_Synchro_Incremental_Scaffolding_SetInternalUserProfiles (Level: 24, LaunchOrder: 24)
    EntityType: Directory_User

[20:09:53 VRB] Check the instance state for Task HR_Synchro_Incremental_Scaffolding_SetInternalUserProfiles
[20:09:53 VRB] HandleCommand TaskInstanceProgressCommand
[20:09:53 DBG] HttpClient.Send: PUT https://dev-fusion-iam.caa.group.gca/api/Job/TaskInstance/Progress?api-version=2.0
[20:09:53 INF] Launch task: SetInternalUserProfilesTask: HR_Synchro_Incremental_Scaffolding_SetInternalUserProfiles, Task 25/25
[20:09:53 VRB] HandleCommand RunTaskCommand
[20:09:53 DBG] HttpClient.Send: POST https://dev-fusion-iam.caa.group.gca/api/Job/Task/RunTask/27001?api-version=4.0&jobInstanceId=716&jobLogLevel=Trace
[20:09:55 VRB] HandleQuery SelectTaskInstanceInvokeJobQuery
[20:09:55 DBG] HttpClient.Send: GET https://dev-fusion-iam.caa.group.gca/api/Job/TaskInstance/GetTaskInstanceInvokeJob/3911?api-version=2.0&jobInstanceId=716&taskId=27001&jobId=4
[20:09:55 INF] Task: HR_Synchro_Incremental_Scaffolding_SetInternalUserProfiles Completed with state Completed
[20:09:55 DBG] HttpClient.Send: PUT https://dev-fusion-iam.caa.group.gca/api/Job/JobInstance/Progression/716?api-version=3.0&jobGroupId=4&current=25&totalTask=25&state=Completed&resourceId=-1&cancelRequest=False&retry=False
